[0.028s] Invoking command in '/home/john/robo_ws/build/stepper_interface': AMENT_PREFIX_PATH=/home/john/robo_ws/install/serial:${AMENT_PREFIX_PATH} CMAKE_PREFIX_PATH=/opt/ros/humble:/home/john/robo_ws/install/serial LD_LIBRARY_PATH=/home/john/robo_ws/install/serial/lib:${LD_LIBRARY_PATH} /usr/bin/cmake --build /home/john/robo_ws/build/stepper_interface -- -j6 -l6
[0.049s] -- Found ament_cmake: 1.3.3 (/opt/ros/humble/share/ament_cmake/cmake)
[0.171s] -- Found serial: 1.2.1 (/home/john/robo_ws/install/serial/share/serial/cmake)
[0.172s] -- Found hardware_interface: 2.20.0 (/opt/ros/humble/share/hardware_interface/cmake)
[0.196s] -- Found rosidl_generator_c: 3.1.4 (/opt/ros/humble/share/rosidl_generator_c/cmake)
[0.198s] -- Found rosidl_adapter: 3.1.4 (/opt/ros/humble/share/rosidl_adapter/cmake)
[0.204s] -- Found rosidl_generator_cpp: 3.1.4 (/opt/ros/humble/share/rosidl_generator_cpp/cmake)
[0.214s] -- Using all available rosidl_typesupport_c: rosidl_typesupport_fastrtps_c;rosidl_typesupport_introspection_c
[0.228s] -- Using all available rosidl_typesupport_cpp: rosidl_typesupport_fastrtps_cpp;rosidl_typesupport_introspection_cpp
[0.825s] -- Found rmw_implementation_cmake: 6.1.1 (/opt/ros/humble/share/rmw_implementation_cmake/cmake)
[0.827s] -- Found rmw_fastrtps_cpp: 6.2.2 (/opt/ros/humble/share/rmw_fastrtps_cpp/cmake)
[0.933s] -- Using RMW implementation 'rmw_fastrtps_cpp' as default
[1.087s] -- Found controller_manager: 2.20.0 (/opt/ros/humble/share/controller_manager/cmake)
[1.959s] -- Found ament_cmake_gtest: 1.3.3 (/opt/ros/humble/share/ament_cmake_gtest/cmake)
[2.015s] -- Configuring done
[2.047s] -- Generating done
[2.048s] -- Build files have been written to: /home/john/robo_ws/build/stepper_interface
[2.071s] [35m[1mConsolidate compiler generated dependencies of target stepper_interface[0m
[2.087s] [ 50%] [32mBuilding CXX object CMakeFiles/stepper_interface.dir/src/stepper_interface.cpp.o[0m
[4.985s] [01m[Kc++:[m[K [01;35m[Kwarning: [m[K&lt: linker input file unused because linking not done
[4.985s] [01m[Kc++:[m[K [01;31m[Kerror: [m[K&lt: linker input file not found: No such file or directory
[4.985s] [01m[Kc++:[m[K [01;35m[Kwarning: [m[KCXX_COMPILER_ID:GNU>:-Wno-missing-field-initializers: linker input file unused because linking not done
[4.985s] [01m[Kc++:[m[K [01;31m[Kerror: [m[KCXX_COMPILER_ID:GNU>:-Wno-missing-field-initializers: linker input file not found: No such file or directory
[4.985s] [01m[Kc++:[m[K [01;35m[Kwarning: [m[KCXX_COMPILER_ID:AppleClang>:-Wno-unknown-pragmas: linker input file unused because linking not done
[4.986s] [01m[Kc++:[m[K [01;31m[Kerror: [m[KCXX_COMPILER_ID:AppleClang>:-Wno-unknown-pragmas: linker input file not found: No such file or directory
[4.986s] [01m[Kc++:[m[K [01;35m[Kwarning: [m[KCXX_COMPILER_ID:Clang>:-Wno-unknown-pragmas: linker input file unused because linking not done
[4.986s] [01m[Kc++:[m[K [01;31m[Kerror: [m[KCXX_COMPILER_ID:Clang>:-Wno-unknown-pragmas: linker input file not found: No such file or directory
[4.986s] gmake[2]: *** [CMakeFiles/stepper_interface.dir/build.make:76: CMakeFiles/stepper_interface.dir/src/stepper_interface.cpp.o] Error 1
[4.986s] gmake[2]: *** Deleting file 'CMakeFiles/stepper_interface.dir/src/stepper_interface.cpp.o'
[4.986s] gmake[1]: *** [CMakeFiles/Makefile2:137: CMakeFiles/stepper_interface.dir/all] Error 2
[4.987s] gmake: *** [Makefile:146: all] Error 2
[4.989s] Invoked command in '/home/john/robo_ws/build/stepper_interface' returned '2': AMENT_PREFIX_PATH=/home/john/robo_ws/install/serial:${AMENT_PREFIX_PATH} CMAKE_PREFIX_PATH=/opt/ros/humble:/home/john/robo_ws/install/serial LD_LIBRARY_PATH=/home/john/robo_ws/install/serial/lib:${LD_LIBRARY_PATH} /usr/bin/cmake --build /home/john/robo_ws/build/stepper_interface -- -j6 -l6
