[0.011s] Invoking command in '/home/john/robo_ws/build/gazebo_ros2_control': CMAKE_PREFIX_PATH=/opt/ros/humble /usr/bin/cmake /home/john/robo_ws/src/gazebo_ros2_control -DCMAKE_INSTALL_PREFIX=/home/john/robo_ws/install/gazebo_ros2_control
[0.020s] -- Found ament_cmake: 1.3.3 (/opt/ros/humble/share/ament_cmake/cmake)
[0.132s] -- Override CMake install command with custom implementation using symlinks instead of copying resources
[0.139s] -- Found angles: 1.15.0 (/opt/ros/humble/share/angles/cmake)
[0.140s] -- Found controller_manager: 2.20.0 (/opt/ros/humble/share/controller_manager/cmake)
[0.166s] -- Found rosidl_generator_c: 3.1.4 (/opt/ros/humble/share/rosidl_generator_c/cmake)
[0.169s] -- Found rosidl_adapter: 3.1.4 (/opt/ros/humble/share/rosidl_adapter/cmake)
[0.174s] -- Found rosidl_generator_cpp: 3.1.4 (/opt/ros/humble/share/rosidl_generator_cpp/cmake)
[0.184s] -- Using all available rosidl_typesupport_c: rosidl_typesupport_fastrtps_c;rosidl_typesupport_introspection_c
[0.199s] -- Using all available rosidl_typesupport_cpp: rosidl_typesupport_fastrtps_cpp;rosidl_typesupport_introspection_cpp
[0.808s] -- Found rmw_implementation_cmake: 6.1.1 (/opt/ros/humble/share/rmw_implementation_cmake/cmake)
[0.809s] -- Found rmw_fastrtps_cpp: 6.2.2 (/opt/ros/humble/share/rmw_fastrtps_cpp/cmake)
[0.913s] -- Using RMW implementation 'rmw_fastrtps_cpp' as default
[1.525s] -- Found gazebo_dev: 3.7.0 (/opt/ros/humble/share/gazebo_dev/cmake)
[1.548s] -- Found DART: /usr/include (Required is at least version "6.6") found components: dart 
[1.570s] -- Found Protobuf: /usr/lib/x86_64-linux-gnu/libprotobuf.so (found version "3.12.4") 
[1.571s] -- Looking for ignition-math6 -- found version 6.13.0
[1.575s] -- Searching for dependencies of ignition-math6
[1.576s] -- Looking for OGRE...
[1.581s] -- Found Ogre Ghadamon (1.9.0)
[1.581s] -- Found OGRE: optimized;/usr/lib/x86_64-linux-gnu/libOgreMain.so;debug;/usr/lib/x86_64-linux-gnu/libOgreMain.so
[1.589s] -- Looking for OGRE_Paging...
[1.589s] -- Found OGRE_Paging: optimized;/usr/lib/x86_64-linux-gnu/libOgrePaging.so;debug;/usr/lib/x86_64-linux-gnu/libOgrePaging.so
[1.589s] -- Looking for OGRE_Terrain...
[1.590s] -- Found OGRE_Terrain: optimized;/usr/lib/x86_64-linux-gnu/libOgreTerrain.so;debug;/usr/lib/x86_64-linux-gnu/libOgreTerrain.so
[1.590s] -- Looking for OGRE_Property...
[1.590s] -- Found OGRE_Property: optimized;/usr/lib/x86_64-linux-gnu/libOgreProperty.so;debug;/usr/lib/x86_64-linux-gnu/libOgreProperty.so
[1.590s] -- Looking for OGRE_RTShaderSystem...
[1.590s] -- Found OGRE_RTShaderSystem: optimized;/usr/lib/x86_64-linux-gnu/libOgreRTShaderSystem.so;debug;/usr/lib/x86_64-linux-gnu/libOgreRTShaderSystem.so
[1.590s] -- Looking for OGRE_Volume...
[1.590s] -- Found OGRE_Volume: optimized;/usr/lib/x86_64-linux-gnu/libOgreVolume.so;debug;/usr/lib/x86_64-linux-gnu/libOgreVolume.so
[1.590s] -- Looking for OGRE_Overlay...
[1.590s] -- Found OGRE_Overlay: optimized;/usr/lib/x86_64-linux-gnu/libOgreOverlay.so;debug;/usr/lib/x86_64-linux-gnu/libOgreOverlay.so
[1.668s] -- Looking for ignition-math6 -- found version 6.13.0
[1.669s] -- Looking for ignition-transport8 -- found version 8.2.1
[1.669s] -- Searching for dependencies of ignition-transport8
[1.684s] -- Found Protobuf: /usr/lib/x86_64-linux-gnu/libprotobuf.so (found suitable version "3.12.4", minimum required is "3") 
[1.692s] -- Config-file not installed for ZeroMQ -- checking for pkg-config
[1.696s] -- Checking for module 'libzmq >= 4'
[1.705s] --   Found libzmq , version 4.3.4
[1.735s] -- Checking for module 'uuid'
[1.744s] --   Found uuid, version 2.37.2
[1.767s] -- Looking for ignition-msgs5 -- found version 5.8.1
[1.767s] -- Searching for dependencies of ignition-msgs5
[1.783s] -- Looking for ignition-math6 -- found version 6.13.0
[1.788s] -- Looking for ignition-msgs5 -- found version 5.8.1
[1.788s] -- Looking for ignition-common3 -- found version 3.14.0
[1.789s] -- Searching for dependencies of ignition-common3
[1.789s] -- Looking for dlfcn.h - found
[1.789s] -- Looking for libdl - found
[1.798s] -- Searching for <ignition-common3> component [graphics]
[1.798s] -- Looking for ignition-common3-graphics -- found version 3.14.0
[1.799s] -- Searching for dependencies of ignition-common3-graphics
[1.799s] -- Looking for ignition-math6 -- found version 6.13.0
[1.800s] -- Looking for ignition-fuel_tools4 -- found version 4.4.0
[1.800s] -- Searching for dependencies of ignition-fuel_tools4
[1.830s] -- Checking for module 'jsoncpp'
[1.839s] --   Found jsoncpp, version 1.9.5
[1.866s] -- Checking for module 'libzip'
[1.875s] --   Found libzip, version 1.7.3
[1.898s] -- Looking for ignition-common3 -- found version 3.14.0
[1.898s] -- Looking for ignition-math6 -- found version 6.13.0
[1.899s] -- Looking for ignition-msgs5 -- found version 5.8.1
[1.900s] -- Gazebo version: 11.10
[1.900s] -- Found gazebo_ros: 3.7.0 (/opt/ros/humble/share/gazebo_ros/cmake)
[1.908s] -- Found yaml_cpp_vendor: 8.0.2 (/opt/ros/humble/share/yaml_cpp_vendor/cmake)
[2.555s] -- Found ament_cmake_gtest: 1.3.3 (/opt/ros/humble/share/ament_cmake_gtest/cmake)
[2.556s] -- Found ament_lint_auto: 0.12.5 (/opt/ros/humble/share/ament_lint_auto/cmake)
[2.615s] -- Added test 'copyright' to check source files copyright and LICENSE
[2.616s] -- Added test 'cppcheck' to perform static code analysis on C / C++ code
[2.617s] -- Configured cppcheck include dirs: /home/john/robo_ws/src/gazebo_ros2_control/include
[2.617s] -- Configured cppcheck exclude dirs and/or files: 
[2.617s] -- Added test 'cpplint' to check C / C++ code against the Google style
[2.617s] -- Configured cpplint exclude dirs and/or files: 
[2.618s] -- Added test 'lint_cmake' to check CMake code style
[2.619s] -- Added test 'uncrustify' to check C / C++ code style
[2.619s] -- Configured uncrustify additional arguments: 
[2.619s] -- Added test 'xmllint' to check XML markup files
[2.621s] -- Configuring done
[2.693s] -- Generating done
[2.695s] -- Build files have been written to: /home/john/robo_ws/build/gazebo_ros2_control
[2.704s] Invoked command in '/home/john/robo_ws/build/gazebo_ros2_control' returned '0': CMAKE_PREFIX_PATH=/opt/ros/humble /usr/bin/cmake /home/john/robo_ws/src/gazebo_ros2_control -DCMAKE_INSTALL_PREFIX=/home/john/robo_ws/install/gazebo_ros2_control
[2.706s] Invoking command in '/home/john/robo_ws/build/gazebo_ros2_control': CMAKE_PREFIX_PATH=/opt/ros/humble /usr/bin/cmake --build /home/john/robo_ws/build/gazebo_ros2_control -- -j6 -l6
[2.740s] [35m[1mConsolidate compiler generated dependencies of target gazebo_hardware_plugins[0m
[2.740s] [35m[1mConsolidate compiler generated dependencies of target gazebo_ros2_control[0m
[2.770s] [ 50%] Built target gazebo_hardware_plugins
[2.772s] [100%] Built target gazebo_ros2_control
[2.781s] Invoked command in '/home/john/robo_ws/build/gazebo_ros2_control' returned '0': CMAKE_PREFIX_PATH=/opt/ros/humble /usr/bin/cmake --build /home/john/robo_ws/build/gazebo_ros2_control -- -j6 -l6
[2.803s] Invoking command in '/home/john/robo_ws/build/gazebo_ros2_control': CMAKE_PREFIX_PATH=/opt/ros/humble /usr/bin/cmake --install /home/john/robo_ws/build/gazebo_ros2_control
[2.808s] -- Install configuration: ""
[2.809s] -- Execute custom install script
[2.809s] -- Up-to-date symlink: /home/john/robo_ws/install/gazebo_ros2_control/lib/libgazebo_ros2_control.so
[2.809s] -- Up-to-date symlink: /home/john/robo_ws/install/gazebo_ros2_control/lib/libgazebo_hardware_plugins.so
[2.810s] -- Up-to-date symlink: /home/john/robo_ws/install/gazebo_ros2_control/share/gazebo_ros2_control/environment/library_path.sh
[2.810s] -- Up-to-date symlink: /home/john/robo_ws/install/gazebo_ros2_control/share/gazebo_ros2_control/environment/library_path.dsv
[2.810s] -- Up-to-date symlink: /home/john/robo_ws/install/gazebo_ros2_control/include/gazebo_ros2_control/gazebo_ros2_control_plugin.hpp
[2.810s] -- Up-to-date symlink: /home/john/robo_ws/install/gazebo_ros2_control/include/gazebo_ros2_control/gazebo_system.hpp
[2.810s] -- Up-to-date symlink: /home/john/robo_ws/install/gazebo_ros2_control/include/gazebo_ros2_control/gazebo_system_interface.hpp
[2.810s] -- Up-to-date symlink: /home/john/robo_ws/install/gazebo_ros2_control/share/gazebo_ros2_control//gazebo_hardware_plugins.xml
[2.810s] -- Up-to-date symlink: /home/john/robo_ws/install/gazebo_ros2_control/share/ament_index/resource_index/package_run_dependencies/gazebo_ros2_control
[2.810s] -- Up-to-date symlink: /home/john/robo_ws/install/gazebo_ros2_control/share/ament_index/resource_index/parent_prefix_path/gazebo_ros2_control
[2.811s] -- Up-to-date symlink: /home/john/robo_ws/install/gazebo_ros2_control/share/gazebo_ros2_control/environment/ament_prefix_path.sh
[2.811s] -- Up-to-date symlink: /home/john/robo_ws/install/gazebo_ros2_control/share/gazebo_ros2_control/environment/ament_prefix_path.dsv
[2.811s] -- Up-to-date symlink: /home/john/robo_ws/install/gazebo_ros2_control/share/gazebo_ros2_control/environment/path.sh
[2.811s] -- Up-to-date symlink: /home/john/robo_ws/install/gazebo_ros2_control/share/gazebo_ros2_control/environment/path.dsv
[2.811s] -- Up-to-date symlink: /home/john/robo_ws/install/gazebo_ros2_control/share/gazebo_ros2_control/local_setup.bash
[2.811s] -- Up-to-date symlink: /home/john/robo_ws/install/gazebo_ros2_control/share/gazebo_ros2_control/local_setup.sh
[2.811s] -- Up-to-date symlink: /home/john/robo_ws/install/gazebo_ros2_control/share/gazebo_ros2_control/local_setup.zsh
[2.811s] -- Up-to-date symlink: /home/john/robo_ws/install/gazebo_ros2_control/share/gazebo_ros2_control/local_setup.dsv
[2.811s] -- Symlinking: /home/john/robo_ws/install/gazebo_ros2_control/share/gazebo_ros2_control/package.dsv
[2.818s] -- Up-to-date symlink: /home/john/robo_ws/install/gazebo_ros2_control/share/ament_index/resource_index/packages/gazebo_ros2_control
[2.818s] -- Up-to-date symlink: /home/john/robo_ws/install/gazebo_ros2_control/share/ament_index/resource_index/gazebo_ros2_control__pluginlib__plugin/gazebo_ros2_control
[2.819s] -- Up-to-date symlink: /home/john/robo_ws/install/gazebo_ros2_control/share/gazebo_ros2_control/cmake/ament_cmake_export_include_directories-extras.cmake
[2.819s] -- Up-to-date symlink: /home/john/robo_ws/install/gazebo_ros2_control/share/gazebo_ros2_control/cmake/ament_cmake_export_dependencies-extras.cmake
[2.819s] -- Up-to-date symlink: /home/john/robo_ws/install/gazebo_ros2_control/share/gazebo_ros2_control/cmake/ament_cmake_export_libraries-extras.cmake
[2.819s] -- Up-to-date symlink: /home/john/robo_ws/install/gazebo_ros2_control/share/gazebo_ros2_control/cmake/gazebo_ros2_controlConfig.cmake
[2.819s] -- Up-to-date symlink: /home/john/robo_ws/install/gazebo_ros2_control/share/gazebo_ros2_control/cmake/gazebo_ros2_controlConfig-version.cmake
[2.819s] -- Up-to-date symlink: /home/john/robo_ws/install/gazebo_ros2_control/share/gazebo_ros2_control/package.xml
[2.822s] Invoked command in '/home/john/robo_ws/build/gazebo_ros2_control' returned '0': CMAKE_PREFIX_PATH=/opt/ros/humble /usr/bin/cmake --install /home/john/robo_ws/build/gazebo_ros2_control
