[0.016s] Invoking command in '/home/john/robo_ws/build/gazebo_ros2_control': CMAKE_PREFIX_PATH=/opt/ros/humble /usr/bin/cmake /home/john/robo_ws/src/gazebo_ros2_control -DCMAKE_INSTALL_PREFIX=/home/john/robo_ws/install/gazebo_ros2_control
[0.026s] -- Found ament_cmake: 1.3.3 (/opt/ros/humble/share/ament_cmake/cmake)
[0.141s] -- Override CMake install command with custom implementation using symlinks instead of copying resources
[0.147s] -- Found angles: 1.15.0 (/opt/ros/humble/share/angles/cmake)
[0.148s] -- Found controller_manager: 2.20.0 (/opt/ros/humble/share/controller_manager/cmake)
[0.175s] -- Found rosidl_generator_c: 3.1.4 (/opt/ros/humble/share/rosidl_generator_c/cmake)
[0.178s] -- Found rosidl_adapter: 3.1.4 (/opt/ros/humble/share/rosidl_adapter/cmake)
[0.183s] -- Found rosidl_generator_cpp: 3.1.4 (/opt/ros/humble/share/rosidl_generator_cpp/cmake)
[0.194s] -- Using all available rosidl_typesupport_c: rosidl_typesupport_fastrtps_c;rosidl_typesupport_introspection_c
[0.208s] -- Using all available rosidl_typesupport_cpp: rosidl_typesupport_fastrtps_cpp;rosidl_typesupport_introspection_cpp
[0.821s] -- Found rmw_implementation_cmake: 6.1.1 (/opt/ros/humble/share/rmw_implementation_cmake/cmake)
[0.822s] -- Found rmw_fastrtps_cpp: 6.2.2 (/opt/ros/humble/share/rmw_fastrtps_cpp/cmake)
[0.930s] -- Using RMW implementation 'rmw_fastrtps_cpp' as default
[1.545s] -- Found gazebo_dev: 3.7.0 (/opt/ros/humble/share/gazebo_dev/cmake)
[1.569s] -- Found DART: /usr/include (Required is at least version "6.6") found components: dart 
[1.592s] -- Found Protobuf: /usr/lib/x86_64-linux-gnu/libprotobuf.so (found version "3.12.4") 
[1.593s] -- Looking for ignition-math6 -- found version 6.13.0
[1.597s] -- Searching for dependencies of ignition-math6
[1.598s] -- Looking for OGRE...
[1.603s] -- Found Ogre Ghadamon (1.9.0)
[1.603s] -- Found OGRE: optimized;/usr/lib/x86_64-linux-gnu/libOgreMain.so;debug;/usr/lib/x86_64-linux-gnu/libOgreMain.so
[1.611s] -- Looking for OGRE_Paging...
[1.611s] -- Found OGRE_Paging: optimized;/usr/lib/x86_64-linux-gnu/libOgrePaging.so;debug;/usr/lib/x86_64-linux-gnu/libOgrePaging.so
[1.611s] -- Looking for OGRE_Terrain...
[1.612s] -- Found OGRE_Terrain: optimized;/usr/lib/x86_64-linux-gnu/libOgreTerrain.so;debug;/usr/lib/x86_64-linux-gnu/libOgreTerrain.so
[1.612s] -- Looking for OGRE_Property...
[1.612s] -- Found OGRE_Property: optimized;/usr/lib/x86_64-linux-gnu/libOgreProperty.so;debug;/usr/lib/x86_64-linux-gnu/libOgreProperty.so
[1.612s] -- Looking for OGRE_RTShaderSystem...
[1.612s] -- Found OGRE_RTShaderSystem: optimized;/usr/lib/x86_64-linux-gnu/libOgreRTShaderSystem.so;debug;/usr/lib/x86_64-linux-gnu/libOgreRTShaderSystem.so
[1.612s] -- Looking for OGRE_Volume...
[1.612s] -- Found OGRE_Volume: optimized;/usr/lib/x86_64-linux-gnu/libOgreVolume.so;debug;/usr/lib/x86_64-linux-gnu/libOgreVolume.so
[1.612s] -- Looking for OGRE_Overlay...
[1.612s] -- Found OGRE_Overlay: optimized;/usr/lib/x86_64-linux-gnu/libOgreOverlay.so;debug;/usr/lib/x86_64-linux-gnu/libOgreOverlay.so
[1.693s] -- Looking for ignition-math6 -- found version 6.13.0
[1.694s] -- Looking for ignition-transport8 -- found version 8.2.1
[1.694s] -- Searching for dependencies of ignition-transport8
[1.709s] -- Found Protobuf: /usr/lib/x86_64-linux-gnu/libprotobuf.so (found suitable version "3.12.4", minimum required is "3") 
[1.718s] -- Config-file not installed for ZeroMQ -- checking for pkg-config
[1.722s] -- Checking for module 'libzmq >= 4'
[1.731s] --   Found libzmq , version 4.3.4
[1.762s] -- Checking for module 'uuid'
[1.771s] --   Found uuid, version 2.37.2
[1.794s] -- Looking for ignition-msgs5 -- found version 5.8.1
[1.794s] -- Searching for dependencies of ignition-msgs5
[1.810s] -- Looking for ignition-math6 -- found version 6.13.0
[1.816s] -- Looking for ignition-msgs5 -- found version 5.8.1
[1.816s] -- Looking for ignition-common3 -- found version 3.14.0
[1.817s] -- Searching for dependencies of ignition-common3
[1.817s] -- Looking for dlfcn.h - found
[1.817s] -- Looking for libdl - found
[1.826s] -- Searching for <ignition-common3> component [graphics]
[1.827s] -- Looking for ignition-common3-graphics -- found version 3.14.0
[1.827s] -- Searching for dependencies of ignition-common3-graphics
[1.827s] -- Looking for ignition-math6 -- found version 6.13.0
[1.828s] -- Looking for ignition-fuel_tools4 -- found version 4.4.0
[1.829s] -- Searching for dependencies of ignition-fuel_tools4
[1.860s] -- Checking for module 'jsoncpp'
[1.870s] --   Found jsoncpp, version 1.9.5
[1.898s] -- Checking for module 'libzip'
[1.907s] --   Found libzip, version 1.7.3
[1.931s] -- Looking for ignition-common3 -- found version 3.14.0
[1.932s] -- Looking for ignition-math6 -- found version 6.13.0
[1.932s] -- Looking for ignition-msgs5 -- found version 5.8.1
[1.933s] -- Gazebo version: 11.10
[1.934s] -- Found gazebo_ros: 3.7.0 (/opt/ros/humble/share/gazebo_ros/cmake)
[1.942s] -- Found yaml_cpp_vendor: 8.0.2 (/opt/ros/humble/share/yaml_cpp_vendor/cmake)
[2.584s] -- Found ament_cmake_gtest: 1.3.3 (/opt/ros/humble/share/ament_cmake_gtest/cmake)
[2.585s] -- Found ament_lint_auto: 0.12.5 (/opt/ros/humble/share/ament_lint_auto/cmake)
[2.646s] -- Added test 'copyright' to check source files copyright and LICENSE
[2.647s] -- Added test 'cppcheck' to perform static code analysis on C / C++ code
[2.647s] -- Configured cppcheck include dirs: /home/john/robo_ws/src/gazebo_ros2_control/include
[2.647s] -- Configured cppcheck exclude dirs and/or files: 
[2.648s] -- Added test 'cpplint' to check C / C++ code against the Google style
[2.648s] -- Configured cpplint exclude dirs and/or files: 
[2.648s] -- Added test 'lint_cmake' to check CMake code style
[2.649s] -- Added test 'uncrustify' to check C / C++ code style
[2.649s] -- Configured uncrustify additional arguments: 
[2.650s] -- Added test 'xmllint' to check XML markup files
[2.651s] -- Configuring done
[2.725s] -- Generating done
[2.728s] -- Build files have been written to: /home/john/robo_ws/build/gazebo_ros2_control
