[0.017s] Invoking command in '/home/john/robo_ws/build/dynamixel_hardware': CMAKE_PREFIX_PATH=/opt/ros/humble /usr/bin/cmake --build /home/john/robo_ws/build/dynamixel_hardware -- -j6 -l6
[0.095s] [100%] Built target dynamixel_hardware
[0.101s] Invoked command in '/home/john/robo_ws/build/dynamixel_hardware' returned '0': CMAKE_PREFIX_PATH=/opt/ros/humble /usr/bin/cmake --build /home/john/robo_ws/build/dynamixel_hardware -- -j6 -l6
[0.154s] Invoking command in '/home/john/robo_ws/build/dynamixel_hardware': CMAKE_PREFIX_PATH=/opt/ros/humble /usr/bin/cmake --install /home/john/robo_ws/build/dynamixel_hardware
[0.160s] -- Install configuration: ""
[0.160s] -- Execute custom install script
[0.160s] -- Up-to-date symlink: /home/john/robo_ws/install/dynamixel_hardware/share/dynamixel_hardware//dynamixel_hardware.xml
[0.161s] -- Up-to-date symlink: /home/john/robo_ws/install/dynamixel_hardware/lib/libdynamixel_hardware.so
[0.163s] -- Up-to-date symlink: /home/john/robo_ws/install/dynamixel_hardware/include/dynamixel_hardware/dynamixel_hardware.hpp
[0.163s] -- Up-to-date symlink: /home/john/robo_ws/install/dynamixel_hardware/include/dynamixel_hardware/visiblity_control.h
[0.164s] -- Up-to-date symlink: /home/john/robo_ws/install/dynamixel_hardware/share/dynamixel_hardware/environment/library_path.sh
[0.164s] -- Up-to-date symlink: /home/john/robo_ws/install/dynamixel_hardware/share/dynamixel_hardware/environment/library_path.dsv
[0.164s] -- Up-to-date symlink: /home/john/robo_ws/install/dynamixel_hardware/share/ament_index/resource_index/package_run_dependencies/dynamixel_hardware
[0.164s] -- Up-to-date symlink: /home/john/robo_ws/install/dynamixel_hardware/share/ament_index/resource_index/parent_prefix_path/dynamixel_hardware
[0.164s] -- Up-to-date symlink: /home/john/robo_ws/install/dynamixel_hardware/share/dynamixel_hardware/environment/ament_prefix_path.sh
[0.172s] -- Up-to-date symlink: /home/john/robo_ws/install/dynamixel_hardware/share/dynamixel_hardware/environment/ament_prefix_path.dsv
[0.172s] -- Up-to-date symlink: /home/john/robo_ws/install/dynamixel_hardware/share/dynamixel_hardware/environment/path.sh
[0.172s] -- Up-to-date symlink: /home/john/robo_ws/install/dynamixel_hardware/share/dynamixel_hardware/environment/path.dsv
[0.172s] -- Up-to-date symlink: /home/john/robo_ws/install/dynamixel_hardware/share/dynamixel_hardware/local_setup.bash
[0.173s] -- Up-to-date symlink: /home/john/robo_ws/install/dynamixel_hardware/share/dynamixel_hardware/local_setup.sh
[0.173s] -- Up-to-date symlink: /home/john/robo_ws/install/dynamixel_hardware/share/dynamixel_hardware/local_setup.zsh
[0.173s] -- Up-to-date symlink: /home/john/robo_ws/install/dynamixel_hardware/share/dynamixel_hardware/local_setup.dsv
[0.173s] -- Symlinking: /home/john/robo_ws/install/dynamixel_hardware/share/dynamixel_hardware/package.dsv
[0.178s] -- Up-to-date symlink: /home/john/robo_ws/install/dynamixel_hardware/share/ament_index/resource_index/packages/dynamixel_hardware
[0.179s] -- Up-to-date symlink: /home/john/robo_ws/install/dynamixel_hardware/share/ament_index/resource_index/hardware_interface__pluginlib__plugin/dynamixel_hardware
[0.179s] -- Up-to-date symlink: /home/john/robo_ws/install/dynamixel_hardware/share/dynamixel_hardware/cmake/ament_cmake_export_include_directories-extras.cmake
[0.179s] -- Up-to-date symlink: /home/john/robo_ws/install/dynamixel_hardware/share/dynamixel_hardware/cmake/ament_cmake_export_libraries-extras.cmake
[0.181s] -- Up-to-date symlink: /home/john/robo_ws/install/dynamixel_hardware/share/dynamixel_hardware/cmake/ament_cmake_export_dependencies-extras.cmake
[0.181s] -- Up-to-date symlink: /home/john/robo_ws/install/dynamixel_hardware/share/dynamixel_hardware/cmake/dynamixel_hardwareConfig.cmake
[0.182s] -- Up-to-date symlink: /home/john/robo_ws/install/dynamixel_hardware/share/dynamixel_hardware/cmake/dynamixel_hardwareConfig-version.cmake
[0.182s] -- Up-to-date symlink: /home/john/robo_ws/install/dynamixel_hardware/share/dynamixel_hardware/package.xml
[0.202s] Invoked command in '/home/john/robo_ws/build/dynamixel_hardware' returned '0': CMAKE_PREFIX_PATH=/opt/ros/humble /usr/bin/cmake --install /home/john/robo_ws/build/dynamixel_hardware
