[35m[1mConsolidate compiler generated dependencies of target stepper_interface[0m
[ 33%] [32mBuilding CXX object CMakeFiles/stepper_interface.dir/src/stepper_interface.cpp.o[0m
In file included from [01m[K/opt/ros/humble/include/rclcpp/rclcpp/logging.hpp:24[m[K,
                 from [01m[K/opt/ros/humble/include/rclcpp/rclcpp/client.hpp:40[m[K,
                 from [01m[K/opt/ros/humble/include/rclcpp/rclcpp/callback_group.hpp:24[m[K,
                 from [01m[K/opt/ros/humble/include/rclcpp/rclcpp/any_executable.hpp:20[m[K,
                 from [01m[K/opt/ros/humble/include/rclcpp/rclcpp/memory_strategy.hpp:25[m[K,
                 from [01m[K/opt/ros/humble/include/rclcpp/rclcpp/memory_strategies.hpp:18[m[K,
                 from [01m[K/opt/ros/humble/include/rclcpp/rclcpp/executor_options.hpp:20[m[K,
                 from [01m[K/opt/ros/humble/include/rclcpp/rclcpp/executor.hpp:37[m[K,
                 from [01m[K/opt/ros/humble/include/rclcpp/rclcpp/executors/multi_threaded_executor.hpp:25[m[K,
                 from [01m[K/opt/ros/humble/include/rclcpp/rclcpp/executors.hpp:21[m[K,
                 from [01m[K/opt/ros/humble/include/rclcpp/rclcpp/rclcpp.hpp:155[m[K,
                 from [01m[K/home/john/robo_ws/src/stepper_interface/include/stepper_interface/stepper_interface.hpp:17[m[K,
                 from [01m[K/home/john/robo_ws/src/stepper_interface/src/stepper_interface.cpp:17[m[K:
[01m[K/home/john/robo_ws/src/stepper_interface/src/stepper_interface.cpp:[m[K In member function ‘[01m[Kdouble stepper_interface::StepperInterface::calcSteps(double, int)[m[K’:
[01m[K/home/john/robo_ws/src/stepper_interface/src/stepper_interface.cpp:207:5:[m[K [01;31m[Kerror: [m[K‘[01m[Kstd::type_info::type_info(const std::type_info&)[m[K’ is private within this context
  207 |     [01;31m[KRCLCPP_INFO[m[K(rclcpp::get_logger("StepperInterface"), "input  %i, type %s.", angle, typeid(angle));
      |     [01;31m[K^~~~~~~~~~~[m[K
In file included from [01m[K/usr/include/c++/11/bits/shared_ptr_base.h:52[m[K,
                 from [01m[K/usr/include/c++/11/bits/shared_ptr.h:53[m[K,
                 from [01m[K/usr/include/c++/11/memory:77[m[K,
                 from [01m[K/home/john/robo_ws/src/stepper_interface/include/stepper_interface/stepper_interface.hpp:5[m[K,
                 from [01m[K/home/john/robo_ws/src/stepper_interface/src/stepper_interface.cpp:17[m[K:
[01m[K/usr/include/c++/11/typeinfo:181:5:[m[K [01;36m[Knote: [m[Kdeclared private here
  181 |     [01;36m[Ktype_info[m[K(const type_info&);
      |     [01;36m[K^~~~~~~~~[m[K
In file included from [01m[K/opt/ros/humble/include/rclcpp/rclcpp/logging.hpp:24[m[K,
                 from [01m[K/opt/ros/humble/include/rclcpp/rclcpp/client.hpp:40[m[K,
                 from [01m[K/opt/ros/humble/include/rclcpp/rclcpp/callback_group.hpp:24[m[K,
                 from [01m[K/opt/ros/humble/include/rclcpp/rclcpp/any_executable.hpp:20[m[K,
                 from [01m[K/opt/ros/humble/include/rclcpp/rclcpp/memory_strategy.hpp:25[m[K,
                 from [01m[K/opt/ros/humble/include/rclcpp/rclcpp/memory_strategies.hpp:18[m[K,
                 from [01m[K/opt/ros/humble/include/rclcpp/rclcpp/executor_options.hpp:20[m[K,
                 from [01m[K/opt/ros/humble/include/rclcpp/rclcpp/executor.hpp:37[m[K,
                 from [01m[K/opt/ros/humble/include/rclcpp/rclcpp/executors/multi_threaded_executor.hpp:25[m[K,
                 from [01m[K/opt/ros/humble/include/rclcpp/rclcpp/executors.hpp:21[m[K,
                 from [01m[K/opt/ros/humble/include/rclcpp/rclcpp/rclcpp.hpp:155[m[K,
                 from [01m[K/home/john/robo_ws/src/stepper_interface/include/stepper_interface/stepper_interface.hpp:17[m[K,
                 from [01m[K/home/john/robo_ws/src/stepper_interface/src/stepper_interface.cpp:17[m[K:
[01m[K/home/john/robo_ws/src/stepper_interface/src/stepper_interface.cpp:207:57:[m[K [01;35m[Kwarning: [m[Kformat ‘[01m[K%i[m[K’ expects argument of type ‘[01m[Kint[m[K’, but argument 5 has type ‘[01m[Kdouble[m[K’ [[01;35m[K]8;;https://gcc.gnu.org/onlinedocs/gcc/Warning-Options.html#index-Wformat=-Wformat=]8;;[m[K]
  207 |     RCLCPP_INFO(rclcpp::get_logger("StepperInterface"), [01;35m[K"input  %i, type %s."[m[K, [32m[Kangle[m[K, typeid(angle));
      |                                                         [01;35m[K^~~~~~~~~~~~~~~~~~~~~[m[K  [32m[K~~~~~[m[K
      |                                                                                [32m[K|[m[K
      |                                                                                [32m[Kdouble[m[K
[01m[K/home/john/robo_ws/src/stepper_interface/src/stepper_interface.cpp:207:66:[m[K [01;36m[Knote: [m[Kformat string is defined here
  207 |     RCLCPP_INFO(rclcpp::get_logger("StepperInterface"), "input  [01;36m[K%i[m[K, type %s.", angle, typeid(angle));
      |                                                                 [01;36m[K~^[m[K
      |                                                                  [01;36m[K|[m[K
      |                                                                  [01;36m[Kint[m[K
      |                                                                 [32m[K%f[m[K
In file included from [01m[K/opt/ros/humble/include/rclcpp/rclcpp/logging.hpp:24[m[K,
                 from [01m[K/opt/ros/humble/include/rclcpp/rclcpp/client.hpp:40[m[K,
                 from [01m[K/opt/ros/humble/include/rclcpp/rclcpp/callback_group.hpp:24[m[K,
                 from [01m[K/opt/ros/humble/include/rclcpp/rclcpp/any_executable.hpp:20[m[K,
                 from [01m[K/opt/ros/humble/include/rclcpp/rclcpp/memory_strategy.hpp:25[m[K,
                 from [01m[K/opt/ros/humble/include/rclcpp/rclcpp/memory_strategies.hpp:18[m[K,
                 from [01m[K/opt/ros/humble/include/rclcpp/rclcpp/executor_options.hpp:20[m[K,
                 from [01m[K/opt/ros/humble/include/rclcpp/rclcpp/executor.hpp:37[m[K,
                 from [01m[K/opt/ros/humble/include/rclcpp/rclcpp/executors/multi_threaded_executor.hpp:25[m[K,
                 from [01m[K/opt/ros/humble/include/rclcpp/rclcpp/executors.hpp:21[m[K,
                 from [01m[K/opt/ros/humble/include/rclcpp/rclcpp/rclcpp.hpp:155[m[K,
                 from [01m[K/home/john/robo_ws/src/stepper_interface/include/stepper_interface/stepper_interface.hpp:17[m[K,
                 from [01m[K/home/john/robo_ws/src/stepper_interface/src/stepper_interface.cpp:17[m[K:
[01m[K/home/john/robo_ws/src/stepper_interface/src/stepper_interface.cpp:207:57:[m[K [01;35m[Kwarning: [m[Kformat ‘[01m[K%s[m[K’ expects argument of type ‘[01m[Kchar*[m[K’, but argument 6 has type ‘[01m[Kconst std::type_info[m[K’ [[01;35m[K]8;;https://gcc.gnu.org/onlinedocs/gcc/Warning-Options.html#index-Wformat=-Wformat=]8;;[m[K]
  207 |     RCLCPP_INFO(rclcpp::get_logger("StepperInterface"), [01;35m[K"input  %i, type %s."[m[K, angle, typeid(angle));
      |                                                         [01;35m[K^~~~~~~~~~~~~~~~~~~~~[m[K
[01m[K/home/john/robo_ws/src/stepper_interface/src/stepper_interface.cpp:207:75:[m[K [01;36m[Knote: [m[Kformat string is defined here
  207 |     RCLCPP_INFO(rclcpp::get_logger("StepperInterface"), "input  %i, type [01;36m[K%s[m[K.", angle, typeid(angle));
      |                                                                          [01;36m[K~^[m[K
      |                                                                           [01;36m[K|[m[K
      |                                                                           [01;36m[Kchar*[m[K
gmake[2]: *** [CMakeFiles/stepper_interface.dir/build.make:76: CMakeFiles/stepper_interface.dir/src/stepper_interface.cpp.o] Error 1
gmake[1]: *** [CMakeFiles/Makefile2:137: CMakeFiles/stepper_interface.dir/all] Error 2
gmake: *** [Makefile:146: all] Error 2
