[0.031s] Invoking command in '/home/john/robo_ws/build/stepper_interface': CMAKE_PREFIX_PATH=/opt/ros/humble:/home/john/robo_ws/install/serial:/home/john/robo_ws/install/stepper_interface:/home/john/robo_ws/install/nick_bot_moveit_config:/home/john/robo_ws/install/nick_bot:/home/john/robo_ws/install/gazebo_ros2_control:/home/john/robo_ws/install/dynamixel_hardware LD_LIBRARY_PATH=/home/john/robo_ws/install/serial/lib:/home/john/robo_ws/install/stepper_interface/lib:/home/john/robo_ws/install/gazebo_ros2_control/lib:/home/john/robo_ws/install/dynamixel_hardware/lib:/usr/lib/x86_64-linux-gnu/gazebo-11/plugins:/opt/ros/humble/opt/rviz_ogre_vendor/lib:/opt/ros/humble/lib/x86_64-linux-gnu:/opt/ros/humble/lib /usr/bin/cmake --build /home/john/robo_ws/build/stepper_interface -- -j6 -l6
[0.067s] [35m[1mConsolidate compiler generated dependencies of target stepper_interface[0m
[0.086s] [ 33%] [32mBuilding CXX object CMakeFiles/stepper_interface.dir/src/stepper_interface.cpp.o[0m
[2.072s] In file included from [01m[K/opt/ros/humble/include/rclcpp/rclcpp/logging.hpp:24[m[K,
[2.072s]                  from [01m[K/opt/ros/humble/include/rclcpp/rclcpp/client.hpp:40[m[K,
[2.072s]                  from [01m[K/opt/ros/humble/include/rclcpp/rclcpp/callback_group.hpp:24[m[K,
[2.073s]                  from [01m[K/opt/ros/humble/include/rclcpp/rclcpp/any_executable.hpp:20[m[K,
[2.073s]                  from [01m[K/opt/ros/humble/include/rclcpp/rclcpp/memory_strategy.hpp:25[m[K,
[2.073s]                  from [01m[K/opt/ros/humble/include/rclcpp/rclcpp/memory_strategies.hpp:18[m[K,
[2.073s]                  from [01m[K/opt/ros/humble/include/rclcpp/rclcpp/executor_options.hpp:20[m[K,
[2.073s]                  from [01m[K/opt/ros/humble/include/rclcpp/rclcpp/executor.hpp:37[m[K,
[2.073s]                  from [01m[K/opt/ros/humble/include/rclcpp/rclcpp/executors/multi_threaded_executor.hpp:25[m[K,
[2.073s]                  from [01m[K/opt/ros/humble/include/rclcpp/rclcpp/executors.hpp:21[m[K,
[2.073s]                  from [01m[K/opt/ros/humble/include/rclcpp/rclcpp/rclcpp.hpp:155[m[K,
[2.073s]                  from [01m[K/home/john/robo_ws/src/stepper_interface/include/stepper_interface/stepper_interface.hpp:17[m[K,
[2.073s]                  from [01m[K/home/john/robo_ws/src/stepper_interface/src/stepper_interface.cpp:17[m[K:
[2.073s] [01m[K/home/john/robo_ws/src/stepper_interface/src/stepper_interface.cpp:[m[K In member function ‘[01m[Kdouble stepper_interface::StepperInterface::calcSteps(double, int)[m[K’:
[2.073s] [01m[K/home/john/robo_ws/src/stepper_interface/src/stepper_interface.cpp:207:5:[m[K [01;31m[Kerror: [m[K‘[01m[Kstd::type_info::type_info(const std::type_info&)[m[K’ is private within this context
[2.073s]   207 |     [01;31m[KRCLCPP_INFO[m[K(rclcpp::get_logger("StepperInterface"), "input  %i, type %s.", angle, typeid(angle));
[2.073s]       |     [01;31m[K^~~~~~~~~~~[m[K
[2.073s] In file included from [01m[K/usr/include/c++/11/bits/shared_ptr_base.h:52[m[K,
[2.073s]                  from [01m[K/usr/include/c++/11/bits/shared_ptr.h:53[m[K,
[2.073s]                  from [01m[K/usr/include/c++/11/memory:77[m[K,
[2.073s]                  from [01m[K/home/john/robo_ws/src/stepper_interface/include/stepper_interface/stepper_interface.hpp:5[m[K,
[2.073s]                  from [01m[K/home/john/robo_ws/src/stepper_interface/src/stepper_interface.cpp:17[m[K:
[2.074s] [01m[K/usr/include/c++/11/typeinfo:181:5:[m[K [01;36m[Knote: [m[Kdeclared private here
[2.074s]   181 |     [01;36m[Ktype_info[m[K(const type_info&);
[2.074s]       |     [01;36m[K^~~~~~~~~[m[K
[2.074s] In file included from [01m[K/opt/ros/humble/include/rclcpp/rclcpp/logging.hpp:24[m[K,
[2.074s]                  from [01m[K/opt/ros/humble/include/rclcpp/rclcpp/client.hpp:40[m[K,
[2.074s]                  from [01m[K/opt/ros/humble/include/rclcpp/rclcpp/callback_group.hpp:24[m[K,
[2.074s]                  from [01m[K/opt/ros/humble/include/rclcpp/rclcpp/any_executable.hpp:20[m[K,
[2.074s]                  from [01m[K/opt/ros/humble/include/rclcpp/rclcpp/memory_strategy.hpp:25[m[K,
[2.074s]                  from [01m[K/opt/ros/humble/include/rclcpp/rclcpp/memory_strategies.hpp:18[m[K,
[2.074s]                  from [01m[K/opt/ros/humble/include/rclcpp/rclcpp/executor_options.hpp:20[m[K,
[2.074s]                  from [01m[K/opt/ros/humble/include/rclcpp/rclcpp/executor.hpp:37[m[K,
[2.074s]                  from [01m[K/opt/ros/humble/include/rclcpp/rclcpp/executors/multi_threaded_executor.hpp:25[m[K,
[2.074s]                  from [01m[K/opt/ros/humble/include/rclcpp/rclcpp/executors.hpp:21[m[K,
[2.074s]                  from [01m[K/opt/ros/humble/include/rclcpp/rclcpp/rclcpp.hpp:155[m[K,
[2.074s]                  from [01m[K/home/john/robo_ws/src/stepper_interface/include/stepper_interface/stepper_interface.hpp:17[m[K,
[2.074s]                  from [01m[K/home/john/robo_ws/src/stepper_interface/src/stepper_interface.cpp:17[m[K:
[2.075s] [01m[K/home/john/robo_ws/src/stepper_interface/src/stepper_interface.cpp:207:57:[m[K [01;35m[Kwarning: [m[Kformat ‘[01m[K%i[m[K’ expects argument of type ‘[01m[Kint[m[K’, but argument 5 has type ‘[01m[Kdouble[m[K’ [[01;35m[K]8;;https://gcc.gnu.org/onlinedocs/gcc/Warning-Options.html#index-Wformat=-Wformat=]8;;[m[K]
[2.075s]   207 |     RCLCPP_INFO(rclcpp::get_logger("StepperInterface"), [01;35m[K"input  %i, type %s."[m[K, [32m[Kangle[m[K, typeid(angle));
[2.075s]       |                                                         [01;35m[K^~~~~~~~~~~~~~~~~~~~~[m[K  [32m[K~~~~~[m[K
[2.075s]       |                                                                                [32m[K|[m[K
[2.075s]       |                                                                                [32m[Kdouble[m[K
[2.075s] [01m[K/home/john/robo_ws/src/stepper_interface/src/stepper_interface.cpp:207:66:[m[K [01;36m[Knote: [m[Kformat string is defined here
[2.075s]   207 |     RCLCPP_INFO(rclcpp::get_logger("StepperInterface"), "input  [01;36m[K%i[m[K, type %s.", angle, typeid(angle));
[2.075s]       |                                                                 [01;36m[K~^[m[K
[2.075s]       |                                                                  [01;36m[K|[m[K
[2.075s]       |                                                                  [01;36m[Kint[m[K
[2.075s]       |                                                                 [32m[K%f[m[K
[2.075s] In file included from [01m[K/opt/ros/humble/include/rclcpp/rclcpp/logging.hpp:24[m[K,
[2.075s]                  from [01m[K/opt/ros/humble/include/rclcpp/rclcpp/client.hpp:40[m[K,
[2.075s]                  from [01m[K/opt/ros/humble/include/rclcpp/rclcpp/callback_group.hpp:24[m[K,
[2.075s]                  from [01m[K/opt/ros/humble/include/rclcpp/rclcpp/any_executable.hpp:20[m[K,
[2.075s]                  from [01m[K/opt/ros/humble/include/rclcpp/rclcpp/memory_strategy.hpp:25[m[K,
[2.075s]                  from [01m[K/opt/ros/humble/include/rclcpp/rclcpp/memory_strategies.hpp:18[m[K,
[2.075s]                  from [01m[K/opt/ros/humble/include/rclcpp/rclcpp/executor_options.hpp:20[m[K,
[2.075s]                  from [01m[K/opt/ros/humble/include/rclcpp/rclcpp/executor.hpp:37[m[K,
[2.076s]                  from [01m[K/opt/ros/humble/include/rclcpp/rclcpp/executors/multi_threaded_executor.hpp:25[m[K,
[2.076s]                  from [01m[K/opt/ros/humble/include/rclcpp/rclcpp/executors.hpp:21[m[K,
[2.076s]                  from [01m[K/opt/ros/humble/include/rclcpp/rclcpp/rclcpp.hpp:155[m[K,
[2.076s]                  from [01m[K/home/john/robo_ws/src/stepper_interface/include/stepper_interface/stepper_interface.hpp:17[m[K,
[2.076s]                  from [01m[K/home/john/robo_ws/src/stepper_interface/src/stepper_interface.cpp:17[m[K:
[2.076s] [01m[K/home/john/robo_ws/src/stepper_interface/src/stepper_interface.cpp:207:57:[m[K [01;35m[Kwarning: [m[Kformat ‘[01m[K%s[m[K’ expects argument of type ‘[01m[Kchar*[m[K’, but argument 6 has type ‘[01m[Kconst std::type_info[m[K’ [[01;35m[K]8;;https://gcc.gnu.org/onlinedocs/gcc/Warning-Options.html#index-Wformat=-Wformat=]8;;[m[K]
[2.076s]   207 |     RCLCPP_INFO(rclcpp::get_logger("StepperInterface"), [01;35m[K"input  %i, type %s."[m[K, angle, typeid(angle));
[2.076s]       |                                                         [01;35m[K^~~~~~~~~~~~~~~~~~~~~[m[K
[2.076s] [01m[K/home/john/robo_ws/src/stepper_interface/src/stepper_interface.cpp:207:75:[m[K [01;36m[Knote: [m[Kformat string is defined here
[2.076s]   207 |     RCLCPP_INFO(rclcpp::get_logger("StepperInterface"), "input  %i, type [01;36m[K%s[m[K.", angle, typeid(angle));
[2.076s]       |                                                                          [01;36m[K~^[m[K
[2.076s]       |                                                                           [01;36m[K|[m[K
[2.076s]       |                                                                           [01;36m[Kchar*[m[K
[2.566s] gmake[2]: *** [CMakeFiles/stepper_interface.dir/build.make:76: CMakeFiles/stepper_interface.dir/src/stepper_interface.cpp.o] Error 1
[2.567s] gmake[1]: *** [CMakeFiles/Makefile2:137: CMakeFiles/stepper_interface.dir/all] Error 2
[2.567s] gmake: *** [Makefile:146: all] Error 2
[2.569s] Invoked command in '/home/john/robo_ws/build/stepper_interface' returned '2': CMAKE_PREFIX_PATH=/opt/ros/humble:/home/john/robo_ws/install/serial:/home/john/robo_ws/install/stepper_interface:/home/john/robo_ws/install/nick_bot_moveit_config:/home/john/robo_ws/install/nick_bot:/home/john/robo_ws/install/gazebo_ros2_control:/home/john/robo_ws/install/dynamixel_hardware LD_LIBRARY_PATH=/home/john/robo_ws/install/serial/lib:/home/john/robo_ws/install/stepper_interface/lib:/home/john/robo_ws/install/gazebo_ros2_control/lib:/home/john/robo_ws/install/dynamixel_hardware/lib:/usr/lib/x86_64-linux-gnu/gazebo-11/plugins:/opt/ros/humble/opt/rviz_ogre_vendor/lib:/opt/ros/humble/lib/x86_64-linux-gnu:/opt/ros/humble/lib /usr/bin/cmake --build /home/john/robo_ws/build/stepper_interface -- -j6 -l6
