[0.026s] Invoking command in '/home/john/robo_ws/build/nick_bot': CMAKE_PREFIX_PATH=/home/john/robo_ws/install/stepper_interface:/opt/ros/humble:/home/john/robo_ws/install/serial:/home/john/robo_ws/install/nick_bot_moveit_config:/home/john/robo_ws/install/nick_bot:/home/john/robo_ws/install/gazebo_ros2_control:/home/john/robo_ws/install/dynamixel_hardware /usr/bin/cmake /home/john/robo_ws/src/nick_bot -DAMENT_CMAKE_SYMLINK_INSTALL=1 -DCMAKE_INSTALL_PREFIX=/home/john/robo_ws/install/nick_bot
[0.037s] -- Found ament_cmake: 1.3.3 (/opt/ros/humble/share/ament_cmake/cmake)
[0.163s] -- Override CMake install command with custom implementation using symlinks instead of copying resources
[0.170s] -- Found ament_lint_auto: 0.12.5 (/opt/ros/humble/share/ament_lint_auto/cmake)
[0.234s] -- Added test 'flake8' to check Python code syntax and style conventions
[0.236s] -- Added test 'lint_cmake' to check CMake code style
[0.236s] -- Added test 'pep257' to check Python code against some of the docstring style conventions in PEP 257
[0.238s] -- Added test 'xmllint' to check XML markup files
[0.238s] -- Configuring done
[0.240s] -- Generating done
[0.241s] -- Build files have been written to: /home/john/robo_ws/build/nick_bot
[0.243s] Invoked command in '/home/john/robo_ws/build/nick_bot' returned '0': CMAKE_PREFIX_PATH=/home/john/robo_ws/install/stepper_interface:/opt/ros/humble:/home/john/robo_ws/install/serial:/home/john/robo_ws/install/nick_bot_moveit_config:/home/john/robo_ws/install/nick_bot:/home/john/robo_ws/install/gazebo_ros2_control:/home/john/robo_ws/install/dynamixel_hardware /usr/bin/cmake /home/john/robo_ws/src/nick_bot -DAMENT_CMAKE_SYMLINK_INSTALL=1 -DCMAKE_INSTALL_PREFIX=/home/john/robo_ws/install/nick_bot
[0.244s] Invoking command in '/home/john/robo_ws/build/nick_bot': CMAKE_PREFIX_PATH=/home/john/robo_ws/install/stepper_interface:/opt/ros/humble:/home/john/robo_ws/install/serial:/home/john/robo_ws/install/nick_bot_moveit_config:/home/john/robo_ws/install/nick_bot:/home/john/robo_ws/install/gazebo_ros2_control:/home/john/robo_ws/install/dynamixel_hardware /usr/bin/cmake --build /home/john/robo_ws/build/nick_bot -- -j6 -l6
[0.276s] Invoked command in '/home/john/robo_ws/build/nick_bot' returned '0': CMAKE_PREFIX_PATH=/home/john/robo_ws/install/stepper_interface:/opt/ros/humble:/home/john/robo_ws/install/serial:/home/john/robo_ws/install/nick_bot_moveit_config:/home/john/robo_ws/install/nick_bot:/home/john/robo_ws/install/gazebo_ros2_control:/home/john/robo_ws/install/dynamixel_hardware /usr/bin/cmake --build /home/john/robo_ws/build/nick_bot -- -j6 -l6
[0.302s] Invoking command in '/home/john/robo_ws/build/nick_bot': CMAKE_PREFIX_PATH=/home/john/robo_ws/install/stepper_interface:/opt/ros/humble:/home/john/robo_ws/install/serial:/home/john/robo_ws/install/nick_bot_moveit_config:/home/john/robo_ws/install/nick_bot:/home/john/robo_ws/install/gazebo_ros2_control:/home/john/robo_ws/install/dynamixel_hardware /usr/bin/cmake --install /home/john/robo_ws/build/nick_bot
[0.308s] -- Install configuration: ""
[0.308s] -- Execute custom install script
[0.308s] -- Symlinking: /home/john/robo_ws/install/nick_bot/share/nick_bot/description/Not in use/robot_control.xacro
[0.316s] -- Symlinking: /home/john/robo_ws/install/nick_bot/share/nick_bot/description/Not in use/ros2_controlGAZEBO.xacro
[0.323s] -- Symlinking: /home/john/robo_ws/install/nick_bot/share/nick_bot/description/robot.urdf.xacro
[0.331s] -- Symlinking: /home/john/robo_ws/install/nick_bot/share/nick_bot/description/robot_core.xacro
[0.338s] -- Symlinking: /home/john/robo_ws/install/nick_bot/share/nick_bot/description/ros2_control.xacro
[0.345s] -- Symlinking: /home/john/robo_ws/install/nick_bot/share/nick_bot/config/moveit.rviz
[0.353s] -- Symlinking: /home/john/robo_ws/install/nick_bot/share/nick_bot/config/my_controllers.yaml
[0.360s] -- Symlinking: /home/john/robo_ws/install/nick_bot/share/nick_bot/config/nickbot_controllers.yaml
[0.367s] -- Symlinking: /home/john/robo_ws/install/nick_bot/share/nick_bot/config/step_and_serv_controllers.yaml
[0.375s] -- Symlinking: /home/john/robo_ws/install/nick_bot/share/nick_bot/config/stepper_controllers.yaml
[0.382s] -- Symlinking: /home/john/robo_ws/install/nick_bot/share/nick_bot/launch/computer.launch.py
[0.389s] -- Symlinking: /home/john/robo_ws/install/nick_bot/share/nick_bot/launch/full_launch_sim.launch.py
[0.396s] -- Symlinking: /home/john/robo_ws/install/nick_bot/share/nick_bot/launch/full_launch_simWORKING.launch.py
[0.403s] -- Symlinking: /home/john/robo_ws/install/nick_bot/share/nick_bot/launch/gazebo.launch.py
[0.411s] -- Symlinking: /home/john/robo_ws/install/nick_bot/share/nick_bot/launch/launch_sim.launch.py
[0.418s] -- Symlinking: /home/john/robo_ws/install/nick_bot/share/nick_bot/launch/moveit_setup.launch.py
[0.425s] -- Symlinking: /home/john/robo_ws/install/nick_bot/share/nick_bot/launch/raspberry.launch.py
[0.433s] -- Symlinking: /home/john/robo_ws/install/nick_bot/share/nick_bot/launch/real_robot.launch.py
[0.440s] -- Symlinking: /home/john/robo_ws/install/nick_bot/share/nick_bot/launch/rsp.launch.py
[0.447s] -- Symlinking: /home/john/robo_ws/install/nick_bot/share/nick_bot/launch/stepper_control.launch.py
[0.454s] -- Symlinking: /home/john/robo_ws/install/nick_bot/share/nick_bot/launch/test.launch.py
[0.461s] -- Symlinking: /home/john/robo_ws/install/nick_bot/share/nick_bot/launch/working_servo_control.zip
[0.469s] -- Symlinking: /home/john/robo_ws/install/nick_bot/share/nick_bot/urdf/nick_bot.urdf
[0.476s] -- Symlinking: /home/john/robo_ws/install/nick_bot/share/nick_bot/urdf/nick_bot_MODIF.urdf
[0.483s] -- Symlinking: /home/john/robo_ws/install/nick_bot/share/nick_bot/urdf/nick_bot_moveit.urdf
[0.490s] -- Symlinking: /home/john/robo_ws/install/nick_bot/share/nick_bot/urdf/takenout
[0.497s] -- Symlinking: /home/john/robo_ws/install/nick_bot/share/nick_bot/meshes/base_link.STL
[0.505s] -- Symlinking: /home/john/robo_ws/install/nick_bot/share/nick_bot/meshes/end_effector.STL
[0.513s] -- Symlinking: /home/john/robo_ws/install/nick_bot/share/nick_bot/meshes/link_1.STL
[0.519s] -- Symlinking: /home/john/robo_ws/install/nick_bot/share/nick_bot/meshes/link_2.STL
[0.527s] -- Symlinking: /home/john/robo_ws/install/nick_bot/share/nick_bot/meshes/link_3.STL
[0.533s] -- Symlinking: /home/john/robo_ws/install/nick_bot/share/nick_bot/meshes/link_4.STL
[0.541s] -- Symlinking: /home/john/robo_ws/install/nick_bot/share/nick_bot/meshes/link_5.STL
[0.548s] -- Symlinking: /home/john/robo_ws/install/nick_bot/share/ament_index/resource_index/package_run_dependencies/nick_bot
[0.555s] -- Symlinking: /home/john/robo_ws/install/nick_bot/share/ament_index/resource_index/parent_prefix_path/nick_bot
[0.564s] -- Symlinking: /home/john/robo_ws/install/nick_bot/share/nick_bot/environment/ament_prefix_path.sh
[0.571s] -- Symlinking: /home/john/robo_ws/install/nick_bot/share/nick_bot/environment/ament_prefix_path.dsv
[0.578s] -- Symlinking: /home/john/robo_ws/install/nick_bot/share/nick_bot/environment/path.sh
[0.585s] -- Symlinking: /home/john/robo_ws/install/nick_bot/share/nick_bot/environment/path.dsv
[0.593s] -- Symlinking: /home/john/robo_ws/install/nick_bot/share/nick_bot/local_setup.bash
[0.600s] -- Symlinking: /home/john/robo_ws/install/nick_bot/share/nick_bot/local_setup.sh
[0.607s] -- Symlinking: /home/john/robo_ws/install/nick_bot/share/nick_bot/local_setup.zsh
[0.615s] -- Symlinking: /home/john/robo_ws/install/nick_bot/share/nick_bot/local_setup.dsv
[0.622s] -- Symlinking: /home/john/robo_ws/install/nick_bot/share/nick_bot/package.dsv
[0.630s] -- Symlinking: /home/john/robo_ws/install/nick_bot/share/ament_index/resource_index/packages/nick_bot
[0.638s] -- Symlinking: /home/john/robo_ws/install/nick_bot/share/nick_bot/cmake/nick_botConfig.cmake
[0.645s] -- Symlinking: /home/john/robo_ws/install/nick_bot/share/nick_bot/cmake/nick_botConfig-version.cmake
[0.653s] -- Symlinking: /home/john/robo_ws/install/nick_bot/share/nick_bot/package.xml
[0.669s] Invoked command in '/home/john/robo_ws/build/nick_bot' returned '0': CMAKE_PREFIX_PATH=/home/john/robo_ws/install/stepper_interface:/opt/ros/humble:/home/john/robo_ws/install/serial:/home/john/robo_ws/install/nick_bot_moveit_config:/home/john/robo_ws/install/nick_bot:/home/john/robo_ws/install/gazebo_ros2_control:/home/john/robo_ws/install/dynamixel_hardware /usr/bin/cmake --install /home/john/robo_ws/build/nick_bot
