[0.230s] DEBUG:colcon:Command line arguments: ['/usr/bin/colcon', 'build', '--symlink-install']
[0.230s] DEBUG:colcon:Parsed command line arguments: Namespace(log_base=None, log_level=None, verb_name='build', build_base='build', install_base='install', merge_install=False, symlink_install=True, test_result_base=None, continue_on_error=False, executor='parallel', parallel_workers=6, event_handlers=None, ignore_user_meta=False, metas=['./colcon.meta'], base_paths=['.'], packages_ignore=None, packages_ignore_regex=None, paths=None, packages_up_to=None, packages_up_to_regex=None, packages_above=None, packages_above_and_dependencies=None, packages_above_depth=None, packages_select_by_dep=None, packages_skip_by_dep=None, packages_skip_up_to=None, packages_select_build_failed=False, packages_skip_build_finished=False, packages_select_test_failures=False, packages_skip_test_passed=False, packages_select=None, packages_skip=None, packages_select_regex=None, packages_skip_regex=None, packages_start=None, packages_end=None, allow_overriding=[], cmake_args=None, cmake_target=None, cmake_target_skip_unavailable=False, cmake_clean_cache=False, cmake_clean_first=False, cmake_force_configure=False, ament_cmake_args=None, catkin_cmake_args=None, catkin_skip_building_tests=False, verb_parser=<colcon_defaults.argument_parser.defaults.DefaultArgumentsDecorator object at 0x7f2b34147040>, verb_extension=<colcon_core.verb.build.BuildVerb object at 0x7f2b345b0b20>, main=<bound method BuildVerb.main of <colcon_core.verb.build.BuildVerb object at 0x7f2b345b0b20>>)
[0.255s] Level 1:colcon.colcon_core.package_discovery:discover_packages(colcon_meta) check parameters
[0.255s] Level 1:colcon.colcon_core.package_discovery:discover_packages(recursive) check parameters
[0.255s] Level 1:colcon.colcon_core.package_discovery:discover_packages(ignore) check parameters
[0.255s] Level 1:colcon.colcon_core.package_discovery:discover_packages(path) check parameters
[0.255s] Level 1:colcon.colcon_core.package_discovery:discover_packages(colcon_meta) discover
[0.255s] Level 1:colcon.colcon_core.package_discovery:discover_packages(recursive) discover
[0.255s] INFO:colcon.colcon_core.package_discovery:Crawling recursively for packages in '/home/john/robo_ws'
[0.255s] Level 1:colcon.colcon_core.package_identification:_identify(.) by extensions ['ignore', 'ignore_ament_install']
[0.255s] Level 1:colcon.colcon_core.package_identification:_identify(.) by extension 'ignore'
[0.255s] Level 1:colcon.colcon_core.package_identification:_identify(.) by extension 'ignore_ament_install'
[0.255s] Level 1:colcon.colcon_core.package_identification:_identify(.) by extensions ['colcon_pkg']
[0.255s] Level 1:colcon.colcon_core.package_identification:_identify(.) by extension 'colcon_pkg'
[0.255s] Level 1:colcon.colcon_core.package_identification:_identify(.) by extensions ['colcon_meta']
[0.255s] Level 1:colcon.colcon_core.package_identification:_identify(.) by extension 'colcon_meta'
[0.256s] Level 1:colcon.colcon_core.package_identification:_identify(.) by extensions ['ros']
[0.256s] Level 1:colcon.colcon_core.package_identification:_identify(.) by extension 'ros'
[0.268s] Level 1:colcon.colcon_core.package_identification:_identify(.) by extensions ['cmake', 'python']
[0.268s] Level 1:colcon.colcon_core.package_identification:_identify(.) by extension 'cmake'
[0.268s] Level 1:colcon.colcon_core.package_identification:_identify(.) by extension 'python'
[0.268s] Level 1:colcon.colcon_core.package_identification:_identify(.) by extensions ['python_setup_py']
[0.268s] Level 1:colcon.colcon_core.package_identification:_identify(.) by extension 'python_setup_py'
[0.268s] Level 1:colcon.colcon_core.package_identification:_identify(build) by extensions ['ignore', 'ignore_ament_install']
[0.268s] Level 1:colcon.colcon_core.package_identification:_identify(build) by extension 'ignore'
[0.268s] Level 1:colcon.colcon_core.package_identification:_identify(build) ignored
[0.269s] Level 1:colcon.colcon_core.package_identification:_identify(install) by extensions ['ignore', 'ignore_ament_install']
[0.269s] Level 1:colcon.colcon_core.package_identification:_identify(install) by extension 'ignore'
[0.269s] Level 1:colcon.colcon_core.package_identification:_identify(install) ignored
[0.269s] Level 1:colcon.colcon_core.package_identification:_identify(log) by extensions ['ignore', 'ignore_ament_install']
[0.269s] Level 1:colcon.colcon_core.package_identification:_identify(log) by extension 'ignore'
[0.269s] Level 1:colcon.colcon_core.package_identification:_identify(log) ignored
[0.269s] Level 1:colcon.colcon_core.package_identification:_identify(src) by extensions ['ignore', 'ignore_ament_install']
[0.269s] Level 1:colcon.colcon_core.package_identification:_identify(src) by extension 'ignore'
[0.269s] Level 1:colcon.colcon_core.package_identification:_identify(src) by extension 'ignore_ament_install'
[0.269s] Level 1:colcon.colcon_core.package_identification:_identify(src) by extensions ['colcon_pkg']
[0.269s] Level 1:colcon.colcon_core.package_identification:_identify(src) by extension 'colcon_pkg'
[0.269s] Level 1:colcon.colcon_core.package_identification:_identify(src) by extensions ['colcon_meta']
[0.269s] Level 1:colcon.colcon_core.package_identification:_identify(src) by extension 'colcon_meta'
[0.269s] Level 1:colcon.colcon_core.package_identification:_identify(src) by extensions ['ros']
[0.269s] Level 1:colcon.colcon_core.package_identification:_identify(src) by extension 'ros'
[0.269s] Level 1:colcon.colcon_core.package_identification:_identify(src) by extensions ['cmake', 'python']
[0.269s] Level 1:colcon.colcon_core.package_identification:_identify(src) by extension 'cmake'
[0.270s] Level 1:colcon.colcon_core.package_identification:_identify(src) by extension 'python'
[0.270s] Level 1:colcon.colcon_core.package_identification:_identify(src) by extensions ['python_setup_py']
[0.270s] Level 1:colcon.colcon_core.package_identification:_identify(src) by extension 'python_setup_py'
[0.270s] Level 1:colcon.colcon_core.package_identification:_identify(src/dynamixel_hardware) by extensions ['ignore', 'ignore_ament_install']
[0.270s] Level 1:colcon.colcon_core.package_identification:_identify(src/dynamixel_hardware) by extension 'ignore'
[0.270s] Level 1:colcon.colcon_core.package_identification:_identify(src/dynamixel_hardware) by extension 'ignore_ament_install'
[0.270s] Level 1:colcon.colcon_core.package_identification:_identify(src/dynamixel_hardware) by extensions ['colcon_pkg']
[0.270s] Level 1:colcon.colcon_core.package_identification:_identify(src/dynamixel_hardware) by extension 'colcon_pkg'
[0.270s] Level 1:colcon.colcon_core.package_identification:_identify(src/dynamixel_hardware) by extensions ['colcon_meta']
[0.270s] Level 1:colcon.colcon_core.package_identification:_identify(src/dynamixel_hardware) by extension 'colcon_meta'
[0.270s] Level 1:colcon.colcon_core.package_identification:_identify(src/dynamixel_hardware) by extensions ['ros']
[0.270s] Level 1:colcon.colcon_core.package_identification:_identify(src/dynamixel_hardware) by extension 'ros'
[0.270s] Level 1:colcon.colcon_core.package_identification:_identify(src/dynamixel_hardware) by extensions ['cmake', 'python']
[0.270s] Level 1:colcon.colcon_core.package_identification:_identify(src/dynamixel_hardware) by extension 'cmake'
[0.270s] Level 1:colcon.colcon_core.package_identification:_identify(src/dynamixel_hardware) by extension 'python'
[0.270s] Level 1:colcon.colcon_core.package_identification:_identify(src/dynamixel_hardware) by extensions ['python_setup_py']
[0.270s] Level 1:colcon.colcon_core.package_identification:_identify(src/dynamixel_hardware) by extension 'python_setup_py'
[0.270s] Level 1:colcon.colcon_core.package_identification:_identify(src/dynamixel_hardware/dynamixel_hardware) by extensions ['ignore', 'ignore_ament_install']
[0.270s] Level 1:colcon.colcon_core.package_identification:_identify(src/dynamixel_hardware/dynamixel_hardware) by extension 'ignore'
[0.271s] Level 1:colcon.colcon_core.package_identification:_identify(src/dynamixel_hardware/dynamixel_hardware) by extension 'ignore_ament_install'
[0.271s] Level 1:colcon.colcon_core.package_identification:_identify(src/dynamixel_hardware/dynamixel_hardware) by extensions ['colcon_pkg']
[0.271s] Level 1:colcon.colcon_core.package_identification:_identify(src/dynamixel_hardware/dynamixel_hardware) by extension 'colcon_pkg'
[0.271s] Level 1:colcon.colcon_core.package_identification:_identify(src/dynamixel_hardware/dynamixel_hardware) by extensions ['colcon_meta']
[0.271s] Level 1:colcon.colcon_core.package_identification:_identify(src/dynamixel_hardware/dynamixel_hardware) by extension 'colcon_meta'
[0.271s] Level 1:colcon.colcon_core.package_identification:_identify(src/dynamixel_hardware/dynamixel_hardware) by extensions ['ros']
[0.271s] Level 1:colcon.colcon_core.package_identification:_identify(src/dynamixel_hardware/dynamixel_hardware) by extension 'ros'
[0.273s] DEBUG:colcon.colcon_core.package_identification:Package 'src/dynamixel_hardware/dynamixel_hardware' with type 'ros.ament_cmake' and name 'dynamixel_hardware'
[0.273s] Level 1:colcon.colcon_core.package_identification:_identify(src/gazebo_ros2_control) by extensions ['ignore', 'ignore_ament_install']
[0.273s] Level 1:colcon.colcon_core.package_identification:_identify(src/gazebo_ros2_control) by extension 'ignore'
[0.273s] Level 1:colcon.colcon_core.package_identification:_identify(src/gazebo_ros2_control) by extension 'ignore_ament_install'
[0.273s] Level 1:colcon.colcon_core.package_identification:_identify(src/gazebo_ros2_control) by extensions ['colcon_pkg']
[0.273s] Level 1:colcon.colcon_core.package_identification:_identify(src/gazebo_ros2_control) by extension 'colcon_pkg'
[0.274s] Level 1:colcon.colcon_core.package_identification:_identify(src/gazebo_ros2_control) by extensions ['colcon_meta']
[0.274s] Level 1:colcon.colcon_core.package_identification:_identify(src/gazebo_ros2_control) by extension 'colcon_meta'
[0.274s] Level 1:colcon.colcon_core.package_identification:_identify(src/gazebo_ros2_control) by extensions ['ros']
[0.274s] Level 1:colcon.colcon_core.package_identification:_identify(src/gazebo_ros2_control) by extension 'ros'
[0.275s] DEBUG:colcon.colcon_core.package_identification:Package 'src/gazebo_ros2_control' with type 'ros.ament_cmake' and name 'gazebo_ros2_control'
[0.275s] Level 1:colcon.colcon_core.package_identification:_identify(src/nick_bot) by extensions ['ignore', 'ignore_ament_install']
[0.275s] Level 1:colcon.colcon_core.package_identification:_identify(src/nick_bot) by extension 'ignore'
[0.275s] Level 1:colcon.colcon_core.package_identification:_identify(src/nick_bot) by extension 'ignore_ament_install'
[0.275s] Level 1:colcon.colcon_core.package_identification:_identify(src/nick_bot) by extensions ['colcon_pkg']
[0.275s] Level 1:colcon.colcon_core.package_identification:_identify(src/nick_bot) by extension 'colcon_pkg'
[0.275s] Level 1:colcon.colcon_core.package_identification:_identify(src/nick_bot) by extensions ['colcon_meta']
[0.275s] Level 1:colcon.colcon_core.package_identification:_identify(src/nick_bot) by extension 'colcon_meta'
[0.275s] Level 1:colcon.colcon_core.package_identification:_identify(src/nick_bot) by extensions ['ros']
[0.275s] Level 1:colcon.colcon_core.package_identification:_identify(src/nick_bot) by extension 'ros'
[0.276s] DEBUG:colcon.colcon_core.package_identification:Package 'src/nick_bot' with type 'ros.ament_cmake' and name 'nick_bot'
[0.276s] Level 1:colcon.colcon_core.package_identification:_identify(src/nick_bot_moveit_config) by extensions ['ignore', 'ignore_ament_install']
[0.276s] Level 1:colcon.colcon_core.package_identification:_identify(src/nick_bot_moveit_config) by extension 'ignore'
[0.276s] Level 1:colcon.colcon_core.package_identification:_identify(src/nick_bot_moveit_config) by extension 'ignore_ament_install'
[0.276s] Level 1:colcon.colcon_core.package_identification:_identify(src/nick_bot_moveit_config) by extensions ['colcon_pkg']
[0.276s] Level 1:colcon.colcon_core.package_identification:_identify(src/nick_bot_moveit_config) by extension 'colcon_pkg'
[0.276s] Level 1:colcon.colcon_core.package_identification:_identify(src/nick_bot_moveit_config) by extensions ['colcon_meta']
[0.276s] Level 1:colcon.colcon_core.package_identification:_identify(src/nick_bot_moveit_config) by extension 'colcon_meta'
[0.276s] Level 1:colcon.colcon_core.package_identification:_identify(src/nick_bot_moveit_config) by extensions ['ros']
[0.276s] Level 1:colcon.colcon_core.package_identification:_identify(src/nick_bot_moveit_config) by extension 'ros'
[0.277s] DEBUG:colcon.colcon_core.package_identification:Package 'src/nick_bot_moveit_config' with type 'ros.ament_cmake' and name 'nick_bot_moveit_config'
[0.277s] Level 1:colcon.colcon_core.package_identification:_identify(src/serial) by extensions ['ignore', 'ignore_ament_install']
[0.277s] Level 1:colcon.colcon_core.package_identification:_identify(src/serial) by extension 'ignore'
[0.277s] Level 1:colcon.colcon_core.package_identification:_identify(src/serial) by extension 'ignore_ament_install'
[0.277s] Level 1:colcon.colcon_core.package_identification:_identify(src/serial) by extensions ['colcon_pkg']
[0.277s] Level 1:colcon.colcon_core.package_identification:_identify(src/serial) by extension 'colcon_pkg'
[0.277s] Level 1:colcon.colcon_core.package_identification:_identify(src/serial) by extensions ['colcon_meta']
[0.277s] Level 1:colcon.colcon_core.package_identification:_identify(src/serial) by extension 'colcon_meta'
[0.277s] Level 1:colcon.colcon_core.package_identification:_identify(src/serial) by extensions ['ros']
[0.277s] Level 1:colcon.colcon_core.package_identification:_identify(src/serial) by extension 'ros'
[0.278s] DEBUG:colcon.colcon_core.package_identification:Package 'src/serial' with type 'ros.ament_cmake' and name 'serial'
[0.278s] Level 1:colcon.colcon_core.package_identification:_identify(src/stepper_interface) by extensions ['ignore', 'ignore_ament_install']
[0.278s] Level 1:colcon.colcon_core.package_identification:_identify(src/stepper_interface) by extension 'ignore'
[0.278s] Level 1:colcon.colcon_core.package_identification:_identify(src/stepper_interface) by extension 'ignore_ament_install'
[0.278s] Level 1:colcon.colcon_core.package_identification:_identify(src/stepper_interface) by extensions ['colcon_pkg']
[0.278s] Level 1:colcon.colcon_core.package_identification:_identify(src/stepper_interface) by extension 'colcon_pkg'
[0.278s] Level 1:colcon.colcon_core.package_identification:_identify(src/stepper_interface) by extensions ['colcon_meta']
[0.278s] Level 1:colcon.colcon_core.package_identification:_identify(src/stepper_interface) by extension 'colcon_meta'
[0.278s] Level 1:colcon.colcon_core.package_identification:_identify(src/stepper_interface) by extensions ['ros']
[0.278s] Level 1:colcon.colcon_core.package_identification:_identify(src/stepper_interface) by extension 'ros'
[0.279s] DEBUG:colcon.colcon_core.package_identification:Package 'src/stepper_interface' with type 'ros.ament_cmake' and name 'stepper_interface'
[0.279s] Level 1:colcon.colcon_core.package_discovery:discover_packages(recursive) using defaults
[0.279s] Level 1:colcon.colcon_core.package_discovery:discover_packages(ignore) discover
[0.279s] Level 1:colcon.colcon_core.package_discovery:discover_packages(ignore) using defaults
[0.279s] Level 1:colcon.colcon_core.package_discovery:discover_packages(path) discover
[0.279s] Level 1:colcon.colcon_core.package_discovery:discover_packages(path) using defaults
[0.299s] Level 1:colcon.colcon_core.package_discovery:discover_packages(prefix_path) check parameters
[0.299s] Level 1:colcon.colcon_core.package_discovery:discover_packages(prefix_path) discover
[0.301s] DEBUG:colcon.colcon_installed_package_information.package_discovery:Found 6 installed packages in /home/john/robo_ws/install
[0.303s] DEBUG:colcon.colcon_installed_package_information.package_discovery:Found 353 installed packages in /opt/ros/humble
[0.304s] Level 1:colcon.colcon_core.package_discovery:discover_packages(prefix_path) using defaults
[0.359s] Level 5:colcon.colcon_core.verb:set package 'dynamixel_hardware' build argument 'cmake_args' from command line to 'None'
[0.359s] Level 5:colcon.colcon_core.verb:set package 'dynamixel_hardware' build argument 'cmake_target' from command line to 'None'
[0.359s] Level 5:colcon.colcon_core.verb:set package 'dynamixel_hardware' build argument 'cmake_target_skip_unavailable' from command line to 'False'
[0.359s] Level 5:colcon.colcon_core.verb:set package 'dynamixel_hardware' build argument 'cmake_clean_cache' from command line to 'False'
[0.359s] Level 5:colcon.colcon_core.verb:set package 'dynamixel_hardware' build argument 'cmake_clean_first' from command line to 'False'
[0.359s] Level 5:colcon.colcon_core.verb:set package 'dynamixel_hardware' build argument 'cmake_force_configure' from command line to 'False'
[0.359s] Level 5:colcon.colcon_core.verb:set package 'dynamixel_hardware' build argument 'ament_cmake_args' from command line to 'None'
[0.359s] Level 5:colcon.colcon_core.verb:set package 'dynamixel_hardware' build argument 'catkin_cmake_args' from command line to 'None'
[0.359s] Level 5:colcon.colcon_core.verb:set package 'dynamixel_hardware' build argument 'catkin_skip_building_tests' from command line to 'False'
[0.359s] DEBUG:colcon.colcon_core.verb:Building package 'dynamixel_hardware' with the following arguments: {'ament_cmake_args': None, 'build_base': '/home/john/robo_ws/build/dynamixel_hardware', 'catkin_cmake_args': None, 'catkin_skip_building_tests': False, 'cmake_args': None, 'cmake_clean_cache': False, 'cmake_clean_first': False, 'cmake_force_configure': False, 'cmake_target': None, 'cmake_target_skip_unavailable': False, 'install_base': '/home/john/robo_ws/install/dynamixel_hardware', 'merge_install': False, 'path': '/home/john/robo_ws/src/dynamixel_hardware/dynamixel_hardware', 'symlink_install': True, 'test_result_base': None}
[0.360s] Level 5:colcon.colcon_core.verb:set package 'gazebo_ros2_control' build argument 'cmake_args' from command line to 'None'
[0.360s] Level 5:colcon.colcon_core.verb:set package 'gazebo_ros2_control' build argument 'cmake_target' from command line to 'None'
[0.360s] Level 5:colcon.colcon_core.verb:set package 'gazebo_ros2_control' build argument 'cmake_target_skip_unavailable' from command line to 'False'
[0.360s] Level 5:colcon.colcon_core.verb:set package 'gazebo_ros2_control' build argument 'cmake_clean_cache' from command line to 'False'
[0.360s] Level 5:colcon.colcon_core.verb:set package 'gazebo_ros2_control' build argument 'cmake_clean_first' from command line to 'False'
[0.360s] Level 5:colcon.colcon_core.verb:set package 'gazebo_ros2_control' build argument 'cmake_force_configure' from command line to 'False'
[0.360s] Level 5:colcon.colcon_core.verb:set package 'gazebo_ros2_control' build argument 'ament_cmake_args' from command line to 'None'
[0.360s] Level 5:colcon.colcon_core.verb:set package 'gazebo_ros2_control' build argument 'catkin_cmake_args' from command line to 'None'
[0.360s] Level 5:colcon.colcon_core.verb:set package 'gazebo_ros2_control' build argument 'catkin_skip_building_tests' from command line to 'False'
[0.360s] DEBUG:colcon.colcon_core.verb:Building package 'gazebo_ros2_control' with the following arguments: {'ament_cmake_args': None, 'build_base': '/home/john/robo_ws/build/gazebo_ros2_control', 'catkin_cmake_args': None, 'catkin_skip_building_tests': False, 'cmake_args': None, 'cmake_clean_cache': False, 'cmake_clean_first': False, 'cmake_force_configure': False, 'cmake_target': None, 'cmake_target_skip_unavailable': False, 'install_base': '/home/john/robo_ws/install/gazebo_ros2_control', 'merge_install': False, 'path': '/home/john/robo_ws/src/gazebo_ros2_control', 'symlink_install': True, 'test_result_base': None}
[0.361s] Level 5:colcon.colcon_core.verb:set package 'nick_bot' build argument 'cmake_args' from command line to 'None'
[0.361s] Level 5:colcon.colcon_core.verb:set package 'nick_bot' build argument 'cmake_target' from command line to 'None'
[0.361s] Level 5:colcon.colcon_core.verb:set package 'nick_bot' build argument 'cmake_target_skip_unavailable' from command line to 'False'
[0.361s] Level 5:colcon.colcon_core.verb:set package 'nick_bot' build argument 'cmake_clean_cache' from command line to 'False'
[0.361s] Level 5:colcon.colcon_core.verb:set package 'nick_bot' build argument 'cmake_clean_first' from command line to 'False'
[0.361s] Level 5:colcon.colcon_core.verb:set package 'nick_bot' build argument 'cmake_force_configure' from command line to 'False'
[0.361s] Level 5:colcon.colcon_core.verb:set package 'nick_bot' build argument 'ament_cmake_args' from command line to 'None'
[0.361s] Level 5:colcon.colcon_core.verb:set package 'nick_bot' build argument 'catkin_cmake_args' from command line to 'None'
[0.361s] Level 5:colcon.colcon_core.verb:set package 'nick_bot' build argument 'catkin_skip_building_tests' from command line to 'False'
[0.361s] DEBUG:colcon.colcon_core.verb:Building package 'nick_bot' with the following arguments: {'ament_cmake_args': None, 'build_base': '/home/john/robo_ws/build/nick_bot', 'catkin_cmake_args': None, 'catkin_skip_building_tests': False, 'cmake_args': None, 'cmake_clean_cache': False, 'cmake_clean_first': False, 'cmake_force_configure': False, 'cmake_target': None, 'cmake_target_skip_unavailable': False, 'install_base': '/home/john/robo_ws/install/nick_bot', 'merge_install': False, 'path': '/home/john/robo_ws/src/nick_bot', 'symlink_install': True, 'test_result_base': None}
[0.362s] Level 5:colcon.colcon_core.verb:set package 'serial' build argument 'cmake_args' from command line to 'None'
[0.362s] Level 5:colcon.colcon_core.verb:set package 'serial' build argument 'cmake_target' from command line to 'None'
[0.362s] Level 5:colcon.colcon_core.verb:set package 'serial' build argument 'cmake_target_skip_unavailable' from command line to 'False'
[0.362s] Level 5:colcon.colcon_core.verb:set package 'serial' build argument 'cmake_clean_cache' from command line to 'False'
[0.362s] Level 5:colcon.colcon_core.verb:set package 'serial' build argument 'cmake_clean_first' from command line to 'False'
[0.362s] Level 5:colcon.colcon_core.verb:set package 'serial' build argument 'cmake_force_configure' from command line to 'False'
[0.362s] Level 5:colcon.colcon_core.verb:set package 'serial' build argument 'ament_cmake_args' from command line to 'None'
[0.362s] Level 5:colcon.colcon_core.verb:set package 'serial' build argument 'catkin_cmake_args' from command line to 'None'
[0.362s] Level 5:colcon.colcon_core.verb:set package 'serial' build argument 'catkin_skip_building_tests' from command line to 'False'
[0.362s] DEBUG:colcon.colcon_core.verb:Building package 'serial' with the following arguments: {'ament_cmake_args': None, 'build_base': '/home/john/robo_ws/build/serial', 'catkin_cmake_args': None, 'catkin_skip_building_tests': False, 'cmake_args': None, 'cmake_clean_cache': False, 'cmake_clean_first': False, 'cmake_force_configure': False, 'cmake_target': None, 'cmake_target_skip_unavailable': False, 'install_base': '/home/john/robo_ws/install/serial', 'merge_install': False, 'path': '/home/john/robo_ws/src/serial', 'symlink_install': True, 'test_result_base': None}
[0.363s] Level 5:colcon.colcon_core.verb:set package 'nick_bot_moveit_config' build argument 'cmake_args' from command line to 'None'
[0.363s] Level 5:colcon.colcon_core.verb:set package 'nick_bot_moveit_config' build argument 'cmake_target' from command line to 'None'
[0.363s] Level 5:colcon.colcon_core.verb:set package 'nick_bot_moveit_config' build argument 'cmake_target_skip_unavailable' from command line to 'False'
[0.363s] Level 5:colcon.colcon_core.verb:set package 'nick_bot_moveit_config' build argument 'cmake_clean_cache' from command line to 'False'
[0.363s] Level 5:colcon.colcon_core.verb:set package 'nick_bot_moveit_config' build argument 'cmake_clean_first' from command line to 'False'
[0.363s] Level 5:colcon.colcon_core.verb:set package 'nick_bot_moveit_config' build argument 'cmake_force_configure' from command line to 'False'
[0.363s] Level 5:colcon.colcon_core.verb:set package 'nick_bot_moveit_config' build argument 'ament_cmake_args' from command line to 'None'
[0.363s] Level 5:colcon.colcon_core.verb:set package 'nick_bot_moveit_config' build argument 'catkin_cmake_args' from command line to 'None'
[0.363s] Level 5:colcon.colcon_core.verb:set package 'nick_bot_moveit_config' build argument 'catkin_skip_building_tests' from command line to 'False'
[0.363s] DEBUG:colcon.colcon_core.verb:Building package 'nick_bot_moveit_config' with the following arguments: {'ament_cmake_args': None, 'build_base': '/home/john/robo_ws/build/nick_bot_moveit_config', 'catkin_cmake_args': None, 'catkin_skip_building_tests': False, 'cmake_args': None, 'cmake_clean_cache': False, 'cmake_clean_first': False, 'cmake_force_configure': False, 'cmake_target': None, 'cmake_target_skip_unavailable': False, 'install_base': '/home/john/robo_ws/install/nick_bot_moveit_config', 'merge_install': False, 'path': '/home/john/robo_ws/src/nick_bot_moveit_config', 'symlink_install': True, 'test_result_base': None}
[0.364s] Level 5:colcon.colcon_core.verb:set package 'stepper_interface' build argument 'cmake_args' from command line to 'None'
[0.364s] Level 5:colcon.colcon_core.verb:set package 'stepper_interface' build argument 'cmake_target' from command line to 'None'
[0.364s] Level 5:colcon.colcon_core.verb:set package 'stepper_interface' build argument 'cmake_target_skip_unavailable' from command line to 'False'
[0.364s] Level 5:colcon.colcon_core.verb:set package 'stepper_interface' build argument 'cmake_clean_cache' from command line to 'False'
[0.364s] Level 5:colcon.colcon_core.verb:set package 'stepper_interface' build argument 'cmake_clean_first' from command line to 'False'
[0.364s] Level 5:colcon.colcon_core.verb:set package 'stepper_interface' build argument 'cmake_force_configure' from command line to 'False'
[0.364s] Level 5:colcon.colcon_core.verb:set package 'stepper_interface' build argument 'ament_cmake_args' from command line to 'None'
[0.364s] Level 5:colcon.colcon_core.verb:set package 'stepper_interface' build argument 'catkin_cmake_args' from command line to 'None'
[0.364s] Level 5:colcon.colcon_core.verb:set package 'stepper_interface' build argument 'catkin_skip_building_tests' from command line to 'False'
[0.364s] DEBUG:colcon.colcon_core.verb:Building package 'stepper_interface' with the following arguments: {'ament_cmake_args': None, 'build_base': '/home/john/robo_ws/build/stepper_interface', 'catkin_cmake_args': None, 'catkin_skip_building_tests': False, 'cmake_args': None, 'cmake_clean_cache': False, 'cmake_clean_first': False, 'cmake_force_configure': False, 'cmake_target': None, 'cmake_target_skip_unavailable': False, 'install_base': '/home/john/robo_ws/install/stepper_interface', 'merge_install': False, 'path': '/home/john/robo_ws/src/stepper_interface', 'symlink_install': True, 'test_result_base': None}
[0.365s] INFO:colcon.colcon_core.executor:Executing jobs using 'parallel' executor
[0.367s] DEBUG:colcon.colcon_parallel_executor.executor.parallel:run_until_complete
[0.368s] INFO:colcon.colcon_ros.task.ament_cmake.build:Building ROS package in '/home/john/robo_ws/src/nick_bot' with build type 'ament_cmake'
[0.368s] INFO:colcon.colcon_cmake.task.cmake.build:Building CMake package in '/home/john/robo_ws/src/nick_bot'
[0.371s] INFO:colcon.colcon_core.plugin_system:Skipping extension 'colcon_core.shell.bat': Not used on non-Windows systems
[0.371s] INFO:colcon.colcon_core.shell:Skip shell extension 'powershell' for command environment: Not usable outside of PowerShell
[0.371s] DEBUG:colcon.colcon_core.shell:Skip shell extension 'dsv' for command environment
[0.375s] INFO:colcon.colcon_ros.task.ament_cmake.build:Building ROS package in '/home/john/robo_ws/src/serial' with build type 'ament_cmake'
[0.375s] INFO:colcon.colcon_cmake.task.cmake.build:Building CMake package in '/home/john/robo_ws/src/serial'
[0.376s] INFO:colcon.colcon_core.shell:Skip shell extension 'powershell' for command environment: Not usable outside of PowerShell
[0.376s] DEBUG:colcon.colcon_core.shell:Skip shell extension 'dsv' for command environment
[0.380s] INFO:colcon.colcon_ros.task.ament_cmake.build:Building ROS package in '/home/john/robo_ws/src/dynamixel_hardware/dynamixel_hardware' with build type 'ament_cmake'
[0.380s] INFO:colcon.colcon_cmake.task.cmake.build:Building CMake package in '/home/john/robo_ws/src/dynamixel_hardware/dynamixel_hardware'
[0.381s] INFO:colcon.colcon_core.shell:Skip shell extension 'powershell' for command environment: Not usable outside of PowerShell
[0.381s] DEBUG:colcon.colcon_core.shell:Skip shell extension 'dsv' for command environment
[0.385s] INFO:colcon.colcon_ros.task.ament_cmake.build:Building ROS package in '/home/john/robo_ws/src/gazebo_ros2_control' with build type 'ament_cmake'
[0.386s] INFO:colcon.colcon_cmake.task.cmake.build:Building CMake package in '/home/john/robo_ws/src/gazebo_ros2_control'
[0.387s] INFO:colcon.colcon_core.shell:Skip shell extension 'powershell' for command environment: Not usable outside of PowerShell
[0.387s] DEBUG:colcon.colcon_core.shell:Skip shell extension 'dsv' for command environment
[0.395s] DEBUG:colcon.colcon_core.event_handler.log_command:Invoking command in '/home/john/robo_ws/build/nick_bot': CMAKE_PREFIX_PATH=/home/john/robo_ws/install/stepper_interface:/opt/ros/humble:/home/john/robo_ws/install/serial:/home/john/robo_ws/install/nick_bot_moveit_config:/home/john/robo_ws/install/nick_bot:/home/john/robo_ws/install/gazebo_ros2_control:/home/john/robo_ws/install/dynamixel_hardware /usr/bin/cmake --build /home/john/robo_ws/build/nick_bot -- -j6 -l6
[0.397s] DEBUG:colcon.colcon_core.event_handler.log_command:Invoking command in '/home/john/robo_ws/build/serial': CMAKE_PREFIX_PATH=/home/john/robo_ws/install/stepper_interface:/opt/ros/humble:/home/john/robo_ws/install/serial:/home/john/robo_ws/install/nick_bot_moveit_config:/home/john/robo_ws/install/nick_bot:/home/john/robo_ws/install/gazebo_ros2_control:/home/john/robo_ws/install/dynamixel_hardware /usr/bin/cmake --build /home/john/robo_ws/build/serial -- -j6 -l6
[0.400s] DEBUG:colcon.colcon_core.event_handler.log_command:Invoking command in '/home/john/robo_ws/build/dynamixel_hardware': CMAKE_PREFIX_PATH=/home/john/robo_ws/install/stepper_interface:/opt/ros/humble:/home/john/robo_ws/install/serial:/home/john/robo_ws/install/nick_bot_moveit_config:/home/john/robo_ws/install/nick_bot:/home/john/robo_ws/install/gazebo_ros2_control:/home/john/robo_ws/install/dynamixel_hardware /usr/bin/cmake --build /home/john/robo_ws/build/dynamixel_hardware -- -j6 -l6
[0.405s] DEBUG:colcon.colcon_core.event_handler.log_command:Invoking command in '/home/john/robo_ws/build/gazebo_ros2_control': CMAKE_PREFIX_PATH=/home/john/robo_ws/install/stepper_interface:/opt/ros/humble:/home/john/robo_ws/install/serial:/home/john/robo_ws/install/nick_bot_moveit_config:/home/john/robo_ws/install/nick_bot:/home/john/robo_ws/install/gazebo_ros2_control:/home/john/robo_ws/install/dynamixel_hardware /usr/bin/cmake --build /home/john/robo_ws/build/gazebo_ros2_control -- -j6 -l6
[0.433s] DEBUG:colcon.colcon_core.event_handler.log_command:Invoked command in '/home/john/robo_ws/build/nick_bot' returned '0': CMAKE_PREFIX_PATH=/home/john/robo_ws/install/stepper_interface:/opt/ros/humble:/home/john/robo_ws/install/serial:/home/john/robo_ws/install/nick_bot_moveit_config:/home/john/robo_ws/install/nick_bot:/home/john/robo_ws/install/gazebo_ros2_control:/home/john/robo_ws/install/dynamixel_hardware /usr/bin/cmake --build /home/john/robo_ws/build/nick_bot -- -j6 -l6
[0.449s] DEBUG:colcon.colcon_core.event_handler.log_command:Invoked command in '/home/john/robo_ws/build/serial' returned '0': CMAKE_PREFIX_PATH=/home/john/robo_ws/install/stepper_interface:/opt/ros/humble:/home/john/robo_ws/install/serial:/home/john/robo_ws/install/nick_bot_moveit_config:/home/john/robo_ws/install/nick_bot:/home/john/robo_ws/install/gazebo_ros2_control:/home/john/robo_ws/install/dynamixel_hardware /usr/bin/cmake --build /home/john/robo_ws/build/serial -- -j6 -l6
[0.461s] DEBUG:colcon.colcon_core.event_handler.log_command:Invoking command in '/home/john/robo_ws/build/nick_bot': CMAKE_PREFIX_PATH=/home/john/robo_ws/install/stepper_interface:/opt/ros/humble:/home/john/robo_ws/install/serial:/home/john/robo_ws/install/nick_bot_moveit_config:/home/john/robo_ws/install/nick_bot:/home/john/robo_ws/install/gazebo_ros2_control:/home/john/robo_ws/install/dynamixel_hardware /usr/bin/cmake --install /home/john/robo_ws/build/nick_bot
[0.462s] DEBUG:colcon.colcon_core.event_handler.log_command:Invoked command in '/home/john/robo_ws/build/dynamixel_hardware' returned '0': CMAKE_PREFIX_PATH=/home/john/robo_ws/install/stepper_interface:/opt/ros/humble:/home/john/robo_ws/install/serial:/home/john/robo_ws/install/nick_bot_moveit_config:/home/john/robo_ws/install/nick_bot:/home/john/robo_ws/install/gazebo_ros2_control:/home/john/robo_ws/install/dynamixel_hardware /usr/bin/cmake --build /home/john/robo_ws/build/dynamixel_hardware -- -j6 -l6
[0.477s] DEBUG:colcon.colcon_core.event_handler.log_command:Invoked command in '/home/john/robo_ws/build/gazebo_ros2_control' returned '0': CMAKE_PREFIX_PATH=/home/john/robo_ws/install/stepper_interface:/opt/ros/humble:/home/john/robo_ws/install/serial:/home/john/robo_ws/install/nick_bot_moveit_config:/home/john/robo_ws/install/nick_bot:/home/john/robo_ws/install/gazebo_ros2_control:/home/john/robo_ws/install/dynamixel_hardware /usr/bin/cmake --build /home/john/robo_ws/build/gazebo_ros2_control -- -j6 -l6
[0.484s] DEBUG:colcon.colcon_core.event_handler.log_command:Invoking command in '/home/john/robo_ws/build/serial': CMAKE_PREFIX_PATH=/home/john/robo_ws/install/stepper_interface:/opt/ros/humble:/home/john/robo_ws/install/serial:/home/john/robo_ws/install/nick_bot_moveit_config:/home/john/robo_ws/install/nick_bot:/home/john/robo_ws/install/gazebo_ros2_control:/home/john/robo_ws/install/dynamixel_hardware /usr/bin/cmake --install /home/john/robo_ws/build/serial
[0.485s] Level 1:colcon.colcon_core.environment:create_environment_scripts_only(nick_bot)
[0.486s] DEBUG:colcon.colcon_core.event_handler.log_command:Invoking command in '/home/john/robo_ws/build/dynamixel_hardware': CMAKE_PREFIX_PATH=/home/john/robo_ws/install/stepper_interface:/opt/ros/humble:/home/john/robo_ws/install/serial:/home/john/robo_ws/install/nick_bot_moveit_config:/home/john/robo_ws/install/nick_bot:/home/john/robo_ws/install/gazebo_ros2_control:/home/john/robo_ws/install/dynamixel_hardware /usr/bin/cmake --install /home/john/robo_ws/build/dynamixel_hardware
[0.486s] DEBUG:colcon.colcon_core.event_handler.log_command:Invoked command in '/home/john/robo_ws/build/nick_bot' returned '0': CMAKE_PREFIX_PATH=/home/john/robo_ws/install/stepper_interface:/opt/ros/humble:/home/john/robo_ws/install/serial:/home/john/robo_ws/install/nick_bot_moveit_config:/home/john/robo_ws/install/nick_bot:/home/john/robo_ws/install/gazebo_ros2_control:/home/john/robo_ws/install/dynamixel_hardware /usr/bin/cmake --install /home/john/robo_ws/build/nick_bot
[0.492s] Level 1:colcon.colcon_core.environment:checking '/home/john/robo_ws/install/nick_bot' for CMake module files
[0.493s] Level 1:colcon.colcon_core.environment:checking '/home/john/robo_ws/install/nick_bot' for CMake config files
[0.494s] Level 1:colcon.colcon_core.shell:create_environment_hook('nick_bot', 'cmake_prefix_path')
[0.495s] INFO:colcon.colcon_core.shell:Creating environment hook '/home/john/robo_ws/install/nick_bot/share/nick_bot/hook/cmake_prefix_path.ps1'
[0.497s] INFO:colcon.colcon_core.shell:Creating environment descriptor '/home/john/robo_ws/install/nick_bot/share/nick_bot/hook/cmake_prefix_path.dsv'
[0.497s] INFO:colcon.colcon_core.shell:Creating environment hook '/home/john/robo_ws/install/nick_bot/share/nick_bot/hook/cmake_prefix_path.sh'
[0.498s] Level 1:colcon.colcon_core.environment:checking '/home/john/robo_ws/install/nick_bot/bin'
[0.498s] Level 1:colcon.colcon_core.environment:checking '/home/john/robo_ws/install/nick_bot/lib/pkgconfig/nick_bot.pc'
[0.498s] Level 1:colcon.colcon_core.environment:checking '/home/john/robo_ws/install/nick_bot/lib/python3.10/site-packages'
[0.498s] Level 1:colcon.colcon_core.environment:checking '/home/john/robo_ws/install/nick_bot/bin'
[0.500s] INFO:colcon.colcon_core.shell:Creating package script '/home/john/robo_ws/install/nick_bot/share/nick_bot/package.ps1'
[0.501s] INFO:colcon.colcon_core.shell:Creating package descriptor '/home/john/robo_ws/install/nick_bot/share/nick_bot/package.dsv'
[0.502s] INFO:colcon.colcon_core.shell:Creating package script '/home/john/robo_ws/install/nick_bot/share/nick_bot/package.sh'
[0.503s] INFO:colcon.colcon_core.shell:Creating package script '/home/john/robo_ws/install/nick_bot/share/nick_bot/package.bash'
[0.504s] INFO:colcon.colcon_core.shell:Creating package script '/home/john/robo_ws/install/nick_bot/share/nick_bot/package.zsh'
[0.504s] Level 1:colcon.colcon_core.environment:create_file_with_runtime_dependencies(/home/john/robo_ws/install/nick_bot/share/colcon-core/packages/nick_bot)
[0.506s] Level 1:colcon.colcon_core.environment:create_environment_scripts_only(dynamixel_hardware)
[0.507s] Level 1:colcon.colcon_core.environment:checking '/home/john/robo_ws/install/dynamixel_hardware' for CMake module files
[0.508s] DEBUG:colcon.colcon_core.event_handler.log_command:Invoked command in '/home/john/robo_ws/build/dynamixel_hardware' returned '0': CMAKE_PREFIX_PATH=/home/john/robo_ws/install/stepper_interface:/opt/ros/humble:/home/john/robo_ws/install/serial:/home/john/robo_ws/install/nick_bot_moveit_config:/home/john/robo_ws/install/nick_bot:/home/john/robo_ws/install/gazebo_ros2_control:/home/john/robo_ws/install/dynamixel_hardware /usr/bin/cmake --install /home/john/robo_ws/build/dynamixel_hardware
[0.508s] Level 1:colcon.colcon_core.environment:checking '/home/john/robo_ws/install/dynamixel_hardware' for CMake config files
[0.508s] Level 1:colcon.colcon_core.shell:create_environment_hook('dynamixel_hardware', 'cmake_prefix_path')
[0.509s] INFO:colcon.colcon_core.shell:Creating environment hook '/home/john/robo_ws/install/dynamixel_hardware/share/dynamixel_hardware/hook/cmake_prefix_path.ps1'
[0.509s] INFO:colcon.colcon_core.shell:Creating environment descriptor '/home/john/robo_ws/install/dynamixel_hardware/share/dynamixel_hardware/hook/cmake_prefix_path.dsv'
[0.510s] INFO:colcon.colcon_core.shell:Creating environment hook '/home/john/robo_ws/install/dynamixel_hardware/share/dynamixel_hardware/hook/cmake_prefix_path.sh'
[0.510s] Level 1:colcon.colcon_core.environment:checking '/home/john/robo_ws/install/dynamixel_hardware/lib'
[0.510s] Level 1:colcon.colcon_core.shell:create_environment_hook('dynamixel_hardware', 'ld_library_path_lib')
[0.511s] INFO:colcon.colcon_core.shell:Creating environment hook '/home/john/robo_ws/install/dynamixel_hardware/share/dynamixel_hardware/hook/ld_library_path_lib.ps1'
[0.512s] INFO:colcon.colcon_core.shell:Creating environment descriptor '/home/john/robo_ws/install/dynamixel_hardware/share/dynamixel_hardware/hook/ld_library_path_lib.dsv'
[0.512s] INFO:colcon.colcon_core.shell:Creating environment hook '/home/john/robo_ws/install/dynamixel_hardware/share/dynamixel_hardware/hook/ld_library_path_lib.sh'
[0.512s] Level 1:colcon.colcon_core.environment:checking '/home/john/robo_ws/install/dynamixel_hardware/bin'
[0.512s] Level 1:colcon.colcon_core.environment:checking '/home/john/robo_ws/install/dynamixel_hardware/lib/pkgconfig/dynamixel_hardware.pc'
[0.512s] Level 1:colcon.colcon_core.environment:checking '/home/john/robo_ws/install/dynamixel_hardware/lib/python3.10/site-packages'
[0.513s] Level 1:colcon.colcon_core.environment:checking '/home/john/robo_ws/install/dynamixel_hardware/bin'
[0.514s] INFO:colcon.colcon_core.shell:Creating package script '/home/john/robo_ws/install/dynamixel_hardware/share/dynamixel_hardware/package.ps1'
[0.514s] INFO:colcon.colcon_core.shell:Creating package descriptor '/home/john/robo_ws/install/dynamixel_hardware/share/dynamixel_hardware/package.dsv'
[0.515s] INFO:colcon.colcon_core.shell:Creating package script '/home/john/robo_ws/install/dynamixel_hardware/share/dynamixel_hardware/package.sh'
[0.515s] INFO:colcon.colcon_core.shell:Creating package script '/home/john/robo_ws/install/dynamixel_hardware/share/dynamixel_hardware/package.bash'
[0.515s] INFO:colcon.colcon_core.shell:Creating package script '/home/john/robo_ws/install/dynamixel_hardware/share/dynamixel_hardware/package.zsh'
[0.515s] Level 1:colcon.colcon_core.environment:create_file_with_runtime_dependencies(/home/john/robo_ws/install/dynamixel_hardware/share/colcon-core/packages/dynamixel_hardware)
[0.516s] Level 1:colcon.colcon_core.environment:create_environment_scripts_only(serial)
[0.518s] Level 1:colcon.colcon_core.environment:checking '/home/john/robo_ws/install/serial' for CMake module files
[0.518s] DEBUG:colcon.colcon_core.event_handler.log_command:Invoked command in '/home/john/robo_ws/build/serial' returned '0': CMAKE_PREFIX_PATH=/home/john/robo_ws/install/stepper_interface:/opt/ros/humble:/home/john/robo_ws/install/serial:/home/john/robo_ws/install/nick_bot_moveit_config:/home/john/robo_ws/install/nick_bot:/home/john/robo_ws/install/gazebo_ros2_control:/home/john/robo_ws/install/dynamixel_hardware /usr/bin/cmake --install /home/john/robo_ws/build/serial
[0.519s] Level 1:colcon.colcon_core.environment:checking '/home/john/robo_ws/install/serial' for CMake config files
[0.519s] Level 1:colcon.colcon_core.shell:create_environment_hook('serial', 'cmake_prefix_path')
[0.520s] INFO:colcon.colcon_core.shell:Creating environment hook '/home/john/robo_ws/install/serial/share/serial/hook/cmake_prefix_path.ps1'
[0.520s] INFO:colcon.colcon_core.shell:Creating environment descriptor '/home/john/robo_ws/install/serial/share/serial/hook/cmake_prefix_path.dsv'
[0.521s] INFO:colcon.colcon_core.shell:Creating environment hook '/home/john/robo_ws/install/serial/share/serial/hook/cmake_prefix_path.sh'
[0.521s] Level 1:colcon.colcon_core.environment:checking '/home/john/robo_ws/install/serial/lib'
[0.521s] Level 1:colcon.colcon_core.shell:create_environment_hook('serial', 'ld_library_path_lib')
[0.522s] INFO:colcon.colcon_core.shell:Creating environment hook '/home/john/robo_ws/install/serial/share/serial/hook/ld_library_path_lib.ps1'
[0.523s] INFO:colcon.colcon_core.shell:Creating environment descriptor '/home/john/robo_ws/install/serial/share/serial/hook/ld_library_path_lib.dsv'
[0.523s] INFO:colcon.colcon_core.shell:Creating environment hook '/home/john/robo_ws/install/serial/share/serial/hook/ld_library_path_lib.sh'
[0.523s] Level 1:colcon.colcon_core.environment:checking '/home/john/robo_ws/install/serial/bin'
[0.523s] Level 1:colcon.colcon_core.environment:checking '/home/john/robo_ws/install/serial/lib/pkgconfig/serial.pc'
[0.523s] Level 1:colcon.colcon_core.environment:checking '/home/john/robo_ws/install/serial/lib/python3.10/site-packages'
[0.524s] Level 1:colcon.colcon_core.environment:checking '/home/john/robo_ws/install/serial/bin'
[0.525s] INFO:colcon.colcon_core.shell:Creating package script '/home/john/robo_ws/install/serial/share/serial/package.ps1'
[0.525s] INFO:colcon.colcon_core.shell:Creating package descriptor '/home/john/robo_ws/install/serial/share/serial/package.dsv'
[0.526s] INFO:colcon.colcon_core.shell:Creating package script '/home/john/robo_ws/install/serial/share/serial/package.sh'
[0.526s] INFO:colcon.colcon_core.shell:Creating package script '/home/john/robo_ws/install/serial/share/serial/package.bash'
[0.526s] INFO:colcon.colcon_core.shell:Creating package script '/home/john/robo_ws/install/serial/share/serial/package.zsh'
[0.526s] Level 1:colcon.colcon_core.environment:create_file_with_runtime_dependencies(/home/john/robo_ws/install/serial/share/colcon-core/packages/serial)
[0.529s] DEBUG:colcon.colcon_core.event_handler.log_command:Invoking command in '/home/john/robo_ws/build/gazebo_ros2_control': CMAKE_PREFIX_PATH=/home/john/robo_ws/install/stepper_interface:/opt/ros/humble:/home/john/robo_ws/install/serial:/home/john/robo_ws/install/nick_bot_moveit_config:/home/john/robo_ws/install/nick_bot:/home/john/robo_ws/install/gazebo_ros2_control:/home/john/robo_ws/install/dynamixel_hardware /usr/bin/cmake --install /home/john/robo_ws/build/gazebo_ros2_control
[0.530s] Level 1:colcon.colcon_core.environment:create_environment_scripts_only(nick_bot)
[0.531s] Level 1:colcon.colcon_core.environment:checking '/home/john/robo_ws/install/nick_bot' for CMake module files
[0.532s] Level 1:colcon.colcon_core.environment:checking '/home/john/robo_ws/install/nick_bot' for CMake config files
[0.532s] Level 1:colcon.colcon_core.shell:create_environment_hook('nick_bot', 'cmake_prefix_path')
[0.533s] INFO:colcon.colcon_core.shell:Creating environment hook '/home/john/robo_ws/install/nick_bot/share/nick_bot/hook/cmake_prefix_path.ps1'
[0.533s] INFO:colcon.colcon_core.shell:Creating environment descriptor '/home/john/robo_ws/install/nick_bot/share/nick_bot/hook/cmake_prefix_path.dsv'
[0.534s] INFO:colcon.colcon_core.shell:Creating environment hook '/home/john/robo_ws/install/nick_bot/share/nick_bot/hook/cmake_prefix_path.sh'
[0.534s] Level 1:colcon.colcon_core.environment:checking '/home/john/robo_ws/install/nick_bot/bin'
[0.534s] Level 1:colcon.colcon_core.environment:checking '/home/john/robo_ws/install/nick_bot/lib/pkgconfig/nick_bot.pc'
[0.534s] Level 1:colcon.colcon_core.environment:checking '/home/john/robo_ws/install/nick_bot/lib/python3.10/site-packages'
[0.535s] Level 1:colcon.colcon_core.environment:checking '/home/john/robo_ws/install/nick_bot/bin'
[0.536s] INFO:colcon.colcon_core.shell:Creating package script '/home/john/robo_ws/install/nick_bot/share/nick_bot/package.ps1'
[0.536s] INFO:colcon.colcon_core.shell:Creating package descriptor '/home/john/robo_ws/install/nick_bot/share/nick_bot/package.dsv'
[0.537s] INFO:colcon.colcon_core.shell:Creating package script '/home/john/robo_ws/install/nick_bot/share/nick_bot/package.sh'
[0.537s] INFO:colcon.colcon_core.shell:Creating package script '/home/john/robo_ws/install/nick_bot/share/nick_bot/package.bash'
[0.537s] INFO:colcon.colcon_core.shell:Creating package script '/home/john/robo_ws/install/nick_bot/share/nick_bot/package.zsh'
[0.538s] Level 1:colcon.colcon_core.environment:create_file_with_runtime_dependencies(/home/john/robo_ws/install/nick_bot/share/colcon-core/packages/nick_bot)
[0.538s] INFO:colcon.colcon_ros.task.ament_cmake.build:Building ROS package in '/home/john/robo_ws/src/nick_bot_moveit_config' with build type 'ament_cmake'
[0.539s] INFO:colcon.colcon_cmake.task.cmake.build:Building CMake package in '/home/john/robo_ws/src/nick_bot_moveit_config'
[0.540s] INFO:colcon.colcon_core.shell:Skip shell extension 'powershell' for command environment: Not usable outside of PowerShell
[0.540s] DEBUG:colcon.colcon_core.shell:Skip shell extension 'dsv' for command environment
[0.548s] Level 1:colcon.colcon_core.environment:create_environment_scripts_only(dynamixel_hardware)
[0.549s] Level 1:colcon.colcon_core.environment:checking '/home/john/robo_ws/install/dynamixel_hardware' for CMake module files
[0.550s] Level 1:colcon.colcon_core.environment:checking '/home/john/robo_ws/install/dynamixel_hardware' for CMake config files
[0.550s] Level 1:colcon.colcon_core.shell:create_environment_hook('dynamixel_hardware', 'cmake_prefix_path')
[0.551s] INFO:colcon.colcon_core.shell:Creating environment hook '/home/john/robo_ws/install/dynamixel_hardware/share/dynamixel_hardware/hook/cmake_prefix_path.ps1'
[0.552s] INFO:colcon.colcon_core.shell:Creating environment descriptor '/home/john/robo_ws/install/dynamixel_hardware/share/dynamixel_hardware/hook/cmake_prefix_path.dsv'
[0.552s] INFO:colcon.colcon_core.shell:Creating environment hook '/home/john/robo_ws/install/dynamixel_hardware/share/dynamixel_hardware/hook/cmake_prefix_path.sh'
[0.553s] Level 1:colcon.colcon_core.environment:checking '/home/john/robo_ws/install/dynamixel_hardware/lib'
[0.553s] Level 1:colcon.colcon_core.shell:create_environment_hook('dynamixel_hardware', 'ld_library_path_lib')
[0.554s] INFO:colcon.colcon_core.shell:Creating environment hook '/home/john/robo_ws/install/dynamixel_hardware/share/dynamixel_hardware/hook/ld_library_path_lib.ps1'
[0.554s] INFO:colcon.colcon_core.shell:Creating environment descriptor '/home/john/robo_ws/install/dynamixel_hardware/share/dynamixel_hardware/hook/ld_library_path_lib.dsv'
[0.554s] INFO:colcon.colcon_core.shell:Creating environment hook '/home/john/robo_ws/install/dynamixel_hardware/share/dynamixel_hardware/hook/ld_library_path_lib.sh'
[0.554s] Level 1:colcon.colcon_core.environment:checking '/home/john/robo_ws/install/dynamixel_hardware/bin'
[0.554s] Level 1:colcon.colcon_core.environment:checking '/home/john/robo_ws/install/dynamixel_hardware/lib/pkgconfig/dynamixel_hardware.pc'
[0.555s] Level 1:colcon.colcon_core.environment:checking '/home/john/robo_ws/install/dynamixel_hardware/lib/python3.10/site-packages'
[0.555s] Level 1:colcon.colcon_core.environment:checking '/home/john/robo_ws/install/dynamixel_hardware/bin'
[0.556s] INFO:colcon.colcon_core.shell:Creating package script '/home/john/robo_ws/install/dynamixel_hardware/share/dynamixel_hardware/package.ps1'
[0.556s] INFO:colcon.colcon_core.shell:Creating package descriptor '/home/john/robo_ws/install/dynamixel_hardware/share/dynamixel_hardware/package.dsv'
[0.557s] INFO:colcon.colcon_core.shell:Creating package script '/home/john/robo_ws/install/dynamixel_hardware/share/dynamixel_hardware/package.sh'
[0.557s] INFO:colcon.colcon_core.shell:Creating package script '/home/john/robo_ws/install/dynamixel_hardware/share/dynamixel_hardware/package.bash'
[0.557s] INFO:colcon.colcon_core.shell:Creating package script '/home/john/robo_ws/install/dynamixel_hardware/share/dynamixel_hardware/package.zsh'
[0.558s] Level 1:colcon.colcon_core.environment:create_file_with_runtime_dependencies(/home/john/robo_ws/install/dynamixel_hardware/share/colcon-core/packages/dynamixel_hardware)
[0.559s] Level 1:colcon.colcon_core.environment:create_environment_scripts_only(serial)
[0.561s] Level 1:colcon.colcon_core.environment:checking '/home/john/robo_ws/install/serial' for CMake module files
[0.562s] Level 1:colcon.colcon_core.environment:checking '/home/john/robo_ws/install/serial' for CMake config files
[0.562s] Level 1:colcon.colcon_core.shell:create_environment_hook('serial', 'cmake_prefix_path')
[0.563s] INFO:colcon.colcon_core.shell:Creating environment hook '/home/john/robo_ws/install/serial/share/serial/hook/cmake_prefix_path.ps1'
[0.563s] INFO:colcon.colcon_core.shell:Creating environment descriptor '/home/john/robo_ws/install/serial/share/serial/hook/cmake_prefix_path.dsv'
[0.563s] INFO:colcon.colcon_core.shell:Creating environment hook '/home/john/robo_ws/install/serial/share/serial/hook/cmake_prefix_path.sh'
[0.564s] Level 1:colcon.colcon_core.environment:checking '/home/john/robo_ws/install/serial/lib'
[0.564s] Level 1:colcon.colcon_core.shell:create_environment_hook('serial', 'ld_library_path_lib')
[0.565s] INFO:colcon.colcon_core.shell:Creating environment hook '/home/john/robo_ws/install/serial/share/serial/hook/ld_library_path_lib.ps1'
[0.565s] INFO:colcon.colcon_core.shell:Creating environment descriptor '/home/john/robo_ws/install/serial/share/serial/hook/ld_library_path_lib.dsv'
[0.565s] INFO:colcon.colcon_core.shell:Creating environment hook '/home/john/robo_ws/install/serial/share/serial/hook/ld_library_path_lib.sh'
[0.566s] Level 1:colcon.colcon_core.environment:checking '/home/john/robo_ws/install/serial/bin'
[0.566s] Level 1:colcon.colcon_core.environment:checking '/home/john/robo_ws/install/serial/lib/pkgconfig/serial.pc'
[0.566s] Level 1:colcon.colcon_core.environment:checking '/home/john/robo_ws/install/serial/lib/python3.10/site-packages'
[0.566s] Level 1:colcon.colcon_core.environment:checking '/home/john/robo_ws/install/serial/bin'
[0.567s] INFO:colcon.colcon_core.shell:Creating package script '/home/john/robo_ws/install/serial/share/serial/package.ps1'
[0.568s] INFO:colcon.colcon_core.shell:Creating package descriptor '/home/john/robo_ws/install/serial/share/serial/package.dsv'
[0.568s] INFO:colcon.colcon_core.shell:Creating package script '/home/john/robo_ws/install/serial/share/serial/package.sh'
[0.569s] INFO:colcon.colcon_core.shell:Creating package script '/home/john/robo_ws/install/serial/share/serial/package.bash'
[0.569s] INFO:colcon.colcon_core.shell:Creating package script '/home/john/robo_ws/install/serial/share/serial/package.zsh'
[0.569s] Level 1:colcon.colcon_core.environment:create_file_with_runtime_dependencies(/home/john/robo_ws/install/serial/share/colcon-core/packages/serial)
[0.572s] INFO:colcon.colcon_ros.task.ament_cmake.build:Building ROS package in '/home/john/robo_ws/src/stepper_interface' with build type 'ament_cmake'
[0.572s] INFO:colcon.colcon_cmake.task.cmake.build:Building CMake package in '/home/john/robo_ws/src/stepper_interface'
[0.573s] INFO:colcon.colcon_core.shell:Skip shell extension 'powershell' for command environment: Not usable outside of PowerShell
[0.573s] DEBUG:colcon.colcon_core.shell:Skip shell extension 'dsv' for command environment
[0.574s] DEBUG:colcon.colcon_core.event_handler.log_command:Invoking command in '/home/john/robo_ws/build/nick_bot_moveit_config': CMAKE_PREFIX_PATH=/home/john/robo_ws/install/nick_bot:/home/john/robo_ws/install/stepper_interface:/opt/ros/humble:/home/john/robo_ws/install/serial:/home/john/robo_ws/install/nick_bot_moveit_config:/home/john/robo_ws/install/gazebo_ros2_control:/home/john/robo_ws/install/dynamixel_hardware /usr/bin/cmake --build /home/john/robo_ws/build/nick_bot_moveit_config -- -j6 -l6
[0.578s] Level 1:colcon.colcon_core.environment:create_environment_scripts_only(gazebo_ros2_control)
[0.579s] Level 1:colcon.colcon_core.environment:checking '/home/john/robo_ws/install/gazebo_ros2_control' for CMake module files
[0.580s] DEBUG:colcon.colcon_core.event_handler.log_command:Invoked command in '/home/john/robo_ws/build/gazebo_ros2_control' returned '0': CMAKE_PREFIX_PATH=/home/john/robo_ws/install/stepper_interface:/opt/ros/humble:/home/john/robo_ws/install/serial:/home/john/robo_ws/install/nick_bot_moveit_config:/home/john/robo_ws/install/nick_bot:/home/john/robo_ws/install/gazebo_ros2_control:/home/john/robo_ws/install/dynamixel_hardware /usr/bin/cmake --install /home/john/robo_ws/build/gazebo_ros2_control
[0.580s] Level 1:colcon.colcon_core.environment:checking '/home/john/robo_ws/install/gazebo_ros2_control' for CMake config files
[0.580s] Level 1:colcon.colcon_core.shell:create_environment_hook('gazebo_ros2_control', 'cmake_prefix_path')
[0.581s] INFO:colcon.colcon_core.shell:Creating environment hook '/home/john/robo_ws/install/gazebo_ros2_control/share/gazebo_ros2_control/hook/cmake_prefix_path.ps1'
[0.582s] INFO:colcon.colcon_core.shell:Creating environment descriptor '/home/john/robo_ws/install/gazebo_ros2_control/share/gazebo_ros2_control/hook/cmake_prefix_path.dsv'
[0.582s] INFO:colcon.colcon_core.shell:Creating environment hook '/home/john/robo_ws/install/gazebo_ros2_control/share/gazebo_ros2_control/hook/cmake_prefix_path.sh'
[0.583s] Level 1:colcon.colcon_core.environment:checking '/home/john/robo_ws/install/gazebo_ros2_control/lib'
[0.583s] Level 1:colcon.colcon_core.shell:create_environment_hook('gazebo_ros2_control', 'ld_library_path_lib')
[0.584s] INFO:colcon.colcon_core.shell:Creating environment hook '/home/john/robo_ws/install/gazebo_ros2_control/share/gazebo_ros2_control/hook/ld_library_path_lib.ps1'
[0.584s] INFO:colcon.colcon_core.shell:Creating environment descriptor '/home/john/robo_ws/install/gazebo_ros2_control/share/gazebo_ros2_control/hook/ld_library_path_lib.dsv'
[0.584s] INFO:colcon.colcon_core.shell:Creating environment hook '/home/john/robo_ws/install/gazebo_ros2_control/share/gazebo_ros2_control/hook/ld_library_path_lib.sh'
[0.584s] Level 1:colcon.colcon_core.environment:checking '/home/john/robo_ws/install/gazebo_ros2_control/bin'
[0.585s] Level 1:colcon.colcon_core.environment:checking '/home/john/robo_ws/install/gazebo_ros2_control/lib/pkgconfig/gazebo_ros2_control.pc'
[0.585s] Level 1:colcon.colcon_core.environment:checking '/home/john/robo_ws/install/gazebo_ros2_control/lib/python3.10/site-packages'
[0.585s] Level 1:colcon.colcon_core.environment:checking '/home/john/robo_ws/install/gazebo_ros2_control/bin'
[0.586s] INFO:colcon.colcon_core.shell:Creating package script '/home/john/robo_ws/install/gazebo_ros2_control/share/gazebo_ros2_control/package.ps1'
[0.586s] INFO:colcon.colcon_core.shell:Creating package descriptor '/home/john/robo_ws/install/gazebo_ros2_control/share/gazebo_ros2_control/package.dsv'
[0.587s] INFO:colcon.colcon_core.shell:Creating package script '/home/john/robo_ws/install/gazebo_ros2_control/share/gazebo_ros2_control/package.sh'
[0.587s] INFO:colcon.colcon_core.shell:Creating package script '/home/john/robo_ws/install/gazebo_ros2_control/share/gazebo_ros2_control/package.bash'
[0.587s] INFO:colcon.colcon_core.shell:Creating package script '/home/john/robo_ws/install/gazebo_ros2_control/share/gazebo_ros2_control/package.zsh'
[0.588s] Level 1:colcon.colcon_core.environment:create_file_with_runtime_dependencies(/home/john/robo_ws/install/gazebo_ros2_control/share/colcon-core/packages/gazebo_ros2_control)
[0.592s] DEBUG:colcon.colcon_core.event_handler.log_command:Invoking command in '/home/john/robo_ws/build/stepper_interface': CMAKE_PREFIX_PATH=/opt/ros/humble:/home/john/robo_ws/install/serial:/home/john/robo_ws/install/stepper_interface:/home/john/robo_ws/install/nick_bot_moveit_config:/home/john/robo_ws/install/nick_bot:/home/john/robo_ws/install/gazebo_ros2_control:/home/john/robo_ws/install/dynamixel_hardware LD_LIBRARY_PATH=/home/john/robo_ws/install/serial/lib:/home/john/robo_ws/install/stepper_interface/lib:/home/john/robo_ws/install/gazebo_ros2_control/lib:/home/john/robo_ws/install/dynamixel_hardware/lib:/usr/lib/x86_64-linux-gnu/gazebo-11/plugins:/opt/ros/humble/opt/rviz_ogre_vendor/lib:/opt/ros/humble/lib/x86_64-linux-gnu:/opt/ros/humble/lib /usr/bin/cmake --build /home/john/robo_ws/build/stepper_interface -- -j6 -l6
[0.604s] DEBUG:colcon.colcon_core.event_handler.log_command:Invoked command in '/home/john/robo_ws/build/nick_bot_moveit_config' returned '0': CMAKE_PREFIX_PATH=/home/john/robo_ws/install/nick_bot:/home/john/robo_ws/install/stepper_interface:/opt/ros/humble:/home/john/robo_ws/install/serial:/home/john/robo_ws/install/nick_bot_moveit_config:/home/john/robo_ws/install/gazebo_ros2_control:/home/john/robo_ws/install/dynamixel_hardware /usr/bin/cmake --build /home/john/robo_ws/build/nick_bot_moveit_config -- -j6 -l6
[0.615s] Level 1:colcon.colcon_core.environment:create_environment_scripts_only(gazebo_ros2_control)
[0.617s] Level 1:colcon.colcon_core.environment:checking '/home/john/robo_ws/install/gazebo_ros2_control' for CMake module files
[0.617s] Level 1:colcon.colcon_core.environment:checking '/home/john/robo_ws/install/gazebo_ros2_control' for CMake config files
[0.617s] Level 1:colcon.colcon_core.shell:create_environment_hook('gazebo_ros2_control', 'cmake_prefix_path')
[0.618s] INFO:colcon.colcon_core.shell:Creating environment hook '/home/john/robo_ws/install/gazebo_ros2_control/share/gazebo_ros2_control/hook/cmake_prefix_path.ps1'
[0.619s] INFO:colcon.colcon_core.shell:Creating environment descriptor '/home/john/robo_ws/install/gazebo_ros2_control/share/gazebo_ros2_control/hook/cmake_prefix_path.dsv'
[0.619s] INFO:colcon.colcon_core.shell:Creating environment hook '/home/john/robo_ws/install/gazebo_ros2_control/share/gazebo_ros2_control/hook/cmake_prefix_path.sh'
[0.620s] Level 1:colcon.colcon_core.environment:checking '/home/john/robo_ws/install/gazebo_ros2_control/lib'
[0.620s] Level 1:colcon.colcon_core.shell:create_environment_hook('gazebo_ros2_control', 'ld_library_path_lib')
[0.621s] INFO:colcon.colcon_core.shell:Creating environment hook '/home/john/robo_ws/install/gazebo_ros2_control/share/gazebo_ros2_control/hook/ld_library_path_lib.ps1'
[0.621s] INFO:colcon.colcon_core.shell:Creating environment descriptor '/home/john/robo_ws/install/gazebo_ros2_control/share/gazebo_ros2_control/hook/ld_library_path_lib.dsv'
[0.621s] INFO:colcon.colcon_core.shell:Creating environment hook '/home/john/robo_ws/install/gazebo_ros2_control/share/gazebo_ros2_control/hook/ld_library_path_lib.sh'
[0.622s] Level 1:colcon.colcon_core.environment:checking '/home/john/robo_ws/install/gazebo_ros2_control/bin'
[0.622s] Level 1:colcon.colcon_core.environment:checking '/home/john/robo_ws/install/gazebo_ros2_control/lib/pkgconfig/gazebo_ros2_control.pc'
[0.622s] Level 1:colcon.colcon_core.environment:checking '/home/john/robo_ws/install/gazebo_ros2_control/lib/python3.10/site-packages'
[0.622s] Level 1:colcon.colcon_core.environment:checking '/home/john/robo_ws/install/gazebo_ros2_control/bin'
[0.623s] INFO:colcon.colcon_core.shell:Creating package script '/home/john/robo_ws/install/gazebo_ros2_control/share/gazebo_ros2_control/package.ps1'
[0.624s] INFO:colcon.colcon_core.shell:Creating package descriptor '/home/john/robo_ws/install/gazebo_ros2_control/share/gazebo_ros2_control/package.dsv'
[0.624s] INFO:colcon.colcon_core.shell:Creating package script '/home/john/robo_ws/install/gazebo_ros2_control/share/gazebo_ros2_control/package.sh'
[0.625s] INFO:colcon.colcon_core.shell:Creating package script '/home/john/robo_ws/install/gazebo_ros2_control/share/gazebo_ros2_control/package.bash'
[0.625s] INFO:colcon.colcon_core.shell:Creating package script '/home/john/robo_ws/install/gazebo_ros2_control/share/gazebo_ros2_control/package.zsh'
[0.625s] Level 1:colcon.colcon_core.environment:create_file_with_runtime_dependencies(/home/john/robo_ws/install/gazebo_ros2_control/share/colcon-core/packages/gazebo_ros2_control)
[0.627s] DEBUG:colcon.colcon_core.event_handler.log_command:Invoking command in '/home/john/robo_ws/build/nick_bot_moveit_config': CMAKE_PREFIX_PATH=/home/john/robo_ws/install/nick_bot:/home/john/robo_ws/install/stepper_interface:/opt/ros/humble:/home/john/robo_ws/install/serial:/home/john/robo_ws/install/nick_bot_moveit_config:/home/john/robo_ws/install/gazebo_ros2_control:/home/john/robo_ws/install/dynamixel_hardware /usr/bin/cmake --install /home/john/robo_ws/build/nick_bot_moveit_config
[0.647s] Level 1:colcon.colcon_core.environment:create_environment_scripts_only(nick_bot_moveit_config)
[0.649s] Level 1:colcon.colcon_core.environment:checking '/home/john/robo_ws/install/nick_bot_moveit_config' for CMake module files
[0.649s] DEBUG:colcon.colcon_core.event_handler.log_command:Invoked command in '/home/john/robo_ws/build/nick_bot_moveit_config' returned '0': CMAKE_PREFIX_PATH=/home/john/robo_ws/install/nick_bot:/home/john/robo_ws/install/stepper_interface:/opt/ros/humble:/home/john/robo_ws/install/serial:/home/john/robo_ws/install/nick_bot_moveit_config:/home/john/robo_ws/install/gazebo_ros2_control:/home/john/robo_ws/install/dynamixel_hardware /usr/bin/cmake --install /home/john/robo_ws/build/nick_bot_moveit_config
[0.650s] Level 1:colcon.colcon_core.environment:checking '/home/john/robo_ws/install/nick_bot_moveit_config' for CMake config files
[0.650s] Level 1:colcon.colcon_core.shell:create_environment_hook('nick_bot_moveit_config', 'cmake_prefix_path')
[0.651s] INFO:colcon.colcon_core.shell:Creating environment hook '/home/john/robo_ws/install/nick_bot_moveit_config/share/nick_bot_moveit_config/hook/cmake_prefix_path.ps1'
[0.651s] INFO:colcon.colcon_core.shell:Creating environment descriptor '/home/john/robo_ws/install/nick_bot_moveit_config/share/nick_bot_moveit_config/hook/cmake_prefix_path.dsv'
[0.651s] INFO:colcon.colcon_core.shell:Creating environment hook '/home/john/robo_ws/install/nick_bot_moveit_config/share/nick_bot_moveit_config/hook/cmake_prefix_path.sh'
[0.652s] Level 1:colcon.colcon_core.environment:checking '/home/john/robo_ws/install/nick_bot_moveit_config/bin'
[0.652s] Level 1:colcon.colcon_core.environment:checking '/home/john/robo_ws/install/nick_bot_moveit_config/lib/pkgconfig/nick_bot_moveit_config.pc'
[0.652s] Level 1:colcon.colcon_core.environment:checking '/home/john/robo_ws/install/nick_bot_moveit_config/lib/python3.10/site-packages'
[0.652s] Level 1:colcon.colcon_core.environment:checking '/home/john/robo_ws/install/nick_bot_moveit_config/bin'
[0.653s] INFO:colcon.colcon_core.shell:Creating package script '/home/john/robo_ws/install/nick_bot_moveit_config/share/nick_bot_moveit_config/package.ps1'
[0.654s] INFO:colcon.colcon_core.shell:Creating package descriptor '/home/john/robo_ws/install/nick_bot_moveit_config/share/nick_bot_moveit_config/package.dsv'
[0.654s] INFO:colcon.colcon_core.shell:Creating package script '/home/john/robo_ws/install/nick_bot_moveit_config/share/nick_bot_moveit_config/package.sh'
[0.654s] INFO:colcon.colcon_core.shell:Creating package script '/home/john/robo_ws/install/nick_bot_moveit_config/share/nick_bot_moveit_config/package.bash'
[0.654s] INFO:colcon.colcon_core.shell:Creating package script '/home/john/robo_ws/install/nick_bot_moveit_config/share/nick_bot_moveit_config/package.zsh'
[0.655s] Level 1:colcon.colcon_core.environment:create_file_with_runtime_dependencies(/home/john/robo_ws/install/nick_bot_moveit_config/share/colcon-core/packages/nick_bot_moveit_config)
[0.674s] Level 1:colcon.colcon_core.environment:create_environment_scripts_only(nick_bot_moveit_config)
[0.676s] Level 1:colcon.colcon_core.environment:checking '/home/john/robo_ws/install/nick_bot_moveit_config' for CMake module files
[0.676s] Level 1:colcon.colcon_core.environment:checking '/home/john/robo_ws/install/nick_bot_moveit_config' for CMake config files
[0.676s] Level 1:colcon.colcon_core.shell:create_environment_hook('nick_bot_moveit_config', 'cmake_prefix_path')
[0.677s] INFO:colcon.colcon_core.shell:Creating environment hook '/home/john/robo_ws/install/nick_bot_moveit_config/share/nick_bot_moveit_config/hook/cmake_prefix_path.ps1'
[0.678s] INFO:colcon.colcon_core.shell:Creating environment descriptor '/home/john/robo_ws/install/nick_bot_moveit_config/share/nick_bot_moveit_config/hook/cmake_prefix_path.dsv'
[0.678s] INFO:colcon.colcon_core.shell:Creating environment hook '/home/john/robo_ws/install/nick_bot_moveit_config/share/nick_bot_moveit_config/hook/cmake_prefix_path.sh'
[0.678s] Level 1:colcon.colcon_core.environment:checking '/home/john/robo_ws/install/nick_bot_moveit_config/bin'
[0.678s] Level 1:colcon.colcon_core.environment:checking '/home/john/robo_ws/install/nick_bot_moveit_config/lib/pkgconfig/nick_bot_moveit_config.pc'
[0.679s] Level 1:colcon.colcon_core.environment:checking '/home/john/robo_ws/install/nick_bot_moveit_config/lib/python3.10/site-packages'
[0.679s] Level 1:colcon.colcon_core.environment:checking '/home/john/robo_ws/install/nick_bot_moveit_config/bin'
[0.680s] INFO:colcon.colcon_core.shell:Creating package script '/home/john/robo_ws/install/nick_bot_moveit_config/share/nick_bot_moveit_config/package.ps1'
[0.680s] INFO:colcon.colcon_core.shell:Creating package descriptor '/home/john/robo_ws/install/nick_bot_moveit_config/share/nick_bot_moveit_config/package.dsv'
[0.681s] INFO:colcon.colcon_core.shell:Creating package script '/home/john/robo_ws/install/nick_bot_moveit_config/share/nick_bot_moveit_config/package.sh'
[0.681s] INFO:colcon.colcon_core.shell:Creating package script '/home/john/robo_ws/install/nick_bot_moveit_config/share/nick_bot_moveit_config/package.bash'
[0.681s] INFO:colcon.colcon_core.shell:Creating package script '/home/john/robo_ws/install/nick_bot_moveit_config/share/nick_bot_moveit_config/package.zsh'
[0.682s] Level 1:colcon.colcon_core.environment:create_file_with_runtime_dependencies(/home/john/robo_ws/install/nick_bot_moveit_config/share/colcon-core/packages/nick_bot_moveit_config)
[3.147s] DEBUG:colcon.colcon_core.event_handler.log_command:Invoked command in '/home/john/robo_ws/build/stepper_interface' returned '2': CMAKE_PREFIX_PATH=/opt/ros/humble:/home/john/robo_ws/install/serial:/home/john/robo_ws/install/stepper_interface:/home/john/robo_ws/install/nick_bot_moveit_config:/home/john/robo_ws/install/nick_bot:/home/john/robo_ws/install/gazebo_ros2_control:/home/john/robo_ws/install/dynamixel_hardware LD_LIBRARY_PATH=/home/john/robo_ws/install/serial/lib:/home/john/robo_ws/install/stepper_interface/lib:/home/john/robo_ws/install/gazebo_ros2_control/lib:/home/john/robo_ws/install/dynamixel_hardware/lib:/usr/lib/x86_64-linux-gnu/gazebo-11/plugins:/opt/ros/humble/opt/rviz_ogre_vendor/lib:/opt/ros/humble/lib/x86_64-linux-gnu:/opt/ros/humble/lib /usr/bin/cmake --build /home/john/robo_ws/build/stepper_interface -- -j6 -l6
[3.171s] Level 1:colcon.colcon_core.environment:create_environment_scripts_only(stepper_interface)
[3.173s] Level 1:colcon.colcon_core.environment:checking '/home/john/robo_ws/install/stepper_interface' for CMake module files
[3.173s] Level 1:colcon.colcon_core.environment:checking '/home/john/robo_ws/install/stepper_interface' for CMake config files
[3.173s] Level 1:colcon.colcon_core.shell:create_environment_hook('stepper_interface', 'cmake_prefix_path')
[3.174s] INFO:colcon.colcon_core.shell:Creating environment hook '/home/john/robo_ws/install/stepper_interface/share/stepper_interface/hook/cmake_prefix_path.ps1'
[3.175s] INFO:colcon.colcon_core.shell:Creating environment descriptor '/home/john/robo_ws/install/stepper_interface/share/stepper_interface/hook/cmake_prefix_path.dsv'
[3.175s] INFO:colcon.colcon_core.shell:Creating environment hook '/home/john/robo_ws/install/stepper_interface/share/stepper_interface/hook/cmake_prefix_path.sh'
[3.175s] Level 1:colcon.colcon_core.environment:checking '/home/john/robo_ws/install/stepper_interface/lib'
[3.176s] Level 1:colcon.colcon_core.shell:create_environment_hook('stepper_interface', 'ld_library_path_lib')
[3.177s] INFO:colcon.colcon_core.shell:Creating environment hook '/home/john/robo_ws/install/stepper_interface/share/stepper_interface/hook/ld_library_path_lib.ps1'
[3.177s] INFO:colcon.colcon_core.shell:Creating environment descriptor '/home/john/robo_ws/install/stepper_interface/share/stepper_interface/hook/ld_library_path_lib.dsv'
[3.177s] INFO:colcon.colcon_core.shell:Creating environment hook '/home/john/robo_ws/install/stepper_interface/share/stepper_interface/hook/ld_library_path_lib.sh'
[3.177s] Level 1:colcon.colcon_core.environment:checking '/home/john/robo_ws/install/stepper_interface/bin'
[3.177s] Level 1:colcon.colcon_core.environment:checking '/home/john/robo_ws/install/stepper_interface/lib/pkgconfig/stepper_interface.pc'
[3.178s] Level 1:colcon.colcon_core.environment:checking '/home/john/robo_ws/install/stepper_interface/lib/python3.10/site-packages'
[3.178s] Level 1:colcon.colcon_core.environment:checking '/home/john/robo_ws/install/stepper_interface/bin'
[3.179s] INFO:colcon.colcon_core.shell:Creating package script '/home/john/robo_ws/install/stepper_interface/share/stepper_interface/package.ps1'
[3.179s] INFO:colcon.colcon_core.shell:Creating package descriptor '/home/john/robo_ws/install/stepper_interface/share/stepper_interface/package.dsv'
[3.180s] INFO:colcon.colcon_core.shell:Creating package script '/home/john/robo_ws/install/stepper_interface/share/stepper_interface/package.sh'
[3.180s] INFO:colcon.colcon_core.shell:Creating package script '/home/john/robo_ws/install/stepper_interface/share/stepper_interface/package.bash'
[3.180s] INFO:colcon.colcon_core.shell:Creating package script '/home/john/robo_ws/install/stepper_interface/share/stepper_interface/package.zsh'
[3.180s] Level 1:colcon.colcon_core.environment:create_file_with_runtime_dependencies(/home/john/robo_ws/install/stepper_interface/share/colcon-core/packages/stepper_interface)
[3.191s] DEBUG:colcon.colcon_parallel_executor.executor.parallel:closing loop
[3.191s] DEBUG:colcon.colcon_parallel_executor.executor.parallel:loop closed
[3.191s] DEBUG:colcon.colcon_parallel_executor.executor.parallel:run_until_complete finished with '2'
[3.192s] DEBUG:colcon.colcon_core.event_reactor:joining thread
[3.213s] INFO:colcon.colcon_core.plugin_system:Skipping extension 'colcon_notification.desktop_notification.terminal_notifier': Not used on non-Darwin systems
[3.213s] INFO:colcon.colcon_core.plugin_system:Skipping extension 'colcon_notification.desktop_notification.win32': Not used on non-Windows systems
[3.213s] INFO:colcon.colcon_notification.desktop_notification:Sending desktop notification using 'notify2'
[3.242s] DEBUG:colcon.colcon_core.event_reactor:joined thread
[3.244s] INFO:colcon.colcon_core.shell:Creating prefix script '/home/john/robo_ws/install/local_setup.ps1'
[3.246s] INFO:colcon.colcon_core.shell:Creating prefix util module '/home/john/robo_ws/install/_local_setup_util_ps1.py'
[3.247s] INFO:colcon.colcon_core.shell:Creating prefix chain script '/home/john/robo_ws/install/setup.ps1'
[3.249s] INFO:colcon.colcon_core.shell:Creating prefix script '/home/john/robo_ws/install/local_setup.sh'
[3.250s] INFO:colcon.colcon_core.shell:Creating prefix util module '/home/john/robo_ws/install/_local_setup_util_sh.py'
[3.250s] INFO:colcon.colcon_core.shell:Creating prefix chain script '/home/john/robo_ws/install/setup.sh'
[3.252s] INFO:colcon.colcon_core.shell:Creating prefix script '/home/john/robo_ws/install/local_setup.bash'
[3.252s] INFO:colcon.colcon_core.shell:Creating prefix chain script '/home/john/robo_ws/install/setup.bash'
[3.254s] INFO:colcon.colcon_core.shell:Creating prefix script '/home/john/robo_ws/install/local_setup.zsh'
[3.255s] INFO:colcon.colcon_core.shell:Creating prefix chain script '/home/john/robo_ws/install/setup.zsh'
