[0.010s] Invoking command in '/home/john/robo_ws/build/gazebo_ros2_control': CMAKE_PREFIX_PATH=/opt/ros/humble /usr/bin/cmake /home/john/robo_ws/src/gazebo_ros2_control -DCMAKE_INSTALL_PREFIX=/home/john/robo_ws/install/gazebo_ros2_control
[0.032s] -- Found ament_cmake: 1.3.3 (/opt/ros/humble/share/ament_cmake/cmake)
[0.155s] -- Override CMake install command with custom implementation using symlinks instead of copying resources
[0.169s] -- Found angles: 1.15.0 (/opt/ros/humble/share/angles/cmake)
[0.171s] -- Found controller_manager: 2.20.0 (/opt/ros/humble/share/controller_manager/cmake)
[0.207s] -- Found rosidl_generator_c: 3.1.4 (/opt/ros/humble/share/rosidl_generator_c/cmake)
[0.211s] -- Found rosidl_adapter: 3.1.4 (/opt/ros/humble/share/rosidl_adapter/cmake)
[0.219s] -- Found rosidl_generator_cpp: 3.1.4 (/opt/ros/humble/share/rosidl_generator_cpp/cmake)
[0.231s] -- Using all available rosidl_typesupport_c: rosidl_typesupport_fastrtps_c;rosidl_typesupport_introspection_c
[0.249s] -- Using all available rosidl_typesupport_cpp: rosidl_typesupport_fastrtps_cpp;rosidl_typesupport_introspection_cpp
[0.920s] -- Found rmw_implementation_cmake: 6.1.1 (/opt/ros/humble/share/rmw_implementation_cmake/cmake)
[0.922s] -- Found rmw_fastrtps_cpp: 6.2.2 (/opt/ros/humble/share/rmw_fastrtps_cpp/cmake)
[1.037s] -- Using RMW implementation 'rmw_fastrtps_cpp' as default
[1.685s] -- Found gazebo_dev: 3.7.0 (/opt/ros/humble/share/gazebo_dev/cmake)
[1.717s] -- Found DART: /usr/include (Required is at least version "6.6") found components: dart 
[1.749s] -- Found Protobuf: /usr/lib/x86_64-linux-gnu/libprotobuf.so (found version "3.12.4") 
[1.752s] -- Looking for ignition-math6 -- found version 6.13.0
[1.758s] -- Searching for dependencies of ignition-math6
[1.760s] -- Looking for OGRE...
[1.765s] -- Found Ogre Ghadamon (1.9.0)
[1.765s] -- Found OGRE: optimized;/usr/lib/x86_64-linux-gnu/libOgreMain.so;debug;/usr/lib/x86_64-linux-gnu/libOgreMain.so
[1.774s] -- Looking for OGRE_Paging...
[1.774s] -- Found OGRE_Paging: optimized;/usr/lib/x86_64-linux-gnu/libOgrePaging.so;debug;/usr/lib/x86_64-linux-gnu/libOgrePaging.so
[1.774s] -- Looking for OGRE_Terrain...
[1.774s] -- Found OGRE_Terrain: optimized;/usr/lib/x86_64-linux-gnu/libOgreTerrain.so;debug;/usr/lib/x86_64-linux-gnu/libOgreTerrain.so
[1.774s] -- Looking for OGRE_Property...
[1.774s] -- Found OGRE_Property: optimized;/usr/lib/x86_64-linux-gnu/libOgreProperty.so;debug;/usr/lib/x86_64-linux-gnu/libOgreProperty.so
[1.774s] -- Looking for OGRE_RTShaderSystem...
[1.774s] -- Found OGRE_RTShaderSystem: optimized;/usr/lib/x86_64-linux-gnu/libOgreRTShaderSystem.so;debug;/usr/lib/x86_64-linux-gnu/libOgreRTShaderSystem.so
[1.775s] -- Looking for OGRE_Volume...
[1.775s] -- Found OGRE_Volume: optimized;/usr/lib/x86_64-linux-gnu/libOgreVolume.so;debug;/usr/lib/x86_64-linux-gnu/libOgreVolume.so
[1.775s] -- Looking for OGRE_Overlay...
[1.775s] -- Found OGRE_Overlay: optimized;/usr/lib/x86_64-linux-gnu/libOgreOverlay.so;debug;/usr/lib/x86_64-linux-gnu/libOgreOverlay.so
[1.858s] -- Looking for ignition-math6 -- found version 6.13.0
[1.859s] -- Looking for ignition-transport8 -- found version 8.2.1
[1.860s] -- Searching for dependencies of ignition-transport8
[1.874s] -- Found Protobuf: /usr/lib/x86_64-linux-gnu/libprotobuf.so (found suitable version "3.12.4", minimum required is "3") 
[1.884s] -- Config-file not installed for ZeroMQ -- checking for pkg-config
[1.888s] -- Checking for module 'libzmq >= 4'
[1.899s] --   Found libzmq , version 4.3.4
[1.931s] -- Checking for module 'uuid'
[1.940s] --   Found uuid, version 2.37.2
[1.964s] -- Looking for ignition-msgs5 -- found version 5.8.1
[1.964s] -- Searching for dependencies of ignition-msgs5
[1.981s] -- Looking for ignition-math6 -- found version 6.13.0
[1.987s] -- Looking for ignition-msgs5 -- found version 5.8.1
[1.988s] -- Looking for ignition-common3 -- found version 3.14.0
[1.988s] -- Searching for dependencies of ignition-common3
[1.988s] -- Looking for dlfcn.h - found
[1.988s] -- Looking for libdl - found
[1.998s] -- Searching for <ignition-common3> component [graphics]
[1.999s] -- Looking for ignition-common3-graphics -- found version 3.14.0
[1.999s] -- Searching for dependencies of ignition-common3-graphics
[1.999s] -- Looking for ignition-math6 -- found version 6.13.0
[2.001s] -- Looking for ignition-fuel_tools4 -- found version 4.4.0
[2.001s] -- Searching for dependencies of ignition-fuel_tools4
[2.033s] -- Checking for module 'jsoncpp'
[2.043s] --   Found jsoncpp, version 1.9.5
[2.072s] -- Checking for module 'libzip'
[2.082s] --   Found libzip, version 1.7.3
[2.105s] -- Looking for ignition-common3 -- found version 3.14.0
[2.105s] -- Looking for ignition-math6 -- found version 6.13.0
[2.106s] -- Looking for ignition-msgs5 -- found version 5.8.1
[2.110s] -- Gazebo version: 11.10
[2.110s] -- Found gazebo_ros: 3.7.0 (/opt/ros/humble/share/gazebo_ros/cmake)
[2.120s] -- Found yaml_cpp_vendor: 8.0.2 (/opt/ros/humble/share/yaml_cpp_vendor/cmake)
[2.780s] -- Found ament_cmake_gtest: 1.3.3 (/opt/ros/humble/share/ament_cmake_gtest/cmake)
[2.781s] -- Found ament_lint_auto: 0.12.5 (/opt/ros/humble/share/ament_lint_auto/cmake)
[2.846s] -- Added test 'copyright' to check source files copyright and LICENSE
[2.847s] -- Added test 'cppcheck' to perform static code analysis on C / C++ code
[2.848s] -- Configured cppcheck include dirs: /home/john/robo_ws/src/gazebo_ros2_control/include
[2.848s] -- Configured cppcheck exclude dirs and/or files: 
[2.849s] -- Added test 'cpplint' to check C / C++ code against the Google style
[2.849s] -- Configured cpplint exclude dirs and/or files: 
[2.849s] -- Added test 'lint_cmake' to check CMake code style
[2.850s] -- Added test 'uncrustify' to check C / C++ code style
[2.850s] -- Configured uncrustify additional arguments: 
[2.851s] -- Added test 'xmllint' to check XML markup files
[2.853s] -- Configuring done
[2.938s] -- Generating done
[2.940s] -- Build files have been written to: /home/john/robo_ws/build/gazebo_ros2_control
[2.953s] Invoked command in '/home/john/robo_ws/build/gazebo_ros2_control' returned '0': CMAKE_PREFIX_PATH=/opt/ros/humble /usr/bin/cmake /home/john/robo_ws/src/gazebo_ros2_control -DCMAKE_INSTALL_PREFIX=/home/john/robo_ws/install/gazebo_ros2_control
[2.953s] Invoking command in '/home/john/robo_ws/build/gazebo_ros2_control': CMAKE_PREFIX_PATH=/opt/ros/humble /usr/bin/cmake --build /home/john/robo_ws/build/gazebo_ros2_control -- -j6 -l6
[2.989s] [35m[1mConsolidate compiler generated dependencies of target gazebo_hardware_plugins[0m
[2.989s] [35m[1mConsolidate compiler generated dependencies of target gazebo_ros2_control[0m
[3.048s] [ 50%] Built target gazebo_hardware_plugins
[3.048s] [100%] Built target gazebo_ros2_control
[3.057s] Invoked command in '/home/john/robo_ws/build/gazebo_ros2_control' returned '0': CMAKE_PREFIX_PATH=/opt/ros/humble /usr/bin/cmake --build /home/john/robo_ws/build/gazebo_ros2_control -- -j6 -l6
[3.081s] Invoking command in '/home/john/robo_ws/build/gazebo_ros2_control': CMAKE_PREFIX_PATH=/opt/ros/humble /usr/bin/cmake --install /home/john/robo_ws/build/gazebo_ros2_control
[3.087s] -- Install configuration: ""
[3.087s] -- Execute custom install script
[3.088s] -- Up-to-date symlink: /home/john/robo_ws/install/gazebo_ros2_control/lib/libgazebo_ros2_control.so
[3.088s] -- Up-to-date symlink: /home/john/robo_ws/install/gazebo_ros2_control/lib/libgazebo_hardware_plugins.so
[3.088s] -- Up-to-date symlink: /home/john/robo_ws/install/gazebo_ros2_control/share/gazebo_ros2_control/environment/library_path.sh
[3.088s] -- Up-to-date symlink: /home/john/robo_ws/install/gazebo_ros2_control/share/gazebo_ros2_control/environment/library_path.dsv
[3.089s] -- Up-to-date symlink: /home/john/robo_ws/install/gazebo_ros2_control/include/gazebo_ros2_control/gazebo_ros2_control_plugin.hpp
[3.089s] -- Up-to-date symlink: /home/john/robo_ws/install/gazebo_ros2_control/include/gazebo_ros2_control/gazebo_system.hpp
[3.089s] -- Up-to-date symlink: /home/john/robo_ws/install/gazebo_ros2_control/include/gazebo_ros2_control/gazebo_system_interface.hpp
[3.089s] -- Up-to-date symlink: /home/john/robo_ws/install/gazebo_ros2_control/share/gazebo_ros2_control//gazebo_hardware_plugins.xml
[3.089s] -- Up-to-date symlink: /home/john/robo_ws/install/gazebo_ros2_control/share/ament_index/resource_index/package_run_dependencies/gazebo_ros2_control
[3.089s] -- Up-to-date symlink: /home/john/robo_ws/install/gazebo_ros2_control/share/ament_index/resource_index/parent_prefix_path/gazebo_ros2_control
[3.090s] -- Up-to-date symlink: /home/john/robo_ws/install/gazebo_ros2_control/share/gazebo_ros2_control/environment/ament_prefix_path.sh
[3.090s] -- Up-to-date symlink: /home/john/robo_ws/install/gazebo_ros2_control/share/gazebo_ros2_control/environment/ament_prefix_path.dsv
[3.090s] -- Up-to-date symlink: /home/john/robo_ws/install/gazebo_ros2_control/share/gazebo_ros2_control/environment/path.sh
[3.090s] -- Up-to-date symlink: /home/john/robo_ws/install/gazebo_ros2_control/share/gazebo_ros2_control/environment/path.dsv
[3.090s] -- Up-to-date symlink: /home/john/robo_ws/install/gazebo_ros2_control/share/gazebo_ros2_control/local_setup.bash
[3.090s] -- Up-to-date symlink: /home/john/robo_ws/install/gazebo_ros2_control/share/gazebo_ros2_control/local_setup.sh
[3.091s] -- Up-to-date symlink: /home/john/robo_ws/install/gazebo_ros2_control/share/gazebo_ros2_control/local_setup.zsh
[3.091s] -- Up-to-date symlink: /home/john/robo_ws/install/gazebo_ros2_control/share/gazebo_ros2_control/local_setup.dsv
[3.091s] -- Symlinking: /home/john/robo_ws/install/gazebo_ros2_control/share/gazebo_ros2_control/package.dsv
[3.098s] -- Up-to-date symlink: /home/john/robo_ws/install/gazebo_ros2_control/share/ament_index/resource_index/packages/gazebo_ros2_control
[3.098s] -- Up-to-date symlink: /home/john/robo_ws/install/gazebo_ros2_control/share/ament_index/resource_index/gazebo_ros2_control__pluginlib__plugin/gazebo_ros2_control
[3.098s] -- Up-to-date symlink: /home/john/robo_ws/install/gazebo_ros2_control/share/gazebo_ros2_control/cmake/ament_cmake_export_include_directories-extras.cmake
[3.098s] -- Up-to-date symlink: /home/john/robo_ws/install/gazebo_ros2_control/share/gazebo_ros2_control/cmake/ament_cmake_export_dependencies-extras.cmake
[3.099s] -- Up-to-date symlink: /home/john/robo_ws/install/gazebo_ros2_control/share/gazebo_ros2_control/cmake/ament_cmake_export_libraries-extras.cmake
[3.099s] -- Up-to-date symlink: /home/john/robo_ws/install/gazebo_ros2_control/share/gazebo_ros2_control/cmake/gazebo_ros2_controlConfig.cmake
[3.099s] -- Up-to-date symlink: /home/john/robo_ws/install/gazebo_ros2_control/share/gazebo_ros2_control/cmake/gazebo_ros2_controlConfig-version.cmake
[3.099s] -- Up-to-date symlink: /home/john/robo_ws/install/gazebo_ros2_control/share/gazebo_ros2_control/package.xml
[3.102s] Invoked command in '/home/john/robo_ws/build/gazebo_ros2_control' returned '0': CMAKE_PREFIX_PATH=/opt/ros/humble /usr/bin/cmake --install /home/john/robo_ws/build/gazebo_ros2_control
