[0.018s] Invoking command in '/home/john/robo_ws/build/dynamixel_hardware': CMAKE_PREFIX_PATH=/home/john/robo_ws/install/stepper_interface:/opt/ros/humble:/home/john/robo_ws/install/serial:/home/john/robo_ws/install/nick_bot_moveit_config:/home/john/robo_ws/install/nick_bot:/home/john/robo_ws/install/gazebo_ros2_control:/home/john/robo_ws/install/dynamixel_hardware /usr/bin/cmake --build /home/john/robo_ws/build/dynamixel_hardware -- -j6 -l6
[0.067s] [ 50%] [32mBuilding CXX object CMakeFiles/dynamixel_hardware.dir/src/dynamixel_hardware.cpp.o[0m
[0.323s] [01m[K/home/john/robo_ws/src/dynamixel_hardware/dynamixel_hardware/src/dynamixel_hardware.cpp:431:1:[m[K [01;35m[Kwarning: [m[Kembedding a directive within macro arguments is not portable
[0.323s]   431 | [01;35m[K#[m[Kinclude "pluginlib/class_list_macros.hpp"
[0.323s]       | [01;35m[K^[m[K
[0.323s] [01m[Kcc1plus:[m[K [01;31m[Kerror: [m[Kunterminated argument list invoking macro "RCLCPP_INFO"
[2.057s] [01m[K/home/john/robo_ws/src/dynamixel_hardware/dynamixel_hardware/src/dynamixel_hardware.cpp:[m[K In member function ‘[01m[Kvirtual hardware_interface::return_type dynamixel_hardware::DynamixelHardware::read(const rclcpp::Time&, const rclcpp::Duration&)[m[K’:
[2.057s] [01m[K/home/john/robo_ws/src/dynamixel_hardware/dynamixel_hardware/src/dynamixel_hardware.cpp:283:5:[m[K [01;31m[Kerror: [m[K‘[01m[KRCLCPP_INFO[m[K’ was not declared in this scope
[2.057s]   283 |     [01;31m[KRCLCPP_INFO[m[K(rclcpp::get_logger(kDynamixelHardware), "%f", positions[i];
[2.057s]       |     [01;31m[K^~~~~~~~~~~[m[K
[2.057s] In file included from [01m[K/opt/ros/humble/include/class_loader/class_loader/class_loader.hpp:50[m[K,
[2.057s]                  from [01m[K/opt/ros/humble/include/pluginlib/pluginlib/class_list_macros.hpp:40[m[K,
[2.057s]                  from [01m[K/home/john/robo_ws/src/dynamixel_hardware/dynamixel_hardware/src/dynamixel_hardware.cpp:431[m[K:
[2.057s] [01m[K/usr/include/console_bridge/console.h:82:1:[m[K [01;31m[Kerror: [m[K‘[01m[Knamespace[m[K’ definition is not allowed here
[2.057s]    82 | [01;31m[Knamespace[m[K console_bridge
[2.057s]       | [01;31m[K^~~~~~~~~[m[K
[2.057s] In file included from [01m[K/opt/ros/humble/include/class_loader/class_loader/class_loader_core.hpp:56[m[K,
[2.057s]                  from [01m[K/opt/ros/humble/include/class_loader/class_loader/class_loader.hpp:55[m[K,
[2.058s]                  from [01m[K/opt/ros/humble/include/pluginlib/pluginlib/class_list_macros.hpp:40[m[K,
[2.058s]                  from [01m[K/home/john/robo_ws/src/dynamixel_hardware/dynamixel_hardware/src/dynamixel_hardware.cpp:431[m[K:
[2.058s] [01m[K/opt/ros/humble/include/class_loader/class_loader/exceptions.hpp:40:1:[m[K [01;31m[Kerror: [m[K‘[01m[Knamespace[m[K’ definition is not allowed here
[2.058s]    40 | [01;31m[Knamespace[m[K class_loader
[2.058s]       | [01;31m[K^~~~~~~~~[m[K
[2.058s] In file included from [01m[K/opt/ros/humble/include/class_loader/class_loader/class_loader_core.hpp:57[m[K,
[2.058s]                  from [01m[K/opt/ros/humble/include/class_loader/class_loader/class_loader.hpp:55[m[K,
[2.058s]                  from [01m[K/opt/ros/humble/include/pluginlib/pluginlib/class_list_macros.hpp:40[m[K,
[2.058s]                  from [01m[K/home/john/robo_ws/src/dynamixel_hardware/dynamixel_hardware/src/dynamixel_hardware.cpp:431[m[K:
[2.058s] [01m[K/opt/ros/humble/include/class_loader/class_loader/meta_object.hpp:43:1:[m[K [01;31m[Kerror: [m[K‘[01m[Knamespace[m[K’ definition is not allowed here
[2.058s]    43 | [01;31m[Knamespace[m[K class_loader
[2.059s]       | [01;31m[K^~~~~~~~~[m[K
[2.059s] In file included from [01m[K/opt/ros/humble/include/class_loader/class_loader/class_loader.hpp:55[m[K,
[2.059s]                  from [01m[K/opt/ros/humble/include/pluginlib/pluginlib/class_list_macros.hpp:40[m[K,
[2.059s]                  from [01m[K/home/john/robo_ws/src/dynamixel_hardware/dynamixel_hardware/src/dynamixel_hardware.cpp:431[m[K:
[2.059s] [01m[K/opt/ros/humble/include/class_loader/class_loader/class_loader_core.hpp:67:1:[m[K [01;31m[Kerror: [m[K‘[01m[Knamespace[m[K’ definition is not allowed here
[2.059s]    67 | [01;31m[Knamespace[m[K class_loader
[2.059s]       | [01;31m[K^~~~~~~~~[m[K
[2.059s] In file included from [01m[K/opt/ros/humble/include/pluginlib/pluginlib/class_list_macros.hpp:40[m[K,
[2.059s]                  from [01m[K/home/john/robo_ws/src/dynamixel_hardware/dynamixel_hardware/src/dynamixel_hardware.cpp:431[m[K:
[2.059s] [01m[K/opt/ros/humble/include/class_loader/class_loader/class_loader.hpp:59:1:[m[K [01;31m[Kerror: [m[K‘[01m[Knamespace[m[K’ definition is not allowed here
[2.059s]    59 | [01;31m[Knamespace[m[K class_loader
[2.059s]       | [01;31m[K^~~~~~~~~[m[K
[2.059s] In file included from [01m[K/opt/ros/humble/include/class_loader/class_loader/class_loader.hpp:56[m[K,
[2.059s]                  from [01m[K/opt/ros/humble/include/pluginlib/pluginlib/class_list_macros.hpp:40[m[K,
[2.059s]                  from [01m[K/home/john/robo_ws/src/dynamixel_hardware/dynamixel_hardware/src/dynamixel_hardware.cpp:431[m[K:
[2.060s] [01m[K/home/john/robo_ws/src/dynamixel_hardware/dynamixel_hardware/src/dynamixel_hardware.cpp:433:1:[m[K [01;31m[Kerror: [m[Kexpected identifier before ‘[01m[K{[m[K’ token
[2.060s]   433 | [01;31m[KPLUGINLIB_EXPORT_CLASS[m[K(dynamixel_hardware::DynamixelHardware, hardware_interface::SystemInterface)
[2.060s]       | [01;31m[K^~~~~~~~~~~~~~~~~~~~~~[m[K
[2.060s] In file included from [01m[K/opt/ros/humble/include/class_loader/class_loader/class_loader.hpp:50[m[K,
[2.060s]                  from [01m[K/opt/ros/humble/include/pluginlib/pluginlib/class_list_macros.hpp:40[m[K,
[2.060s]                  from [01m[K/home/john/robo_ws/src/dynamixel_hardware/dynamixel_hardware/src/dynamixel_hardware.cpp:431[m[K:
[2.060s] [01m[K/home/john/robo_ws/src/dynamixel_hardware/dynamixel_hardware/src/dynamixel_hardware.cpp:[m[K In constructor ‘[01m[Kdynamixel_hardware::DynamixelHardware::read(const rclcpp::Time&, const rclcpp::Duration&)::ProxyExec0::ProxyExec0()[m[K’:
[2.060s] [01m[K/home/john/robo_ws/src/dynamixel_hardware/dynamixel_hardware/src/dynamixel_hardware.cpp:433:1:[m[K [01;31m[Kerror: [m[K‘[01m[Kconsole_bridge[m[K’ has not been declared
[2.060s]   433 | [01;31m[KPLUGINLIB_EXPORT_CLASS[m[K(dynamixel_hardware::DynamixelHardware, hardware_interface::SystemInterface)
[2.060s]       | [01;31m[K^~~~~~~~~~~~~~~~~~~~~~[m[K
[2.060s] [01m[K/home/john/robo_ws/src/dynamixel_hardware/dynamixel_hardware/src/dynamixel_hardware.cpp:433:1:[m[K [01;31m[Kerror: [m[K‘[01m[Kconsole_bridge[m[K’ has not been declared
[2.060s]   433 | [01;31m[KPLUGINLIB_EXPORT_CLASS[m[K(dynamixel_hardware::DynamixelHardware, hardware_interface::SystemInterface)
[2.060s]       | [01;31m[K^~~~~~~~~~~~~~~~~~~~~~[m[K
[2.060s] In file included from [01m[K/opt/ros/humble/include/class_loader/class_loader/class_loader.hpp:56[m[K,
[2.060s]                  from [01m[K/opt/ros/humble/include/pluginlib/pluginlib/class_list_macros.hpp:40[m[K,
[2.060s]                  from [01m[K/home/john/robo_ws/src/dynamixel_hardware/dynamixel_hardware/src/dynamixel_hardware.cpp:431[m[K:
[2.060s] [01m[K/home/john/robo_ws/src/dynamixel_hardware/dynamixel_hardware/src/dynamixel_hardware.cpp:433:1:[m[K [01;31m[Kerror: [m[K‘[01m[Kclass_loader[m[K’ has not been declared
[2.060s]   433 | [01;31m[KPLUGINLIB_EXPORT_CLASS[m[K(dynamixel_hardware::DynamixelHardware, hardware_interface::SystemInterface)
[2.060s]       | [01;31m[K^~~~~~~~~~~~~~~~~~~~~~[m[K
[2.061s] [01m[K/home/john/robo_ws/src/dynamixel_hardware/dynamixel_hardware/src/dynamixel_hardware.cpp:433:1:[m[K [01;31m[Kerror: [m[Kexpected primary-expression before ‘[01m[K,[m[K’ token
[2.061s]   433 | [01;31m[KPLUGINLIB_EXPORT_CLASS[m[K(dynamixel_hardware::DynamixelHardware, hardware_interface::SystemInterface)
[2.061s]       | [01;31m[K^~~~~~~~~~~~~~~~~~~~~~[m[K
[2.061s] [01m[K/home/john/robo_ws/src/dynamixel_hardware/dynamixel_hardware/src/dynamixel_hardware.cpp:433:1:[m[K [01;31m[Kerror: [m[Kexpected primary-expression before ‘[01m[K>[m[K’ token
[2.061s]   433 | [01;31m[KPLUGINLIB_EXPORT_CLASS[m[K(dynamixel_hardware::DynamixelHardware, hardware_interface::SystemInterface)
[2.061s]       | [01;31m[K^~~~~~~~~~~~~~~~~~~~~~[m[K
[2.061s] [01m[K/home/john/robo_ws/src/dynamixel_hardware/dynamixel_hardware/src/dynamixel_hardware.cpp:[m[K In member function ‘[01m[Kvirtual hardware_interface::return_type dynamixel_hardware::DynamixelHardware::read(const rclcpp::Time&, const rclcpp::Duration&)[m[K’:
[2.061s] [01m[K/home/john/robo_ws/src/dynamixel_hardware/dynamixel_hardware/src/dynamixel_hardware.cpp:433:1:[m[K [01;31m[Kerror: [m[Kexpected ‘[01m[K}[m[K’ at end of input
[2.061s]   433 | [01;31m[KPLUGINLIB_EXPORT_CLASS[m[K(dynamixel_hardware::DynamixelHardware, hardware_interface::SystemInterface)
[2.061s]       | [01;31m[K^~~~~~~~~~~~~~~~~~~~~~[m[K
[2.061s] [01m[K/home/john/robo_ws/src/dynamixel_hardware/dynamixel_hardware/src/dynamixel_hardware.cpp:282:41:[m[K [01;36m[Knote: [m[Kto match this ‘[01m[K{[m[K’
[2.061s]   282 |   for (uint i = 0; i < ids.size(); i++) [01;36m[K{[m[K
[2.061s]       |                                         [01;36m[K^[m[K
[2.061s] In file included from [01m[K/opt/ros/humble/include/class_loader/class_loader/class_loader.hpp:56[m[K,
[2.061s]                  from [01m[K/opt/ros/humble/include/pluginlib/pluginlib/class_list_macros.hpp:40[m[K,
[2.061s]                  from [01m[K/home/john/robo_ws/src/dynamixel_hardware/dynamixel_hardware/src/dynamixel_hardware.cpp:431[m[K:
[2.061s] [01m[K/home/john/robo_ws/src/dynamixel_hardware/dynamixel_hardware/src/dynamixel_hardware.cpp:433:1:[m[K [01;31m[Kerror: [m[Kexpected ‘[01m[K}[m[K’ at end of input
[2.061s]   433 | [01;31m[KPLUGINLIB_EXPORT_CLASS[m[K(dynamixel_hardware::DynamixelHardware, hardware_interface::SystemInterface)
[2.061s]       | [01;31m[K^~~~~~~~~~~~~~~~~~~~~~[m[K
[2.061s] [01m[K/home/john/robo_ws/src/dynamixel_hardware/dynamixel_hardware/src/dynamixel_hardware.cpp:243:1:[m[K [01;36m[Knote: [m[Kto match this ‘[01m[K{[m[K’
[2.062s]   243 | [01;36m[K{[m[K
[2.062s]       | [01;36m[K^[m[K
[2.062s] In file included from [01m[K/opt/ros/humble/include/class_loader/class_loader/class_loader.hpp:56[m[K,
[2.062s]                  from [01m[K/opt/ros/humble/include/pluginlib/pluginlib/class_list_macros.hpp:40[m[K,
[2.062s]                  from [01m[K/home/john/robo_ws/src/dynamixel_hardware/dynamixel_hardware/src/dynamixel_hardware.cpp:431[m[K:
[2.062s] [01m[K/home/john/robo_ws/src/dynamixel_hardware/dynamixel_hardware/src/dynamixel_hardware.cpp:[m[K At global scope:
[2.062s] [01m[K/home/john/robo_ws/src/dynamixel_hardware/dynamixel_hardware/src/dynamixel_hardware.cpp:433:1:[m[K [01;31m[Kerror: [m[Kexpected ‘[01m[K}[m[K’ at end of input
[2.062s]   433 | [01;31m[KPLUGINLIB_EXPORT_CLASS[m[K(dynamixel_hardware::DynamixelHardware, hardware_interface::SystemInterface)
[2.062s]       | [01;31m[K^~~~~~~~~~~~~~~~~~~~~~[m[K
[2.062s] [01m[K/home/john/robo_ws/src/dynamixel_hardware/dynamixel_hardware/src/dynamixel_hardware.cpp:28:1:[m[K [01;36m[Knote: [m[Kto match this ‘[01m[K{[m[K’
[2.062s]    28 | [01;36m[K{[m[K
[2.062s]       | [01;36m[K^[m[K
[2.537s] gmake[2]: *** [CMakeFiles/dynamixel_hardware.dir/build.make:76: CMakeFiles/dynamixel_hardware.dir/src/dynamixel_hardware.cpp.o] Error 1
[2.537s] gmake[1]: *** [CMakeFiles/Makefile2:137: CMakeFiles/dynamixel_hardware.dir/all] Error 2
[2.537s] gmake: *** [Makefile:146: all] Error 2
[2.539s] Invoked command in '/home/john/robo_ws/build/dynamixel_hardware' returned '2': CMAKE_PREFIX_PATH=/home/john/robo_ws/install/stepper_interface:/opt/ros/humble:/home/john/robo_ws/install/serial:/home/john/robo_ws/install/nick_bot_moveit_config:/home/john/robo_ws/install/nick_bot:/home/john/robo_ws/install/gazebo_ros2_control:/home/john/robo_ws/install/dynamixel_hardware /usr/bin/cmake --build /home/john/robo_ws/build/dynamixel_hardware -- -j6 -l6
