[0.019s] Invoking command in '/home/john/robo_ws/build/serial': CMAKE_PREFIX_PATH=/opt/ros/humble /usr/bin/cmake --build /home/john/robo_ws/build/serial -- -j6 -l6
[0.057s] [100%] Built target serial
[0.065s] Invoked command in '/home/john/robo_ws/build/serial' returned '0': CMAKE_PREFIX_PATH=/opt/ros/humble /usr/bin/cmake --build /home/john/robo_ws/build/serial -- -j6 -l6
[0.089s] Invoking command in '/home/john/robo_ws/build/serial': CMAKE_PREFIX_PATH=/opt/ros/humble /usr/bin/cmake --install /home/john/robo_ws/build/serial
[0.095s] -- Install configuration: ""
[0.095s] -- Execute custom install script
[0.095s] -- Up-to-date symlink: /home/john/robo_ws/install/serial/lib/libserial.so
[0.096s] -- Up-to-date symlink: /home/john/robo_ws/install/serial/include//serial/impl/unix.h
[0.096s] -- Up-to-date symlink: /home/john/robo_ws/install/serial/include//serial/impl/win.h
[0.096s] -- Up-to-date symlink: /home/john/robo_ws/install/serial/include//serial/serial.h
[0.096s] -- Up-to-date symlink: /home/john/robo_ws/install/serial/include//serial/v8stdint.h
[0.097s] -- Up-to-date symlink: /home/john/robo_ws/install/serial/share/serial/environment/library_path.sh
[0.097s] -- Up-to-date symlink: /home/john/robo_ws/install/serial/share/serial/environment/library_path.dsv
[0.097s] -- Up-to-date symlink: /home/john/robo_ws/install/serial/share/ament_index/resource_index/package_run_dependencies/serial
[0.098s] -- Up-to-date symlink: /home/john/robo_ws/install/serial/share/ament_index/resource_index/parent_prefix_path/serial
[0.099s] -- Up-to-date symlink: /home/john/robo_ws/install/serial/share/serial/environment/ament_prefix_path.sh
[0.099s] -- Up-to-date symlink: /home/john/robo_ws/install/serial/share/serial/environment/ament_prefix_path.dsv
[0.099s] -- Up-to-date symlink: /home/john/robo_ws/install/serial/share/serial/environment/path.sh
[0.099s] -- Up-to-date symlink: /home/john/robo_ws/install/serial/share/serial/environment/path.dsv
[0.100s] -- Up-to-date symlink: /home/john/robo_ws/install/serial/share/serial/local_setup.bash
[0.100s] -- Up-to-date symlink: /home/john/robo_ws/install/serial/share/serial/local_setup.sh
[0.100s] -- Up-to-date symlink: /home/john/robo_ws/install/serial/share/serial/local_setup.zsh
[0.100s] -- Up-to-date symlink: /home/john/robo_ws/install/serial/share/serial/local_setup.dsv
[0.100s] -- Symlinking: /home/john/robo_ws/install/serial/share/serial/package.dsv
[0.105s] -- Up-to-date symlink: /home/john/robo_ws/install/serial/share/ament_index/resource_index/packages/serial
[0.105s] -- Up-to-date symlink: /home/john/robo_ws/install/serial/share/serial/cmake/ament_cmake_export_include_directories-extras.cmake
[0.106s] -- Up-to-date symlink: /home/john/robo_ws/install/serial/share/serial/cmake/ament_cmake_export_libraries-extras.cmake
[0.106s] -- Up-to-date symlink: /home/john/robo_ws/install/serial/share/serial/cmake/serialConfig.cmake
[0.106s] -- Up-to-date symlink: /home/john/robo_ws/install/serial/share/serial/cmake/serialConfig-version.cmake
[0.106s] -- Up-to-date symlink: /home/john/robo_ws/install/serial/share/serial/package.xml
[0.117s] Invoked command in '/home/john/robo_ws/build/serial' returned '0': CMAKE_PREFIX_PATH=/opt/ros/humble /usr/bin/cmake --install /home/john/robo_ws/build/serial
