-- Found ament_cmake: 1.3.3 (/opt/ros/humble/share/ament_cmake/cmake)
-- Override CMake install command with custom implementation using symlinks instead of copying resources
-- Configuring done
-- Generating done
-- Build files have been written to: /home/john/robo_ws/build/serial
[35m[1mConsolidate compiler generated dependencies of target serial[0m
[100%] Built target serial
-- Install configuration: ""
-- Execute custom install script
-- Symlinking: /home/john/robo_ws/install/serial/lib/libserial.so
-- Symlinking: /home/john/robo_ws/install/serial/include//serial/impl/unix.h
-- Symlinking: /home/john/robo_ws/install/serial/include//serial/impl/win.h
-- Symlinking: /home/john/robo_ws/install/serial/include//serial/serial.h
-- Symlinking: /home/john/robo_ws/install/serial/include//serial/v8stdint.h
-- Symlinking: /home/john/robo_ws/install/serial/share/serial/environment/library_path.sh
-- Symlinking: /home/john/robo_ws/install/serial/share/serial/environment/library_path.dsv
-- Symlinking: /home/john/robo_ws/install/serial/share/ament_index/resource_index/package_run_dependencies/serial
-- Symlinking: /home/john/robo_ws/install/serial/share/ament_index/resource_index/parent_prefix_path/serial
-- Symlinking: /home/john/robo_ws/install/serial/share/serial/environment/ament_prefix_path.sh
-- Symlinking: /home/john/robo_ws/install/serial/share/serial/environment/ament_prefix_path.dsv
-- Symlinking: /home/john/robo_ws/install/serial/share/serial/environment/path.sh
-- Symlinking: /home/john/robo_ws/install/serial/share/serial/environment/path.dsv
-- Symlinking: /home/john/robo_ws/install/serial/share/serial/local_setup.bash
-- Symlinking: /home/john/robo_ws/install/serial/share/serial/local_setup.sh
-- Symlinking: /home/john/robo_ws/install/serial/share/serial/local_setup.zsh
-- Symlinking: /home/john/robo_ws/install/serial/share/serial/local_setup.dsv
-- Symlinking: /home/john/robo_ws/install/serial/share/serial/package.dsv
-- Symlinking: /home/john/robo_ws/install/serial/share/ament_index/resource_index/packages/serial
-- Symlinking: /home/john/robo_ws/install/serial/share/serial/cmake/ament_cmake_export_include_directories-extras.cmake
-- Symlinking: /home/john/robo_ws/install/serial/share/serial/cmake/ament_cmake_export_libraries-extras.cmake
-- Symlinking: /home/john/robo_ws/install/serial/share/serial/cmake/serialConfig.cmake
-- Symlinking: /home/john/robo_ws/install/serial/share/serial/cmake/serialConfig-version.cmake
-- Symlinking: /home/john/robo_ws/install/serial/share/serial/package.xml
