[0.021s] Invoking command in '/home/john/robo_ws/build/serial': CMAKE_PREFIX_PATH=/home/john/robo_ws/install/stepper_interface:/opt/ros/humble:/home/john/robo_ws/install/serial:/home/john/robo_ws/install/nick_bot_moveit_config:/home/john/robo_ws/install/nick_bot:/home/john/robo_ws/install/gazebo_ros2_control:/home/john/robo_ws/install/dynamixel_hardware /usr/bin/cmake /home/john/robo_ws/src/serial -DAMENT_CMAKE_SYMLINK_INSTALL=1 -DCMAKE_INSTALL_PREFIX=/home/john/robo_ws/install/serial
[0.030s] -- Found ament_cmake: 1.3.3 (/opt/ros/humble/share/ament_cmake/cmake)
[0.153s] -- Override CMake install command with custom implementation using symlinks instead of copying resources
[0.221s] -- Configuring done
[0.225s] -- Generating done
[0.228s] -- Build files have been written to: /home/john/robo_ws/build/serial
[0.229s] Invoked command in '/home/john/robo_ws/build/serial' returned '0': CMAKE_PREFIX_PATH=/home/john/robo_ws/install/stepper_interface:/opt/ros/humble:/home/john/robo_ws/install/serial:/home/john/robo_ws/install/nick_bot_moveit_config:/home/john/robo_ws/install/nick_bot:/home/john/robo_ws/install/gazebo_ros2_control:/home/john/robo_ws/install/dynamixel_hardware /usr/bin/cmake /home/john/robo_ws/src/serial -DAMENT_CMAKE_SYMLINK_INSTALL=1 -DCMAKE_INSTALL_PREFIX=/home/john/robo_ws/install/serial
[0.230s] Invoking command in '/home/john/robo_ws/build/serial': CMAKE_PREFIX_PATH=/home/john/robo_ws/install/stepper_interface:/opt/ros/humble:/home/john/robo_ws/install/serial:/home/john/robo_ws/install/nick_bot_moveit_config:/home/john/robo_ws/install/nick_bot:/home/john/robo_ws/install/gazebo_ros2_control:/home/john/robo_ws/install/dynamixel_hardware /usr/bin/cmake --build /home/john/robo_ws/build/serial -- -j6 -l6
[0.260s] [35m[1mConsolidate compiler generated dependencies of target serial[0m
[0.273s] [100%] Built target serial
[0.283s] Invoked command in '/home/john/robo_ws/build/serial' returned '0': CMAKE_PREFIX_PATH=/home/john/robo_ws/install/stepper_interface:/opt/ros/humble:/home/john/robo_ws/install/serial:/home/john/robo_ws/install/nick_bot_moveit_config:/home/john/robo_ws/install/nick_bot:/home/john/robo_ws/install/gazebo_ros2_control:/home/john/robo_ws/install/dynamixel_hardware /usr/bin/cmake --build /home/john/robo_ws/build/serial -- -j6 -l6
[0.309s] Invoking command in '/home/john/robo_ws/build/serial': CMAKE_PREFIX_PATH=/home/john/robo_ws/install/stepper_interface:/opt/ros/humble:/home/john/robo_ws/install/serial:/home/john/robo_ws/install/nick_bot_moveit_config:/home/john/robo_ws/install/nick_bot:/home/john/robo_ws/install/gazebo_ros2_control:/home/john/robo_ws/install/dynamixel_hardware /usr/bin/cmake --install /home/john/robo_ws/build/serial
[0.315s] -- Install configuration: ""
[0.316s] -- Execute custom install script
[0.316s] -- Symlinking: /home/john/robo_ws/install/serial/lib/libserial.so
[0.324s] -- Symlinking: /home/john/robo_ws/install/serial/include//serial/impl/unix.h
[0.331s] -- Symlinking: /home/john/robo_ws/install/serial/include//serial/impl/win.h
[0.338s] -- Symlinking: /home/john/robo_ws/install/serial/include//serial/serial.h
[0.345s] -- Symlinking: /home/john/robo_ws/install/serial/include//serial/v8stdint.h
[0.352s] -- Symlinking: /home/john/robo_ws/install/serial/share/serial/environment/library_path.sh
[0.359s] -- Symlinking: /home/john/robo_ws/install/serial/share/serial/environment/library_path.dsv
[0.367s] -- Symlinking: /home/john/robo_ws/install/serial/share/ament_index/resource_index/package_run_dependencies/serial
[0.374s] -- Symlinking: /home/john/robo_ws/install/serial/share/ament_index/resource_index/parent_prefix_path/serial
[0.381s] -- Symlinking: /home/john/robo_ws/install/serial/share/serial/environment/ament_prefix_path.sh
[0.389s] -- Symlinking: /home/john/robo_ws/install/serial/share/serial/environment/ament_prefix_path.dsv
[0.396s] -- Symlinking: /home/john/robo_ws/install/serial/share/serial/environment/path.sh
[0.403s] -- Symlinking: /home/john/robo_ws/install/serial/share/serial/environment/path.dsv
[0.411s] -- Symlinking: /home/john/robo_ws/install/serial/share/serial/local_setup.bash
[0.418s] -- Symlinking: /home/john/robo_ws/install/serial/share/serial/local_setup.sh
[0.426s] -- Symlinking: /home/john/robo_ws/install/serial/share/serial/local_setup.zsh
[0.432s] -- Symlinking: /home/john/robo_ws/install/serial/share/serial/local_setup.dsv
[0.440s] -- Symlinking: /home/john/robo_ws/install/serial/share/serial/package.dsv
[0.447s] -- Symlinking: /home/john/robo_ws/install/serial/share/ament_index/resource_index/packages/serial
[0.454s] -- Symlinking: /home/john/robo_ws/install/serial/share/serial/cmake/ament_cmake_export_include_directories-extras.cmake
[0.461s] -- Symlinking: /home/john/robo_ws/install/serial/share/serial/cmake/ament_cmake_export_libraries-extras.cmake
[0.468s] -- Symlinking: /home/john/robo_ws/install/serial/share/serial/cmake/serialConfig.cmake
[0.476s] -- Symlinking: /home/john/robo_ws/install/serial/share/serial/cmake/serialConfig-version.cmake
[0.483s] -- Symlinking: /home/john/robo_ws/install/serial/share/serial/package.xml
[0.492s] Invoked command in '/home/john/robo_ws/build/serial' returned '0': CMAKE_PREFIX_PATH=/home/john/robo_ws/install/stepper_interface:/opt/ros/humble:/home/john/robo_ws/install/serial:/home/john/robo_ws/install/nick_bot_moveit_config:/home/john/robo_ws/install/nick_bot:/home/john/robo_ws/install/gazebo_ros2_control:/home/john/robo_ws/install/dynamixel_hardware /usr/bin/cmake --install /home/john/robo_ws/build/serial
