[0.207s] DEBUG:colcon:Command line arguments: ['/usr/bin/colcon', 'build']
[0.208s] DEBUG:colcon:Parsed command line arguments: Namespace(log_base=None, log_level=None, verb_name='build', build_base='build', install_base='install', merge_install=False, symlink_install=False, test_result_base=None, continue_on_error=False, executor='parallel', parallel_workers=6, event_handlers=None, ignore_user_meta=False, metas=['./colcon.meta'], base_paths=['.'], packages_ignore=None, packages_ignore_regex=None, paths=None, packages_up_to=None, packages_up_to_regex=None, packages_above=None, packages_above_and_dependencies=None, packages_above_depth=None, packages_select_by_dep=None, packages_skip_by_dep=None, packages_skip_up_to=None, packages_select_build_failed=False, packages_skip_build_finished=False, packages_select_test_failures=False, packages_skip_test_passed=False, packages_select=None, packages_skip=None, packages_select_regex=None, packages_skip_regex=None, packages_start=None, packages_end=None, allow_overriding=[], cmake_args=None, cmake_target=None, cmake_target_skip_unavailable=False, cmake_clean_cache=False, cmake_clean_first=False, cmake_force_configure=False, ament_cmake_args=None, catkin_cmake_args=None, catkin_skip_building_tests=False, verb_parser=<colcon_defaults.argument_parser.defaults.DefaultArgumentsDecorator object at 0x7f598b9b77c0>, verb_extension=<colcon_core.verb.build.BuildVerb object at 0x7f598c501fc0>, main=<bound method BuildVerb.main of <colcon_core.verb.build.BuildVerb object at 0x7f598c501fc0>>)
[0.233s] Level 1:colcon.colcon_core.package_discovery:discover_packages(colcon_meta) check parameters
[0.234s] Level 1:colcon.colcon_core.package_discovery:discover_packages(recursive) check parameters
[0.234s] Level 1:colcon.colcon_core.package_discovery:discover_packages(ignore) check parameters
[0.234s] Level 1:colcon.colcon_core.package_discovery:discover_packages(path) check parameters
[0.234s] Level 1:colcon.colcon_core.package_discovery:discover_packages(colcon_meta) discover
[0.234s] Level 1:colcon.colcon_core.package_discovery:discover_packages(recursive) discover
[0.234s] INFO:colcon.colcon_core.package_discovery:Crawling recursively for packages in '/home/john/robo_ws'
[0.234s] Level 1:colcon.colcon_core.package_identification:_identify(.) by extensions ['ignore', 'ignore_ament_install']
[0.234s] Level 1:colcon.colcon_core.package_identification:_identify(.) by extension 'ignore'
[0.234s] Level 1:colcon.colcon_core.package_identification:_identify(.) by extension 'ignore_ament_install'
[0.234s] Level 1:colcon.colcon_core.package_identification:_identify(.) by extensions ['colcon_pkg']
[0.234s] Level 1:colcon.colcon_core.package_identification:_identify(.) by extension 'colcon_pkg'
[0.234s] Level 1:colcon.colcon_core.package_identification:_identify(.) by extensions ['colcon_meta']
[0.234s] Level 1:colcon.colcon_core.package_identification:_identify(.) by extension 'colcon_meta'
[0.234s] Level 1:colcon.colcon_core.package_identification:_identify(.) by extensions ['ros']
[0.234s] Level 1:colcon.colcon_core.package_identification:_identify(.) by extension 'ros'
[0.246s] Level 1:colcon.colcon_core.package_identification:_identify(.) by extensions ['cmake', 'python']
[0.246s] Level 1:colcon.colcon_core.package_identification:_identify(.) by extension 'cmake'
[0.247s] Level 1:colcon.colcon_core.package_identification:_identify(.) by extension 'python'
[0.247s] Level 1:colcon.colcon_core.package_identification:_identify(.) by extensions ['python_setup_py']
[0.247s] Level 1:colcon.colcon_core.package_identification:_identify(.) by extension 'python_setup_py'
[0.247s] Level 1:colcon.colcon_core.package_identification:_identify(build) by extensions ['ignore', 'ignore_ament_install']
[0.247s] Level 1:colcon.colcon_core.package_identification:_identify(build) by extension 'ignore'
[0.247s] Level 1:colcon.colcon_core.package_identification:_identify(build) ignored
[0.247s] Level 1:colcon.colcon_core.package_identification:_identify(install) by extensions ['ignore', 'ignore_ament_install']
[0.247s] Level 1:colcon.colcon_core.package_identification:_identify(install) by extension 'ignore'
[0.247s] Level 1:colcon.colcon_core.package_identification:_identify(install) ignored
[0.247s] Level 1:colcon.colcon_core.package_identification:_identify(log) by extensions ['ignore', 'ignore_ament_install']
[0.247s] Level 1:colcon.colcon_core.package_identification:_identify(log) by extension 'ignore'
[0.247s] Level 1:colcon.colcon_core.package_identification:_identify(log) ignored
[0.247s] Level 1:colcon.colcon_core.package_identification:_identify(src) by extensions ['ignore', 'ignore_ament_install']
[0.247s] Level 1:colcon.colcon_core.package_identification:_identify(src) by extension 'ignore'
[0.247s] Level 1:colcon.colcon_core.package_identification:_identify(src) by extension 'ignore_ament_install'
[0.248s] Level 1:colcon.colcon_core.package_identification:_identify(src) by extensions ['colcon_pkg']
[0.248s] Level 1:colcon.colcon_core.package_identification:_identify(src) by extension 'colcon_pkg'
[0.248s] Level 1:colcon.colcon_core.package_identification:_identify(src) by extensions ['colcon_meta']
[0.248s] Level 1:colcon.colcon_core.package_identification:_identify(src) by extension 'colcon_meta'
[0.248s] Level 1:colcon.colcon_core.package_identification:_identify(src) by extensions ['ros']
[0.248s] Level 1:colcon.colcon_core.package_identification:_identify(src) by extension 'ros'
[0.248s] Level 1:colcon.colcon_core.package_identification:_identify(src) by extensions ['cmake', 'python']
[0.248s] Level 1:colcon.colcon_core.package_identification:_identify(src) by extension 'cmake'
[0.248s] Level 1:colcon.colcon_core.package_identification:_identify(src) by extension 'python'
[0.248s] Level 1:colcon.colcon_core.package_identification:_identify(src) by extensions ['python_setup_py']
[0.248s] Level 1:colcon.colcon_core.package_identification:_identify(src) by extension 'python_setup_py'
[0.248s] Level 1:colcon.colcon_core.package_identification:_identify(src/dynamixel_hardware) by extensions ['ignore', 'ignore_ament_install']
[0.248s] Level 1:colcon.colcon_core.package_identification:_identify(src/dynamixel_hardware) by extension 'ignore'
[0.248s] Level 1:colcon.colcon_core.package_identification:_identify(src/dynamixel_hardware) by extension 'ignore_ament_install'
[0.248s] Level 1:colcon.colcon_core.package_identification:_identify(src/dynamixel_hardware) by extensions ['colcon_pkg']
[0.248s] Level 1:colcon.colcon_core.package_identification:_identify(src/dynamixel_hardware) by extension 'colcon_pkg'
[0.248s] Level 1:colcon.colcon_core.package_identification:_identify(src/dynamixel_hardware) by extensions ['colcon_meta']
[0.248s] Level 1:colcon.colcon_core.package_identification:_identify(src/dynamixel_hardware) by extension 'colcon_meta'
[0.248s] Level 1:colcon.colcon_core.package_identification:_identify(src/dynamixel_hardware) by extensions ['ros']
[0.248s] Level 1:colcon.colcon_core.package_identification:_identify(src/dynamixel_hardware) by extension 'ros'
[0.248s] Level 1:colcon.colcon_core.package_identification:_identify(src/dynamixel_hardware) by extensions ['cmake', 'python']
[0.248s] Level 1:colcon.colcon_core.package_identification:_identify(src/dynamixel_hardware) by extension 'cmake'
[0.248s] Level 1:colcon.colcon_core.package_identification:_identify(src/dynamixel_hardware) by extension 'python'
[0.249s] Level 1:colcon.colcon_core.package_identification:_identify(src/dynamixel_hardware) by extensions ['python_setup_py']
[0.249s] Level 1:colcon.colcon_core.package_identification:_identify(src/dynamixel_hardware) by extension 'python_setup_py'
[0.249s] Level 1:colcon.colcon_core.package_identification:_identify(src/dynamixel_hardware/dynamixel_hardware) by extensions ['ignore', 'ignore_ament_install']
[0.249s] Level 1:colcon.colcon_core.package_identification:_identify(src/dynamixel_hardware/dynamixel_hardware) by extension 'ignore'
[0.249s] Level 1:colcon.colcon_core.package_identification:_identify(src/dynamixel_hardware/dynamixel_hardware) by extension 'ignore_ament_install'
[0.249s] Level 1:colcon.colcon_core.package_identification:_identify(src/dynamixel_hardware/dynamixel_hardware) by extensions ['colcon_pkg']
[0.249s] Level 1:colcon.colcon_core.package_identification:_identify(src/dynamixel_hardware/dynamixel_hardware) by extension 'colcon_pkg'
[0.249s] Level 1:colcon.colcon_core.package_identification:_identify(src/dynamixel_hardware/dynamixel_hardware) by extensions ['colcon_meta']
[0.249s] Level 1:colcon.colcon_core.package_identification:_identify(src/dynamixel_hardware/dynamixel_hardware) by extension 'colcon_meta'
[0.249s] Level 1:colcon.colcon_core.package_identification:_identify(src/dynamixel_hardware/dynamixel_hardware) by extensions ['ros']
[0.249s] Level 1:colcon.colcon_core.package_identification:_identify(src/dynamixel_hardware/dynamixel_hardware) by extension 'ros'
[0.251s] DEBUG:colcon.colcon_core.package_identification:Package 'src/dynamixel_hardware/dynamixel_hardware' with type 'ros.ament_cmake' and name 'dynamixel_hardware'
[0.251s] Level 1:colcon.colcon_core.package_identification:_identify(src/gazebo_ros2_control) by extensions ['ignore', 'ignore_ament_install']
[0.251s] Level 1:colcon.colcon_core.package_identification:_identify(src/gazebo_ros2_control) by extension 'ignore'
[0.251s] Level 1:colcon.colcon_core.package_identification:_identify(src/gazebo_ros2_control) by extension 'ignore_ament_install'
[0.252s] Level 1:colcon.colcon_core.package_identification:_identify(src/gazebo_ros2_control) by extensions ['colcon_pkg']
[0.252s] Level 1:colcon.colcon_core.package_identification:_identify(src/gazebo_ros2_control) by extension 'colcon_pkg'
[0.252s] Level 1:colcon.colcon_core.package_identification:_identify(src/gazebo_ros2_control) by extensions ['colcon_meta']
[0.252s] Level 1:colcon.colcon_core.package_identification:_identify(src/gazebo_ros2_control) by extension 'colcon_meta'
[0.252s] Level 1:colcon.colcon_core.package_identification:_identify(src/gazebo_ros2_control) by extensions ['ros']
[0.252s] Level 1:colcon.colcon_core.package_identification:_identify(src/gazebo_ros2_control) by extension 'ros'
[0.253s] DEBUG:colcon.colcon_core.package_identification:Package 'src/gazebo_ros2_control' with type 'ros.ament_cmake' and name 'gazebo_ros2_control'
[0.253s] Level 1:colcon.colcon_core.package_identification:_identify(src/nick_bot) by extensions ['ignore', 'ignore_ament_install']
[0.253s] Level 1:colcon.colcon_core.package_identification:_identify(src/nick_bot) by extension 'ignore'
[0.253s] Level 1:colcon.colcon_core.package_identification:_identify(src/nick_bot) by extension 'ignore_ament_install'
[0.253s] Level 1:colcon.colcon_core.package_identification:_identify(src/nick_bot) by extensions ['colcon_pkg']
[0.253s] Level 1:colcon.colcon_core.package_identification:_identify(src/nick_bot) by extension 'colcon_pkg'
[0.253s] Level 1:colcon.colcon_core.package_identification:_identify(src/nick_bot) by extensions ['colcon_meta']
[0.253s] Level 1:colcon.colcon_core.package_identification:_identify(src/nick_bot) by extension 'colcon_meta'
[0.253s] Level 1:colcon.colcon_core.package_identification:_identify(src/nick_bot) by extensions ['ros']
[0.253s] Level 1:colcon.colcon_core.package_identification:_identify(src/nick_bot) by extension 'ros'
[0.253s] DEBUG:colcon.colcon_core.package_identification:Package 'src/nick_bot' with type 'ros.ament_cmake' and name 'nick_bot'
[0.254s] Level 1:colcon.colcon_core.package_identification:_identify(src/nick_bot_moveit_config) by extensions ['ignore', 'ignore_ament_install']
[0.254s] Level 1:colcon.colcon_core.package_identification:_identify(src/nick_bot_moveit_config) by extension 'ignore'
[0.254s] Level 1:colcon.colcon_core.package_identification:_identify(src/nick_bot_moveit_config) by extension 'ignore_ament_install'
[0.254s] Level 1:colcon.colcon_core.package_identification:_identify(src/nick_bot_moveit_config) by extensions ['colcon_pkg']
[0.254s] Level 1:colcon.colcon_core.package_identification:_identify(src/nick_bot_moveit_config) by extension 'colcon_pkg'
[0.254s] Level 1:colcon.colcon_core.package_identification:_identify(src/nick_bot_moveit_config) by extensions ['colcon_meta']
[0.254s] Level 1:colcon.colcon_core.package_identification:_identify(src/nick_bot_moveit_config) by extension 'colcon_meta'
[0.254s] Level 1:colcon.colcon_core.package_identification:_identify(src/nick_bot_moveit_config) by extensions ['ros']
[0.254s] Level 1:colcon.colcon_core.package_identification:_identify(src/nick_bot_moveit_config) by extension 'ros'
[0.255s] DEBUG:colcon.colcon_core.package_identification:Package 'src/nick_bot_moveit_config' with type 'ros.ament_cmake' and name 'nick_bot_moveit_config'
[0.255s] Level 1:colcon.colcon_core.package_identification:_identify(src/serial) by extensions ['ignore', 'ignore_ament_install']
[0.255s] Level 1:colcon.colcon_core.package_identification:_identify(src/serial) by extension 'ignore'
[0.255s] Level 1:colcon.colcon_core.package_identification:_identify(src/serial) by extension 'ignore_ament_install'
[0.255s] Level 1:colcon.colcon_core.package_identification:_identify(src/serial) by extensions ['colcon_pkg']
[0.255s] Level 1:colcon.colcon_core.package_identification:_identify(src/serial) by extension 'colcon_pkg'
[0.255s] Level 1:colcon.colcon_core.package_identification:_identify(src/serial) by extensions ['colcon_meta']
[0.255s] Level 1:colcon.colcon_core.package_identification:_identify(src/serial) by extension 'colcon_meta'
[0.255s] Level 1:colcon.colcon_core.package_identification:_identify(src/serial) by extensions ['ros']
[0.255s] Level 1:colcon.colcon_core.package_identification:_identify(src/serial) by extension 'ros'
[0.255s] DEBUG:colcon.colcon_core.package_identification:Package 'src/serial' with type 'ros.ament_cmake' and name 'serial'
[0.256s] Level 1:colcon.colcon_core.package_identification:_identify(src/stepper_interface) by extensions ['ignore', 'ignore_ament_install']
[0.256s] Level 1:colcon.colcon_core.package_identification:_identify(src/stepper_interface) by extension 'ignore'
[0.256s] Level 1:colcon.colcon_core.package_identification:_identify(src/stepper_interface) by extension 'ignore_ament_install'
[0.256s] Level 1:colcon.colcon_core.package_identification:_identify(src/stepper_interface) by extensions ['colcon_pkg']
[0.256s] Level 1:colcon.colcon_core.package_identification:_identify(src/stepper_interface) by extension 'colcon_pkg'
[0.256s] Level 1:colcon.colcon_core.package_identification:_identify(src/stepper_interface) by extensions ['colcon_meta']
[0.256s] Level 1:colcon.colcon_core.package_identification:_identify(src/stepper_interface) by extension 'colcon_meta'
[0.256s] Level 1:colcon.colcon_core.package_identification:_identify(src/stepper_interface) by extensions ['ros']
[0.256s] Level 1:colcon.colcon_core.package_identification:_identify(src/stepper_interface) by extension 'ros'
[0.257s] DEBUG:colcon.colcon_core.package_identification:Package 'src/stepper_interface' with type 'ros.ament_cmake' and name 'stepper_interface'
[0.257s] Level 1:colcon.colcon_core.package_discovery:discover_packages(recursive) using defaults
[0.257s] Level 1:colcon.colcon_core.package_discovery:discover_packages(ignore) discover
[0.257s] Level 1:colcon.colcon_core.package_discovery:discover_packages(ignore) using defaults
[0.257s] Level 1:colcon.colcon_core.package_discovery:discover_packages(path) discover
[0.257s] Level 1:colcon.colcon_core.package_discovery:discover_packages(path) using defaults
[0.276s] Level 1:colcon.colcon_core.package_discovery:discover_packages(prefix_path) check parameters
[0.276s] Level 1:colcon.colcon_core.package_discovery:discover_packages(prefix_path) discover
[0.279s] DEBUG:colcon.colcon_installed_package_information.package_discovery:Found 353 installed packages in /opt/ros/humble
[0.280s] Level 1:colcon.colcon_core.package_discovery:discover_packages(prefix_path) using defaults
[0.333s] Level 5:colcon.colcon_core.verb:set package 'dynamixel_hardware' build argument 'cmake_args' from command line to 'None'
[0.333s] Level 5:colcon.colcon_core.verb:set package 'dynamixel_hardware' build argument 'cmake_target' from command line to 'None'
[0.333s] Level 5:colcon.colcon_core.verb:set package 'dynamixel_hardware' build argument 'cmake_target_skip_unavailable' from command line to 'False'
[0.333s] Level 5:colcon.colcon_core.verb:set package 'dynamixel_hardware' build argument 'cmake_clean_cache' from command line to 'False'
[0.333s] Level 5:colcon.colcon_core.verb:set package 'dynamixel_hardware' build argument 'cmake_clean_first' from command line to 'False'
[0.333s] Level 5:colcon.colcon_core.verb:set package 'dynamixel_hardware' build argument 'cmake_force_configure' from command line to 'False'
[0.333s] Level 5:colcon.colcon_core.verb:set package 'dynamixel_hardware' build argument 'ament_cmake_args' from command line to 'None'
[0.333s] Level 5:colcon.colcon_core.verb:set package 'dynamixel_hardware' build argument 'catkin_cmake_args' from command line to 'None'
[0.333s] Level 5:colcon.colcon_core.verb:set package 'dynamixel_hardware' build argument 'catkin_skip_building_tests' from command line to 'False'
[0.333s] DEBUG:colcon.colcon_core.verb:Building package 'dynamixel_hardware' with the following arguments: {'ament_cmake_args': None, 'build_base': '/home/john/robo_ws/build/dynamixel_hardware', 'catkin_cmake_args': None, 'catkin_skip_building_tests': False, 'cmake_args': None, 'cmake_clean_cache': False, 'cmake_clean_first': False, 'cmake_force_configure': False, 'cmake_target': None, 'cmake_target_skip_unavailable': False, 'install_base': '/home/john/robo_ws/install/dynamixel_hardware', 'merge_install': False, 'path': '/home/john/robo_ws/src/dynamixel_hardware/dynamixel_hardware', 'symlink_install': False, 'test_result_base': None}
[0.334s] Level 5:colcon.colcon_core.verb:set package 'gazebo_ros2_control' build argument 'cmake_args' from command line to 'None'
[0.334s] Level 5:colcon.colcon_core.verb:set package 'gazebo_ros2_control' build argument 'cmake_target' from command line to 'None'
[0.334s] Level 5:colcon.colcon_core.verb:set package 'gazebo_ros2_control' build argument 'cmake_target_skip_unavailable' from command line to 'False'
[0.334s] Level 5:colcon.colcon_core.verb:set package 'gazebo_ros2_control' build argument 'cmake_clean_cache' from command line to 'False'
[0.334s] Level 5:colcon.colcon_core.verb:set package 'gazebo_ros2_control' build argument 'cmake_clean_first' from command line to 'False'
[0.334s] Level 5:colcon.colcon_core.verb:set package 'gazebo_ros2_control' build argument 'cmake_force_configure' from command line to 'False'
[0.334s] Level 5:colcon.colcon_core.verb:set package 'gazebo_ros2_control' build argument 'ament_cmake_args' from command line to 'None'
[0.334s] Level 5:colcon.colcon_core.verb:set package 'gazebo_ros2_control' build argument 'catkin_cmake_args' from command line to 'None'
[0.334s] Level 5:colcon.colcon_core.verb:set package 'gazebo_ros2_control' build argument 'catkin_skip_building_tests' from command line to 'False'
[0.334s] DEBUG:colcon.colcon_core.verb:Building package 'gazebo_ros2_control' with the following arguments: {'ament_cmake_args': None, 'build_base': '/home/john/robo_ws/build/gazebo_ros2_control', 'catkin_cmake_args': None, 'catkin_skip_building_tests': False, 'cmake_args': None, 'cmake_clean_cache': False, 'cmake_clean_first': False, 'cmake_force_configure': False, 'cmake_target': None, 'cmake_target_skip_unavailable': False, 'install_base': '/home/john/robo_ws/install/gazebo_ros2_control', 'merge_install': False, 'path': '/home/john/robo_ws/src/gazebo_ros2_control', 'symlink_install': False, 'test_result_base': None}
[0.335s] Level 5:colcon.colcon_core.verb:set package 'nick_bot' build argument 'cmake_args' from command line to 'None'
[0.335s] Level 5:colcon.colcon_core.verb:set package 'nick_bot' build argument 'cmake_target' from command line to 'None'
[0.335s] Level 5:colcon.colcon_core.verb:set package 'nick_bot' build argument 'cmake_target_skip_unavailable' from command line to 'False'
[0.335s] Level 5:colcon.colcon_core.verb:set package 'nick_bot' build argument 'cmake_clean_cache' from command line to 'False'
[0.335s] Level 5:colcon.colcon_core.verb:set package 'nick_bot' build argument 'cmake_clean_first' from command line to 'False'
[0.335s] Level 5:colcon.colcon_core.verb:set package 'nick_bot' build argument 'cmake_force_configure' from command line to 'False'
[0.335s] Level 5:colcon.colcon_core.verb:set package 'nick_bot' build argument 'ament_cmake_args' from command line to 'None'
[0.335s] Level 5:colcon.colcon_core.verb:set package 'nick_bot' build argument 'catkin_cmake_args' from command line to 'None'
[0.335s] Level 5:colcon.colcon_core.verb:set package 'nick_bot' build argument 'catkin_skip_building_tests' from command line to 'False'
[0.335s] DEBUG:colcon.colcon_core.verb:Building package 'nick_bot' with the following arguments: {'ament_cmake_args': None, 'build_base': '/home/john/robo_ws/build/nick_bot', 'catkin_cmake_args': None, 'catkin_skip_building_tests': False, 'cmake_args': None, 'cmake_clean_cache': False, 'cmake_clean_first': False, 'cmake_force_configure': False, 'cmake_target': None, 'cmake_target_skip_unavailable': False, 'install_base': '/home/john/robo_ws/install/nick_bot', 'merge_install': False, 'path': '/home/john/robo_ws/src/nick_bot', 'symlink_install': False, 'test_result_base': None}
[0.336s] Level 5:colcon.colcon_core.verb:set package 'serial' build argument 'cmake_args' from command line to 'None'
[0.336s] Level 5:colcon.colcon_core.verb:set package 'serial' build argument 'cmake_target' from command line to 'None'
[0.336s] Level 5:colcon.colcon_core.verb:set package 'serial' build argument 'cmake_target_skip_unavailable' from command line to 'False'
[0.336s] Level 5:colcon.colcon_core.verb:set package 'serial' build argument 'cmake_clean_cache' from command line to 'False'
[0.336s] Level 5:colcon.colcon_core.verb:set package 'serial' build argument 'cmake_clean_first' from command line to 'False'
[0.336s] Level 5:colcon.colcon_core.verb:set package 'serial' build argument 'cmake_force_configure' from command line to 'False'
[0.336s] Level 5:colcon.colcon_core.verb:set package 'serial' build argument 'ament_cmake_args' from command line to 'None'
[0.336s] Level 5:colcon.colcon_core.verb:set package 'serial' build argument 'catkin_cmake_args' from command line to 'None'
[0.336s] Level 5:colcon.colcon_core.verb:set package 'serial' build argument 'catkin_skip_building_tests' from command line to 'False'
[0.336s] DEBUG:colcon.colcon_core.verb:Building package 'serial' with the following arguments: {'ament_cmake_args': None, 'build_base': '/home/john/robo_ws/build/serial', 'catkin_cmake_args': None, 'catkin_skip_building_tests': False, 'cmake_args': None, 'cmake_clean_cache': False, 'cmake_clean_first': False, 'cmake_force_configure': False, 'cmake_target': None, 'cmake_target_skip_unavailable': False, 'install_base': '/home/john/robo_ws/install/serial', 'merge_install': False, 'path': '/home/john/robo_ws/src/serial', 'symlink_install': False, 'test_result_base': None}
[0.337s] Level 5:colcon.colcon_core.verb:set package 'nick_bot_moveit_config' build argument 'cmake_args' from command line to 'None'
[0.337s] Level 5:colcon.colcon_core.verb:set package 'nick_bot_moveit_config' build argument 'cmake_target' from command line to 'None'
[0.337s] Level 5:colcon.colcon_core.verb:set package 'nick_bot_moveit_config' build argument 'cmake_target_skip_unavailable' from command line to 'False'
[0.337s] Level 5:colcon.colcon_core.verb:set package 'nick_bot_moveit_config' build argument 'cmake_clean_cache' from command line to 'False'
[0.337s] Level 5:colcon.colcon_core.verb:set package 'nick_bot_moveit_config' build argument 'cmake_clean_first' from command line to 'False'
[0.337s] Level 5:colcon.colcon_core.verb:set package 'nick_bot_moveit_config' build argument 'cmake_force_configure' from command line to 'False'
[0.337s] Level 5:colcon.colcon_core.verb:set package 'nick_bot_moveit_config' build argument 'ament_cmake_args' from command line to 'None'
[0.337s] Level 5:colcon.colcon_core.verb:set package 'nick_bot_moveit_config' build argument 'catkin_cmake_args' from command line to 'None'
[0.337s] Level 5:colcon.colcon_core.verb:set package 'nick_bot_moveit_config' build argument 'catkin_skip_building_tests' from command line to 'False'
[0.337s] DEBUG:colcon.colcon_core.verb:Building package 'nick_bot_moveit_config' with the following arguments: {'ament_cmake_args': None, 'build_base': '/home/john/robo_ws/build/nick_bot_moveit_config', 'catkin_cmake_args': None, 'catkin_skip_building_tests': False, 'cmake_args': None, 'cmake_clean_cache': False, 'cmake_clean_first': False, 'cmake_force_configure': False, 'cmake_target': None, 'cmake_target_skip_unavailable': False, 'install_base': '/home/john/robo_ws/install/nick_bot_moveit_config', 'merge_install': False, 'path': '/home/john/robo_ws/src/nick_bot_moveit_config', 'symlink_install': False, 'test_result_base': None}
[0.338s] Level 5:colcon.colcon_core.verb:set package 'stepper_interface' build argument 'cmake_args' from command line to 'None'
[0.338s] Level 5:colcon.colcon_core.verb:set package 'stepper_interface' build argument 'cmake_target' from command line to 'None'
[0.338s] Level 5:colcon.colcon_core.verb:set package 'stepper_interface' build argument 'cmake_target_skip_unavailable' from command line to 'False'
[0.338s] Level 5:colcon.colcon_core.verb:set package 'stepper_interface' build argument 'cmake_clean_cache' from command line to 'False'
[0.338s] Level 5:colcon.colcon_core.verb:set package 'stepper_interface' build argument 'cmake_clean_first' from command line to 'False'
[0.338s] Level 5:colcon.colcon_core.verb:set package 'stepper_interface' build argument 'cmake_force_configure' from command line to 'False'
[0.338s] Level 5:colcon.colcon_core.verb:set package 'stepper_interface' build argument 'ament_cmake_args' from command line to 'None'
[0.338s] Level 5:colcon.colcon_core.verb:set package 'stepper_interface' build argument 'catkin_cmake_args' from command line to 'None'
[0.338s] Level 5:colcon.colcon_core.verb:set package 'stepper_interface' build argument 'catkin_skip_building_tests' from command line to 'False'
[0.338s] DEBUG:colcon.colcon_core.verb:Building package 'stepper_interface' with the following arguments: {'ament_cmake_args': None, 'build_base': '/home/john/robo_ws/build/stepper_interface', 'catkin_cmake_args': None, 'catkin_skip_building_tests': False, 'cmake_args': None, 'cmake_clean_cache': False, 'cmake_clean_first': False, 'cmake_force_configure': False, 'cmake_target': None, 'cmake_target_skip_unavailable': False, 'install_base': '/home/john/robo_ws/install/stepper_interface', 'merge_install': False, 'path': '/home/john/robo_ws/src/stepper_interface', 'symlink_install': False, 'test_result_base': None}
[0.338s] INFO:colcon.colcon_core.executor:Executing jobs using 'parallel' executor
[0.341s] DEBUG:colcon.colcon_parallel_executor.executor.parallel:run_until_complete
[0.341s] INFO:colcon.colcon_ros.task.ament_cmake.build:Building ROS package in '/home/john/robo_ws/src/nick_bot' with build type 'ament_cmake'
[0.341s] INFO:colcon.colcon_cmake.task.cmake.build:Building CMake package in '/home/john/robo_ws/src/nick_bot'
[0.344s] INFO:colcon.colcon_core.plugin_system:Skipping extension 'colcon_core.shell.bat': Not used on non-Windows systems
[0.344s] INFO:colcon.colcon_core.shell:Skip shell extension 'powershell' for command environment: Not usable outside of PowerShell
[0.345s] DEBUG:colcon.colcon_core.shell:Skip shell extension 'dsv' for command environment
[0.348s] INFO:colcon.colcon_ros.task.ament_cmake.build:Building ROS package in '/home/john/robo_ws/src/serial' with build type 'ament_cmake'
[0.348s] INFO:colcon.colcon_cmake.task.cmake.build:Building CMake package in '/home/john/robo_ws/src/serial'
[0.349s] INFO:colcon.colcon_core.shell:Skip shell extension 'powershell' for command environment: Not usable outside of PowerShell
[0.349s] DEBUG:colcon.colcon_core.shell:Skip shell extension 'dsv' for command environment
[0.351s] INFO:colcon.colcon_ros.task.ament_cmake.build:Building ROS package in '/home/john/robo_ws/src/dynamixel_hardware/dynamixel_hardware' with build type 'ament_cmake'
[0.351s] INFO:colcon.colcon_cmake.task.cmake.build:Building CMake package in '/home/john/robo_ws/src/dynamixel_hardware/dynamixel_hardware'
[0.352s] INFO:colcon.colcon_core.shell:Skip shell extension 'powershell' for command environment: Not usable outside of PowerShell
[0.352s] DEBUG:colcon.colcon_core.shell:Skip shell extension 'dsv' for command environment
[0.355s] INFO:colcon.colcon_ros.task.ament_cmake.build:Building ROS package in '/home/john/robo_ws/src/gazebo_ros2_control' with build type 'ament_cmake'
[0.355s] INFO:colcon.colcon_cmake.task.cmake.build:Building CMake package in '/home/john/robo_ws/src/gazebo_ros2_control'
[0.356s] INFO:colcon.colcon_core.shell:Skip shell extension 'powershell' for command environment: Not usable outside of PowerShell
[0.356s] DEBUG:colcon.colcon_core.shell:Skip shell extension 'dsv' for command environment
[0.364s] DEBUG:colcon.colcon_core.event_handler.log_command:Invoking command in '/home/john/robo_ws/build/nick_bot': CMAKE_PREFIX_PATH=/opt/ros/humble /usr/bin/cmake --build /home/john/robo_ws/build/nick_bot -- -j6 -l6
[0.366s] DEBUG:colcon.colcon_core.event_handler.log_command:Invoking command in '/home/john/robo_ws/build/serial': CMAKE_PREFIX_PATH=/opt/ros/humble /usr/bin/cmake --build /home/john/robo_ws/build/serial -- -j6 -l6
[0.369s] DEBUG:colcon.colcon_core.event_handler.log_command:Invoking command in '/home/john/robo_ws/build/dynamixel_hardware': CMAKE_PREFIX_PATH=/opt/ros/humble /usr/bin/cmake --build /home/john/robo_ws/build/dynamixel_hardware -- -j6 -l6
[0.373s] DEBUG:colcon.colcon_core.event_handler.log_command:Invoking command in '/home/john/robo_ws/build/gazebo_ros2_control': CMAKE_PREFIX_PATH=/opt/ros/humble /usr/bin/cmake --build /home/john/robo_ws/build/gazebo_ros2_control -- -j6 -l6
[0.397s] DEBUG:colcon.colcon_core.event_handler.log_command:Invoked command in '/home/john/robo_ws/build/nick_bot' returned '0': CMAKE_PREFIX_PATH=/opt/ros/humble /usr/bin/cmake --build /home/john/robo_ws/build/nick_bot -- -j6 -l6
[0.423s] DEBUG:colcon.colcon_core.event_handler.log_command:Invoking command in '/home/john/robo_ws/build/nick_bot': CMAKE_PREFIX_PATH=/opt/ros/humble /usr/bin/cmake --install /home/john/robo_ws/build/nick_bot
[0.424s] DEBUG:colcon.colcon_core.event_handler.log_command:Invoked command in '/home/john/robo_ws/build/serial' returned '0': CMAKE_PREFIX_PATH=/opt/ros/humble /usr/bin/cmake --build /home/john/robo_ws/build/serial -- -j6 -l6
[0.425s] DEBUG:colcon.colcon_core.event_handler.log_command:Invoked command in '/home/john/robo_ws/build/dynamixel_hardware' returned '0': CMAKE_PREFIX_PATH=/opt/ros/humble /usr/bin/cmake --build /home/john/robo_ws/build/dynamixel_hardware -- -j6 -l6
[0.431s] Level 1:colcon.colcon_core.environment:create_environment_scripts_only(nick_bot)
[0.436s] Level 1:colcon.colcon_core.environment:checking '/home/john/robo_ws/install/nick_bot' for CMake module files
[0.438s] Level 1:colcon.colcon_core.environment:checking '/home/john/robo_ws/install/nick_bot' for CMake config files
[0.438s] Level 1:colcon.colcon_core.shell:create_environment_hook('nick_bot', 'cmake_prefix_path')
[0.437s] DEBUG:colcon.colcon_core.event_handler.log_command:Invoked command in '/home/john/robo_ws/build/nick_bot' returned '0': CMAKE_PREFIX_PATH=/opt/ros/humble /usr/bin/cmake --install /home/john/robo_ws/build/nick_bot
[0.439s] INFO:colcon.colcon_core.shell:Creating environment hook '/home/john/robo_ws/install/nick_bot/share/nick_bot/hook/cmake_prefix_path.ps1'
[0.440s] INFO:colcon.colcon_core.shell:Creating environment descriptor '/home/john/robo_ws/install/nick_bot/share/nick_bot/hook/cmake_prefix_path.dsv'
[0.440s] INFO:colcon.colcon_core.shell:Creating environment hook '/home/john/robo_ws/install/nick_bot/share/nick_bot/hook/cmake_prefix_path.sh'
[0.441s] Level 1:colcon.colcon_core.environment:checking '/home/john/robo_ws/install/nick_bot/bin'
[0.441s] Level 1:colcon.colcon_core.environment:checking '/home/john/robo_ws/install/nick_bot/lib/pkgconfig/nick_bot.pc'
[0.442s] Level 1:colcon.colcon_core.environment:checking '/home/john/robo_ws/install/nick_bot/lib/python3.10/site-packages'
[0.442s] Level 1:colcon.colcon_core.environment:checking '/home/john/robo_ws/install/nick_bot/bin'
[0.443s] INFO:colcon.colcon_core.shell:Creating package script '/home/john/robo_ws/install/nick_bot/share/nick_bot/package.ps1'
[0.444s] INFO:colcon.colcon_core.shell:Creating package descriptor '/home/john/robo_ws/install/nick_bot/share/nick_bot/package.dsv'
[0.444s] INFO:colcon.colcon_core.shell:Creating package script '/home/john/robo_ws/install/nick_bot/share/nick_bot/package.sh'
[0.445s] INFO:colcon.colcon_core.shell:Creating package script '/home/john/robo_ws/install/nick_bot/share/nick_bot/package.bash'
[0.445s] INFO:colcon.colcon_core.shell:Creating package script '/home/john/robo_ws/install/nick_bot/share/nick_bot/package.zsh'
[0.446s] Level 1:colcon.colcon_core.environment:create_file_with_runtime_dependencies(/home/john/robo_ws/install/nick_bot/share/colcon-core/packages/nick_bot)
[0.448s] DEBUG:colcon.colcon_core.event_handler.log_command:Invoking command in '/home/john/robo_ws/build/dynamixel_hardware': CMAKE_PREFIX_PATH=/opt/ros/humble /usr/bin/cmake --install /home/john/robo_ws/build/dynamixel_hardware
[0.450s] DEBUG:colcon.colcon_core.event_handler.log_command:Invoked command in '/home/john/robo_ws/build/gazebo_ros2_control' returned '0': CMAKE_PREFIX_PATH=/opt/ros/humble /usr/bin/cmake --build /home/john/robo_ws/build/gazebo_ros2_control -- -j6 -l6
[0.452s] DEBUG:colcon.colcon_core.event_handler.log_command:Invoking command in '/home/john/robo_ws/build/serial': CMAKE_PREFIX_PATH=/opt/ros/humble /usr/bin/cmake --install /home/john/robo_ws/build/serial
[0.461s] Level 1:colcon.colcon_core.environment:create_environment_scripts_only(serial)
[0.463s] Level 1:colcon.colcon_core.environment:checking '/home/john/robo_ws/install/serial' for CMake module files
[0.463s] DEBUG:colcon.colcon_core.event_handler.log_command:Invoked command in '/home/john/robo_ws/build/serial' returned '0': CMAKE_PREFIX_PATH=/opt/ros/humble /usr/bin/cmake --install /home/john/robo_ws/build/serial
[0.464s] Level 1:colcon.colcon_core.environment:checking '/home/john/robo_ws/install/serial' for CMake config files
[0.464s] Level 1:colcon.colcon_core.shell:create_environment_hook('serial', 'cmake_prefix_path')
[0.465s] INFO:colcon.colcon_core.shell:Creating environment hook '/home/john/robo_ws/install/serial/share/serial/hook/cmake_prefix_path.ps1'
[0.465s] INFO:colcon.colcon_core.shell:Creating environment descriptor '/home/john/robo_ws/install/serial/share/serial/hook/cmake_prefix_path.dsv'
[0.466s] INFO:colcon.colcon_core.shell:Creating environment hook '/home/john/robo_ws/install/serial/share/serial/hook/cmake_prefix_path.sh'
[0.466s] Level 1:colcon.colcon_core.environment:checking '/home/john/robo_ws/install/serial/lib'
[0.466s] Level 1:colcon.colcon_core.environment:checking '/home/john/robo_ws/install/serial/bin'
[0.466s] Level 1:colcon.colcon_core.environment:checking '/home/john/robo_ws/install/serial/lib/pkgconfig/serial.pc'
[0.466s] Level 1:colcon.colcon_core.environment:checking '/home/john/robo_ws/install/serial/lib/python3.10/site-packages'
[0.467s] Level 1:colcon.colcon_core.environment:checking '/home/john/robo_ws/install/serial/bin'
[0.468s] INFO:colcon.colcon_core.shell:Creating package script '/home/john/robo_ws/install/serial/share/serial/package.ps1'
[0.468s] INFO:colcon.colcon_core.shell:Creating package descriptor '/home/john/robo_ws/install/serial/share/serial/package.dsv'
[0.469s] INFO:colcon.colcon_core.shell:Creating package script '/home/john/robo_ws/install/serial/share/serial/package.sh'
[0.469s] INFO:colcon.colcon_core.shell:Creating package script '/home/john/robo_ws/install/serial/share/serial/package.bash'
[0.469s] INFO:colcon.colcon_core.shell:Creating package script '/home/john/robo_ws/install/serial/share/serial/package.zsh'
[0.469s] Level 1:colcon.colcon_core.environment:create_file_with_runtime_dependencies(/home/john/robo_ws/install/serial/share/colcon-core/packages/serial)
[0.470s] Level 1:colcon.colcon_core.environment:create_environment_scripts_only(dynamixel_hardware)
[0.472s] Level 1:colcon.colcon_core.environment:checking '/home/john/robo_ws/install/dynamixel_hardware' for CMake module files
[0.472s] DEBUG:colcon.colcon_core.event_handler.log_command:Invoked command in '/home/john/robo_ws/build/dynamixel_hardware' returned '0': CMAKE_PREFIX_PATH=/opt/ros/humble /usr/bin/cmake --install /home/john/robo_ws/build/dynamixel_hardware
[0.473s] Level 1:colcon.colcon_core.environment:checking '/home/john/robo_ws/install/dynamixel_hardware' for CMake config files
[0.473s] Level 1:colcon.colcon_core.shell:create_environment_hook('dynamixel_hardware', 'cmake_prefix_path')
[0.474s] INFO:colcon.colcon_core.shell:Creating environment hook '/home/john/robo_ws/install/dynamixel_hardware/share/dynamixel_hardware/hook/cmake_prefix_path.ps1'
[0.475s] INFO:colcon.colcon_core.shell:Creating environment descriptor '/home/john/robo_ws/install/dynamixel_hardware/share/dynamixel_hardware/hook/cmake_prefix_path.dsv'
[0.475s] INFO:colcon.colcon_core.shell:Creating environment hook '/home/john/robo_ws/install/dynamixel_hardware/share/dynamixel_hardware/hook/cmake_prefix_path.sh'
[0.475s] Level 1:colcon.colcon_core.environment:checking '/home/john/robo_ws/install/dynamixel_hardware/lib'
[0.475s] Level 1:colcon.colcon_core.shell:create_environment_hook('dynamixel_hardware', 'ld_library_path_lib')
[0.476s] INFO:colcon.colcon_core.shell:Creating environment hook '/home/john/robo_ws/install/dynamixel_hardware/share/dynamixel_hardware/hook/ld_library_path_lib.ps1'
[0.477s] INFO:colcon.colcon_core.shell:Creating environment descriptor '/home/john/robo_ws/install/dynamixel_hardware/share/dynamixel_hardware/hook/ld_library_path_lib.dsv'
[0.477s] INFO:colcon.colcon_core.shell:Creating environment hook '/home/john/robo_ws/install/dynamixel_hardware/share/dynamixel_hardware/hook/ld_library_path_lib.sh'
[0.477s] Level 1:colcon.colcon_core.environment:checking '/home/john/robo_ws/install/dynamixel_hardware/bin'
[0.477s] Level 1:colcon.colcon_core.environment:checking '/home/john/robo_ws/install/dynamixel_hardware/lib/pkgconfig/dynamixel_hardware.pc'
[0.478s] Level 1:colcon.colcon_core.environment:checking '/home/john/robo_ws/install/dynamixel_hardware/lib/python3.10/site-packages'
[0.478s] Level 1:colcon.colcon_core.environment:checking '/home/john/robo_ws/install/dynamixel_hardware/bin'
[0.479s] INFO:colcon.colcon_core.shell:Creating package script '/home/john/robo_ws/install/dynamixel_hardware/share/dynamixel_hardware/package.ps1'
[0.479s] INFO:colcon.colcon_core.shell:Creating package descriptor '/home/john/robo_ws/install/dynamixel_hardware/share/dynamixel_hardware/package.dsv'
[0.479s] INFO:colcon.colcon_core.shell:Creating package script '/home/john/robo_ws/install/dynamixel_hardware/share/dynamixel_hardware/package.sh'
[0.480s] INFO:colcon.colcon_core.shell:Creating package script '/home/john/robo_ws/install/dynamixel_hardware/share/dynamixel_hardware/package.bash'
[0.480s] INFO:colcon.colcon_core.shell:Creating package script '/home/john/robo_ws/install/dynamixel_hardware/share/dynamixel_hardware/package.zsh'
[0.480s] Level 1:colcon.colcon_core.environment:create_file_with_runtime_dependencies(/home/john/robo_ws/install/dynamixel_hardware/share/colcon-core/packages/dynamixel_hardware)
[0.482s] Level 1:colcon.colcon_core.environment:create_environment_scripts_only(nick_bot)
[0.484s] Level 1:colcon.colcon_core.environment:checking '/home/john/robo_ws/install/nick_bot' for CMake module files
[0.484s] Level 1:colcon.colcon_core.environment:checking '/home/john/robo_ws/install/nick_bot' for CMake config files
[0.484s] Level 1:colcon.colcon_core.shell:create_environment_hook('nick_bot', 'cmake_prefix_path')
[0.485s] INFO:colcon.colcon_core.shell:Creating environment hook '/home/john/robo_ws/install/nick_bot/share/nick_bot/hook/cmake_prefix_path.ps1'
[0.486s] INFO:colcon.colcon_core.shell:Creating environment descriptor '/home/john/robo_ws/install/nick_bot/share/nick_bot/hook/cmake_prefix_path.dsv'
[0.486s] INFO:colcon.colcon_core.shell:Creating environment hook '/home/john/robo_ws/install/nick_bot/share/nick_bot/hook/cmake_prefix_path.sh'
[0.486s] Level 1:colcon.colcon_core.environment:checking '/home/john/robo_ws/install/nick_bot/bin'
[0.486s] Level 1:colcon.colcon_core.environment:checking '/home/john/robo_ws/install/nick_bot/lib/pkgconfig/nick_bot.pc'
[0.487s] Level 1:colcon.colcon_core.environment:checking '/home/john/robo_ws/install/nick_bot/lib/python3.10/site-packages'
[0.487s] Level 1:colcon.colcon_core.environment:checking '/home/john/robo_ws/install/nick_bot/bin'
[0.488s] INFO:colcon.colcon_core.shell:Creating package script '/home/john/robo_ws/install/nick_bot/share/nick_bot/package.ps1'
[0.488s] INFO:colcon.colcon_core.shell:Creating package descriptor '/home/john/robo_ws/install/nick_bot/share/nick_bot/package.dsv'
[0.489s] INFO:colcon.colcon_core.shell:Creating package script '/home/john/robo_ws/install/nick_bot/share/nick_bot/package.sh'
[0.489s] INFO:colcon.colcon_core.shell:Creating package script '/home/john/robo_ws/install/nick_bot/share/nick_bot/package.bash'
[0.489s] INFO:colcon.colcon_core.shell:Creating package script '/home/john/robo_ws/install/nick_bot/share/nick_bot/package.zsh'
[0.490s] Level 1:colcon.colcon_core.environment:create_file_with_runtime_dependencies(/home/john/robo_ws/install/nick_bot/share/colcon-core/packages/nick_bot)
[0.490s] INFO:colcon.colcon_ros.task.ament_cmake.build:Building ROS package in '/home/john/robo_ws/src/nick_bot_moveit_config' with build type 'ament_cmake'
[0.490s] INFO:colcon.colcon_cmake.task.cmake.build:Building CMake package in '/home/john/robo_ws/src/nick_bot_moveit_config'
[0.491s] INFO:colcon.colcon_core.shell:Skip shell extension 'powershell' for command environment: Not usable outside of PowerShell
[0.491s] DEBUG:colcon.colcon_core.shell:Skip shell extension 'dsv' for command environment
[0.495s] DEBUG:colcon.colcon_core.event_handler.log_command:Invoking command in '/home/john/robo_ws/build/gazebo_ros2_control': CMAKE_PREFIX_PATH=/opt/ros/humble /usr/bin/cmake --install /home/john/robo_ws/build/gazebo_ros2_control
[0.498s] Level 1:colcon.colcon_core.environment:create_environment_scripts_only(serial)
[0.499s] Level 1:colcon.colcon_core.environment:checking '/home/john/robo_ws/install/serial' for CMake module files
[0.500s] Level 1:colcon.colcon_core.environment:checking '/home/john/robo_ws/install/serial' for CMake config files
[0.500s] Level 1:colcon.colcon_core.shell:create_environment_hook('serial', 'cmake_prefix_path')
[0.501s] INFO:colcon.colcon_core.shell:Creating environment hook '/home/john/robo_ws/install/serial/share/serial/hook/cmake_prefix_path.ps1'
[0.501s] INFO:colcon.colcon_core.shell:Creating environment descriptor '/home/john/robo_ws/install/serial/share/serial/hook/cmake_prefix_path.dsv'
[0.502s] INFO:colcon.colcon_core.shell:Creating environment hook '/home/john/robo_ws/install/serial/share/serial/hook/cmake_prefix_path.sh'
[0.502s] Level 1:colcon.colcon_core.environment:checking '/home/john/robo_ws/install/serial/lib'
[0.502s] Level 1:colcon.colcon_core.environment:checking '/home/john/robo_ws/install/serial/bin'
[0.502s] Level 1:colcon.colcon_core.environment:checking '/home/john/robo_ws/install/serial/lib/pkgconfig/serial.pc'
[0.503s] Level 1:colcon.colcon_core.environment:checking '/home/john/robo_ws/install/serial/lib/python3.10/site-packages'
[0.503s] Level 1:colcon.colcon_core.environment:checking '/home/john/robo_ws/install/serial/bin'
[0.504s] INFO:colcon.colcon_core.shell:Creating package script '/home/john/robo_ws/install/serial/share/serial/package.ps1'
[0.505s] INFO:colcon.colcon_core.shell:Creating package descriptor '/home/john/robo_ws/install/serial/share/serial/package.dsv'
[0.506s] INFO:colcon.colcon_core.shell:Creating package script '/home/john/robo_ws/install/serial/share/serial/package.sh'
[0.506s] INFO:colcon.colcon_core.shell:Creating package script '/home/john/robo_ws/install/serial/share/serial/package.bash'
[0.507s] INFO:colcon.colcon_core.shell:Creating package script '/home/john/robo_ws/install/serial/share/serial/package.zsh'
[0.507s] Level 1:colcon.colcon_core.environment:create_file_with_runtime_dependencies(/home/john/robo_ws/install/serial/share/colcon-core/packages/serial)
[0.510s] INFO:colcon.colcon_ros.task.ament_cmake.build:Building ROS package in '/home/john/robo_ws/src/stepper_interface' with build type 'ament_cmake'
[0.510s] INFO:colcon.colcon_cmake.task.cmake.build:Building CMake package in '/home/john/robo_ws/src/stepper_interface'
[0.511s] INFO:colcon.colcon_core.shell:Skip shell extension 'powershell' for command environment: Not usable outside of PowerShell
[0.511s] DEBUG:colcon.colcon_core.shell:Skip shell extension 'dsv' for command environment
[0.514s] DEBUG:colcon.colcon_core.event_handler.log_command:Invoking command in '/home/john/robo_ws/build/nick_bot_moveit_config': AMENT_PREFIX_PATH=/home/john/robo_ws/install/nick_bot:${AMENT_PREFIX_PATH} CMAKE_PREFIX_PATH=/home/john/robo_ws/install/nick_bot:/opt/ros/humble /usr/bin/cmake --build /home/john/robo_ws/build/nick_bot_moveit_config -- -j6 -l6
[0.515s] Level 1:colcon.colcon_core.environment:create_environment_scripts_only(gazebo_ros2_control)
[0.517s] Level 1:colcon.colcon_core.environment:checking '/home/john/robo_ws/install/gazebo_ros2_control' for CMake module files
[0.518s] DEBUG:colcon.colcon_core.event_handler.log_command:Invoked command in '/home/john/robo_ws/build/gazebo_ros2_control' returned '0': CMAKE_PREFIX_PATH=/opt/ros/humble /usr/bin/cmake --install /home/john/robo_ws/build/gazebo_ros2_control
[0.518s] Level 1:colcon.colcon_core.environment:checking '/home/john/robo_ws/install/gazebo_ros2_control' for CMake config files
[0.518s] Level 1:colcon.colcon_core.shell:create_environment_hook('gazebo_ros2_control', 'cmake_prefix_path')
[0.519s] INFO:colcon.colcon_core.shell:Creating environment hook '/home/john/robo_ws/install/gazebo_ros2_control/share/gazebo_ros2_control/hook/cmake_prefix_path.ps1'
[0.520s] INFO:colcon.colcon_core.shell:Creating environment descriptor '/home/john/robo_ws/install/gazebo_ros2_control/share/gazebo_ros2_control/hook/cmake_prefix_path.dsv'
[0.520s] INFO:colcon.colcon_core.shell:Creating environment hook '/home/john/robo_ws/install/gazebo_ros2_control/share/gazebo_ros2_control/hook/cmake_prefix_path.sh'
[0.520s] Level 1:colcon.colcon_core.environment:checking '/home/john/robo_ws/install/gazebo_ros2_control/lib'
[0.520s] Level 1:colcon.colcon_core.shell:create_environment_hook('gazebo_ros2_control', 'ld_library_path_lib')
[0.522s] INFO:colcon.colcon_core.shell:Creating environment hook '/home/john/robo_ws/install/gazebo_ros2_control/share/gazebo_ros2_control/hook/ld_library_path_lib.ps1'
[0.522s] INFO:colcon.colcon_core.shell:Creating environment descriptor '/home/john/robo_ws/install/gazebo_ros2_control/share/gazebo_ros2_control/hook/ld_library_path_lib.dsv'
[0.522s] INFO:colcon.colcon_core.shell:Creating environment hook '/home/john/robo_ws/install/gazebo_ros2_control/share/gazebo_ros2_control/hook/ld_library_path_lib.sh'
[0.522s] Level 1:colcon.colcon_core.environment:checking '/home/john/robo_ws/install/gazebo_ros2_control/bin'
[0.522s] Level 1:colcon.colcon_core.environment:checking '/home/john/robo_ws/install/gazebo_ros2_control/lib/pkgconfig/gazebo_ros2_control.pc'
[0.523s] Level 1:colcon.colcon_core.environment:checking '/home/john/robo_ws/install/gazebo_ros2_control/lib/python3.10/site-packages'
[0.523s] Level 1:colcon.colcon_core.environment:checking '/home/john/robo_ws/install/gazebo_ros2_control/bin'
[0.524s] INFO:colcon.colcon_core.shell:Creating package script '/home/john/robo_ws/install/gazebo_ros2_control/share/gazebo_ros2_control/package.ps1'
[0.524s] INFO:colcon.colcon_core.shell:Creating package descriptor '/home/john/robo_ws/install/gazebo_ros2_control/share/gazebo_ros2_control/package.dsv'
[0.525s] INFO:colcon.colcon_core.shell:Creating package script '/home/john/robo_ws/install/gazebo_ros2_control/share/gazebo_ros2_control/package.sh'
[0.525s] INFO:colcon.colcon_core.shell:Creating package script '/home/john/robo_ws/install/gazebo_ros2_control/share/gazebo_ros2_control/package.bash'
[0.525s] INFO:colcon.colcon_core.shell:Creating package script '/home/john/robo_ws/install/gazebo_ros2_control/share/gazebo_ros2_control/package.zsh'
[0.525s] Level 1:colcon.colcon_core.environment:create_file_with_runtime_dependencies(/home/john/robo_ws/install/gazebo_ros2_control/share/colcon-core/packages/gazebo_ros2_control)
[0.528s] Level 1:colcon.colcon_core.environment:create_environment_scripts_only(dynamixel_hardware)
[0.529s] Level 1:colcon.colcon_core.environment:checking '/home/john/robo_ws/install/dynamixel_hardware' for CMake module files
[0.529s] Level 1:colcon.colcon_core.environment:checking '/home/john/robo_ws/install/dynamixel_hardware' for CMake config files
[0.530s] Level 1:colcon.colcon_core.shell:create_environment_hook('dynamixel_hardware', 'cmake_prefix_path')
[0.531s] INFO:colcon.colcon_core.shell:Creating environment hook '/home/john/robo_ws/install/dynamixel_hardware/share/dynamixel_hardware/hook/cmake_prefix_path.ps1'
[0.531s] INFO:colcon.colcon_core.shell:Creating environment descriptor '/home/john/robo_ws/install/dynamixel_hardware/share/dynamixel_hardware/hook/cmake_prefix_path.dsv'
[0.532s] INFO:colcon.colcon_core.shell:Creating environment hook '/home/john/robo_ws/install/dynamixel_hardware/share/dynamixel_hardware/hook/cmake_prefix_path.sh'
[0.532s] Level 1:colcon.colcon_core.environment:checking '/home/john/robo_ws/install/dynamixel_hardware/lib'
[0.532s] Level 1:colcon.colcon_core.shell:create_environment_hook('dynamixel_hardware', 'ld_library_path_lib')
[0.533s] INFO:colcon.colcon_core.shell:Creating environment hook '/home/john/robo_ws/install/dynamixel_hardware/share/dynamixel_hardware/hook/ld_library_path_lib.ps1'
[0.534s] INFO:colcon.colcon_core.shell:Creating environment descriptor '/home/john/robo_ws/install/dynamixel_hardware/share/dynamixel_hardware/hook/ld_library_path_lib.dsv'
[0.534s] INFO:colcon.colcon_core.shell:Creating environment hook '/home/john/robo_ws/install/dynamixel_hardware/share/dynamixel_hardware/hook/ld_library_path_lib.sh'
[0.534s] Level 1:colcon.colcon_core.environment:checking '/home/john/robo_ws/install/dynamixel_hardware/bin'
[0.534s] Level 1:colcon.colcon_core.environment:checking '/home/john/robo_ws/install/dynamixel_hardware/lib/pkgconfig/dynamixel_hardware.pc'
[0.535s] Level 1:colcon.colcon_core.environment:checking '/home/john/robo_ws/install/dynamixel_hardware/lib/python3.10/site-packages'
[0.535s] Level 1:colcon.colcon_core.environment:checking '/home/john/robo_ws/install/dynamixel_hardware/bin'
[0.536s] INFO:colcon.colcon_core.shell:Creating package script '/home/john/robo_ws/install/dynamixel_hardware/share/dynamixel_hardware/package.ps1'
[0.537s] INFO:colcon.colcon_core.shell:Creating package descriptor '/home/john/robo_ws/install/dynamixel_hardware/share/dynamixel_hardware/package.dsv'
[0.537s] INFO:colcon.colcon_core.shell:Creating package script '/home/john/robo_ws/install/dynamixel_hardware/share/dynamixel_hardware/package.sh'
[0.537s] INFO:colcon.colcon_core.shell:Creating package script '/home/john/robo_ws/install/dynamixel_hardware/share/dynamixel_hardware/package.bash'
[0.538s] INFO:colcon.colcon_core.shell:Creating package script '/home/john/robo_ws/install/dynamixel_hardware/share/dynamixel_hardware/package.zsh'
[0.538s] Level 1:colcon.colcon_core.environment:create_file_with_runtime_dependencies(/home/john/robo_ws/install/dynamixel_hardware/share/colcon-core/packages/dynamixel_hardware)
[0.542s] DEBUG:colcon.colcon_core.event_handler.log_command:Invoking command in '/home/john/robo_ws/build/stepper_interface': AMENT_PREFIX_PATH=/home/john/robo_ws/install/serial:${AMENT_PREFIX_PATH} CMAKE_PREFIX_PATH=/opt/ros/humble:/home/john/robo_ws/install/serial LD_LIBRARY_PATH=/home/john/robo_ws/install/serial/lib:${LD_LIBRARY_PATH} /usr/bin/cmake --build /home/john/robo_ws/build/stepper_interface -- -j6 -l6
[0.542s] DEBUG:colcon.colcon_core.event_handler.log_command:Invoked command in '/home/john/robo_ws/build/nick_bot_moveit_config' returned '0': AMENT_PREFIX_PATH=/home/john/robo_ws/install/nick_bot:${AMENT_PREFIX_PATH} CMAKE_PREFIX_PATH=/home/john/robo_ws/install/nick_bot:/opt/ros/humble /usr/bin/cmake --build /home/john/robo_ws/build/nick_bot_moveit_config -- -j6 -l6
[0.550s] Level 1:colcon.colcon_core.environment:create_environment_scripts_only(gazebo_ros2_control)
[0.552s] Level 1:colcon.colcon_core.environment:checking '/home/john/robo_ws/install/gazebo_ros2_control' for CMake module files
[0.552s] Level 1:colcon.colcon_core.environment:checking '/home/john/robo_ws/install/gazebo_ros2_control' for CMake config files
[0.552s] Level 1:colcon.colcon_core.shell:create_environment_hook('gazebo_ros2_control', 'cmake_prefix_path')
[0.554s] INFO:colcon.colcon_core.shell:Creating environment hook '/home/john/robo_ws/install/gazebo_ros2_control/share/gazebo_ros2_control/hook/cmake_prefix_path.ps1'
[0.554s] INFO:colcon.colcon_core.shell:Creating environment descriptor '/home/john/robo_ws/install/gazebo_ros2_control/share/gazebo_ros2_control/hook/cmake_prefix_path.dsv'
[0.554s] INFO:colcon.colcon_core.shell:Creating environment hook '/home/john/robo_ws/install/gazebo_ros2_control/share/gazebo_ros2_control/hook/cmake_prefix_path.sh'
[0.555s] Level 1:colcon.colcon_core.environment:checking '/home/john/robo_ws/install/gazebo_ros2_control/lib'
[0.555s] Level 1:colcon.colcon_core.shell:create_environment_hook('gazebo_ros2_control', 'ld_library_path_lib')
[0.556s] INFO:colcon.colcon_core.shell:Creating environment hook '/home/john/robo_ws/install/gazebo_ros2_control/share/gazebo_ros2_control/hook/ld_library_path_lib.ps1'
[0.556s] INFO:colcon.colcon_core.shell:Creating environment descriptor '/home/john/robo_ws/install/gazebo_ros2_control/share/gazebo_ros2_control/hook/ld_library_path_lib.dsv'
[0.557s] INFO:colcon.colcon_core.shell:Creating environment hook '/home/john/robo_ws/install/gazebo_ros2_control/share/gazebo_ros2_control/hook/ld_library_path_lib.sh'
[0.557s] Level 1:colcon.colcon_core.environment:checking '/home/john/robo_ws/install/gazebo_ros2_control/bin'
[0.557s] Level 1:colcon.colcon_core.environment:checking '/home/john/robo_ws/install/gazebo_ros2_control/lib/pkgconfig/gazebo_ros2_control.pc'
[0.557s] Level 1:colcon.colcon_core.environment:checking '/home/john/robo_ws/install/gazebo_ros2_control/lib/python3.10/site-packages'
[0.557s] Level 1:colcon.colcon_core.environment:checking '/home/john/robo_ws/install/gazebo_ros2_control/bin'
[0.559s] INFO:colcon.colcon_core.shell:Creating package script '/home/john/robo_ws/install/gazebo_ros2_control/share/gazebo_ros2_control/package.ps1'
[0.559s] INFO:colcon.colcon_core.shell:Creating package descriptor '/home/john/robo_ws/install/gazebo_ros2_control/share/gazebo_ros2_control/package.dsv'
[0.560s] INFO:colcon.colcon_core.shell:Creating package script '/home/john/robo_ws/install/gazebo_ros2_control/share/gazebo_ros2_control/package.sh'
[0.560s] INFO:colcon.colcon_core.shell:Creating package script '/home/john/robo_ws/install/gazebo_ros2_control/share/gazebo_ros2_control/package.bash'
[0.560s] INFO:colcon.colcon_core.shell:Creating package script '/home/john/robo_ws/install/gazebo_ros2_control/share/gazebo_ros2_control/package.zsh'
[0.560s] Level 1:colcon.colcon_core.environment:create_file_with_runtime_dependencies(/home/john/robo_ws/install/gazebo_ros2_control/share/colcon-core/packages/gazebo_ros2_control)
[0.563s] DEBUG:colcon.colcon_core.event_handler.log_command:Invoking command in '/home/john/robo_ws/build/nick_bot_moveit_config': AMENT_PREFIX_PATH=/home/john/robo_ws/install/nick_bot:${AMENT_PREFIX_PATH} CMAKE_PREFIX_PATH=/home/john/robo_ws/install/nick_bot:/opt/ros/humble /usr/bin/cmake --install /home/john/robo_ws/build/nick_bot_moveit_config
[0.571s] Level 1:colcon.colcon_core.environment:create_environment_scripts_only(nick_bot_moveit_config)
[0.572s] Level 1:colcon.colcon_core.environment:checking '/home/john/robo_ws/install/nick_bot_moveit_config' for CMake module files
[0.573s] Level 1:colcon.colcon_core.environment:checking '/home/john/robo_ws/install/nick_bot_moveit_config' for CMake config files
[0.574s] Level 1:colcon.colcon_core.shell:create_environment_hook('nick_bot_moveit_config', 'cmake_prefix_path')
[0.575s] INFO:colcon.colcon_core.shell:Creating environment hook '/home/john/robo_ws/install/nick_bot_moveit_config/share/nick_bot_moveit_config/hook/cmake_prefix_path.ps1'
[0.575s] INFO:colcon.colcon_core.shell:Creating environment descriptor '/home/john/robo_ws/install/nick_bot_moveit_config/share/nick_bot_moveit_config/hook/cmake_prefix_path.dsv'
[0.575s] DEBUG:colcon.colcon_core.event_handler.log_command:Invoked command in '/home/john/robo_ws/build/nick_bot_moveit_config' returned '0': AMENT_PREFIX_PATH=/home/john/robo_ws/install/nick_bot:${AMENT_PREFIX_PATH} CMAKE_PREFIX_PATH=/home/john/robo_ws/install/nick_bot:/opt/ros/humble /usr/bin/cmake --install /home/john/robo_ws/build/nick_bot_moveit_config
[0.576s] INFO:colcon.colcon_core.shell:Creating environment hook '/home/john/robo_ws/install/nick_bot_moveit_config/share/nick_bot_moveit_config/hook/cmake_prefix_path.sh'
[0.576s] Level 1:colcon.colcon_core.environment:checking '/home/john/robo_ws/install/nick_bot_moveit_config/bin'
[0.576s] Level 1:colcon.colcon_core.environment:checking '/home/john/robo_ws/install/nick_bot_moveit_config/lib/pkgconfig/nick_bot_moveit_config.pc'
[0.576s] Level 1:colcon.colcon_core.environment:checking '/home/john/robo_ws/install/nick_bot_moveit_config/lib/python3.10/site-packages'
[0.577s] Level 1:colcon.colcon_core.environment:checking '/home/john/robo_ws/install/nick_bot_moveit_config/bin'
[0.578s] INFO:colcon.colcon_core.shell:Creating package script '/home/john/robo_ws/install/nick_bot_moveit_config/share/nick_bot_moveit_config/package.ps1'
[0.578s] INFO:colcon.colcon_core.shell:Creating package descriptor '/home/john/robo_ws/install/nick_bot_moveit_config/share/nick_bot_moveit_config/package.dsv'
[0.578s] INFO:colcon.colcon_core.shell:Creating package script '/home/john/robo_ws/install/nick_bot_moveit_config/share/nick_bot_moveit_config/package.sh'
[0.579s] INFO:colcon.colcon_core.shell:Creating package script '/home/john/robo_ws/install/nick_bot_moveit_config/share/nick_bot_moveit_config/package.bash'
[0.579s] INFO:colcon.colcon_core.shell:Creating package script '/home/john/robo_ws/install/nick_bot_moveit_config/share/nick_bot_moveit_config/package.zsh'
[0.579s] Level 1:colcon.colcon_core.environment:create_file_with_runtime_dependencies(/home/john/robo_ws/install/nick_bot_moveit_config/share/colcon-core/packages/nick_bot_moveit_config)
[0.598s] Level 1:colcon.colcon_core.environment:create_environment_scripts_only(nick_bot_moveit_config)
[0.599s] Level 1:colcon.colcon_core.environment:checking '/home/john/robo_ws/install/nick_bot_moveit_config' for CMake module files
[0.599s] Level 1:colcon.colcon_core.environment:checking '/home/john/robo_ws/install/nick_bot_moveit_config' for CMake config files
[0.600s] Level 1:colcon.colcon_core.shell:create_environment_hook('nick_bot_moveit_config', 'cmake_prefix_path')
[0.601s] INFO:colcon.colcon_core.shell:Creating environment hook '/home/john/robo_ws/install/nick_bot_moveit_config/share/nick_bot_moveit_config/hook/cmake_prefix_path.ps1'
[0.601s] INFO:colcon.colcon_core.shell:Creating environment descriptor '/home/john/robo_ws/install/nick_bot_moveit_config/share/nick_bot_moveit_config/hook/cmake_prefix_path.dsv'
[0.601s] INFO:colcon.colcon_core.shell:Creating environment hook '/home/john/robo_ws/install/nick_bot_moveit_config/share/nick_bot_moveit_config/hook/cmake_prefix_path.sh'
[0.602s] Level 1:colcon.colcon_core.environment:checking '/home/john/robo_ws/install/nick_bot_moveit_config/bin'
[0.602s] Level 1:colcon.colcon_core.environment:checking '/home/john/robo_ws/install/nick_bot_moveit_config/lib/pkgconfig/nick_bot_moveit_config.pc'
[0.602s] Level 1:colcon.colcon_core.environment:checking '/home/john/robo_ws/install/nick_bot_moveit_config/lib/python3.10/site-packages'
[0.602s] Level 1:colcon.colcon_core.environment:checking '/home/john/robo_ws/install/nick_bot_moveit_config/bin'
[0.603s] INFO:colcon.colcon_core.shell:Creating package script '/home/john/robo_ws/install/nick_bot_moveit_config/share/nick_bot_moveit_config/package.ps1'
[0.603s] INFO:colcon.colcon_core.shell:Creating package descriptor '/home/john/robo_ws/install/nick_bot_moveit_config/share/nick_bot_moveit_config/package.dsv'
[0.604s] INFO:colcon.colcon_core.shell:Creating package script '/home/john/robo_ws/install/nick_bot_moveit_config/share/nick_bot_moveit_config/package.sh'
[0.604s] INFO:colcon.colcon_core.shell:Creating package script '/home/john/robo_ws/install/nick_bot_moveit_config/share/nick_bot_moveit_config/package.bash'
[0.604s] INFO:colcon.colcon_core.shell:Creating package script '/home/john/robo_ws/install/nick_bot_moveit_config/share/nick_bot_moveit_config/package.zsh'
[0.605s] Level 1:colcon.colcon_core.environment:create_file_with_runtime_dependencies(/home/john/robo_ws/install/nick_bot_moveit_config/share/colcon-core/packages/nick_bot_moveit_config)
[5.502s] DEBUG:colcon.colcon_core.event_handler.log_command:Invoked command in '/home/john/robo_ws/build/stepper_interface' returned '2': AMENT_PREFIX_PATH=/home/john/robo_ws/install/serial:${AMENT_PREFIX_PATH} CMAKE_PREFIX_PATH=/opt/ros/humble:/home/john/robo_ws/install/serial LD_LIBRARY_PATH=/home/john/robo_ws/install/serial/lib:${LD_LIBRARY_PATH} /usr/bin/cmake --build /home/john/robo_ws/build/stepper_interface -- -j6 -l6
[5.522s] Level 1:colcon.colcon_core.environment:create_environment_scripts_only(stepper_interface)
[5.524s] Level 1:colcon.colcon_core.environment:checking '/home/john/robo_ws/install/stepper_interface' for CMake module files
[5.524s] Level 1:colcon.colcon_core.environment:checking '/home/john/robo_ws/install/stepper_interface' for CMake config files
[5.524s] Level 1:colcon.colcon_core.environment:checking '/home/john/robo_ws/install/stepper_interface/bin'
[5.524s] Level 1:colcon.colcon_core.environment:checking '/home/john/robo_ws/install/stepper_interface/lib/pkgconfig/stepper_interface.pc'
[5.524s] Level 1:colcon.colcon_core.environment:checking '/home/john/robo_ws/install/stepper_interface/lib/python3.10/site-packages'
[5.525s] Level 1:colcon.colcon_core.environment:checking '/home/john/robo_ws/install/stepper_interface/bin'
[5.525s] INFO:colcon.colcon_core.shell:Creating package script '/home/john/robo_ws/install/stepper_interface/share/stepper_interface/package.ps1'
[5.526s] INFO:colcon.colcon_core.shell:Creating package descriptor '/home/john/robo_ws/install/stepper_interface/share/stepper_interface/package.dsv'
[5.526s] INFO:colcon.colcon_core.shell:Creating package script '/home/john/robo_ws/install/stepper_interface/share/stepper_interface/package.sh'
[5.527s] INFO:colcon.colcon_core.shell:Creating package script '/home/john/robo_ws/install/stepper_interface/share/stepper_interface/package.bash'
[5.527s] INFO:colcon.colcon_core.shell:Creating package script '/home/john/robo_ws/install/stepper_interface/share/stepper_interface/package.zsh'
[5.527s] Level 1:colcon.colcon_core.environment:create_file_with_runtime_dependencies(/home/john/robo_ws/install/stepper_interface/share/colcon-core/packages/stepper_interface)
[5.538s] DEBUG:colcon.colcon_parallel_executor.executor.parallel:closing loop
[5.538s] DEBUG:colcon.colcon_parallel_executor.executor.parallel:loop closed
[5.538s] DEBUG:colcon.colcon_parallel_executor.executor.parallel:run_until_complete finished with '2'
[5.538s] DEBUG:colcon.colcon_core.event_reactor:joining thread
[5.542s] INFO:colcon.colcon_core.plugin_system:Skipping extension 'colcon_notification.desktop_notification.terminal_notifier': Not used on non-Darwin systems
[5.543s] INFO:colcon.colcon_core.plugin_system:Skipping extension 'colcon_notification.desktop_notification.win32': Not used on non-Windows systems
[5.543s] INFO:colcon.colcon_notification.desktop_notification:Sending desktop notification using 'notify2'
[5.552s] DEBUG:colcon.colcon_core.event_reactor:joined thread
[5.553s] INFO:colcon.colcon_core.shell:Creating prefix script '/home/john/robo_ws/install/local_setup.ps1'
[5.554s] INFO:colcon.colcon_core.shell:Creating prefix util module '/home/john/robo_ws/install/_local_setup_util_ps1.py'
[5.555s] INFO:colcon.colcon_core.shell:Creating prefix chain script '/home/john/robo_ws/install/setup.ps1'
[5.556s] INFO:colcon.colcon_core.shell:Creating prefix script '/home/john/robo_ws/install/local_setup.sh'
[5.557s] INFO:colcon.colcon_core.shell:Creating prefix util module '/home/john/robo_ws/install/_local_setup_util_sh.py'
[5.557s] INFO:colcon.colcon_core.shell:Creating prefix chain script '/home/john/robo_ws/install/setup.sh'
[5.558s] INFO:colcon.colcon_core.shell:Creating prefix script '/home/john/robo_ws/install/local_setup.bash'
[5.559s] INFO:colcon.colcon_core.shell:Creating prefix chain script '/home/john/robo_ws/install/setup.bash'
[5.560s] INFO:colcon.colcon_core.shell:Creating prefix script '/home/john/robo_ws/install/local_setup.zsh'
[5.560s] INFO:colcon.colcon_core.shell:Creating prefix chain script '/home/john/robo_ws/install/setup.zsh'
