[0.022s] Invoking command in '/home/john/robo_ws/build/serial': CMAKE_PREFIX_PATH=/home/john/robo_ws/install/stepper_interface:/opt/ros/humble:/home/john/robo_ws/install/serial:/home/john/robo_ws/install/nick_bot_moveit_config:/home/john/robo_ws/install/nick_bot:/home/john/robo_ws/install/gazebo_ros2_control:/home/john/robo_ws/install/dynamixel_hardware /usr/bin/cmake /home/john/robo_ws/src/serial -DAMENT_CMAKE_SYMLINK_INSTALL=1 -DCMAKE_INSTALL_PREFIX=/home/john/robo_ws/install/serial
[0.046s] -- Found ament_cmake: 1.3.3 (/opt/ros/humble/share/ament_cmake/cmake)
[0.180s] -- Override CMake install command with custom implementation using symlinks instead of copying resources
[0.257s] -- Configuring done
[0.263s] -- Generating done
[0.264s] -- Build files have been written to: /home/john/robo_ws/build/serial
[0.266s] Invoked command in '/home/john/robo_ws/build/serial' returned '0': CMAKE_PREFIX_PATH=/home/john/robo_ws/install/stepper_interface:/opt/ros/humble:/home/john/robo_ws/install/serial:/home/john/robo_ws/install/nick_bot_moveit_config:/home/john/robo_ws/install/nick_bot:/home/john/robo_ws/install/gazebo_ros2_control:/home/john/robo_ws/install/dynamixel_hardware /usr/bin/cmake /home/john/robo_ws/src/serial -DAMENT_CMAKE_SYMLINK_INSTALL=1 -DCMAKE_INSTALL_PREFIX=/home/john/robo_ws/install/serial
[0.267s] Invoking command in '/home/john/robo_ws/build/serial': CMAKE_PREFIX_PATH=/home/john/robo_ws/install/stepper_interface:/opt/ros/humble:/home/john/robo_ws/install/serial:/home/john/robo_ws/install/nick_bot_moveit_config:/home/john/robo_ws/install/nick_bot:/home/john/robo_ws/install/gazebo_ros2_control:/home/john/robo_ws/install/dynamixel_hardware /usr/bin/cmake --build /home/john/robo_ws/build/serial -- -j6 -l6
[0.298s] [35m[1mConsolidate compiler generated dependencies of target serial[0m
[0.315s] [100%] Built target serial
[0.332s] Invoked command in '/home/john/robo_ws/build/serial' returned '0': CMAKE_PREFIX_PATH=/home/john/robo_ws/install/stepper_interface:/opt/ros/humble:/home/john/robo_ws/install/serial:/home/john/robo_ws/install/nick_bot_moveit_config:/home/john/robo_ws/install/nick_bot:/home/john/robo_ws/install/gazebo_ros2_control:/home/john/robo_ws/install/dynamixel_hardware /usr/bin/cmake --build /home/john/robo_ws/build/serial -- -j6 -l6
[0.371s] Invoking command in '/home/john/robo_ws/build/serial': CMAKE_PREFIX_PATH=/home/john/robo_ws/install/stepper_interface:/opt/ros/humble:/home/john/robo_ws/install/serial:/home/john/robo_ws/install/nick_bot_moveit_config:/home/john/robo_ws/install/nick_bot:/home/john/robo_ws/install/gazebo_ros2_control:/home/john/robo_ws/install/dynamixel_hardware /usr/bin/cmake --install /home/john/robo_ws/build/serial
[0.377s] -- Install configuration: ""
[0.377s] -- Execute custom install script
[0.377s] -- Up-to-date symlink: /home/john/robo_ws/install/serial/lib/libserial.so
[0.378s] -- Up-to-date symlink: /home/john/robo_ws/install/serial/include//serial/impl/unix.h
[0.379s] -- Up-to-date symlink: /home/john/robo_ws/install/serial/include//serial/impl/win.h
[0.379s] -- Up-to-date symlink: /home/john/robo_ws/install/serial/include//serial/serial.h
[0.379s] -- Up-to-date symlink: /home/john/robo_ws/install/serial/include//serial/v8stdint.h
[0.379s] -- Up-to-date symlink: /home/john/robo_ws/install/serial/share/serial/environment/library_path.sh
[0.379s] -- Up-to-date symlink: /home/john/robo_ws/install/serial/share/serial/environment/library_path.dsv
[0.379s] -- Up-to-date symlink: /home/john/robo_ws/install/serial/share/ament_index/resource_index/package_run_dependencies/serial
[0.379s] -- Up-to-date symlink: /home/john/robo_ws/install/serial/share/ament_index/resource_index/parent_prefix_path/serial
[0.379s] -- Up-to-date symlink: /home/john/robo_ws/install/serial/share/serial/environment/ament_prefix_path.sh
[0.380s] -- Up-to-date symlink: /home/john/robo_ws/install/serial/share/serial/environment/ament_prefix_path.dsv
[0.380s] -- Up-to-date symlink: /home/john/robo_ws/install/serial/share/serial/environment/path.sh
[0.380s] -- Up-to-date symlink: /home/john/robo_ws/install/serial/share/serial/environment/path.dsv
[0.380s] -- Up-to-date symlink: /home/john/robo_ws/install/serial/share/serial/local_setup.bash
[0.380s] -- Up-to-date symlink: /home/john/robo_ws/install/serial/share/serial/local_setup.sh
[0.381s] -- Up-to-date symlink: /home/john/robo_ws/install/serial/share/serial/local_setup.zsh
[0.381s] -- Up-to-date symlink: /home/john/robo_ws/install/serial/share/serial/local_setup.dsv
[0.381s] -- Symlinking: /home/john/robo_ws/install/serial/share/serial/package.dsv
[0.388s] -- Up-to-date symlink: /home/john/robo_ws/install/serial/share/ament_index/resource_index/packages/serial
[0.388s] -- Up-to-date symlink: /home/john/robo_ws/install/serial/share/serial/cmake/ament_cmake_export_include_directories-extras.cmake
[0.389s] -- Up-to-date symlink: /home/john/robo_ws/install/serial/share/serial/cmake/ament_cmake_export_libraries-extras.cmake
[0.389s] -- Up-to-date symlink: /home/john/robo_ws/install/serial/share/serial/cmake/serialConfig.cmake
[0.390s] -- Up-to-date symlink: /home/john/robo_ws/install/serial/share/serial/cmake/serialConfig-version.cmake
[0.393s] -- Up-to-date symlink: /home/john/robo_ws/install/serial/share/serial/package.xml
[0.407s] Invoked command in '/home/john/robo_ws/build/serial' returned '0': CMAKE_PREFIX_PATH=/home/john/robo_ws/install/stepper_interface:/opt/ros/humble:/home/john/robo_ws/install/serial:/home/john/robo_ws/install/nick_bot_moveit_config:/home/john/robo_ws/install/nick_bot:/home/john/robo_ws/install/gazebo_ros2_control:/home/john/robo_ws/install/dynamixel_hardware /usr/bin/cmake --install /home/john/robo_ws/build/serial
