[0.019s] Invoking command in '/home/john/robo_ws/build/gazebo_ros2_control': CMAKE_PREFIX_PATH=/home/john/robo_ws/install/stepper_interface:/opt/ros/humble:/home/john/robo_ws/install/serial:/home/john/robo_ws/install/nick_bot_moveit_config:/home/john/robo_ws/install/nick_bot:/home/john/robo_ws/install/gazebo_ros2_control:/home/john/robo_ws/install/dynamixel_hardware /usr/bin/cmake --build /home/john/robo_ws/build/gazebo_ros2_control -- -j6 -l6
[0.084s] [ 50%] Built target gazebo_hardware_plugins
[0.086s] [100%] Built target gazebo_ros2_control
[0.101s] Invoked command in '/home/john/robo_ws/build/gazebo_ros2_control' returned '0': CMAKE_PREFIX_PATH=/home/john/robo_ws/install/stepper_interface:/opt/ros/humble:/home/john/robo_ws/install/serial:/home/john/robo_ws/install/nick_bot_moveit_config:/home/john/robo_ws/install/nick_bot:/home/john/robo_ws/install/gazebo_ros2_control:/home/john/robo_ws/install/dynamixel_hardware /usr/bin/cmake --build /home/john/robo_ws/build/gazebo_ros2_control -- -j6 -l6
[0.138s] Invoking command in '/home/john/robo_ws/build/gazebo_ros2_control': CMAKE_PREFIX_PATH=/home/john/robo_ws/install/stepper_interface:/opt/ros/humble:/home/john/robo_ws/install/serial:/home/john/robo_ws/install/nick_bot_moveit_config:/home/john/robo_ws/install/nick_bot:/home/john/robo_ws/install/gazebo_ros2_control:/home/john/robo_ws/install/dynamixel_hardware /usr/bin/cmake --install /home/john/robo_ws/build/gazebo_ros2_control
[0.143s] -- Install configuration: ""
[0.145s] -- Execute custom install script
[0.145s] -- Up-to-date symlink: /home/john/robo_ws/install/gazebo_ros2_control/lib/libgazebo_ros2_control.so
[0.145s] -- Up-to-date symlink: /home/john/robo_ws/install/gazebo_ros2_control/lib/libgazebo_hardware_plugins.so
[0.145s] -- Up-to-date symlink: /home/john/robo_ws/install/gazebo_ros2_control/share/gazebo_ros2_control/environment/library_path.sh
[0.145s] -- Up-to-date symlink: /home/john/robo_ws/install/gazebo_ros2_control/share/gazebo_ros2_control/environment/library_path.dsv
[0.145s] -- Up-to-date symlink: /home/john/robo_ws/install/gazebo_ros2_control/include/gazebo_ros2_control/gazebo_ros2_control_plugin.hpp
[0.146s] -- Up-to-date symlink: /home/john/robo_ws/install/gazebo_ros2_control/include/gazebo_ros2_control/gazebo_system.hpp
[0.146s] -- Up-to-date symlink: /home/john/robo_ws/install/gazebo_ros2_control/include/gazebo_ros2_control/gazebo_system_interface.hpp
[0.146s] -- Up-to-date symlink: /home/john/robo_ws/install/gazebo_ros2_control/share/gazebo_ros2_control//gazebo_hardware_plugins.xml
[0.146s] -- Up-to-date symlink: /home/john/robo_ws/install/gazebo_ros2_control/share/ament_index/resource_index/package_run_dependencies/gazebo_ros2_control
[0.146s] -- Up-to-date symlink: /home/john/robo_ws/install/gazebo_ros2_control/share/ament_index/resource_index/parent_prefix_path/gazebo_ros2_control
[0.147s] -- Up-to-date symlink: /home/john/robo_ws/install/gazebo_ros2_control/share/gazebo_ros2_control/environment/ament_prefix_path.sh
[0.147s] -- Up-to-date symlink: /home/john/robo_ws/install/gazebo_ros2_control/share/gazebo_ros2_control/environment/ament_prefix_path.dsv
[0.148s] -- Up-to-date symlink: /home/john/robo_ws/install/gazebo_ros2_control/share/gazebo_ros2_control/environment/path.sh
[0.149s] -- Up-to-date symlink: /home/john/robo_ws/install/gazebo_ros2_control/share/gazebo_ros2_control/environment/path.dsv
[0.149s] -- Up-to-date symlink: /home/john/robo_ws/install/gazebo_ros2_control/share/gazebo_ros2_control/local_setup.bash
[0.149s] -- Up-to-date symlink: /home/john/robo_ws/install/gazebo_ros2_control/share/gazebo_ros2_control/local_setup.sh
[0.149s] -- Up-to-date symlink: /home/john/robo_ws/install/gazebo_ros2_control/share/gazebo_ros2_control/local_setup.zsh
[0.149s] -- Up-to-date symlink: /home/john/robo_ws/install/gazebo_ros2_control/share/gazebo_ros2_control/local_setup.dsv
[0.150s] -- Symlinking: /home/john/robo_ws/install/gazebo_ros2_control/share/gazebo_ros2_control/package.dsv
[0.154s] -- Up-to-date symlink: /home/john/robo_ws/install/gazebo_ros2_control/share/ament_index/resource_index/packages/gazebo_ros2_control
[0.154s] -- Up-to-date symlink: /home/john/robo_ws/install/gazebo_ros2_control/share/ament_index/resource_index/gazebo_ros2_control__pluginlib__plugin/gazebo_ros2_control
[0.154s] -- Up-to-date symlink: /home/john/robo_ws/install/gazebo_ros2_control/share/gazebo_ros2_control/cmake/ament_cmake_export_include_directories-extras.cmake
[0.155s] -- Up-to-date symlink: /home/john/robo_ws/install/gazebo_ros2_control/share/gazebo_ros2_control/cmake/ament_cmake_export_dependencies-extras.cmake
[0.155s] -- Up-to-date symlink: /home/john/robo_ws/install/gazebo_ros2_control/share/gazebo_ros2_control/cmake/ament_cmake_export_libraries-extras.cmake
[0.155s] -- Up-to-date symlink: /home/john/robo_ws/install/gazebo_ros2_control/share/gazebo_ros2_control/cmake/gazebo_ros2_controlConfig.cmake
[0.156s] -- Up-to-date symlink: /home/john/robo_ws/install/gazebo_ros2_control/share/gazebo_ros2_control/cmake/gazebo_ros2_controlConfig-version.cmake
[0.156s] -- Up-to-date symlink: /home/john/robo_ws/install/gazebo_ros2_control/share/gazebo_ros2_control/package.xml
[0.170s] Invoked command in '/home/john/robo_ws/build/gazebo_ros2_control' returned '0': CMAKE_PREFIX_PATH=/home/john/robo_ws/install/stepper_interface:/opt/ros/humble:/home/john/robo_ws/install/serial:/home/john/robo_ws/install/nick_bot_moveit_config:/home/john/robo_ws/install/nick_bot:/home/john/robo_ws/install/gazebo_ros2_control:/home/john/robo_ws/install/dynamixel_hardware /usr/bin/cmake --install /home/john/robo_ws/build/gazebo_ros2_control
