[0.014s] Invoking command in '/home/john/robo_ws/build/stepper_interface': CMAKE_PREFIX_PATH=/opt/ros/humble:/home/john/robo_ws/install/serial:/home/john/robo_ws/install/stepper_interface:/home/john/robo_ws/install/nick_bot_moveit_config:/home/john/robo_ws/install/nick_bot:/home/john/robo_ws/install/gazebo_ros2_control:/home/john/robo_ws/install/dynamixel_hardware LD_LIBRARY_PATH=/home/john/robo_ws/install/serial/lib:/home/john/robo_ws/install/stepper_interface/lib:/home/john/robo_ws/install/gazebo_ros2_control/lib:/home/john/robo_ws/install/dynamixel_hardware/lib:/usr/lib/x86_64-linux-gnu/gazebo-11/plugins:/opt/ros/humble/opt/rviz_ogre_vendor/lib:/opt/ros/humble/lib/x86_64-linux-gnu:/opt/ros/humble/lib /usr/bin/cmake /home/john/robo_ws/src/stepper_interface -DAMENT_CMAKE_SYMLINK_INSTALL=1 -DCMAKE_INSTALL_PREFIX=/home/john/robo_ws/install/stepper_interface
[0.020s] -- Found ament_cmake: 1.3.3 (/opt/ros/humble/share/ament_cmake/cmake)
[0.141s] -- Override CMake install command with custom implementation using symlinks instead of copying resources
[0.148s] -- Found serial: 1.2.1 (/home/john/robo_ws/install/serial/share/serial/cmake)
[0.148s] -- Found hardware_interface: 2.20.0 (/opt/ros/humble/share/hardware_interface/cmake)
[0.174s] -- Found rosidl_generator_c: 3.1.4 (/opt/ros/humble/share/rosidl_generator_c/cmake)
[0.176s] -- Found rosidl_adapter: 3.1.4 (/opt/ros/humble/share/rosidl_adapter/cmake)
[0.182s] -- Found rosidl_generator_cpp: 3.1.4 (/opt/ros/humble/share/rosidl_generator_cpp/cmake)
[0.192s] -- Using all available rosidl_typesupport_c: rosidl_typesupport_fastrtps_c;rosidl_typesupport_introspection_c
[0.208s] -- Using all available rosidl_typesupport_cpp: rosidl_typesupport_fastrtps_cpp;rosidl_typesupport_introspection_cpp
[0.840s] -- Found rmw_implementation_cmake: 6.1.1 (/opt/ros/humble/share/rmw_implementation_cmake/cmake)
[0.841s] -- Found rmw_fastrtps_cpp: 6.2.2 (/opt/ros/humble/share/rmw_fastrtps_cpp/cmake)
[0.960s] -- Using RMW implementation 'rmw_fastrtps_cpp' as default
[1.117s] -- Found controller_manager: 2.20.0 (/opt/ros/humble/share/controller_manager/cmake)
[2.003s] -- Found ament_cmake_gtest: 1.3.3 (/opt/ros/humble/share/ament_cmake_gtest/cmake)
[2.062s] -- Configuring done
[2.095s] -- Generating done
[2.097s] -- Build files have been written to: /home/john/robo_ws/build/stepper_interface
[2.104s] Invoked command in '/home/john/robo_ws/build/stepper_interface' returned '0': CMAKE_PREFIX_PATH=/opt/ros/humble:/home/john/robo_ws/install/serial:/home/john/robo_ws/install/stepper_interface:/home/john/robo_ws/install/nick_bot_moveit_config:/home/john/robo_ws/install/nick_bot:/home/john/robo_ws/install/gazebo_ros2_control:/home/john/robo_ws/install/dynamixel_hardware LD_LIBRARY_PATH=/home/john/robo_ws/install/serial/lib:/home/john/robo_ws/install/stepper_interface/lib:/home/john/robo_ws/install/gazebo_ros2_control/lib:/home/john/robo_ws/install/dynamixel_hardware/lib:/usr/lib/x86_64-linux-gnu/gazebo-11/plugins:/opt/ros/humble/opt/rviz_ogre_vendor/lib:/opt/ros/humble/lib/x86_64-linux-gnu:/opt/ros/humble/lib /usr/bin/cmake /home/john/robo_ws/src/stepper_interface -DAMENT_CMAKE_SYMLINK_INSTALL=1 -DCMAKE_INSTALL_PREFIX=/home/john/robo_ws/install/stepper_interface
[2.106s] Invoking command in '/home/john/robo_ws/build/stepper_interface': CMAKE_PREFIX_PATH=/opt/ros/humble:/home/john/robo_ws/install/serial:/home/john/robo_ws/install/stepper_interface:/home/john/robo_ws/install/nick_bot_moveit_config:/home/john/robo_ws/install/nick_bot:/home/john/robo_ws/install/gazebo_ros2_control:/home/john/robo_ws/install/dynamixel_hardware LD_LIBRARY_PATH=/home/john/robo_ws/install/serial/lib:/home/john/robo_ws/install/stepper_interface/lib:/home/john/robo_ws/install/gazebo_ros2_control/lib:/home/john/robo_ws/install/dynamixel_hardware/lib:/usr/lib/x86_64-linux-gnu/gazebo-11/plugins:/opt/ros/humble/opt/rviz_ogre_vendor/lib:/opt/ros/humble/lib/x86_64-linux-gnu:/opt/ros/humble/lib /usr/bin/cmake --build /home/john/robo_ws/build/stepper_interface -- -j6 -l6
[2.139s] [35m[1mConsolidate compiler generated dependencies of target stepper_interface[0m
[2.158s] [ 33%] [32m[1mLinking CXX shared library libstepper_interface.so[0m
[2.327s] [100%] Built target stepper_interface
[2.336s] Invoked command in '/home/john/robo_ws/build/stepper_interface' returned '0': CMAKE_PREFIX_PATH=/opt/ros/humble:/home/john/robo_ws/install/serial:/home/john/robo_ws/install/stepper_interface:/home/john/robo_ws/install/nick_bot_moveit_config:/home/john/robo_ws/install/nick_bot:/home/john/robo_ws/install/gazebo_ros2_control:/home/john/robo_ws/install/dynamixel_hardware LD_LIBRARY_PATH=/home/john/robo_ws/install/serial/lib:/home/john/robo_ws/install/stepper_interface/lib:/home/john/robo_ws/install/gazebo_ros2_control/lib:/home/john/robo_ws/install/dynamixel_hardware/lib:/usr/lib/x86_64-linux-gnu/gazebo-11/plugins:/opt/ros/humble/opt/rviz_ogre_vendor/lib:/opt/ros/humble/lib/x86_64-linux-gnu:/opt/ros/humble/lib /usr/bin/cmake --build /home/john/robo_ws/build/stepper_interface -- -j6 -l6
[2.360s] Invoking command in '/home/john/robo_ws/build/stepper_interface': CMAKE_PREFIX_PATH=/opt/ros/humble:/home/john/robo_ws/install/serial:/home/john/robo_ws/install/stepper_interface:/home/john/robo_ws/install/nick_bot_moveit_config:/home/john/robo_ws/install/nick_bot:/home/john/robo_ws/install/gazebo_ros2_control:/home/john/robo_ws/install/dynamixel_hardware LD_LIBRARY_PATH=/home/john/robo_ws/install/serial/lib:/home/john/robo_ws/install/stepper_interface/lib:/home/john/robo_ws/install/gazebo_ros2_control/lib:/home/john/robo_ws/install/dynamixel_hardware/lib:/usr/lib/x86_64-linux-gnu/gazebo-11/plugins:/opt/ros/humble/opt/rviz_ogre_vendor/lib:/opt/ros/humble/lib/x86_64-linux-gnu:/opt/ros/humble/lib /usr/bin/cmake --install /home/john/robo_ws/build/stepper_interface
[2.366s] -- Install configuration: ""
[2.366s] -- Execute custom install script
[2.366s] -- Symlinking: /home/john/robo_ws/install/stepper_interface/share/stepper_interface//stepper_interface.xml
[2.374s] -- Symlinking: /home/john/robo_ws/install/stepper_interface/lib/libstepper_interface.so
[2.381s] -- Symlinking: /home/john/robo_ws/install/stepper_interface/include/stepper_interface/arduino_comm.hpp
[2.388s] -- Symlinking: /home/john/robo_ws/install/stepper_interface/include/stepper_interface/stepper_interface.hpp
[2.395s] -- Symlinking: /home/john/robo_ws/install/stepper_interface/include/stepper_interface/visibility_control.h
[2.403s] -- Symlinking: /home/john/robo_ws/install/stepper_interface/share/stepper_interface/environment/library_path.sh
[2.411s] -- Symlinking: /home/john/robo_ws/install/stepper_interface/share/stepper_interface/environment/library_path.dsv
[2.418s] -- Symlinking: /home/john/robo_ws/install/stepper_interface/share/ament_index/resource_index/package_run_dependencies/stepper_interface
[2.426s] -- Symlinking: /home/john/robo_ws/install/stepper_interface/share/ament_index/resource_index/parent_prefix_path/stepper_interface
[2.434s] -- Symlinking: /home/john/robo_ws/install/stepper_interface/share/stepper_interface/environment/ament_prefix_path.sh
[2.442s] -- Symlinking: /home/john/robo_ws/install/stepper_interface/share/stepper_interface/environment/ament_prefix_path.dsv
[2.450s] -- Symlinking: /home/john/robo_ws/install/stepper_interface/share/stepper_interface/environment/path.sh
[2.458s] -- Symlinking: /home/john/robo_ws/install/stepper_interface/share/stepper_interface/environment/path.dsv
[2.467s] -- Symlinking: /home/john/robo_ws/install/stepper_interface/share/stepper_interface/local_setup.bash
[2.475s] -- Symlinking: /home/john/robo_ws/install/stepper_interface/share/stepper_interface/local_setup.sh
[2.484s] -- Symlinking: /home/john/robo_ws/install/stepper_interface/share/stepper_interface/local_setup.zsh
[2.493s] -- Symlinking: /home/john/robo_ws/install/stepper_interface/share/stepper_interface/local_setup.dsv
[2.502s] -- Symlinking: /home/john/robo_ws/install/stepper_interface/share/stepper_interface/package.dsv
[2.510s] -- Symlinking: /home/john/robo_ws/install/stepper_interface/share/ament_index/resource_index/packages/stepper_interface
[2.519s] -- Symlinking: /home/john/robo_ws/install/stepper_interface/share/ament_index/resource_index/hardware_interface__pluginlib__plugin/stepper_interface
[2.528s] -- Symlinking: /home/john/robo_ws/install/stepper_interface/share/stepper_interface/cmake/ament_cmake_export_include_directories-extras.cmake
[2.537s] -- Symlinking: /home/john/robo_ws/install/stepper_interface/share/stepper_interface/cmake/ament_cmake_export_libraries-extras.cmake
[2.547s] -- Symlinking: /home/john/robo_ws/install/stepper_interface/share/stepper_interface/cmake/ament_cmake_export_dependencies-extras.cmake
[2.555s] -- Symlinking: /home/john/robo_ws/install/stepper_interface/share/stepper_interface/cmake/stepper_interfaceConfig.cmake
[2.565s] -- Symlinking: /home/john/robo_ws/install/stepper_interface/share/stepper_interface/cmake/stepper_interfaceConfig-version.cmake
[2.574s] -- Symlinking: /home/john/robo_ws/install/stepper_interface/share/stepper_interface/package.xml
[2.589s] Invoked command in '/home/john/robo_ws/build/stepper_interface' returned '0': CMAKE_PREFIX_PATH=/opt/ros/humble:/home/john/robo_ws/install/serial:/home/john/robo_ws/install/stepper_interface:/home/john/robo_ws/install/nick_bot_moveit_config:/home/john/robo_ws/install/nick_bot:/home/john/robo_ws/install/gazebo_ros2_control:/home/john/robo_ws/install/dynamixel_hardware LD_LIBRARY_PATH=/home/john/robo_ws/install/serial/lib:/home/john/robo_ws/install/stepper_interface/lib:/home/john/robo_ws/install/gazebo_ros2_control/lib:/home/john/robo_ws/install/dynamixel_hardware/lib:/usr/lib/x86_64-linux-gnu/gazebo-11/plugins:/opt/ros/humble/opt/rviz_ogre_vendor/lib:/opt/ros/humble/lib/x86_64-linux-gnu:/opt/ros/humble/lib /usr/bin/cmake --install /home/john/robo_ws/build/stepper_interface
