[0.008s] Invoking command in '/home/john/robo_ws/build/nick_bot_moveit_config': CMAKE_PREFIX_PATH=/home/john/robo_ws/install/nick_bot:/home/john/robo_ws/install/stepper_interface:/opt/ros/humble:/home/john/robo_ws/install/serial:/home/john/robo_ws/install/nick_bot_moveit_config:/home/john/robo_ws/install/gazebo_ros2_control:/home/john/robo_ws/install/dynamixel_hardware /usr/bin/cmake /home/john/robo_ws/src/nick_bot_moveit_config -DAMENT_CMAKE_SYMLINK_INSTALL=1 -DCMAKE_INSTALL_PREFIX=/home/john/robo_ws/install/nick_bot_moveit_config
[0.018s] -- Found ament_cmake: 1.3.3 (/opt/ros/humble/share/ament_cmake/cmake)
[0.138s] -- Override CMake install command with custom implementation using symlinks instead of copying resources
[0.201s] -- Configuring done
[0.203s] -- Generating done
[0.204s] -- Build files have been written to: /home/john/robo_ws/build/nick_bot_moveit_config
[0.206s] Invoked command in '/home/john/robo_ws/build/nick_bot_moveit_config' returned '0': CMAKE_PREFIX_PATH=/home/john/robo_ws/install/nick_bot:/home/john/robo_ws/install/stepper_interface:/opt/ros/humble:/home/john/robo_ws/install/serial:/home/john/robo_ws/install/nick_bot_moveit_config:/home/john/robo_ws/install/gazebo_ros2_control:/home/john/robo_ws/install/dynamixel_hardware /usr/bin/cmake /home/john/robo_ws/src/nick_bot_moveit_config -DAMENT_CMAKE_SYMLINK_INSTALL=1 -DCMAKE_INSTALL_PREFIX=/home/john/robo_ws/install/nick_bot_moveit_config
[0.207s] Invoking command in '/home/john/robo_ws/build/nick_bot_moveit_config': CMAKE_PREFIX_PATH=/home/john/robo_ws/install/nick_bot:/home/john/robo_ws/install/stepper_interface:/opt/ros/humble:/home/john/robo_ws/install/serial:/home/john/robo_ws/install/nick_bot_moveit_config:/home/john/robo_ws/install/gazebo_ros2_control:/home/john/robo_ws/install/dynamixel_hardware /usr/bin/cmake --build /home/john/robo_ws/build/nick_bot_moveit_config -- -j6 -l6
[0.238s] Invoked command in '/home/john/robo_ws/build/nick_bot_moveit_config' returned '0': CMAKE_PREFIX_PATH=/home/john/robo_ws/install/nick_bot:/home/john/robo_ws/install/stepper_interface:/opt/ros/humble:/home/john/robo_ws/install/serial:/home/john/robo_ws/install/nick_bot_moveit_config:/home/john/robo_ws/install/gazebo_ros2_control:/home/john/robo_ws/install/dynamixel_hardware /usr/bin/cmake --build /home/john/robo_ws/build/nick_bot_moveit_config -- -j6 -l6
[0.258s] Invoking command in '/home/john/robo_ws/build/nick_bot_moveit_config': CMAKE_PREFIX_PATH=/home/john/robo_ws/install/nick_bot:/home/john/robo_ws/install/stepper_interface:/opt/ros/humble:/home/john/robo_ws/install/serial:/home/john/robo_ws/install/nick_bot_moveit_config:/home/john/robo_ws/install/gazebo_ros2_control:/home/john/robo_ws/install/dynamixel_hardware /usr/bin/cmake --install /home/john/robo_ws/build/nick_bot_moveit_config
[0.264s] -- Install configuration: ""
[0.264s] -- Execute custom install script
[0.264s] -- Symlinking: /home/john/robo_ws/install/nick_bot_moveit_config/share/ament_index/resource_index/package_run_dependencies/nick_bot_moveit_config
[0.272s] -- Symlinking: /home/john/robo_ws/install/nick_bot_moveit_config/share/ament_index/resource_index/parent_prefix_path/nick_bot_moveit_config
[0.279s] -- Symlinking: /home/john/robo_ws/install/nick_bot_moveit_config/share/nick_bot_moveit_config/environment/ament_prefix_path.sh
[0.286s] -- Symlinking: /home/john/robo_ws/install/nick_bot_moveit_config/share/nick_bot_moveit_config/environment/ament_prefix_path.dsv
[0.294s] -- Symlinking: /home/john/robo_ws/install/nick_bot_moveit_config/share/nick_bot_moveit_config/environment/path.sh
[0.301s] -- Symlinking: /home/john/robo_ws/install/nick_bot_moveit_config/share/nick_bot_moveit_config/environment/path.dsv
[0.308s] -- Symlinking: /home/john/robo_ws/install/nick_bot_moveit_config/share/nick_bot_moveit_config/local_setup.bash
[0.316s] -- Symlinking: /home/john/robo_ws/install/nick_bot_moveit_config/share/nick_bot_moveit_config/local_setup.sh
[0.323s] -- Symlinking: /home/john/robo_ws/install/nick_bot_moveit_config/share/nick_bot_moveit_config/local_setup.zsh
[0.331s] -- Symlinking: /home/john/robo_ws/install/nick_bot_moveit_config/share/nick_bot_moveit_config/local_setup.dsv
[0.338s] -- Symlinking: /home/john/robo_ws/install/nick_bot_moveit_config/share/nick_bot_moveit_config/package.dsv
[0.346s] -- Symlinking: /home/john/robo_ws/install/nick_bot_moveit_config/share/ament_index/resource_index/packages/nick_bot_moveit_config
[0.353s] -- Symlinking: /home/john/robo_ws/install/nick_bot_moveit_config/share/nick_bot_moveit_config/cmake/nick_bot_moveit_configConfig.cmake
[0.361s] -- Symlinking: /home/john/robo_ws/install/nick_bot_moveit_config/share/nick_bot_moveit_config/cmake/nick_bot_moveit_configConfig-version.cmake
[0.368s] -- Symlinking: /home/john/robo_ws/install/nick_bot_moveit_config/share/nick_bot_moveit_config/package.xml
[0.375s] -- Symlinking: /home/john/robo_ws/install/nick_bot_moveit_config/share/nick_bot_moveit_config/launch/demo.launch.py
[0.382s] -- Symlinking: /home/john/robo_ws/install/nick_bot_moveit_config/share/nick_bot_moveit_config/launch/move_group.launch.py
[0.389s] -- Symlinking: /home/john/robo_ws/install/nick_bot_moveit_config/share/nick_bot_moveit_config/launch/moveit_rviz.launch.py
[0.397s] -- Symlinking: /home/john/robo_ws/install/nick_bot_moveit_config/share/nick_bot_moveit_config/launch/rsp.launch.py
[0.404s] -- Symlinking: /home/john/robo_ws/install/nick_bot_moveit_config/share/nick_bot_moveit_config/launch/setup_assistant.launch.py
[0.411s] -- Symlinking: /home/john/robo_ws/install/nick_bot_moveit_config/share/nick_bot_moveit_config/launch/spawn_controllers.launch.py
[0.418s] -- Symlinking: /home/john/robo_ws/install/nick_bot_moveit_config/share/nick_bot_moveit_config/launch/static_virtual_joint_tfs.launch.py
[0.425s] -- Symlinking: /home/john/robo_ws/install/nick_bot_moveit_config/share/nick_bot_moveit_config/launch/warehouse_db.launch.py
[0.435s] -- Symlinking: /home/john/robo_ws/install/nick_bot_moveit_config/share/nick_bot_moveit_config/config/initial_positions.yaml
[0.441s] -- Symlinking: /home/john/robo_ws/install/nick_bot_moveit_config/share/nick_bot_moveit_config/config/joint_limits.yaml
[0.448s] -- Symlinking: /home/john/robo_ws/install/nick_bot_moveit_config/share/nick_bot_moveit_config/config/kinematics.yaml
[0.455s] -- Symlinking: /home/john/robo_ws/install/nick_bot_moveit_config/share/nick_bot_moveit_config/config/moveit (copy).rviz
[0.462s] -- Symlinking: /home/john/robo_ws/install/nick_bot_moveit_config/share/nick_bot_moveit_config/config/moveit.rviz
[0.469s] -- Symlinking: /home/john/robo_ws/install/nick_bot_moveit_config/share/nick_bot_moveit_config/config/moveit_controllers.yaml
[0.476s] -- Symlinking: /home/john/robo_ws/install/nick_bot_moveit_config/share/nick_bot_moveit_config/config/nick_bot.ros2_control.xacro
[0.483s] -- Symlinking: /home/john/robo_ws/install/nick_bot_moveit_config/share/nick_bot_moveit_config/config/nick_bot.srdf
[0.490s] -- Symlinking: /home/john/robo_ws/install/nick_bot_moveit_config/share/nick_bot_moveit_config/config/nick_bot.urdf.xacro
[0.498s] -- Symlinking: /home/john/robo_ws/install/nick_bot_moveit_config/share/nick_bot_moveit_config/config/o_planning.yaml
[0.505s] -- Symlinking: /home/john/robo_ws/install/nick_bot_moveit_config/share/nick_bot_moveit_config/config/pilz_cartesian_limits.yaml
[0.512s] -- Symlinking: /home/john/robo_ws/install/nick_bot_moveit_config/share/nick_bot_moveit_config/config/ros2_controllers.yaml
[0.520s] -- Symlinking: /home/john/robo_ws/install/nick_bot_moveit_config/share/nick_bot_moveit_config/.setup_assistant
[0.533s] Invoked command in '/home/john/robo_ws/build/nick_bot_moveit_config' returned '0': CMAKE_PREFIX_PATH=/home/john/robo_ws/install/nick_bot:/home/john/robo_ws/install/stepper_interface:/opt/ros/humble:/home/john/robo_ws/install/serial:/home/john/robo_ws/install/nick_bot_moveit_config:/home/john/robo_ws/install/gazebo_ros2_control:/home/john/robo_ws/install/dynamixel_hardware /usr/bin/cmake --install /home/john/robo_ws/build/nick_bot_moveit_config
