[0.017s] Invoking command in '/home/john/robo_ws/build/serial': CMAKE_PREFIX_PATH=/opt/ros/humble /usr/bin/cmake --build /home/john/robo_ws/build/serial -- -j6 -l6
[0.053s] [35m[1mConsolidate compiler generated dependencies of target serial[0m
[0.067s] [100%] Built target serial
[0.078s] Invoked command in '/home/john/robo_ws/build/serial' returned '0': CMAKE_PREFIX_PATH=/opt/ros/humble /usr/bin/cmake --build /home/john/robo_ws/build/serial -- -j6 -l6
[0.109s] Invoking command in '/home/john/robo_ws/build/serial': CMAKE_PREFIX_PATH=/opt/ros/humble /usr/bin/cmake --install /home/john/robo_ws/build/serial
[0.119s] -- Install configuration: ""
[0.120s] -- Up-to-date: /home/john/robo_ws/install/serial/lib/libserial.so
[0.120s] -- Up-to-date: /home/john/robo_ws/install/serial/include/
[0.121s] -- Up-to-date: /home/john/robo_ws/install/serial/include//serial
[0.121s] -- Up-to-date: /home/john/robo_ws/install/serial/include//serial/impl
[0.121s] -- Up-to-date: /home/john/robo_ws/install/serial/include//serial/impl/unix.h
[0.121s] -- Up-to-date: /home/john/robo_ws/install/serial/include//serial/impl/win.h
[0.121s] -- Up-to-date: /home/john/robo_ws/install/serial/include//serial/serial.h
[0.121s] -- Up-to-date: /home/john/robo_ws/install/serial/include//serial/v8stdint.h
[0.122s] -- Up-to-date: /home/john/robo_ws/install/serial/share/serial/environment/library_path.sh
[0.122s] -- Up-to-date: /home/john/robo_ws/install/serial/share/serial/environment/library_path.dsv
[0.122s] -- Up-to-date: /home/john/robo_ws/install/serial/share/ament_index/resource_index/package_run_dependencies/serial
[0.123s] -- Up-to-date: /home/john/robo_ws/install/serial/share/ament_index/resource_index/parent_prefix_path/serial
[0.123s] -- Up-to-date: /home/john/robo_ws/install/serial/share/serial/environment/ament_prefix_path.sh
[0.123s] -- Up-to-date: /home/john/robo_ws/install/serial/share/serial/environment/ament_prefix_path.dsv
[0.124s] -- Up-to-date: /home/john/robo_ws/install/serial/share/serial/environment/path.sh
[0.125s] -- Up-to-date: /home/john/robo_ws/install/serial/share/serial/environment/path.dsv
[0.125s] -- Up-to-date: /home/john/robo_ws/install/serial/share/serial/local_setup.bash
[0.126s] -- Up-to-date: /home/john/robo_ws/install/serial/share/serial/local_setup.sh
[0.126s] -- Up-to-date: /home/john/robo_ws/install/serial/share/serial/local_setup.zsh
[0.126s] -- Up-to-date: /home/john/robo_ws/install/serial/share/serial/local_setup.dsv
[0.126s] -- Up-to-date: /home/john/robo_ws/install/serial/share/serial/package.dsv
[0.126s] -- Up-to-date: /home/john/robo_ws/install/serial/share/ament_index/resource_index/packages/serial
[0.126s] -- Up-to-date: /home/john/robo_ws/install/serial/share/serial/cmake/ament_cmake_export_include_directories-extras.cmake
[0.128s] -- Up-to-date: /home/john/robo_ws/install/serial/share/serial/cmake/ament_cmake_export_libraries-extras.cmake
[0.128s] -- Up-to-date: /home/john/robo_ws/install/serial/share/serial/cmake/serialConfig.cmake
[0.129s] -- Up-to-date: /home/john/robo_ws/install/serial/share/serial/cmake/serialConfig-version.cmake
[0.129s] -- Up-to-date: /home/john/robo_ws/install/serial/share/serial/package.xml
[0.133s] Invoked command in '/home/john/robo_ws/build/serial' returned '0': CMAKE_PREFIX_PATH=/opt/ros/humble /usr/bin/cmake --install /home/john/robo_ws/build/serial
