[0.014s] Invoking command in '/home/john/robo_ws/build/gazebo_ros2_control': CMAKE_PREFIX_PATH=/opt/ros/humble /usr/bin/cmake /home/john/robo_ws/src/gazebo_ros2_control -DAMENT_CMAKE_SYMLINK_INSTALL=1 -DCMAKE_INSTALL_PREFIX=/home/john/robo_ws/install/gazebo_ros2_control
[0.056s] -- The C compiler identification is GNU 11.3.0
[0.105s] -- The CXX compiler identification is GNU 11.3.0
[0.111s] -- Detecting C compiler ABI info
[0.163s] -- Detecting C compiler ABI info - done
[0.170s] -- Check for working C compiler: /usr/bin/cc - skipped
[0.170s] -- Detecting C compile features
[0.170s] -- Detecting C compile features - done
[0.173s] -- Detecting CXX compiler ABI info
[0.236s] -- Detecting CXX compiler ABI info - done
[0.243s] -- Check for working CXX compiler: /usr/bin/c++ - skipped
[0.243s] -- Detecting CXX compile features
[0.243s] -- Detecting CXX compile features - done
[0.245s] -- Found ament_cmake: 1.3.3 (/opt/ros/humble/share/ament_cmake/cmake)
[0.386s] -- Found Python3: /usr/bin/python3.10 (found version "3.10.6") found components: Interpreter 
[0.437s] -- Override CMake install command with custom implementation using symlinks instead of copying resources
[0.460s] -- Found angles: 1.15.0 (/opt/ros/humble/share/angles/cmake)
[0.463s] -- Found controller_manager: 2.20.0 (/opt/ros/humble/share/controller_manager/cmake)
[0.505s] -- Found rosidl_generator_c: 3.1.4 (/opt/ros/humble/share/rosidl_generator_c/cmake)
[0.509s] -- Found rosidl_adapter: 3.1.4 (/opt/ros/humble/share/rosidl_adapter/cmake)
[0.517s] -- Found rosidl_generator_cpp: 3.1.4 (/opt/ros/humble/share/rosidl_generator_cpp/cmake)
[0.529s] -- Using all available rosidl_typesupport_c: rosidl_typesupport_fastrtps_c;rosidl_typesupport_introspection_c
[0.548s] -- Using all available rosidl_typesupport_cpp: rosidl_typesupport_fastrtps_cpp;rosidl_typesupport_introspection_cpp
[1.200s] -- Found rmw_implementation_cmake: 6.1.1 (/opt/ros/humble/share/rmw_implementation_cmake/cmake)
[1.202s] -- Found rmw_fastrtps_cpp: 6.2.2 (/opt/ros/humble/share/rmw_fastrtps_cpp/cmake)
[1.283s] -- Found OpenSSL: /usr/lib/x86_64-linux-gnu/libcrypto.so (found version "3.0.2")  
[1.307s] -- Found FastRTPS: /opt/ros/humble/include  
[1.349s] -- Using RMW implementation 'rmw_fastrtps_cpp' as default
[1.358s] -- Looking for pthread.h
[1.414s] -- Looking for pthread.h - found
[1.414s] -- Performing Test CMAKE_HAVE_LIBC_PTHREAD
[1.472s] -- Performing Test CMAKE_HAVE_LIBC_PTHREAD - Success
[1.473s] -- Found Threads: TRUE  
[2.098s] -- Found gazebo_dev: 3.7.0 (/opt/ros/humble/share/gazebo_dev/cmake)
[2.103s] -- Found PkgConfig: /usr/bin/pkg-config (found version "0.29.2") 
[2.104s] -- Checking for module 'bullet>=2.82'
[2.113s] --   Found bullet, version 3.05
[2.191s] -- Found fcl: /usr/include (found suitable version "0.7.0", minimum required is "0.5.0") 
[2.228s] -- Found assimp: /usr/include (found version "5.2.0") 
[2.241s] -- Found DART: /usr/include (Required is at least version "6.6") found components: dart 
[2.265s] -- Found Boost: /usr/lib/x86_64-linux-gnu/cmake/Boost-1.74.0/BoostConfig.cmake (found suitable version "1.74.0", minimum required is "1.40.0") found components: thread system filesystem program_options regex iostreams date_time 
[2.276s] -- Found Protobuf: /usr/lib/x86_64-linux-gnu/libprotobuf.so (found version "3.12.4") 
[2.279s] -- Looking for ignition-math6 -- found version 6.13.0
[2.285s] -- Searching for dependencies of ignition-math6
[2.286s] -- Looking for OGRE...
[2.286s] -- OGRE_PREFIX_WATCH changed.
[2.291s] -- Checking for module 'OGRE'
[2.300s] --   Found OGRE, version 1.9.0
[2.323s] -- Found Ogre Ghadamon (1.9.0)
[2.328s] -- Found OGRE: optimized;/usr/lib/x86_64-linux-gnu/libOgreMain.so;debug;/usr/lib/x86_64-linux-gnu/libOgreMain.so
[2.337s] -- Looking for OGRE_Paging...
[2.341s] -- Found OGRE_Paging: optimized;/usr/lib/x86_64-linux-gnu/libOgrePaging.so;debug;/usr/lib/x86_64-linux-gnu/libOgrePaging.so
[2.341s] -- Looking for OGRE_Terrain...
[2.344s] -- Found OGRE_Terrain: optimized;/usr/lib/x86_64-linux-gnu/libOgreTerrain.so;debug;/usr/lib/x86_64-linux-gnu/libOgreTerrain.so
[2.344s] -- Looking for OGRE_Property...
[2.348s] -- Found OGRE_Property: optimized;/usr/lib/x86_64-linux-gnu/libOgreProperty.so;debug;/usr/lib/x86_64-linux-gnu/libOgreProperty.so
[2.348s] -- Looking for OGRE_RTShaderSystem...
[2.351s] -- Found OGRE_RTShaderSystem: optimized;/usr/lib/x86_64-linux-gnu/libOgreRTShaderSystem.so;debug;/usr/lib/x86_64-linux-gnu/libOgreRTShaderSystem.so
[2.351s] -- Looking for OGRE_Volume...
[2.355s] -- Found OGRE_Volume: optimized;/usr/lib/x86_64-linux-gnu/libOgreVolume.so;debug;/usr/lib/x86_64-linux-gnu/libOgreVolume.so
[2.355s] -- Looking for OGRE_Overlay...
[2.358s] -- Found OGRE_Overlay: optimized;/usr/lib/x86_64-linux-gnu/libOgreOverlay.so;debug;/usr/lib/x86_64-linux-gnu/libOgreOverlay.so
[2.440s] -- Looking for ignition-math6 -- found version 6.13.0
[2.441s] -- Looking for ignition-transport8 -- found version 8.2.1
[2.442s] -- Searching for dependencies of ignition-transport8
[2.456s] -- Found Protobuf: /usr/lib/x86_64-linux-gnu/libprotobuf.so (found suitable version "3.12.4", minimum required is "3") 
[2.465s] -- Config-file not installed for ZeroMQ -- checking for pkg-config
[2.469s] -- Checking for module 'libzmq >= 4'
[2.479s] --   Found libzmq , version 4.3.4
[2.506s] -- Found ZeroMQ: TRUE (Required is at least version "4") 
[2.511s] -- Checking for module 'uuid'
[2.520s] --   Found uuid, version 2.37.2
[2.544s] -- Found UUID: TRUE  
[2.546s] -- Looking for ignition-msgs5 -- found version 5.8.1
[2.546s] -- Searching for dependencies of ignition-msgs5
[2.562s] -- Looking for ignition-math6 -- found version 6.13.0
[2.566s] -- Checking for module 'tinyxml2'
[2.575s] --   Found tinyxml2, version 9.0.0
[2.600s] -- Looking for ignition-msgs5 -- found version 5.8.1
[2.602s] -- Looking for ignition-common3 -- found version 3.14.0
[2.602s] -- Searching for dependencies of ignition-common3
[2.602s] -- Looking for dlfcn.h - found
[2.603s] -- Looking for libdl - found
[2.604s] -- Found DL: TRUE  
[2.613s] -- Found tinyobjloader: /usr/lib/x86_64-linux-gnu/cmake/tinyobjloader/tinyobjloader-config.cmake (found version "2.0.0") 
[2.614s] -- Searching for <ignition-common3> component [graphics]
[2.615s] -- Looking for ignition-common3-graphics -- found version 3.14.0
[2.616s] -- Searching for dependencies of ignition-common3-graphics
[2.616s] -- Looking for ignition-math6 -- found version 6.13.0
[2.618s] -- Looking for ignition-fuel_tools4 -- found version 4.4.0
[2.619s] -- Searching for dependencies of ignition-fuel_tools4
[2.677s] -- Found CURL: /usr/lib/x86_64-linux-gnu/libcurl.so (found version "7.81.0")  
[2.684s] -- Checking for module 'jsoncpp'
[2.694s] --   Found jsoncpp, version 1.9.5
[2.719s] -- Found JSONCPP: TRUE  
[2.723s] -- Checking for module 'libzip'
[2.733s] --   Found libzip, version 1.7.3
[2.757s] -- Found ZIP: TRUE  
[2.757s] -- Looking for ignition-common3 -- found version 3.14.0
[2.758s] -- Looking for ignition-math6 -- found version 6.13.0
[2.758s] -- Looking for ignition-msgs5 -- found version 5.8.1
[2.761s] -- Gazebo version: 11.10
[2.761s] -- Checking for module 'tbb'
[2.771s] --   Found tbb, version 2021.5.0
[2.796s] -- Found gazebo_ros: 3.7.0 (/opt/ros/humble/share/gazebo_ros/cmake)
[2.805s] -- Found yaml_cpp_vendor: 8.0.2 (/opt/ros/humble/share/yaml_cpp_vendor/cmake)
[3.472s] -- Found ament_cmake_gtest: 1.3.3 (/opt/ros/humble/share/ament_cmake_gtest/cmake)
[3.474s] -- Found ament_lint_auto: 0.12.5 (/opt/ros/humble/share/ament_lint_auto/cmake)
[3.546s] -- Added test 'copyright' to check source files copyright and LICENSE
[3.547s] -- Added test 'cppcheck' to perform static code analysis on C / C++ code
[3.547s] -- Configured cppcheck include dirs: /home/john/robo_ws/src/gazebo_ros2_control/include
[3.547s] -- Configured cppcheck exclude dirs and/or files: 
[3.548s] -- Added test 'cpplint' to check C / C++ code against the Google style
[3.548s] -- Configured cpplint exclude dirs and/or files: 
[3.549s] -- Added test 'lint_cmake' to check CMake code style
[3.550s] -- Added test 'uncrustify' to check C / C++ code style
[3.550s] -- Configured uncrustify additional arguments: 
[3.550s] -- Added test 'xmllint' to check XML markup files
[3.552s] -- Configuring done
[3.627s] -- Generating done
[3.629s] -- Build files have been written to: /home/john/robo_ws/build/gazebo_ros2_control
[3.641s] Invoked command in '/home/john/robo_ws/build/gazebo_ros2_control' returned '0': CMAKE_PREFIX_PATH=/opt/ros/humble /usr/bin/cmake /home/john/robo_ws/src/gazebo_ros2_control -DAMENT_CMAKE_SYMLINK_INSTALL=1 -DCMAKE_INSTALL_PREFIX=/home/john/robo_ws/install/gazebo_ros2_control
[3.642s] Invoking command in '/home/john/robo_ws/build/gazebo_ros2_control': CMAKE_PREFIX_PATH=/opt/ros/humble /usr/bin/cmake --build /home/john/robo_ws/build/gazebo_ros2_control -- -j6 -l6
[3.684s] [ 50%] [32mBuilding CXX object CMakeFiles/gazebo_ros2_control.dir/src/gazebo_ros2_control_plugin.cpp.o[0m
[3.684s] [ 50%] [32mBuilding CXX object CMakeFiles/gazebo_hardware_plugins.dir/src/gazebo_system.cpp.o[0m
[11.456s] [01m[K/home/john/robo_ws/src/gazebo_ros2_control/src/gazebo_system.cpp:[m[K In member function ‘[01m[Kvirtual hardware_interface::return_type gazebo_ros2_control::GazeboSystem::perform_command_mode_switch(const std::vector<std::__cxx11::basic_string<char> >&, const std::vector<std::__cxx11::basic_string<char> >&)[m[K’:
[11.456s] [01m[K/home/john/robo_ws/src/gazebo_ros2_control/src/gazebo_system.cpp:515:77:[m[K [01;35m[Kwarning: [m[Kimplicitly-declared ‘[01m[Kconstexpr gazebo_ros2_control::SafeEnum<gazebo_ros2_control::GazeboSystemInterface::ControlMethod_>& gazebo_ros2_control::SafeEnum<gazebo_ros2_control::GazeboSystemInterface::ControlMethod_>::operator=(const gazebo_ros2_control::SafeEnum<gazebo_ros2_control::GazeboSystemInterface::ControlMethod_>&)[m[K’ is deprecated [[01;35m[K]8;;https://gcc.gnu.org/onlinedocs/gcc/Warning-Options.html#index-Wdeprecated-copy-Wdeprecated-copy]8;;[m[K]
[11.456s]   515 |       this->dataPtr->joint_control_methods_[mimic_joint.mimicked_joint_index[01;35m[K][m[K;
[11.456s]       |                                                                             [01;35m[K^[m[K
[11.456s] In file included from [01m[K/home/john/robo_ws/src/gazebo_ros2_control/include/gazebo_ros2_control/gazebo_system.hpp:25[m[K,
[11.456s]                  from [01m[K/home/john/robo_ws/src/gazebo_ros2_control/src/gazebo_system.cpp:22[m[K:
[11.456s] [01m[K/home/john/robo_ws/src/gazebo_ros2_control/include/gazebo_ros2_control/gazebo_system_interface.hpp:43:3:[m[K [01;36m[Knote: [m[Kbecause ‘[01m[Kgazebo_ros2_control::SafeEnum<gazebo_ros2_control::GazeboSystemInterface::ControlMethod_>[m[K’ has user-provided ‘[01m[Kgazebo_ros2_control::SafeEnum<ENUM, UNDERLYING>::SafeEnum(const gazebo_ros2_control::SafeEnum<ENUM, UNDERLYING>&) [with ENUM = gazebo_ros2_control::GazeboSystemInterface::ControlMethod_; UNDERLYING = unsigned int][m[K’
[11.456s]    43 |   [01;36m[KSafeEnum[m[K(const SafeEnum & original)
[11.456s]       |   [01;36m[K^~~~~~~~[m[K
[14.687s] [ 75%] [32m[1mLinking CXX shared library libgazebo_hardware_plugins.so[0m
[15.139s] [ 75%] Built target gazebo_hardware_plugins
[16.182s] [100%] [32m[1mLinking CXX shared library libgazebo_ros2_control.so[0m
[16.726s] [100%] Built target gazebo_ros2_control
[16.735s] Invoked command in '/home/john/robo_ws/build/gazebo_ros2_control' returned '0': CMAKE_PREFIX_PATH=/opt/ros/humble /usr/bin/cmake --build /home/john/robo_ws/build/gazebo_ros2_control -- -j6 -l6
[16.758s] Invoking command in '/home/john/robo_ws/build/gazebo_ros2_control': CMAKE_PREFIX_PATH=/opt/ros/humble /usr/bin/cmake --install /home/john/robo_ws/build/gazebo_ros2_control
[16.764s] -- Install configuration: ""
[16.764s] -- Execute custom install script
[16.764s] -- Symlinking: /home/john/robo_ws/install/gazebo_ros2_control/lib/libgazebo_ros2_control.so
[16.771s] -- Symlinking: /home/john/robo_ws/install/gazebo_ros2_control/lib/libgazebo_hardware_plugins.so
[16.778s] -- Symlinking: /home/john/robo_ws/install/gazebo_ros2_control/share/gazebo_ros2_control/environment/library_path.sh
[16.784s] -- Symlinking: /home/john/robo_ws/install/gazebo_ros2_control/share/gazebo_ros2_control/environment/library_path.dsv
[16.791s] -- Symlinking: /home/john/robo_ws/install/gazebo_ros2_control/include/gazebo_ros2_control/gazebo_ros2_control_plugin.hpp
[16.797s] -- Symlinking: /home/john/robo_ws/install/gazebo_ros2_control/include/gazebo_ros2_control/gazebo_system.hpp
[16.803s] -- Symlinking: /home/john/robo_ws/install/gazebo_ros2_control/include/gazebo_ros2_control/gazebo_system_interface.hpp
[16.810s] -- Symlinking: /home/john/robo_ws/install/gazebo_ros2_control/share/gazebo_ros2_control//gazebo_hardware_plugins.xml
[16.816s] -- Symlinking: /home/john/robo_ws/install/gazebo_ros2_control/share/ament_index/resource_index/package_run_dependencies/gazebo_ros2_control
[16.823s] -- Symlinking: /home/john/robo_ws/install/gazebo_ros2_control/share/ament_index/resource_index/parent_prefix_path/gazebo_ros2_control
[16.829s] -- Symlinking: /home/john/robo_ws/install/gazebo_ros2_control/share/gazebo_ros2_control/environment/ament_prefix_path.sh
[16.835s] -- Symlinking: /home/john/robo_ws/install/gazebo_ros2_control/share/gazebo_ros2_control/environment/ament_prefix_path.dsv
[16.842s] -- Symlinking: /home/john/robo_ws/install/gazebo_ros2_control/share/gazebo_ros2_control/environment/path.sh
[16.848s] -- Symlinking: /home/john/robo_ws/install/gazebo_ros2_control/share/gazebo_ros2_control/environment/path.dsv
[16.855s] -- Symlinking: /home/john/robo_ws/install/gazebo_ros2_control/share/gazebo_ros2_control/local_setup.bash
[16.862s] -- Symlinking: /home/john/robo_ws/install/gazebo_ros2_control/share/gazebo_ros2_control/local_setup.sh
[16.868s] -- Symlinking: /home/john/robo_ws/install/gazebo_ros2_control/share/gazebo_ros2_control/local_setup.zsh
[16.875s] -- Symlinking: /home/john/robo_ws/install/gazebo_ros2_control/share/gazebo_ros2_control/local_setup.dsv
[16.881s] -- Symlinking: /home/john/robo_ws/install/gazebo_ros2_control/share/gazebo_ros2_control/package.dsv
[16.888s] -- Symlinking: /home/john/robo_ws/install/gazebo_ros2_control/share/ament_index/resource_index/packages/gazebo_ros2_control
[16.895s] -- Symlinking: /home/john/robo_ws/install/gazebo_ros2_control/share/ament_index/resource_index/gazebo_ros2_control__pluginlib__plugin/gazebo_ros2_control
[16.901s] -- Symlinking: /home/john/robo_ws/install/gazebo_ros2_control/share/gazebo_ros2_control/cmake/ament_cmake_export_include_directories-extras.cmake
[16.908s] -- Symlinking: /home/john/robo_ws/install/gazebo_ros2_control/share/gazebo_ros2_control/cmake/ament_cmake_export_dependencies-extras.cmake
[16.914s] -- Symlinking: /home/john/robo_ws/install/gazebo_ros2_control/share/gazebo_ros2_control/cmake/ament_cmake_export_libraries-extras.cmake
[16.921s] -- Symlinking: /home/john/robo_ws/install/gazebo_ros2_control/share/gazebo_ros2_control/cmake/gazebo_ros2_controlConfig.cmake
[16.927s] -- Symlinking: /home/john/robo_ws/install/gazebo_ros2_control/share/gazebo_ros2_control/cmake/gazebo_ros2_controlConfig-version.cmake
[16.933s] -- Symlinking: /home/john/robo_ws/install/gazebo_ros2_control/share/gazebo_ros2_control/package.xml
[16.941s] Invoked command in '/home/john/robo_ws/build/gazebo_ros2_control' returned '0': CMAKE_PREFIX_PATH=/opt/ros/humble /usr/bin/cmake --install /home/john/robo_ws/build/gazebo_ros2_control
