[0.020s] Invoking command in '/home/john/robo_ws/build/serial': CMAKE_PREFIX_PATH=/home/john/robo_ws/install/stepper_interface:/opt/ros/humble:/home/john/robo_ws/install/serial:/home/john/robo_ws/install/nick_bot_moveit_config:/home/john/robo_ws/install/nick_bot:/home/john/robo_ws/install/gazebo_ros2_control:/home/john/robo_ws/install/dynamixel_hardware /usr/bin/cmake --build /home/john/robo_ws/build/serial -- -j6 -l6
[0.062s] [100%] Built target serial
[0.082s] Invoked command in '/home/john/robo_ws/build/serial' returned '0': CMAKE_PREFIX_PATH=/home/john/robo_ws/install/stepper_interface:/opt/ros/humble:/home/john/robo_ws/install/serial:/home/john/robo_ws/install/nick_bot_moveit_config:/home/john/robo_ws/install/nick_bot:/home/john/robo_ws/install/gazebo_ros2_control:/home/john/robo_ws/install/dynamixel_hardware /usr/bin/cmake --build /home/john/robo_ws/build/serial -- -j6 -l6
[0.111s] Invoking command in '/home/john/robo_ws/build/serial': CMAKE_PREFIX_PATH=/home/john/robo_ws/install/stepper_interface:/opt/ros/humble:/home/john/robo_ws/install/serial:/home/john/robo_ws/install/nick_bot_moveit_config:/home/john/robo_ws/install/nick_bot:/home/john/robo_ws/install/gazebo_ros2_control:/home/john/robo_ws/install/dynamixel_hardware /usr/bin/cmake --install /home/john/robo_ws/build/serial
[0.120s] -- Install configuration: ""
[0.121s] -- Execute custom install script
[0.121s] -- Up-to-date symlink: /home/john/robo_ws/install/serial/lib/libserial.so
[0.121s] -- Up-to-date symlink: /home/john/robo_ws/install/serial/include//serial/impl/unix.h
[0.121s] -- Up-to-date symlink: /home/john/robo_ws/install/serial/include//serial/impl/win.h
[0.122s] -- Up-to-date symlink: /home/john/robo_ws/install/serial/include//serial/serial.h
[0.122s] -- Up-to-date symlink: /home/john/robo_ws/install/serial/include//serial/v8stdint.h
[0.122s] -- Up-to-date symlink: /home/john/robo_ws/install/serial/share/serial/environment/library_path.sh
[0.122s] -- Up-to-date symlink: /home/john/robo_ws/install/serial/share/serial/environment/library_path.dsv
[0.122s] -- Up-to-date symlink: /home/john/robo_ws/install/serial/share/ament_index/resource_index/package_run_dependencies/serial
[0.122s] -- Up-to-date symlink: /home/john/robo_ws/install/serial/share/ament_index/resource_index/parent_prefix_path/serial
[0.124s] -- Up-to-date symlink: /home/john/robo_ws/install/serial/share/serial/environment/ament_prefix_path.sh
[0.124s] -- Up-to-date symlink: /home/john/robo_ws/install/serial/share/serial/environment/ament_prefix_path.dsv
[0.124s] -- Up-to-date symlink: /home/john/robo_ws/install/serial/share/serial/environment/path.sh
[0.124s] -- Up-to-date symlink: /home/john/robo_ws/install/serial/share/serial/environment/path.dsv
[0.124s] -- Up-to-date symlink: /home/john/robo_ws/install/serial/share/serial/local_setup.bash
[0.124s] -- Up-to-date symlink: /home/john/robo_ws/install/serial/share/serial/local_setup.sh
[0.124s] -- Up-to-date symlink: /home/john/robo_ws/install/serial/share/serial/local_setup.zsh
[0.124s] -- Up-to-date symlink: /home/john/robo_ws/install/serial/share/serial/local_setup.dsv
[0.125s] -- Symlinking: /home/john/robo_ws/install/serial/share/serial/package.dsv
[0.129s] -- Up-to-date symlink: /home/john/robo_ws/install/serial/share/ament_index/resource_index/packages/serial
[0.129s] -- Up-to-date symlink: /home/john/robo_ws/install/serial/share/serial/cmake/ament_cmake_export_include_directories-extras.cmake
[0.129s] -- Up-to-date symlink: /home/john/robo_ws/install/serial/share/serial/cmake/ament_cmake_export_libraries-extras.cmake
[0.129s] -- Up-to-date symlink: /home/john/robo_ws/install/serial/share/serial/cmake/serialConfig.cmake
[0.129s] -- Up-to-date symlink: /home/john/robo_ws/install/serial/share/serial/cmake/serialConfig-version.cmake
[0.129s] -- Up-to-date symlink: /home/john/robo_ws/install/serial/share/serial/package.xml
[0.137s] Invoked command in '/home/john/robo_ws/build/serial' returned '0': CMAKE_PREFIX_PATH=/home/john/robo_ws/install/stepper_interface:/opt/ros/humble:/home/john/robo_ws/install/serial:/home/john/robo_ws/install/nick_bot_moveit_config:/home/john/robo_ws/install/nick_bot:/home/john/robo_ws/install/gazebo_ros2_control:/home/john/robo_ws/install/dynamixel_hardware /usr/bin/cmake --install /home/john/robo_ws/build/serial
