-- Found ament_cmake: 1.3.3 (/opt/ros/humble/share/ament_cmake/cmake)
-- Override CMake install command with custom implementation using symlinks instead of copying resources
-- Found ament_lint_auto: 0.12.5 (/opt/ros/humble/share/ament_lint_auto/cmake)
-- Added test 'flake8' to check Python code syntax and style conventions
-- Added test 'lint_cmake' to check CMake code style
-- Added test 'pep257' to check Python code against some of the docstring style conventions in PEP 257
-- Added test 'xmllint' to check XML markup files
-- Configuring done
-- Generating done
-- Build files have been written to: /home/john/robo_ws/build/nick_bot
-- Install configuration: ""
-- Execute custom install script
-- Symlinking: /home/john/robo_ws/install/nick_bot/share/nick_bot/launch/gazebo.launch.py
-- Symlinking: /home/john/robo_ws/install/nick_bot/share/nick_bot/urdf/nick_bot.urdf
-- Symlinking: /home/john/robo_ws/install/nick_bot/share/nick_bot/urdf/nick_bot_MODIF.urdf
-- Symlinking: /home/john/robo_ws/install/nick_bot/share/nick_bot/urdf/nick_bot_moveit.urdf
[31mCMake Error at ament_cmake_symlink_install/ament_cmake_symlink_install.cmake:100 (message):
  ament_cmake_symlink_install_directory() can't find
  '/home/john/robo_ws/src/nick_bot/meshes'
Call Stack (most recent call first):
  ament_cmake_symlink_install/ament_cmake_symlink_install.cmake:314 (ament_cmake_symlink_install_directory)
  cmake_install.cmake:46 (include)

[0m
