[0.009s] Invoking command in '/home/john/robo_ws/build/nick_bot': CMAKE_PREFIX_PATH=/opt/ros/humble /usr/bin/cmake /home/john/robo_ws/src/nick_bot -DCMAKE_INSTALL_PREFIX=/home/john/robo_ws/install/nick_bot
[0.018s] -- Found ament_cmake: 1.3.3 (/opt/ros/humble/share/ament_cmake/cmake)
[0.132s] -- Override CMake install command with custom implementation using symlinks instead of copying resources
[0.138s] -- Found ament_lint_auto: 0.12.5 (/opt/ros/humble/share/ament_lint_auto/cmake)
[0.198s] -- Added test 'flake8' to check Python code syntax and style conventions
[0.199s] -- Added test 'lint_cmake' to check CMake code style
[0.199s] -- Added test 'pep257' to check Python code against some of the docstring style conventions in PEP 257
[0.200s] -- Added test 'xmllint' to check XML markup files
[0.201s] -- Configuring done
[0.204s] -- Generating done
[0.204s] -- Build files have been written to: /home/john/robo_ws/build/nick_bot
[0.206s] Invoked command in '/home/john/robo_ws/build/nick_bot' returned '0': CMAKE_PREFIX_PATH=/opt/ros/humble /usr/bin/cmake /home/john/robo_ws/src/nick_bot -DCMAKE_INSTALL_PREFIX=/home/john/robo_ws/install/nick_bot
[0.208s] Invoking command in '/home/john/robo_ws/build/nick_bot': CMAKE_PREFIX_PATH=/opt/ros/humble /usr/bin/cmake --build /home/john/robo_ws/build/nick_bot -- -j6 -l6
[0.236s] Invoked command in '/home/john/robo_ws/build/nick_bot' returned '0': CMAKE_PREFIX_PATH=/opt/ros/humble /usr/bin/cmake --build /home/john/robo_ws/build/nick_bot -- -j6 -l6
[0.260s] Invoking command in '/home/john/robo_ws/build/nick_bot': CMAKE_PREFIX_PATH=/opt/ros/humble /usr/bin/cmake --install /home/john/robo_ws/build/nick_bot
[0.265s] -- Install configuration: ""
[0.266s] -- Execute custom install script
[0.266s] -- Symlinking: /home/john/robo_ws/install/nick_bot/share/nick_bot/launch/gazebo.launch.py
[0.273s] -- Symlinking: /home/john/robo_ws/install/nick_bot/share/nick_bot/urdf/nick_bot.urdf
[0.279s] -- Symlinking: /home/john/robo_ws/install/nick_bot/share/nick_bot/urdf/nick_bot_MODIF.urdf
[0.285s] -- Symlinking: /home/john/robo_ws/install/nick_bot/share/nick_bot/urdf/nick_bot_moveit.urdf
[0.292s] [31mCMake Error at ament_cmake_symlink_install/ament_cmake_symlink_install.cmake:100 (message):
[0.292s]   ament_cmake_symlink_install_directory() can't find
[0.292s]   '/home/john/robo_ws/src/nick_bot/meshes'
[0.292s] Call Stack (most recent call first):
[0.292s]   ament_cmake_symlink_install/ament_cmake_symlink_install.cmake:314 (ament_cmake_symlink_install_directory)
[0.292s]   cmake_install.cmake:46 (include)
[0.292s] 
[0.292s] [0m
[0.293s] Invoked command in '/home/john/robo_ws/build/nick_bot' returned '1': CMAKE_PREFIX_PATH=/opt/ros/humble /usr/bin/cmake --install /home/john/robo_ws/build/nick_bot
