[35m[1mConsolidate compiler generated dependencies of target stepper_interface[0m
[ 33%] [32mBuilding CXX object CMakeFiles/stepper_interface.dir/src/stepper_interface.cpp.o[0m
[01m[K/home/john/robo_ws/src/stepper_interface/src/stepper_interface.cpp:[m[K In member function ‘[01m[Kvirtual hardware_interface::CallbackReturn stepper_interface::StepperInterface::on_init(const hardware_interface::HardwareInfo&)[m[K’:
[01m[K/home/john/robo_ws/src/stepper_interface/src/stepper_interface.cpp:42:78:[m[K [01;35m[Kwarning: [m[Koverflow in conversion from ‘[01m[Kdouble[m[K’ to ‘[01m[Kstd::vector<int>::value_type[m[K’ {aka ‘[01m[Kint[m[K’} changes value from ‘[01m[K+QNaN[m[K’ to ‘[01m[K0[m[K’ [[01;35m[K]8;;https://gcc.gnu.org/onlinedocs/gcc/Warning-Options.html#index-Woverflow-Woverflow]8;;[m[K]
   42 |     steps_.resize(info_.joints.size(), [01;35m[Kstd::numeric_limits<double>::quiet_NaN()[m[K);
      |                                        [01;35m[K~~~~~~~~~~~~~~~~~~~~~~~~~~~~~~~~~~~~~~^~[m[K
[ 66%] [32m[1mLinking CXX shared library libstepper_interface.so[0m
[100%] Built target stepper_interface
-- Install configuration: ""
-- Execute custom install script
-- Up-to-date symlink: /home/john/robo_ws/install/stepper_interface/share/stepper_interface//stepper_interface.xml
-- Up-to-date symlink: /home/john/robo_ws/install/stepper_interface/lib/libstepper_interface.so
-- Up-to-date symlink: /home/john/robo_ws/install/stepper_interface/include/stepper_interface/arduino_comm.hpp
-- Up-to-date symlink: /home/john/robo_ws/install/stepper_interface/include/stepper_interface/stepper_interface.hpp
-- Up-to-date symlink: /home/john/robo_ws/install/stepper_interface/include/stepper_interface/visibility_control.h
-- Up-to-date symlink: /home/john/robo_ws/install/stepper_interface/share/stepper_interface/environment/library_path.sh
-- Up-to-date symlink: /home/john/robo_ws/install/stepper_interface/share/stepper_interface/environment/library_path.dsv
-- Up-to-date symlink: /home/john/robo_ws/install/stepper_interface/share/ament_index/resource_index/package_run_dependencies/stepper_interface
-- Up-to-date symlink: /home/john/robo_ws/install/stepper_interface/share/ament_index/resource_index/parent_prefix_path/stepper_interface
-- Up-to-date symlink: /home/john/robo_ws/install/stepper_interface/share/stepper_interface/environment/ament_prefix_path.sh
-- Up-to-date symlink: /home/john/robo_ws/install/stepper_interface/share/stepper_interface/environment/ament_prefix_path.dsv
-- Up-to-date symlink: /home/john/robo_ws/install/stepper_interface/share/stepper_interface/environment/path.sh
-- Up-to-date symlink: /home/john/robo_ws/install/stepper_interface/share/stepper_interface/environment/path.dsv
-- Up-to-date symlink: /home/john/robo_ws/install/stepper_interface/share/stepper_interface/local_setup.bash
-- Up-to-date symlink: /home/john/robo_ws/install/stepper_interface/share/stepper_interface/local_setup.sh
-- Up-to-date symlink: /home/john/robo_ws/install/stepper_interface/share/stepper_interface/local_setup.zsh
-- Up-to-date symlink: /home/john/robo_ws/install/stepper_interface/share/stepper_interface/local_setup.dsv
-- Symlinking: /home/john/robo_ws/install/stepper_interface/share/stepper_interface/package.dsv
-- Up-to-date symlink: /home/john/robo_ws/install/stepper_interface/share/ament_index/resource_index/packages/stepper_interface
-- Up-to-date symlink: /home/john/robo_ws/install/stepper_interface/share/ament_index/resource_index/hardware_interface__pluginlib__plugin/stepper_interface
-- Up-to-date symlink: /home/john/robo_ws/install/stepper_interface/share/stepper_interface/cmake/ament_cmake_export_include_directories-extras.cmake
-- Up-to-date symlink: /home/john/robo_ws/install/stepper_interface/share/stepper_interface/cmake/ament_cmake_export_libraries-extras.cmake
-- Up-to-date symlink: /home/john/robo_ws/install/stepper_interface/share/stepper_interface/cmake/ament_cmake_export_dependencies-extras.cmake
-- Up-to-date symlink: /home/john/robo_ws/install/stepper_interface/share/stepper_interface/cmake/stepper_interfaceConfig.cmake
-- Up-to-date symlink: /home/john/robo_ws/install/stepper_interface/share/stepper_interface/cmake/stepper_interfaceConfig-version.cmake
-- Up-to-date symlink: /home/john/robo_ws/install/stepper_interface/share/stepper_interface/package.xml
