[0.010s] Invoking command in '/home/john/robo_ws/build/gazebo_ros2_control': CMAKE_PREFIX_PATH=/opt/ros/humble /usr/bin/cmake /home/john/robo_ws/src/gazebo_ros2_control -DCMAKE_INSTALL_PREFIX=/home/john/robo_ws/install/gazebo_ros2_control
[0.021s] -- Found ament_cmake: 1.3.3 (/opt/ros/humble/share/ament_cmake/cmake)
[0.144s] -- Override CMake install command with custom implementation using symlinks instead of copying resources
[0.150s] -- Found angles: 1.15.0 (/opt/ros/humble/share/angles/cmake)
[0.151s] -- Found controller_manager: 2.20.0 (/opt/ros/humble/share/controller_manager/cmake)
[0.179s] -- Found rosidl_generator_c: 3.1.4 (/opt/ros/humble/share/rosidl_generator_c/cmake)
[0.181s] -- Found rosidl_adapter: 3.1.4 (/opt/ros/humble/share/rosidl_adapter/cmake)
[0.187s] -- Found rosidl_generator_cpp: 3.1.4 (/opt/ros/humble/share/rosidl_generator_cpp/cmake)
[0.197s] -- Using all available rosidl_typesupport_c: rosidl_typesupport_fastrtps_c;rosidl_typesupport_introspection_c
[0.212s] -- Using all available rosidl_typesupport_cpp: rosidl_typesupport_fastrtps_cpp;rosidl_typesupport_introspection_cpp
[0.841s] -- Found rmw_implementation_cmake: 6.1.1 (/opt/ros/humble/share/rmw_implementation_cmake/cmake)
[0.842s] -- Found rmw_fastrtps_cpp: 6.2.2 (/opt/ros/humble/share/rmw_fastrtps_cpp/cmake)
[0.952s] -- Using RMW implementation 'rmw_fastrtps_cpp' as default
[1.587s] -- Found gazebo_dev: 3.7.0 (/opt/ros/humble/share/gazebo_dev/cmake)
[1.611s] -- Found DART: /usr/include (Required is at least version "6.6") found components: dart 
[1.635s] -- Found Protobuf: /usr/lib/x86_64-linux-gnu/libprotobuf.so (found version "3.12.4") 
[1.636s] -- Looking for ignition-math6 -- found version 6.13.0
[1.640s] -- Searching for dependencies of ignition-math6
[1.641s] -- Looking for OGRE...
[1.646s] -- Found Ogre Ghadamon (1.9.0)
[1.646s] -- Found OGRE: optimized;/usr/lib/x86_64-linux-gnu/libOgreMain.so;debug;/usr/lib/x86_64-linux-gnu/libOgreMain.so
[1.655s] -- Looking for OGRE_Paging...
[1.655s] -- Found OGRE_Paging: optimized;/usr/lib/x86_64-linux-gnu/libOgrePaging.so;debug;/usr/lib/x86_64-linux-gnu/libOgrePaging.so
[1.655s] -- Looking for OGRE_Terrain...
[1.655s] -- Found OGRE_Terrain: optimized;/usr/lib/x86_64-linux-gnu/libOgreTerrain.so;debug;/usr/lib/x86_64-linux-gnu/libOgreTerrain.so
[1.655s] -- Looking for OGRE_Property...
[1.655s] -- Found OGRE_Property: optimized;/usr/lib/x86_64-linux-gnu/libOgreProperty.so;debug;/usr/lib/x86_64-linux-gnu/libOgreProperty.so
[1.655s] -- Looking for OGRE_RTShaderSystem...
[1.655s] -- Found OGRE_RTShaderSystem: optimized;/usr/lib/x86_64-linux-gnu/libOgreRTShaderSystem.so;debug;/usr/lib/x86_64-linux-gnu/libOgreRTShaderSystem.so
[1.655s] -- Looking for OGRE_Volume...
[1.656s] -- Found OGRE_Volume: optimized;/usr/lib/x86_64-linux-gnu/libOgreVolume.so;debug;/usr/lib/x86_64-linux-gnu/libOgreVolume.so
[1.656s] -- Looking for OGRE_Overlay...
[1.656s] -- Found OGRE_Overlay: optimized;/usr/lib/x86_64-linux-gnu/libOgreOverlay.so;debug;/usr/lib/x86_64-linux-gnu/libOgreOverlay.so
[1.738s] -- Looking for ignition-math6 -- found version 6.13.0
[1.738s] -- Looking for ignition-transport8 -- found version 8.2.1
[1.738s] -- Searching for dependencies of ignition-transport8
[1.753s] -- Found Protobuf: /usr/lib/x86_64-linux-gnu/libprotobuf.so (found suitable version "3.12.4", minimum required is "3") 
[1.763s] -- Config-file not installed for ZeroMQ -- checking for pkg-config
[1.767s] -- Checking for module 'libzmq >= 4'
[1.777s] --   Found libzmq , version 4.3.4
[1.809s] -- Checking for module 'uuid'
[1.819s] --   Found uuid, version 2.37.2
[1.844s] -- Looking for ignition-msgs5 -- found version 5.8.1
[1.844s] -- Searching for dependencies of ignition-msgs5
[1.860s] -- Looking for ignition-math6 -- found version 6.13.0
[1.866s] -- Looking for ignition-msgs5 -- found version 5.8.1
[1.866s] -- Looking for ignition-common3 -- found version 3.14.0
[1.867s] -- Searching for dependencies of ignition-common3
[1.867s] -- Looking for dlfcn.h - found
[1.867s] -- Looking for libdl - found
[1.876s] -- Searching for <ignition-common3> component [graphics]
[1.877s] -- Looking for ignition-common3-graphics -- found version 3.14.0
[1.877s] -- Searching for dependencies of ignition-common3-graphics
[1.877s] -- Looking for ignition-math6 -- found version 6.13.0
[1.878s] -- Looking for ignition-fuel_tools4 -- found version 4.4.0
[1.879s] -- Searching for dependencies of ignition-fuel_tools4
[1.910s] -- Checking for module 'jsoncpp'
[1.920s] --   Found jsoncpp, version 1.9.5
[1.951s] -- Checking for module 'libzip'
[1.961s] --   Found libzip, version 1.7.3
[1.986s] -- Looking for ignition-common3 -- found version 3.14.0
[1.986s] -- Looking for ignition-math6 -- found version 6.13.0
[1.987s] -- Looking for ignition-msgs5 -- found version 5.8.1
[1.988s] -- Gazebo version: 11.10
[1.989s] -- Found gazebo_ros: 3.7.0 (/opt/ros/humble/share/gazebo_ros/cmake)
[1.997s] -- Found yaml_cpp_vendor: 8.0.2 (/opt/ros/humble/share/yaml_cpp_vendor/cmake)
[2.649s] -- Found ament_cmake_gtest: 1.3.3 (/opt/ros/humble/share/ament_cmake_gtest/cmake)
[2.650s] -- Found ament_lint_auto: 0.12.5 (/opt/ros/humble/share/ament_lint_auto/cmake)
[2.713s] -- Added test 'copyright' to check source files copyright and LICENSE
[2.714s] -- Added test 'cppcheck' to perform static code analysis on C / C++ code
[2.714s] -- Configured cppcheck include dirs: /home/john/robo_ws/src/gazebo_ros2_control/include
[2.715s] -- Configured cppcheck exclude dirs and/or files: 
[2.715s] -- Added test 'cpplint' to check C / C++ code against the Google style
[2.715s] -- Configured cpplint exclude dirs and/or files: 
[2.716s] -- Added test 'lint_cmake' to check CMake code style
[2.717s] -- Added test 'uncrustify' to check C / C++ code style
[2.717s] -- Configured uncrustify additional arguments: 
[2.717s] -- Added test 'xmllint' to check XML markup files
[2.719s] -- Configuring done
[2.794s] -- Generating done
[2.797s] -- Build files have been written to: /home/john/robo_ws/build/gazebo_ros2_control
[2.808s] Invoked command in '/home/john/robo_ws/build/gazebo_ros2_control' returned '0': CMAKE_PREFIX_PATH=/opt/ros/humble /usr/bin/cmake /home/john/robo_ws/src/gazebo_ros2_control -DCMAKE_INSTALL_PREFIX=/home/john/robo_ws/install/gazebo_ros2_control
[2.809s] Invoking command in '/home/john/robo_ws/build/gazebo_ros2_control': CMAKE_PREFIX_PATH=/opt/ros/humble /usr/bin/cmake --build /home/john/robo_ws/build/gazebo_ros2_control -- -j6 -l6
[2.845s] [35m[1mConsolidate compiler generated dependencies of target gazebo_hardware_plugins[0m
[2.845s] [35m[1mConsolidate compiler generated dependencies of target gazebo_ros2_control[0m
[2.880s] [ 50%] Built target gazebo_hardware_plugins
[2.881s] [100%] Built target gazebo_ros2_control
[2.891s] Invoked command in '/home/john/robo_ws/build/gazebo_ros2_control' returned '0': CMAKE_PREFIX_PATH=/opt/ros/humble /usr/bin/cmake --build /home/john/robo_ws/build/gazebo_ros2_control -- -j6 -l6
[2.914s] Invoking command in '/home/john/robo_ws/build/gazebo_ros2_control': CMAKE_PREFIX_PATH=/opt/ros/humble /usr/bin/cmake --install /home/john/robo_ws/build/gazebo_ros2_control
[2.920s] -- Install configuration: ""
[2.920s] -- Execute custom install script
[2.921s] -- Up-to-date symlink: /home/john/robo_ws/install/gazebo_ros2_control/lib/libgazebo_ros2_control.so
[2.921s] -- Up-to-date symlink: /home/john/robo_ws/install/gazebo_ros2_control/lib/libgazebo_hardware_plugins.so
[2.921s] -- Up-to-date symlink: /home/john/robo_ws/install/gazebo_ros2_control/share/gazebo_ros2_control/environment/library_path.sh
[2.921s] -- Up-to-date symlink: /home/john/robo_ws/install/gazebo_ros2_control/share/gazebo_ros2_control/environment/library_path.dsv
[2.921s] -- Up-to-date symlink: /home/john/robo_ws/install/gazebo_ros2_control/include/gazebo_ros2_control/gazebo_ros2_control_plugin.hpp
[2.921s] -- Up-to-date symlink: /home/john/robo_ws/install/gazebo_ros2_control/include/gazebo_ros2_control/gazebo_system.hpp
[2.921s] -- Up-to-date symlink: /home/john/robo_ws/install/gazebo_ros2_control/include/gazebo_ros2_control/gazebo_system_interface.hpp
[2.922s] -- Up-to-date symlink: /home/john/robo_ws/install/gazebo_ros2_control/share/gazebo_ros2_control//gazebo_hardware_plugins.xml
[2.922s] -- Up-to-date symlink: /home/john/robo_ws/install/gazebo_ros2_control/share/ament_index/resource_index/package_run_dependencies/gazebo_ros2_control
[2.922s] -- Up-to-date symlink: /home/john/robo_ws/install/gazebo_ros2_control/share/ament_index/resource_index/parent_prefix_path/gazebo_ros2_control
[2.922s] -- Up-to-date symlink: /home/john/robo_ws/install/gazebo_ros2_control/share/gazebo_ros2_control/environment/ament_prefix_path.sh
[2.922s] -- Up-to-date symlink: /home/john/robo_ws/install/gazebo_ros2_control/share/gazebo_ros2_control/environment/ament_prefix_path.dsv
[2.922s] -- Up-to-date symlink: /home/john/robo_ws/install/gazebo_ros2_control/share/gazebo_ros2_control/environment/path.sh
[2.922s] -- Up-to-date symlink: /home/john/robo_ws/install/gazebo_ros2_control/share/gazebo_ros2_control/environment/path.dsv
[2.923s] -- Up-to-date symlink: /home/john/robo_ws/install/gazebo_ros2_control/share/gazebo_ros2_control/local_setup.bash
[2.923s] -- Up-to-date symlink: /home/john/robo_ws/install/gazebo_ros2_control/share/gazebo_ros2_control/local_setup.sh
[2.923s] -- Up-to-date symlink: /home/john/robo_ws/install/gazebo_ros2_control/share/gazebo_ros2_control/local_setup.zsh
[2.923s] -- Up-to-date symlink: /home/john/robo_ws/install/gazebo_ros2_control/share/gazebo_ros2_control/local_setup.dsv
[2.923s] -- Symlinking: /home/john/robo_ws/install/gazebo_ros2_control/share/gazebo_ros2_control/package.dsv
[2.930s] -- Up-to-date symlink: /home/john/robo_ws/install/gazebo_ros2_control/share/ament_index/resource_index/packages/gazebo_ros2_control
[2.930s] -- Up-to-date symlink: /home/john/robo_ws/install/gazebo_ros2_control/share/ament_index/resource_index/gazebo_ros2_control__pluginlib__plugin/gazebo_ros2_control
[2.930s] -- Up-to-date symlink: /home/john/robo_ws/install/gazebo_ros2_control/share/gazebo_ros2_control/cmake/ament_cmake_export_include_directories-extras.cmake
[2.931s] -- Up-to-date symlink: /home/john/robo_ws/install/gazebo_ros2_control/share/gazebo_ros2_control/cmake/ament_cmake_export_dependencies-extras.cmake
[2.931s] -- Up-to-date symlink: /home/john/robo_ws/install/gazebo_ros2_control/share/gazebo_ros2_control/cmake/ament_cmake_export_libraries-extras.cmake
[2.931s] -- Up-to-date symlink: /home/john/robo_ws/install/gazebo_ros2_control/share/gazebo_ros2_control/cmake/gazebo_ros2_controlConfig.cmake
[2.931s] -- Up-to-date symlink: /home/john/robo_ws/install/gazebo_ros2_control/share/gazebo_ros2_control/cmake/gazebo_ros2_controlConfig-version.cmake
[2.931s] -- Up-to-date symlink: /home/john/robo_ws/install/gazebo_ros2_control/share/gazebo_ros2_control/package.xml
[2.934s] Invoked command in '/home/john/robo_ws/build/gazebo_ros2_control' returned '0': CMAKE_PREFIX_PATH=/opt/ros/humble /usr/bin/cmake --install /home/john/robo_ws/build/gazebo_ros2_control
