[0.014s] Invoking command in '/home/john/robo_ws/build/dynamixel_hardware': CMAKE_PREFIX_PATH=/opt/ros/humble /usr/bin/cmake /home/john/robo_ws/src/dynamixel_hardware/dynamixel_hardware -DCMAKE_INSTALL_PREFIX=/home/john/robo_ws/install/dynamixel_hardware
[0.059s] -- The C compiler identification is GNU 11.3.0
[0.116s] -- The CXX compiler identification is GNU 11.3.0
[0.121s] -- Detecting C compiler ABI info
[0.173s] -- Detecting C compiler ABI info - done
[0.179s] -- Check for working C compiler: /usr/bin/cc - skipped
[0.180s] -- Detecting C compile features
[0.180s] -- Detecting C compile features - done
[0.182s] -- Detecting CXX compiler ABI info
[0.252s] -- Detecting CXX compiler ABI info - done
[0.259s] -- Check for working CXX compiler: /usr/bin/c++ - skipped
[0.260s] -- Detecting CXX compile features
[0.260s] -- Detecting CXX compile features - done
[0.263s] -- Found ament_cmake: 1.3.3 (/opt/ros/humble/share/ament_cmake/cmake)
[0.763s] -- Found Python3: /usr/bin/python3.10 (found version "3.10.6") found components: Interpreter 
[0.843s] -- Found rclcpp: 16.0.3 (/opt/ros/humble/share/rclcpp/cmake)
[0.886s] -- Found rosidl_generator_c: 3.1.4 (/opt/ros/humble/share/rosidl_generator_c/cmake)
[0.891s] -- Found rosidl_adapter: 3.1.4 (/opt/ros/humble/share/rosidl_adapter/cmake)
[0.899s] -- Found rosidl_generator_cpp: 3.1.4 (/opt/ros/humble/share/rosidl_generator_cpp/cmake)
[0.911s] -- Using all available rosidl_typesupport_c: rosidl_typesupport_fastrtps_c;rosidl_typesupport_introspection_c
[0.930s] -- Using all available rosidl_typesupport_cpp: rosidl_typesupport_fastrtps_cpp;rosidl_typesupport_introspection_cpp
[0.997s] -- Found rmw_implementation_cmake: 6.1.1 (/opt/ros/humble/share/rmw_implementation_cmake/cmake)
[0.999s] -- Found rmw_fastrtps_cpp: 6.2.2 (/opt/ros/humble/share/rmw_fastrtps_cpp/cmake)
[1.088s] -- Found OpenSSL: /usr/lib/x86_64-linux-gnu/libcrypto.so (found version "3.0.2")  
[1.112s] -- Found FastRTPS: /opt/ros/humble/include  
[1.155s] -- Using RMW implementation 'rmw_fastrtps_cpp' as default
[1.163s] -- Looking for pthread.h
[1.224s] -- Looking for pthread.h - found
[1.225s] -- Performing Test CMAKE_HAVE_LIBC_PTHREAD
[1.301s] -- Performing Test CMAKE_HAVE_LIBC_PTHREAD - Success
[1.301s] -- Found Threads: TRUE  
[1.460s] -- Found rclcpp_lifecycle: 16.0.3 (/opt/ros/humble/share/rclcpp_lifecycle/cmake)
[1.500s] -- Found hardware_interface: 2.20.0 (/opt/ros/humble/share/hardware_interface/cmake)
[2.030s] -- Found dynamixel_workbench_toolbox: 2.2.3 (/opt/ros/humble/share/dynamixel_workbench_toolbox/cmake)
[2.100s] -- Found ament_lint_auto: 0.12.5 (/opt/ros/humble/share/ament_lint_auto/cmake)
[2.172s] -- Added test 'copyright' to check source files copyright and LICENSE
[2.173s] -- Added test 'cppcheck' to perform static code analysis on C / C++ code
[2.173s] -- Configured cppcheck include dirs: /home/john/robo_ws/src/dynamixel_hardware/dynamixel_hardware/include
[2.173s] -- Configured cppcheck exclude dirs and/or files: 
[2.174s] -- Added test 'cpplint' to check C / C++ code against the Google style
[2.174s] -- Configured cpplint exclude dirs and/or files: 
[2.175s] -- Added test 'lint_cmake' to check CMake code style
[2.176s] -- Added test 'uncrustify' to check C / C++ code style
[2.176s] -- Configured uncrustify additional arguments: 
[2.176s] -- Added test 'xmllint' to check XML markup files
[2.178s] -- Configuring done
[2.206s] -- Generating done
[2.207s] -- Build files have been written to: /home/john/robo_ws/build/dynamixel_hardware
[2.216s] Invoked command in '/home/john/robo_ws/build/dynamixel_hardware' returned '0': CMAKE_PREFIX_PATH=/opt/ros/humble /usr/bin/cmake /home/john/robo_ws/src/dynamixel_hardware/dynamixel_hardware -DCMAKE_INSTALL_PREFIX=/home/john/robo_ws/install/dynamixel_hardware
[2.218s] Invoking command in '/home/john/robo_ws/build/dynamixel_hardware': CMAKE_PREFIX_PATH=/opt/ros/humble /usr/bin/cmake --build /home/john/robo_ws/build/dynamixel_hardware -- -j6 -l6
[2.258s] [ 50%] [32mBuilding CXX object CMakeFiles/dynamixel_hardware.dir/src/dynamixel_hardware.cpp.o[0m
[5.555s] [100%] [32m[1mLinking CXX shared library libdynamixel_hardware.so[0m
[5.734s] [100%] Built target dynamixel_hardware
[5.745s] Invoked command in '/home/john/robo_ws/build/dynamixel_hardware' returned '0': CMAKE_PREFIX_PATH=/opt/ros/humble /usr/bin/cmake --build /home/john/robo_ws/build/dynamixel_hardware -- -j6 -l6
[5.767s] Invoking command in '/home/john/robo_ws/build/dynamixel_hardware': CMAKE_PREFIX_PATH=/opt/ros/humble /usr/bin/cmake --install /home/john/robo_ws/build/dynamixel_hardware
[5.773s] -- Install configuration: ""
[5.774s] -- Installing: /home/john/robo_ws/install/dynamixel_hardware/share/dynamixel_hardware/dynamixel_hardware.xml
[5.774s] -- Installing: /home/john/robo_ws/install/dynamixel_hardware/lib/libdynamixel_hardware.so
[5.774s] -- Set runtime path of "/home/john/robo_ws/install/dynamixel_hardware/lib/libdynamixel_hardware.so" to ""
[5.774s] -- Installing: /home/john/robo_ws/install/dynamixel_hardware/include
[5.774s] -- Installing: /home/john/robo_ws/install/dynamixel_hardware/include/dynamixel_hardware
[5.775s] -- Installing: /home/john/robo_ws/install/dynamixel_hardware/include/dynamixel_hardware/visiblity_control.h
[5.775s] -- Installing: /home/john/robo_ws/install/dynamixel_hardware/include/dynamixel_hardware/dynamixel_hardware.hpp
[5.775s] -- Installing: /home/john/robo_ws/install/dynamixel_hardware/share/dynamixel_hardware/environment/library_path.sh
[5.775s] -- Installing: /home/john/robo_ws/install/dynamixel_hardware/share/dynamixel_hardware/environment/library_path.dsv
[5.775s] -- Installing: /home/john/robo_ws/install/dynamixel_hardware/share/ament_index/resource_index/package_run_dependencies/dynamixel_hardware
[5.775s] -- Installing: /home/john/robo_ws/install/dynamixel_hardware/share/ament_index/resource_index/parent_prefix_path/dynamixel_hardware
[5.775s] -- Installing: /home/john/robo_ws/install/dynamixel_hardware/share/dynamixel_hardware/environment/ament_prefix_path.sh
[5.776s] -- Installing: /home/john/robo_ws/install/dynamixel_hardware/share/dynamixel_hardware/environment/ament_prefix_path.dsv
[5.776s] -- Installing: /home/john/robo_ws/install/dynamixel_hardware/share/dynamixel_hardware/environment/path.sh
[5.776s] -- Installing: /home/john/robo_ws/install/dynamixel_hardware/share/dynamixel_hardware/environment/path.dsv
[5.776s] -- Installing: /home/john/robo_ws/install/dynamixel_hardware/share/dynamixel_hardware/local_setup.bash
[5.776s] -- Installing: /home/john/robo_ws/install/dynamixel_hardware/share/dynamixel_hardware/local_setup.sh
[5.776s] -- Installing: /home/john/robo_ws/install/dynamixel_hardware/share/dynamixel_hardware/local_setup.zsh
[5.776s] -- Installing: /home/john/robo_ws/install/dynamixel_hardware/share/dynamixel_hardware/local_setup.dsv
[5.777s] -- Installing: /home/john/robo_ws/install/dynamixel_hardware/share/dynamixel_hardware/package.dsv
[5.777s] -- Installing: /home/john/robo_ws/install/dynamixel_hardware/share/ament_index/resource_index/packages/dynamixel_hardware
[5.777s] -- Installing: /home/john/robo_ws/install/dynamixel_hardware/share/ament_index/resource_index/hardware_interface__pluginlib__plugin/dynamixel_hardware
[5.777s] -- Installing: /home/john/robo_ws/install/dynamixel_hardware/share/dynamixel_hardware/cmake/ament_cmake_export_include_directories-extras.cmake
[5.777s] -- Installing: /home/john/robo_ws/install/dynamixel_hardware/share/dynamixel_hardware/cmake/ament_cmake_export_libraries-extras.cmake
[5.777s] -- Installing: /home/john/robo_ws/install/dynamixel_hardware/share/dynamixel_hardware/cmake/ament_cmake_export_dependencies-extras.cmake
[5.778s] -- Installing: /home/john/robo_ws/install/dynamixel_hardware/share/dynamixel_hardware/cmake/dynamixel_hardwareConfig.cmake
[5.778s] -- Installing: /home/john/robo_ws/install/dynamixel_hardware/share/dynamixel_hardware/cmake/dynamixel_hardwareConfig-version.cmake
[5.778s] -- Installing: /home/john/robo_ws/install/dynamixel_hardware/share/dynamixel_hardware/package.xml
[5.781s] Invoked command in '/home/john/robo_ws/build/dynamixel_hardware' returned '0': CMAKE_PREFIX_PATH=/opt/ros/humble /usr/bin/cmake --install /home/john/robo_ws/build/dynamixel_hardware
