[0.259s] DEBUG:colcon:Command line arguments: ['/usr/bin/colcon', 'build']
[0.259s] DEBUG:colcon:Parsed command line arguments: Namespace(log_base=None, log_level=None, verb_name='build', build_base='build', install_base='install', merge_install=False, symlink_install=False, test_result_base=None, continue_on_error=False, executor='parallel', parallel_workers=6, event_handlers=None, ignore_user_meta=False, metas=['./colcon.meta'], base_paths=['.'], packages_ignore=None, packages_ignore_regex=None, paths=None, packages_up_to=None, packages_up_to_regex=None, packages_above=None, packages_above_and_dependencies=None, packages_above_depth=None, packages_select_by_dep=None, packages_skip_by_dep=None, packages_skip_up_to=None, packages_select_build_failed=False, packages_skip_build_finished=False, packages_select_test_failures=False, packages_skip_test_passed=False, packages_select=None, packages_skip=None, packages_select_regex=None, packages_skip_regex=None, packages_start=None, packages_end=None, allow_overriding=[], cmake_args=None, cmake_target=None, cmake_target_skip_unavailable=False, cmake_clean_cache=False, cmake_clean_first=False, cmake_force_configure=False, ament_cmake_args=None, catkin_cmake_args=None, catkin_skip_building_tests=False, verb_parser=<colcon_defaults.argument_parser.defaults.DefaultArgumentsDecorator object at 0x7f4a76b43550>, verb_extension=<colcon_core.verb.build.BuildVerb object at 0x7f4a76d05540>, main=<bound method BuildVerb.main of <colcon_core.verb.build.BuildVerb object at 0x7f4a76d05540>>)
[0.277s] Level 1:colcon.colcon_core.package_discovery:discover_packages(colcon_meta) check parameters
[0.277s] Level 1:colcon.colcon_core.package_discovery:discover_packages(recursive) check parameters
[0.277s] Level 1:colcon.colcon_core.package_discovery:discover_packages(ignore) check parameters
[0.277s] Level 1:colcon.colcon_core.package_discovery:discover_packages(path) check parameters
[0.277s] Level 1:colcon.colcon_core.package_discovery:discover_packages(colcon_meta) discover
[0.277s] Level 1:colcon.colcon_core.package_discovery:discover_packages(recursive) discover
[0.277s] INFO:colcon.colcon_core.package_discovery:Crawling recursively for packages in '/home/john/robo_ws'
[0.278s] Level 1:colcon.colcon_core.package_identification:_identify(.) by extensions ['ignore', 'ignore_ament_install']
[0.278s] Level 1:colcon.colcon_core.package_identification:_identify(.) by extension 'ignore'
[0.278s] Level 1:colcon.colcon_core.package_identification:_identify(.) by extension 'ignore_ament_install'
[0.278s] Level 1:colcon.colcon_core.package_identification:_identify(.) by extensions ['colcon_pkg']
[0.278s] Level 1:colcon.colcon_core.package_identification:_identify(.) by extension 'colcon_pkg'
[0.278s] Level 1:colcon.colcon_core.package_identification:_identify(.) by extensions ['colcon_meta']
[0.278s] Level 1:colcon.colcon_core.package_identification:_identify(.) by extension 'colcon_meta'
[0.278s] Level 1:colcon.colcon_core.package_identification:_identify(.) by extensions ['ros']
[0.278s] Level 1:colcon.colcon_core.package_identification:_identify(.) by extension 'ros'
[0.295s] Level 1:colcon.colcon_core.package_identification:_identify(.) by extensions ['cmake', 'python']
[0.295s] Level 1:colcon.colcon_core.package_identification:_identify(.) by extension 'cmake'
[0.295s] Level 1:colcon.colcon_core.package_identification:_identify(.) by extension 'python'
[0.295s] Level 1:colcon.colcon_core.package_identification:_identify(.) by extensions ['python_setup_py']
[0.295s] Level 1:colcon.colcon_core.package_identification:_identify(.) by extension 'python_setup_py'
[0.295s] Level 1:colcon.colcon_core.package_identification:_identify(build) by extensions ['ignore', 'ignore_ament_install']
[0.295s] Level 1:colcon.colcon_core.package_identification:_identify(build) by extension 'ignore'
[0.295s] Level 1:colcon.colcon_core.package_identification:_identify(build) ignored
[0.295s] Level 1:colcon.colcon_core.package_identification:_identify(install) by extensions ['ignore', 'ignore_ament_install']
[0.295s] Level 1:colcon.colcon_core.package_identification:_identify(install) by extension 'ignore'
[0.295s] Level 1:colcon.colcon_core.package_identification:_identify(install) ignored
[0.295s] Level 1:colcon.colcon_core.package_identification:_identify(log) by extensions ['ignore', 'ignore_ament_install']
[0.295s] Level 1:colcon.colcon_core.package_identification:_identify(log) by extension 'ignore'
[0.295s] Level 1:colcon.colcon_core.package_identification:_identify(log) ignored
[0.296s] Level 1:colcon.colcon_core.package_identification:_identify(src) by extensions ['ignore', 'ignore_ament_install']
[0.296s] Level 1:colcon.colcon_core.package_identification:_identify(src) by extension 'ignore'
[0.296s] Level 1:colcon.colcon_core.package_identification:_identify(src) by extension 'ignore_ament_install'
[0.296s] Level 1:colcon.colcon_core.package_identification:_identify(src) by extensions ['colcon_pkg']
[0.296s] Level 1:colcon.colcon_core.package_identification:_identify(src) by extension 'colcon_pkg'
[0.296s] Level 1:colcon.colcon_core.package_identification:_identify(src) by extensions ['colcon_meta']
[0.296s] Level 1:colcon.colcon_core.package_identification:_identify(src) by extension 'colcon_meta'
[0.296s] Level 1:colcon.colcon_core.package_identification:_identify(src) by extensions ['ros']
[0.296s] Level 1:colcon.colcon_core.package_identification:_identify(src) by extension 'ros'
[0.296s] Level 1:colcon.colcon_core.package_identification:_identify(src) by extensions ['cmake', 'python']
[0.296s] Level 1:colcon.colcon_core.package_identification:_identify(src) by extension 'cmake'
[0.296s] Level 1:colcon.colcon_core.package_identification:_identify(src) by extension 'python'
[0.296s] Level 1:colcon.colcon_core.package_identification:_identify(src) by extensions ['python_setup_py']
[0.296s] Level 1:colcon.colcon_core.package_identification:_identify(src) by extension 'python_setup_py'
[0.296s] Level 1:colcon.colcon_core.package_identification:_identify(src/gazebo_ros2_control) by extensions ['ignore', 'ignore_ament_install']
[0.296s] Level 1:colcon.colcon_core.package_identification:_identify(src/gazebo_ros2_control) by extension 'ignore'
[0.296s] Level 1:colcon.colcon_core.package_identification:_identify(src/gazebo_ros2_control) by extension 'ignore_ament_install'
[0.296s] Level 1:colcon.colcon_core.package_identification:_identify(src/gazebo_ros2_control) by extensions ['colcon_pkg']
[0.296s] Level 1:colcon.colcon_core.package_identification:_identify(src/gazebo_ros2_control) by extension 'colcon_pkg'
[0.296s] Level 1:colcon.colcon_core.package_identification:_identify(src/gazebo_ros2_control) by extensions ['colcon_meta']
[0.296s] Level 1:colcon.colcon_core.package_identification:_identify(src/gazebo_ros2_control) by extension 'colcon_meta'
[0.296s] Level 1:colcon.colcon_core.package_identification:_identify(src/gazebo_ros2_control) by extensions ['ros']
[0.297s] Level 1:colcon.colcon_core.package_identification:_identify(src/gazebo_ros2_control) by extension 'ros'
[0.299s] DEBUG:colcon.colcon_core.package_identification:Package 'src/gazebo_ros2_control' with type 'ros.ament_cmake' and name 'gazebo_ros2_control'
[0.299s] Level 1:colcon.colcon_core.package_identification:_identify(src/nick_bot) by extensions ['ignore', 'ignore_ament_install']
[0.299s] Level 1:colcon.colcon_core.package_identification:_identify(src/nick_bot) by extension 'ignore'
[0.299s] Level 1:colcon.colcon_core.package_identification:_identify(src/nick_bot) by extension 'ignore_ament_install'
[0.299s] Level 1:colcon.colcon_core.package_identification:_identify(src/nick_bot) by extensions ['colcon_pkg']
[0.299s] Level 1:colcon.colcon_core.package_identification:_identify(src/nick_bot) by extension 'colcon_pkg'
[0.299s] Level 1:colcon.colcon_core.package_identification:_identify(src/nick_bot) by extensions ['colcon_meta']
[0.300s] Level 1:colcon.colcon_core.package_identification:_identify(src/nick_bot) by extension 'colcon_meta'
[0.300s] Level 1:colcon.colcon_core.package_identification:_identify(src/nick_bot) by extensions ['ros']
[0.300s] Level 1:colcon.colcon_core.package_identification:_identify(src/nick_bot) by extension 'ros'
[0.300s] DEBUG:colcon.colcon_core.package_identification:Package 'src/nick_bot' with type 'ros.ament_cmake' and name 'nick_bot'
[0.300s] Level 1:colcon.colcon_core.package_identification:_identify(src/nick_bot_moveit_config) by extensions ['ignore', 'ignore_ament_install']
[0.300s] Level 1:colcon.colcon_core.package_identification:_identify(src/nick_bot_moveit_config) by extension 'ignore'
[0.300s] Level 1:colcon.colcon_core.package_identification:_identify(src/nick_bot_moveit_config) by extension 'ignore_ament_install'
[0.300s] Level 1:colcon.colcon_core.package_identification:_identify(src/nick_bot_moveit_config) by extensions ['colcon_pkg']
[0.300s] Level 1:colcon.colcon_core.package_identification:_identify(src/nick_bot_moveit_config) by extension 'colcon_pkg'
[0.300s] Level 1:colcon.colcon_core.package_identification:_identify(src/nick_bot_moveit_config) by extensions ['colcon_meta']
[0.300s] Level 1:colcon.colcon_core.package_identification:_identify(src/nick_bot_moveit_config) by extension 'colcon_meta'
[0.300s] Level 1:colcon.colcon_core.package_identification:_identify(src/nick_bot_moveit_config) by extensions ['ros']
[0.301s] Level 1:colcon.colcon_core.package_identification:_identify(src/nick_bot_moveit_config) by extension 'ros'
[0.301s] DEBUG:colcon.colcon_core.package_identification:Package 'src/nick_bot_moveit_config' with type 'ros.ament_cmake' and name 'nick_bot_moveit_config'
[0.301s] Level 1:colcon.colcon_core.package_discovery:discover_packages(recursive) using defaults
[0.301s] Level 1:colcon.colcon_core.package_discovery:discover_packages(ignore) discover
[0.301s] Level 1:colcon.colcon_core.package_discovery:discover_packages(ignore) using defaults
[0.301s] Level 1:colcon.colcon_core.package_discovery:discover_packages(path) discover
[0.301s] Level 1:colcon.colcon_core.package_discovery:discover_packages(path) using defaults
[0.322s] Level 1:colcon.colcon_core.package_discovery:discover_packages(prefix_path) check parameters
[0.322s] Level 1:colcon.colcon_core.package_discovery:discover_packages(prefix_path) discover
[0.324s] DEBUG:colcon.colcon_installed_package_information.package_discovery:Found 3 installed packages in /home/john/robo_ws/install
[0.326s] DEBUG:colcon.colcon_installed_package_information.package_discovery:Found 349 installed packages in /opt/ros/humble
[0.327s] Level 1:colcon.colcon_core.package_discovery:discover_packages(prefix_path) using defaults
[0.389s] Level 5:colcon.colcon_core.verb:set package 'gazebo_ros2_control' build argument 'cmake_args' from command line to 'None'
[0.389s] Level 5:colcon.colcon_core.verb:set package 'gazebo_ros2_control' build argument 'cmake_target' from command line to 'None'
[0.389s] Level 5:colcon.colcon_core.verb:set package 'gazebo_ros2_control' build argument 'cmake_target_skip_unavailable' from command line to 'False'
[0.389s] Level 5:colcon.colcon_core.verb:set package 'gazebo_ros2_control' build argument 'cmake_clean_cache' from command line to 'False'
[0.389s] Level 5:colcon.colcon_core.verb:set package 'gazebo_ros2_control' build argument 'cmake_clean_first' from command line to 'False'
[0.389s] Level 5:colcon.colcon_core.verb:set package 'gazebo_ros2_control' build argument 'cmake_force_configure' from command line to 'False'
[0.389s] Level 5:colcon.colcon_core.verb:set package 'gazebo_ros2_control' build argument 'ament_cmake_args' from command line to 'None'
[0.389s] Level 5:colcon.colcon_core.verb:set package 'gazebo_ros2_control' build argument 'catkin_cmake_args' from command line to 'None'
[0.389s] Level 5:colcon.colcon_core.verb:set package 'gazebo_ros2_control' build argument 'catkin_skip_building_tests' from command line to 'False'
[0.389s] DEBUG:colcon.colcon_core.verb:Building package 'gazebo_ros2_control' with the following arguments: {'ament_cmake_args': None, 'build_base': '/home/john/robo_ws/build/gazebo_ros2_control', 'catkin_cmake_args': None, 'catkin_skip_building_tests': False, 'cmake_args': None, 'cmake_clean_cache': False, 'cmake_clean_first': False, 'cmake_force_configure': False, 'cmake_target': None, 'cmake_target_skip_unavailable': False, 'install_base': '/home/john/robo_ws/install/gazebo_ros2_control', 'merge_install': False, 'path': '/home/john/robo_ws/src/gazebo_ros2_control', 'symlink_install': False, 'test_result_base': None}
[0.390s] Level 5:colcon.colcon_core.verb:set package 'nick_bot' build argument 'cmake_args' from command line to 'None'
[0.390s] Level 5:colcon.colcon_core.verb:set package 'nick_bot' build argument 'cmake_target' from command line to 'None'
[0.390s] Level 5:colcon.colcon_core.verb:set package 'nick_bot' build argument 'cmake_target_skip_unavailable' from command line to 'False'
[0.390s] Level 5:colcon.colcon_core.verb:set package 'nick_bot' build argument 'cmake_clean_cache' from command line to 'False'
[0.390s] Level 5:colcon.colcon_core.verb:set package 'nick_bot' build argument 'cmake_clean_first' from command line to 'False'
[0.390s] Level 5:colcon.colcon_core.verb:set package 'nick_bot' build argument 'cmake_force_configure' from command line to 'False'
[0.390s] Level 5:colcon.colcon_core.verb:set package 'nick_bot' build argument 'ament_cmake_args' from command line to 'None'
[0.390s] Level 5:colcon.colcon_core.verb:set package 'nick_bot' build argument 'catkin_cmake_args' from command line to 'None'
[0.390s] Level 5:colcon.colcon_core.verb:set package 'nick_bot' build argument 'catkin_skip_building_tests' from command line to 'False'
[0.390s] DEBUG:colcon.colcon_core.verb:Building package 'nick_bot' with the following arguments: {'ament_cmake_args': None, 'build_base': '/home/john/robo_ws/build/nick_bot', 'catkin_cmake_args': None, 'catkin_skip_building_tests': False, 'cmake_args': None, 'cmake_clean_cache': False, 'cmake_clean_first': False, 'cmake_force_configure': False, 'cmake_target': None, 'cmake_target_skip_unavailable': False, 'install_base': '/home/john/robo_ws/install/nick_bot', 'merge_install': False, 'path': '/home/john/robo_ws/src/nick_bot', 'symlink_install': False, 'test_result_base': None}
[0.391s] Level 5:colcon.colcon_core.verb:set package 'nick_bot_moveit_config' build argument 'cmake_args' from command line to 'None'
[0.391s] Level 5:colcon.colcon_core.verb:set package 'nick_bot_moveit_config' build argument 'cmake_target' from command line to 'None'
[0.391s] Level 5:colcon.colcon_core.verb:set package 'nick_bot_moveit_config' build argument 'cmake_target_skip_unavailable' from command line to 'False'
[0.391s] Level 5:colcon.colcon_core.verb:set package 'nick_bot_moveit_config' build argument 'cmake_clean_cache' from command line to 'False'
[0.391s] Level 5:colcon.colcon_core.verb:set package 'nick_bot_moveit_config' build argument 'cmake_clean_first' from command line to 'False'
[0.391s] Level 5:colcon.colcon_core.verb:set package 'nick_bot_moveit_config' build argument 'cmake_force_configure' from command line to 'False'
[0.391s] Level 5:colcon.colcon_core.verb:set package 'nick_bot_moveit_config' build argument 'ament_cmake_args' from command line to 'None'
[0.391s] Level 5:colcon.colcon_core.verb:set package 'nick_bot_moveit_config' build argument 'catkin_cmake_args' from command line to 'None'
[0.391s] Level 5:colcon.colcon_core.verb:set package 'nick_bot_moveit_config' build argument 'catkin_skip_building_tests' from command line to 'False'
[0.391s] DEBUG:colcon.colcon_core.verb:Building package 'nick_bot_moveit_config' with the following arguments: {'ament_cmake_args': None, 'build_base': '/home/john/robo_ws/build/nick_bot_moveit_config', 'catkin_cmake_args': None, 'catkin_skip_building_tests': False, 'cmake_args': None, 'cmake_clean_cache': False, 'cmake_clean_first': False, 'cmake_force_configure': False, 'cmake_target': None, 'cmake_target_skip_unavailable': False, 'install_base': '/home/john/robo_ws/install/nick_bot_moveit_config', 'merge_install': False, 'path': '/home/john/robo_ws/src/nick_bot_moveit_config', 'symlink_install': False, 'test_result_base': None}
[0.392s] INFO:colcon.colcon_core.executor:Executing jobs using 'parallel' executor
[0.395s] DEBUG:colcon.colcon_parallel_executor.executor.parallel:run_until_complete
[0.395s] INFO:colcon.colcon_ros.task.ament_cmake.build:Building ROS package in '/home/john/robo_ws/src/nick_bot' with build type 'ament_cmake'
[0.395s] INFO:colcon.colcon_cmake.task.cmake.build:Building CMake package in '/home/john/robo_ws/src/nick_bot'
[0.399s] INFO:colcon.colcon_core.plugin_system:Skipping extension 'colcon_core.shell.bat': Not used on non-Windows systems
[0.399s] INFO:colcon.colcon_core.shell:Skip shell extension 'powershell' for command environment: Not usable outside of PowerShell
[0.399s] DEBUG:colcon.colcon_core.shell:Skip shell extension 'dsv' for command environment
[0.406s] INFO:colcon.colcon_ros.task.ament_cmake.build:Building ROS package in '/home/john/robo_ws/src/gazebo_ros2_control' with build type 'ament_cmake'
[0.406s] INFO:colcon.colcon_cmake.task.cmake.build:Building CMake package in '/home/john/robo_ws/src/gazebo_ros2_control'
[0.407s] INFO:colcon.colcon_core.shell:Skip shell extension 'powershell' for command environment: Not usable outside of PowerShell
[0.408s] DEBUG:colcon.colcon_core.shell:Skip shell extension 'dsv' for command environment
[0.416s] DEBUG:colcon.colcon_core.event_handler.log_command:Invoking command in '/home/john/robo_ws/build/nick_bot': CMAKE_PREFIX_PATH=${CMAKE_PREFIX_PATH}:/opt/ros/humble /usr/bin/cmake --build /home/john/robo_ws/build/nick_bot -- -j6 -l6
[0.419s] DEBUG:colcon.colcon_core.event_handler.log_command:Invoking command in '/home/john/robo_ws/build/gazebo_ros2_control': CMAKE_PREFIX_PATH=${CMAKE_PREFIX_PATH}:/opt/ros/humble /usr/bin/cmake --build /home/john/robo_ws/build/gazebo_ros2_control -- -j6 -l6
[0.447s] DEBUG:colcon.colcon_core.event_handler.log_command:Invoked command in '/home/john/robo_ws/build/nick_bot' returned '0': CMAKE_PREFIX_PATH=${CMAKE_PREFIX_PATH}:/opt/ros/humble /usr/bin/cmake --build /home/john/robo_ws/build/nick_bot -- -j6 -l6
[0.472s] DEBUG:colcon.colcon_core.event_handler.log_command:Invoking command in '/home/john/robo_ws/build/nick_bot': CMAKE_PREFIX_PATH=${CMAKE_PREFIX_PATH}:/opt/ros/humble /usr/bin/cmake --install /home/john/robo_ws/build/nick_bot
[0.490s] DEBUG:colcon.colcon_core.event_handler.log_command:Invoked command in '/home/john/robo_ws/build/gazebo_ros2_control' returned '0': CMAKE_PREFIX_PATH=${CMAKE_PREFIX_PATH}:/opt/ros/humble /usr/bin/cmake --build /home/john/robo_ws/build/gazebo_ros2_control -- -j6 -l6
[0.497s] Level 1:colcon.colcon_core.environment:create_environment_scripts_only(nick_bot)
[0.498s] DEBUG:colcon.colcon_core.event_handler.log_command:Invoked command in '/home/john/robo_ws/build/nick_bot' returned '0': CMAKE_PREFIX_PATH=${CMAKE_PREFIX_PATH}:/opt/ros/humble /usr/bin/cmake --install /home/john/robo_ws/build/nick_bot
[0.501s] Level 1:colcon.colcon_core.environment:checking '/home/john/robo_ws/install/nick_bot' for CMake module files
[0.502s] Level 1:colcon.colcon_core.environment:checking '/home/john/robo_ws/install/nick_bot' for CMake config files
[0.502s] Level 1:colcon.colcon_core.shell:create_environment_hook('nick_bot', 'cmake_prefix_path')
[0.503s] INFO:colcon.colcon_core.shell:Creating environment hook '/home/john/robo_ws/install/nick_bot/share/nick_bot/hook/cmake_prefix_path.ps1'
[0.503s] INFO:colcon.colcon_core.shell:Creating environment descriptor '/home/john/robo_ws/install/nick_bot/share/nick_bot/hook/cmake_prefix_path.dsv'
[0.504s] INFO:colcon.colcon_core.shell:Creating environment hook '/home/john/robo_ws/install/nick_bot/share/nick_bot/hook/cmake_prefix_path.sh'
[0.505s] Level 1:colcon.colcon_core.environment:checking '/home/john/robo_ws/install/nick_bot/bin'
[0.505s] Level 1:colcon.colcon_core.environment:checking '/home/john/robo_ws/install/nick_bot/lib/pkgconfig/nick_bot.pc'
[0.505s] Level 1:colcon.colcon_core.environment:checking '/home/john/robo_ws/install/nick_bot/lib/python3.10/site-packages'
[0.505s] Level 1:colcon.colcon_core.environment:checking '/home/john/robo_ws/install/nick_bot/bin'
[0.506s] INFO:colcon.colcon_core.shell:Creating package script '/home/john/robo_ws/install/nick_bot/share/nick_bot/package.ps1'
[0.507s] INFO:colcon.colcon_core.shell:Creating package descriptor '/home/john/robo_ws/install/nick_bot/share/nick_bot/package.dsv'
[0.507s] INFO:colcon.colcon_core.shell:Creating package script '/home/john/robo_ws/install/nick_bot/share/nick_bot/package.sh'
[0.508s] INFO:colcon.colcon_core.shell:Creating package script '/home/john/robo_ws/install/nick_bot/share/nick_bot/package.bash'
[0.508s] INFO:colcon.colcon_core.shell:Creating package script '/home/john/robo_ws/install/nick_bot/share/nick_bot/package.zsh'
[0.509s] Level 1:colcon.colcon_core.environment:create_file_with_runtime_dependencies(/home/john/robo_ws/install/nick_bot/share/colcon-core/packages/nick_bot)
[0.513s] DEBUG:colcon.colcon_core.event_handler.log_command:Invoking command in '/home/john/robo_ws/build/gazebo_ros2_control': CMAKE_PREFIX_PATH=${CMAKE_PREFIX_PATH}:/opt/ros/humble /usr/bin/cmake --install /home/john/robo_ws/build/gazebo_ros2_control
[0.531s] Level 1:colcon.colcon_core.environment:create_environment_scripts_only(nick_bot)
[0.532s] Level 1:colcon.colcon_core.environment:checking '/home/john/robo_ws/install/nick_bot' for CMake module files
[0.533s] Level 1:colcon.colcon_core.environment:checking '/home/john/robo_ws/install/nick_bot' for CMake config files
[0.534s] Level 1:colcon.colcon_core.shell:create_environment_hook('nick_bot', 'cmake_prefix_path')
[0.535s] INFO:colcon.colcon_core.shell:Creating environment hook '/home/john/robo_ws/install/nick_bot/share/nick_bot/hook/cmake_prefix_path.ps1'
[0.535s] INFO:colcon.colcon_core.shell:Creating environment descriptor '/home/john/robo_ws/install/nick_bot/share/nick_bot/hook/cmake_prefix_path.dsv'
[0.535s] INFO:colcon.colcon_core.shell:Creating environment hook '/home/john/robo_ws/install/nick_bot/share/nick_bot/hook/cmake_prefix_path.sh'
[0.536s] Level 1:colcon.colcon_core.environment:checking '/home/john/robo_ws/install/nick_bot/bin'
[0.536s] Level 1:colcon.colcon_core.environment:checking '/home/john/robo_ws/install/nick_bot/lib/pkgconfig/nick_bot.pc'
[0.536s] Level 1:colcon.colcon_core.environment:checking '/home/john/robo_ws/install/nick_bot/lib/python3.10/site-packages'
[0.536s] Level 1:colcon.colcon_core.environment:checking '/home/john/robo_ws/install/nick_bot/bin'
[0.537s] INFO:colcon.colcon_core.shell:Creating package script '/home/john/robo_ws/install/nick_bot/share/nick_bot/package.ps1'
[0.538s] INFO:colcon.colcon_core.shell:Creating package descriptor '/home/john/robo_ws/install/nick_bot/share/nick_bot/package.dsv'
[0.538s] INFO:colcon.colcon_core.shell:Creating package script '/home/john/robo_ws/install/nick_bot/share/nick_bot/package.sh'
[0.538s] INFO:colcon.colcon_core.shell:Creating package script '/home/john/robo_ws/install/nick_bot/share/nick_bot/package.bash'
[0.539s] INFO:colcon.colcon_core.shell:Creating package script '/home/john/robo_ws/install/nick_bot/share/nick_bot/package.zsh'
[0.539s] Level 1:colcon.colcon_core.environment:create_file_with_runtime_dependencies(/home/john/robo_ws/install/nick_bot/share/colcon-core/packages/nick_bot)
[0.539s] INFO:colcon.colcon_ros.task.ament_cmake.build:Building ROS package in '/home/john/robo_ws/src/nick_bot_moveit_config' with build type 'ament_cmake'
[0.540s] INFO:colcon.colcon_cmake.task.cmake.build:Building CMake package in '/home/john/robo_ws/src/nick_bot_moveit_config'
[0.541s] INFO:colcon.colcon_core.shell:Skip shell extension 'powershell' for command environment: Not usable outside of PowerShell
[0.541s] DEBUG:colcon.colcon_core.shell:Skip shell extension 'dsv' for command environment
[0.545s] Level 1:colcon.colcon_core.environment:create_environment_scripts_only(gazebo_ros2_control)
[0.547s] Level 1:colcon.colcon_core.environment:checking '/home/john/robo_ws/install/gazebo_ros2_control' for CMake module files
[0.547s] DEBUG:colcon.colcon_core.event_handler.log_command:Invoked command in '/home/john/robo_ws/build/gazebo_ros2_control' returned '0': CMAKE_PREFIX_PATH=${CMAKE_PREFIX_PATH}:/opt/ros/humble /usr/bin/cmake --install /home/john/robo_ws/build/gazebo_ros2_control
[0.548s] Level 1:colcon.colcon_core.environment:checking '/home/john/robo_ws/install/gazebo_ros2_control' for CMake config files
[0.548s] Level 1:colcon.colcon_core.shell:create_environment_hook('gazebo_ros2_control', 'cmake_prefix_path')
[0.549s] INFO:colcon.colcon_core.shell:Creating environment hook '/home/john/robo_ws/install/gazebo_ros2_control/share/gazebo_ros2_control/hook/cmake_prefix_path.ps1'
[0.549s] INFO:colcon.colcon_core.shell:Creating environment descriptor '/home/john/robo_ws/install/gazebo_ros2_control/share/gazebo_ros2_control/hook/cmake_prefix_path.dsv'
[0.549s] INFO:colcon.colcon_core.shell:Creating environment hook '/home/john/robo_ws/install/gazebo_ros2_control/share/gazebo_ros2_control/hook/cmake_prefix_path.sh'
[0.550s] Level 1:colcon.colcon_core.environment:checking '/home/john/robo_ws/install/gazebo_ros2_control/lib'
[0.550s] Level 1:colcon.colcon_core.shell:create_environment_hook('gazebo_ros2_control', 'ld_library_path_lib')
[0.551s] INFO:colcon.colcon_core.shell:Creating environment hook '/home/john/robo_ws/install/gazebo_ros2_control/share/gazebo_ros2_control/hook/ld_library_path_lib.ps1'
[0.551s] INFO:colcon.colcon_core.shell:Creating environment descriptor '/home/john/robo_ws/install/gazebo_ros2_control/share/gazebo_ros2_control/hook/ld_library_path_lib.dsv'
[0.552s] INFO:colcon.colcon_core.shell:Creating environment hook '/home/john/robo_ws/install/gazebo_ros2_control/share/gazebo_ros2_control/hook/ld_library_path_lib.sh'
[0.552s] Level 1:colcon.colcon_core.environment:checking '/home/john/robo_ws/install/gazebo_ros2_control/bin'
[0.552s] Level 1:colcon.colcon_core.environment:checking '/home/john/robo_ws/install/gazebo_ros2_control/lib/pkgconfig/gazebo_ros2_control.pc'
[0.552s] Level 1:colcon.colcon_core.environment:checking '/home/john/robo_ws/install/gazebo_ros2_control/lib/python3.10/site-packages'
[0.552s] Level 1:colcon.colcon_core.environment:checking '/home/john/robo_ws/install/gazebo_ros2_control/bin'
[0.553s] INFO:colcon.colcon_core.shell:Creating package script '/home/john/robo_ws/install/gazebo_ros2_control/share/gazebo_ros2_control/package.ps1'
[0.554s] INFO:colcon.colcon_core.shell:Creating package descriptor '/home/john/robo_ws/install/gazebo_ros2_control/share/gazebo_ros2_control/package.dsv'
[0.554s] INFO:colcon.colcon_core.shell:Creating package script '/home/john/robo_ws/install/gazebo_ros2_control/share/gazebo_ros2_control/package.sh'
[0.555s] INFO:colcon.colcon_core.shell:Creating package script '/home/john/robo_ws/install/gazebo_ros2_control/share/gazebo_ros2_control/package.bash'
[0.555s] INFO:colcon.colcon_core.shell:Creating package script '/home/john/robo_ws/install/gazebo_ros2_control/share/gazebo_ros2_control/package.zsh'
[0.555s] Level 1:colcon.colcon_core.environment:create_file_with_runtime_dependencies(/home/john/robo_ws/install/gazebo_ros2_control/share/colcon-core/packages/gazebo_ros2_control)
[0.559s] DEBUG:colcon.colcon_core.event_handler.log_command:Invoking command in '/home/john/robo_ws/build/nick_bot_moveit_config': CMAKE_PREFIX_PATH=${CMAKE_PREFIX_PATH}:/opt/ros/humble /usr/bin/cmake --build /home/john/robo_ws/build/nick_bot_moveit_config -- -j6 -l6
[0.580s] Level 1:colcon.colcon_core.environment:create_environment_scripts_only(gazebo_ros2_control)
[0.582s] Level 1:colcon.colcon_core.environment:checking '/home/john/robo_ws/install/gazebo_ros2_control' for CMake module files
[0.582s] Level 1:colcon.colcon_core.environment:checking '/home/john/robo_ws/install/gazebo_ros2_control' for CMake config files
[0.582s] Level 1:colcon.colcon_core.shell:create_environment_hook('gazebo_ros2_control', 'cmake_prefix_path')
[0.583s] INFO:colcon.colcon_core.shell:Creating environment hook '/home/john/robo_ws/install/gazebo_ros2_control/share/gazebo_ros2_control/hook/cmake_prefix_path.ps1'
[0.584s] INFO:colcon.colcon_core.shell:Creating environment descriptor '/home/john/robo_ws/install/gazebo_ros2_control/share/gazebo_ros2_control/hook/cmake_prefix_path.dsv'
[0.584s] INFO:colcon.colcon_core.shell:Creating environment hook '/home/john/robo_ws/install/gazebo_ros2_control/share/gazebo_ros2_control/hook/cmake_prefix_path.sh'
[0.584s] Level 1:colcon.colcon_core.environment:checking '/home/john/robo_ws/install/gazebo_ros2_control/lib'
[0.584s] Level 1:colcon.colcon_core.shell:create_environment_hook('gazebo_ros2_control', 'ld_library_path_lib')
[0.585s] INFO:colcon.colcon_core.shell:Creating environment hook '/home/john/robo_ws/install/gazebo_ros2_control/share/gazebo_ros2_control/hook/ld_library_path_lib.ps1'
[0.586s] INFO:colcon.colcon_core.shell:Creating environment descriptor '/home/john/robo_ws/install/gazebo_ros2_control/share/gazebo_ros2_control/hook/ld_library_path_lib.dsv'
[0.586s] INFO:colcon.colcon_core.shell:Creating environment hook '/home/john/robo_ws/install/gazebo_ros2_control/share/gazebo_ros2_control/hook/ld_library_path_lib.sh'
[0.586s] Level 1:colcon.colcon_core.environment:checking '/home/john/robo_ws/install/gazebo_ros2_control/bin'
[0.586s] Level 1:colcon.colcon_core.environment:checking '/home/john/robo_ws/install/gazebo_ros2_control/lib/pkgconfig/gazebo_ros2_control.pc'
[0.587s] Level 1:colcon.colcon_core.environment:checking '/home/john/robo_ws/install/gazebo_ros2_control/lib/python3.10/site-packages'
[0.587s] Level 1:colcon.colcon_core.environment:checking '/home/john/robo_ws/install/gazebo_ros2_control/bin'
[0.588s] INFO:colcon.colcon_core.shell:Creating package script '/home/john/robo_ws/install/gazebo_ros2_control/share/gazebo_ros2_control/package.ps1'
[0.588s] INFO:colcon.colcon_core.shell:Creating package descriptor '/home/john/robo_ws/install/gazebo_ros2_control/share/gazebo_ros2_control/package.dsv'
[0.589s] INFO:colcon.colcon_core.shell:Creating package script '/home/john/robo_ws/install/gazebo_ros2_control/share/gazebo_ros2_control/package.sh'
[0.589s] INFO:colcon.colcon_core.shell:Creating package script '/home/john/robo_ws/install/gazebo_ros2_control/share/gazebo_ros2_control/package.bash'
[0.589s] INFO:colcon.colcon_core.shell:Creating package script '/home/john/robo_ws/install/gazebo_ros2_control/share/gazebo_ros2_control/package.zsh'
[0.590s] Level 1:colcon.colcon_core.environment:create_file_with_runtime_dependencies(/home/john/robo_ws/install/gazebo_ros2_control/share/colcon-core/packages/gazebo_ros2_control)
[0.591s] DEBUG:colcon.colcon_core.event_handler.log_command:Invoked command in '/home/john/robo_ws/build/nick_bot_moveit_config' returned '0': CMAKE_PREFIX_PATH=${CMAKE_PREFIX_PATH}:/opt/ros/humble /usr/bin/cmake --build /home/john/robo_ws/build/nick_bot_moveit_config -- -j6 -l6
[0.609s] DEBUG:colcon.colcon_core.event_handler.log_command:Invoking command in '/home/john/robo_ws/build/nick_bot_moveit_config': CMAKE_PREFIX_PATH=${CMAKE_PREFIX_PATH}:/opt/ros/humble /usr/bin/cmake --install /home/john/robo_ws/build/nick_bot_moveit_config
[0.617s] Level 1:colcon.colcon_core.environment:create_environment_scripts_only(nick_bot_moveit_config)
[0.619s] Level 1:colcon.colcon_core.environment:checking '/home/john/robo_ws/install/nick_bot_moveit_config' for CMake module files
[0.619s] Level 1:colcon.colcon_core.environment:checking '/home/john/robo_ws/install/nick_bot_moveit_config' for CMake config files
[0.620s] Level 1:colcon.colcon_core.shell:create_environment_hook('nick_bot_moveit_config', 'cmake_prefix_path')
[0.621s] INFO:colcon.colcon_core.shell:Creating environment hook '/home/john/robo_ws/install/nick_bot_moveit_config/share/nick_bot_moveit_config/hook/cmake_prefix_path.ps1'
[0.621s] INFO:colcon.colcon_core.shell:Creating environment descriptor '/home/john/robo_ws/install/nick_bot_moveit_config/share/nick_bot_moveit_config/hook/cmake_prefix_path.dsv'
[0.622s] DEBUG:colcon.colcon_core.event_handler.log_command:Invoked command in '/home/john/robo_ws/build/nick_bot_moveit_config' returned '0': CMAKE_PREFIX_PATH=${CMAKE_PREFIX_PATH}:/opt/ros/humble /usr/bin/cmake --install /home/john/robo_ws/build/nick_bot_moveit_config
[0.622s] INFO:colcon.colcon_core.shell:Creating environment hook '/home/john/robo_ws/install/nick_bot_moveit_config/share/nick_bot_moveit_config/hook/cmake_prefix_path.sh'
[0.622s] Level 1:colcon.colcon_core.environment:checking '/home/john/robo_ws/install/nick_bot_moveit_config/bin'
[0.622s] Level 1:colcon.colcon_core.environment:checking '/home/john/robo_ws/install/nick_bot_moveit_config/lib/pkgconfig/nick_bot_moveit_config.pc'
[0.623s] Level 1:colcon.colcon_core.environment:checking '/home/john/robo_ws/install/nick_bot_moveit_config/lib/python3.10/site-packages'
[0.623s] Level 1:colcon.colcon_core.environment:checking '/home/john/robo_ws/install/nick_bot_moveit_config/bin'
[0.624s] INFO:colcon.colcon_core.shell:Creating package script '/home/john/robo_ws/install/nick_bot_moveit_config/share/nick_bot_moveit_config/package.ps1'
[0.624s] INFO:colcon.colcon_core.shell:Creating package descriptor '/home/john/robo_ws/install/nick_bot_moveit_config/share/nick_bot_moveit_config/package.dsv'
[0.624s] INFO:colcon.colcon_core.shell:Creating package script '/home/john/robo_ws/install/nick_bot_moveit_config/share/nick_bot_moveit_config/package.sh'
[0.625s] INFO:colcon.colcon_core.shell:Creating package script '/home/john/robo_ws/install/nick_bot_moveit_config/share/nick_bot_moveit_config/package.bash'
[0.625s] INFO:colcon.colcon_core.shell:Creating package script '/home/john/robo_ws/install/nick_bot_moveit_config/share/nick_bot_moveit_config/package.zsh'
[0.625s] Level 1:colcon.colcon_core.environment:create_file_with_runtime_dependencies(/home/john/robo_ws/install/nick_bot_moveit_config/share/colcon-core/packages/nick_bot_moveit_config)
[0.643s] Level 1:colcon.colcon_core.environment:create_environment_scripts_only(nick_bot_moveit_config)
[0.645s] Level 1:colcon.colcon_core.environment:checking '/home/john/robo_ws/install/nick_bot_moveit_config' for CMake module files
[0.645s] Level 1:colcon.colcon_core.environment:checking '/home/john/robo_ws/install/nick_bot_moveit_config' for CMake config files
[0.645s] Level 1:colcon.colcon_core.shell:create_environment_hook('nick_bot_moveit_config', 'cmake_prefix_path')
[0.646s] INFO:colcon.colcon_core.shell:Creating environment hook '/home/john/robo_ws/install/nick_bot_moveit_config/share/nick_bot_moveit_config/hook/cmake_prefix_path.ps1'
[0.646s] INFO:colcon.colcon_core.shell:Creating environment descriptor '/home/john/robo_ws/install/nick_bot_moveit_config/share/nick_bot_moveit_config/hook/cmake_prefix_path.dsv'
[0.647s] INFO:colcon.colcon_core.shell:Creating environment hook '/home/john/robo_ws/install/nick_bot_moveit_config/share/nick_bot_moveit_config/hook/cmake_prefix_path.sh'
[0.647s] Level 1:colcon.colcon_core.environment:checking '/home/john/robo_ws/install/nick_bot_moveit_config/bin'
[0.647s] Level 1:colcon.colcon_core.environment:checking '/home/john/robo_ws/install/nick_bot_moveit_config/lib/pkgconfig/nick_bot_moveit_config.pc'
[0.647s] Level 1:colcon.colcon_core.environment:checking '/home/john/robo_ws/install/nick_bot_moveit_config/lib/python3.10/site-packages'
[0.648s] Level 1:colcon.colcon_core.environment:checking '/home/john/robo_ws/install/nick_bot_moveit_config/bin'
[0.649s] INFO:colcon.colcon_core.shell:Creating package script '/home/john/robo_ws/install/nick_bot_moveit_config/share/nick_bot_moveit_config/package.ps1'
[0.649s] INFO:colcon.colcon_core.shell:Creating package descriptor '/home/john/robo_ws/install/nick_bot_moveit_config/share/nick_bot_moveit_config/package.dsv'
[0.649s] INFO:colcon.colcon_core.shell:Creating package script '/home/john/robo_ws/install/nick_bot_moveit_config/share/nick_bot_moveit_config/package.sh'
[0.650s] INFO:colcon.colcon_core.shell:Creating package script '/home/john/robo_ws/install/nick_bot_moveit_config/share/nick_bot_moveit_config/package.bash'
[0.650s] INFO:colcon.colcon_core.shell:Creating package script '/home/john/robo_ws/install/nick_bot_moveit_config/share/nick_bot_moveit_config/package.zsh'
[0.650s] Level 1:colcon.colcon_core.environment:create_file_with_runtime_dependencies(/home/john/robo_ws/install/nick_bot_moveit_config/share/colcon-core/packages/nick_bot_moveit_config)
[0.650s] DEBUG:colcon.colcon_parallel_executor.executor.parallel:closing loop
[0.651s] DEBUG:colcon.colcon_parallel_executor.executor.parallel:loop closed
[0.651s] DEBUG:colcon.colcon_parallel_executor.executor.parallel:run_until_complete finished with '0'
[0.651s] DEBUG:colcon.colcon_core.event_reactor:joining thread
[0.655s] INFO:colcon.colcon_core.plugin_system:Skipping extension 'colcon_notification.desktop_notification.terminal_notifier': Not used on non-Darwin systems
[0.655s] INFO:colcon.colcon_core.plugin_system:Skipping extension 'colcon_notification.desktop_notification.win32': Not used on non-Windows systems
[0.655s] INFO:colcon.colcon_notification.desktop_notification:Sending desktop notification using 'notify2'
[0.665s] DEBUG:colcon.colcon_core.event_reactor:joined thread
[0.666s] INFO:colcon.colcon_core.shell:Creating prefix script '/home/john/robo_ws/install/local_setup.ps1'
[0.667s] INFO:colcon.colcon_core.shell:Creating prefix util module '/home/john/robo_ws/install/_local_setup_util_ps1.py'
[0.668s] INFO:colcon.colcon_core.shell:Creating prefix chain script '/home/john/robo_ws/install/setup.ps1'
[0.669s] INFO:colcon.colcon_core.shell:Creating prefix script '/home/john/robo_ws/install/local_setup.sh'
[0.669s] INFO:colcon.colcon_core.shell:Creating prefix util module '/home/john/robo_ws/install/_local_setup_util_sh.py'
[0.669s] INFO:colcon.colcon_core.shell:Creating prefix chain script '/home/john/robo_ws/install/setup.sh'
[0.671s] INFO:colcon.colcon_core.shell:Creating prefix script '/home/john/robo_ws/install/local_setup.bash'
[0.671s] INFO:colcon.colcon_core.shell:Creating prefix chain script '/home/john/robo_ws/install/setup.bash'
[0.672s] INFO:colcon.colcon_core.shell:Creating prefix script '/home/john/robo_ws/install/local_setup.zsh'
[0.672s] INFO:colcon.colcon_core.shell:Creating prefix chain script '/home/john/robo_ws/install/setup.zsh'
