[0.017s] Invoking command in '/home/john/robo_ws/build/nick_bot_moveit_config': CMAKE_PREFIX_PATH=${CMAKE_PREFIX_PATH}:/opt/ros/humble /usr/bin/cmake /home/john/robo_ws/src/nick_bot_moveit_config -DCMAKE_INSTALL_PREFIX=/home/john/robo_ws/install/nick_bot_moveit_config
[0.058s] -- The C compiler identification is GNU 11.3.0
[0.104s] -- The CXX compiler identification is GNU 11.3.0
[0.110s] -- Detecting C compiler ABI info
[0.170s] -- Detecting C compiler ABI info - done
[0.180s] -- Check for working C compiler: /usr/bin/cc - skipped
[0.180s] -- Detecting C compile features
[0.181s] -- Detecting C compile features - done
[0.184s] -- Detecting CXX compiler ABI info
[0.275s] -- Detecting CXX compiler ABI info - done
[0.283s] -- Check for working CXX compiler: /usr/bin/c++ - skipped
[0.283s] -- Detecting CXX compile features
[0.283s] -- Detecting CXX compile features - done
[0.286s] -- Found ament_cmake: 1.3.3 (/opt/ros/humble/share/ament_cmake/cmake)
[0.424s] -- Found Python3: /usr/bin/python3.10 (found version "3.10.6") found components: Interpreter 
[0.548s] -- Configuring done
[0.550s] -- Generating done
[0.551s] -- Build files have been written to: /home/john/robo_ws/build/nick_bot_moveit_config
[0.554s] Invoked command in '/home/john/robo_ws/build/nick_bot_moveit_config' returned '0': CMAKE_PREFIX_PATH=${CMAKE_PREFIX_PATH}:/opt/ros/humble /usr/bin/cmake /home/john/robo_ws/src/nick_bot_moveit_config -DCMAKE_INSTALL_PREFIX=/home/john/robo_ws/install/nick_bot_moveit_config
[0.555s] Invoking command in '/home/john/robo_ws/build/nick_bot_moveit_config': CMAKE_PREFIX_PATH=${CMAKE_PREFIX_PATH}:/opt/ros/humble /usr/bin/cmake --build /home/john/robo_ws/build/nick_bot_moveit_config -- -j6 -l6
[0.583s] Invoked command in '/home/john/robo_ws/build/nick_bot_moveit_config' returned '0': CMAKE_PREFIX_PATH=${CMAKE_PREFIX_PATH}:/opt/ros/humble /usr/bin/cmake --build /home/john/robo_ws/build/nick_bot_moveit_config -- -j6 -l6
[0.599s] Invoking command in '/home/john/robo_ws/build/nick_bot_moveit_config': CMAKE_PREFIX_PATH=${CMAKE_PREFIX_PATH}:/opt/ros/humble /usr/bin/cmake --install /home/john/robo_ws/build/nick_bot_moveit_config
[0.605s] -- Install configuration: ""
[0.605s] -- Installing: /home/john/robo_ws/install/nick_bot_moveit_config/share/ament_index/resource_index/package_run_dependencies/nick_bot_moveit_config
[0.605s] -- Installing: /home/john/robo_ws/install/nick_bot_moveit_config/share/ament_index/resource_index/parent_prefix_path/nick_bot_moveit_config
[0.606s] -- Installing: /home/john/robo_ws/install/nick_bot_moveit_config/share/nick_bot_moveit_config/environment/ament_prefix_path.sh
[0.606s] -- Installing: /home/john/robo_ws/install/nick_bot_moveit_config/share/nick_bot_moveit_config/environment/ament_prefix_path.dsv
[0.606s] -- Installing: /home/john/robo_ws/install/nick_bot_moveit_config/share/nick_bot_moveit_config/environment/path.sh
[0.606s] -- Installing: /home/john/robo_ws/install/nick_bot_moveit_config/share/nick_bot_moveit_config/environment/path.dsv
[0.606s] -- Installing: /home/john/robo_ws/install/nick_bot_moveit_config/share/nick_bot_moveit_config/local_setup.bash
[0.606s] -- Installing: /home/john/robo_ws/install/nick_bot_moveit_config/share/nick_bot_moveit_config/local_setup.sh
[0.606s] -- Installing: /home/john/robo_ws/install/nick_bot_moveit_config/share/nick_bot_moveit_config/local_setup.zsh
[0.606s] -- Installing: /home/john/robo_ws/install/nick_bot_moveit_config/share/nick_bot_moveit_config/local_setup.dsv
[0.606s] -- Installing: /home/john/robo_ws/install/nick_bot_moveit_config/share/nick_bot_moveit_config/package.dsv
[0.606s] -- Installing: /home/john/robo_ws/install/nick_bot_moveit_config/share/ament_index/resource_index/packages/nick_bot_moveit_config
[0.606s] -- Installing: /home/john/robo_ws/install/nick_bot_moveit_config/share/nick_bot_moveit_config/cmake/nick_bot_moveit_configConfig.cmake
[0.607s] -- Installing: /home/john/robo_ws/install/nick_bot_moveit_config/share/nick_bot_moveit_config/cmake/nick_bot_moveit_configConfig-version.cmake
[0.607s] -- Installing: /home/john/robo_ws/install/nick_bot_moveit_config/share/nick_bot_moveit_config/package.xml
[0.607s] -- Installing: /home/john/robo_ws/install/nick_bot_moveit_config/share/nick_bot_moveit_config/launch
[0.607s] -- Installing: /home/john/robo_ws/install/nick_bot_moveit_config/share/nick_bot_moveit_config/launch/demo.launch.py
[0.607s] -- Installing: /home/john/robo_ws/install/nick_bot_moveit_config/share/nick_bot_moveit_config/launch/spawn_controllers.launch.py
[0.607s] -- Installing: /home/john/robo_ws/install/nick_bot_moveit_config/share/nick_bot_moveit_config/launch/warehouse_db.launch.py
[0.607s] -- Installing: /home/john/robo_ws/install/nick_bot_moveit_config/share/nick_bot_moveit_config/launch/static_virtual_joint_tfs.launch.py
[0.607s] -- Installing: /home/john/robo_ws/install/nick_bot_moveit_config/share/nick_bot_moveit_config/launch/move_group.launch.py
[0.607s] -- Installing: /home/john/robo_ws/install/nick_bot_moveit_config/share/nick_bot_moveit_config/launch/moveit_rviz.launch.py
[0.607s] -- Installing: /home/john/robo_ws/install/nick_bot_moveit_config/share/nick_bot_moveit_config/launch/setup_assistant.launch.py
[0.607s] -- Installing: /home/john/robo_ws/install/nick_bot_moveit_config/share/nick_bot_moveit_config/launch/rsp.launch.py
[0.607s] -- Installing: /home/john/robo_ws/install/nick_bot_moveit_config/share/nick_bot_moveit_config/config
[0.608s] -- Installing: /home/john/robo_ws/install/nick_bot_moveit_config/share/nick_bot_moveit_config/config/moveit_controllers.yaml
[0.608s] -- Installing: /home/john/robo_ws/install/nick_bot_moveit_config/share/nick_bot_moveit_config/config/kinematics.yaml
[0.608s] -- Installing: /home/john/robo_ws/install/nick_bot_moveit_config/share/nick_bot_moveit_config/config/joint_limits.yaml
[0.608s] -- Installing: /home/john/robo_ws/install/nick_bot_moveit_config/share/nick_bot_moveit_config/config/nick_bot.urdf.xacro
[0.608s] -- Installing: /home/john/robo_ws/install/nick_bot_moveit_config/share/nick_bot_moveit_config/config/nick_bot.srdf
[0.608s] -- Installing: /home/john/robo_ws/install/nick_bot_moveit_config/share/nick_bot_moveit_config/config/moveit.rviz
[0.608s] -- Installing: /home/john/robo_ws/install/nick_bot_moveit_config/share/nick_bot_moveit_config/config/nick_bot.ros2_control.xacro
[0.608s] -- Installing: /home/john/robo_ws/install/nick_bot_moveit_config/share/nick_bot_moveit_config/config/pilz_cartesian_limits.yaml
[0.608s] -- Installing: /home/john/robo_ws/install/nick_bot_moveit_config/share/nick_bot_moveit_config/config/initial_positions.yaml
[0.608s] -- Installing: /home/john/robo_ws/install/nick_bot_moveit_config/share/nick_bot_moveit_config/config/ros2_controllers.yaml
[0.608s] -- Installing: /home/john/robo_ws/install/nick_bot_moveit_config/share/nick_bot_moveit_config/.setup_assistant
[0.612s] Invoked command in '/home/john/robo_ws/build/nick_bot_moveit_config' returned '0': CMAKE_PREFIX_PATH=${CMAKE_PREFIX_PATH}:/opt/ros/humble /usr/bin/cmake --install /home/john/robo_ws/build/nick_bot_moveit_config
