-- Found ament_cmake: 1.3.3 (/opt/ros/humble/share/ament_cmake/cmake)
-- Override CMake install command with custom implementation using symlinks instead of copying resources
-- Found ament_lint_auto: 0.12.5 (/opt/ros/humble/share/ament_lint_auto/cmake)
-- Added test 'flake8' to check Python code syntax and style conventions
-- Added test 'lint_cmake' to check CMake code style
-- Added test 'pep257' to check Python code against some of the docstring style conventions in PEP 257
-- Added test 'xmllint' to check XML markup files
-- Configuring done
-- Generating done
-- Build files have been written to: /home/john/robo_ws/build/nick_bot
-- Install configuration: ""
-- Execute custom install script
-- Symlinking: /home/john/robo_ws/install/nick_bot/share/nick_bot/config/nickbot_controllers.yaml
-- Symlinking: /home/john/robo_ws/install/nick_bot/share/nick_bot/launch/controllers.launch.py
-- Up-to-date symlink: /home/john/robo_ws/install/nick_bot/share/nick_bot/launch/gazebo.launch.py
-- Up-to-date symlink: /home/john/robo_ws/install/nick_bot/share/nick_bot/urdf/nick_bot.urdf
-- Up-to-date symlink: /home/john/robo_ws/install/nick_bot/share/nick_bot/urdf/nick_bot_MODIF.urdf
-- Up-to-date symlink: /home/john/robo_ws/install/nick_bot/share/nick_bot/urdf/nick_bot_moveit.urdf
-- Up-to-date symlink: /home/john/robo_ws/install/nick_bot/share/nick_bot/urdf/takenout
-- Up-to-date symlink: /home/john/robo_ws/install/nick_bot/share/nick_bot/meshes/base_link.STL
-- Up-to-date symlink: /home/john/robo_ws/install/nick_bot/share/nick_bot/meshes/end_effector.STL
-- Up-to-date symlink: /home/john/robo_ws/install/nick_bot/share/nick_bot/meshes/link_1.STL
-- Up-to-date symlink: /home/john/robo_ws/install/nick_bot/share/nick_bot/meshes/link_2.STL
-- Up-to-date symlink: /home/john/robo_ws/install/nick_bot/share/nick_bot/meshes/link_3.STL
-- Up-to-date symlink: /home/john/robo_ws/install/nick_bot/share/nick_bot/meshes/link_4.STL
-- Up-to-date symlink: /home/john/robo_ws/install/nick_bot/share/nick_bot/meshes/link_5.STL
-- Up-to-date symlink: /home/john/robo_ws/install/nick_bot/share/ament_index/resource_index/package_run_dependencies/nick_bot
-- Up-to-date symlink: /home/john/robo_ws/install/nick_bot/share/ament_index/resource_index/parent_prefix_path/nick_bot
-- Up-to-date symlink: /home/john/robo_ws/install/nick_bot/share/nick_bot/environment/ament_prefix_path.sh
-- Up-to-date symlink: /home/john/robo_ws/install/nick_bot/share/nick_bot/environment/ament_prefix_path.dsv
-- Up-to-date symlink: /home/john/robo_ws/install/nick_bot/share/nick_bot/environment/path.sh
-- Up-to-date symlink: /home/john/robo_ws/install/nick_bot/share/nick_bot/environment/path.dsv
-- Up-to-date symlink: /home/john/robo_ws/install/nick_bot/share/nick_bot/local_setup.bash
-- Up-to-date symlink: /home/john/robo_ws/install/nick_bot/share/nick_bot/local_setup.sh
-- Up-to-date symlink: /home/john/robo_ws/install/nick_bot/share/nick_bot/local_setup.zsh
-- Up-to-date symlink: /home/john/robo_ws/install/nick_bot/share/nick_bot/local_setup.dsv
-- Symlinking: /home/john/robo_ws/install/nick_bot/share/nick_bot/package.dsv
-- Up-to-date symlink: /home/john/robo_ws/install/nick_bot/share/ament_index/resource_index/packages/nick_bot
-- Up-to-date symlink: /home/john/robo_ws/install/nick_bot/share/nick_bot/cmake/nick_botConfig.cmake
-- Up-to-date symlink: /home/john/robo_ws/install/nick_bot/share/nick_bot/cmake/nick_botConfig-version.cmake
-- Up-to-date symlink: /home/john/robo_ws/install/nick_bot/share/nick_bot/package.xml
