[0.009s] Invoking command in '/home/john/robo_ws/build/serial': /usr/bin/cmake /home/john/robo_ws/src/serial -DCATKIN_INSTALL_INTO_PREFIX_ROOT=0 -DCMAKE_INSTALL_PREFIX=/home/john/robo_ws/install/serial
[0.051s] -- The C compiler identification is GNU 11.3.0
[0.097s] -- The CXX compiler identification is GNU 11.3.0
[0.103s] -- Detecting C compiler ABI info
[0.158s] -- Detecting C compiler ABI info - done
[0.164s] -- Check for working C compiler: /usr/bin/cc - skipped
[0.165s] -- Detecting C compile features
[0.165s] -- Detecting C compile features - done
[0.168s] -- Detecting CXX compiler ABI info
[0.232s] -- Detecting CXX compiler ABI info - done
[0.239s] -- Check for working CXX compiler: /usr/bin/c++ - skipped
[0.239s] -- Detecting CXX compile features
[0.240s] -- Detecting CXX compile features - done
[0.242s] -- Found ament_cmake: 1.3.3 (/opt/ros/humble/share/ament_cmake/cmake)
[0.697s] -- Found Python3: /usr/bin/python3.10 (found version "3.10.6") found components: Interpreter 
[0.823s] -- Configuring done
[0.827s] -- Generating done
[0.828s] [33mCMake Warning:
[0.828s]   Manually-specified variables were not used by the project:
[0.828s] 
[0.828s]     CATKIN_INSTALL_INTO_PREFIX_ROOT
[0.828s] 
[0.828s] [0m
[0.828s] -- Build files have been written to: /home/john/robo_ws/build/serial
[0.832s] Invoked command in '/home/john/robo_ws/build/serial' returned '0': /usr/bin/cmake /home/john/robo_ws/src/serial -DCATKIN_INSTALL_INTO_PREFIX_ROOT=0 -DCMAKE_INSTALL_PREFIX=/home/john/robo_ws/install/serial
[0.834s] Invoking command in '/home/john/robo_ws/build/serial': /usr/bin/cmake --build /home/john/robo_ws/build/serial -- -j6 -l6
[0.870s] [ 50%] [32mBuilding CXX object CMakeFiles/serial.dir/src/serial.cc.o[0m
[0.870s] [ 50%] [32mBuilding CXX object CMakeFiles/serial.dir/src/impl/unix.cc.o[0m
[0.870s] [ 75%] [32mBuilding CXX object CMakeFiles/serial.dir/src/impl/list_ports/list_ports_linux.cc.o[0m
[1.317s] [100%] [32m[1mLinking CXX static library libserial.a[0m
[1.344s] [100%] Built target serial
[1.352s] Invoked command in '/home/john/robo_ws/build/serial' returned '0': /usr/bin/cmake --build /home/john/robo_ws/build/serial -- -j6 -l6
[1.405s] Invoking command in '/home/john/robo_ws/build/serial': /usr/bin/cmake --install /home/john/robo_ws/build/serial
[1.411s] -- Install configuration: ""
[1.411s] -- Installing: /home/john/robo_ws/install/serial/lib/libserial.a
[1.411s] -- Installing: /home/john/robo_ws/install/serial/include/
[1.411s] -- Installing: /home/john/robo_ws/install/serial/include//serial
[1.411s] -- Installing: /home/john/robo_ws/install/serial/include//serial/impl
[1.412s] -- Installing: /home/john/robo_ws/install/serial/include//serial/impl/unix.h
[1.412s] -- Installing: /home/john/robo_ws/install/serial/include//serial/impl/win.h
[1.412s] -- Installing: /home/john/robo_ws/install/serial/include//serial/serial.h
[1.412s] -- Installing: /home/john/robo_ws/install/serial/include//serial/v8stdint.h
[1.412s] -- Installing: /home/john/robo_ws/install/serial/share/serial/environment/library_path.sh
[1.412s] -- Installing: /home/john/robo_ws/install/serial/share/serial/environment/library_path.dsv
[1.412s] -- Installing: /home/john/robo_ws/install/serial/share/ament_index/resource_index/package_run_dependencies/serial
[1.412s] -- Installing: /home/john/robo_ws/install/serial/share/ament_index/resource_index/parent_prefix_path/serial
[1.413s] -- Installing: /home/john/robo_ws/install/serial/share/serial/environment/ament_prefix_path.sh
[1.413s] -- Installing: /home/john/robo_ws/install/serial/share/serial/environment/ament_prefix_path.dsv
[1.413s] -- Installing: /home/john/robo_ws/install/serial/share/serial/environment/path.sh
[1.413s] -- Installing: /home/john/robo_ws/install/serial/share/serial/environment/path.dsv
[1.413s] -- Installing: /home/john/robo_ws/install/serial/share/serial/local_setup.bash
[1.413s] -- Installing: /home/john/robo_ws/install/serial/share/serial/local_setup.sh
[1.413s] -- Installing: /home/john/robo_ws/install/serial/share/serial/local_setup.zsh
[1.413s] -- Installing: /home/john/robo_ws/install/serial/share/serial/local_setup.dsv
[1.414s] -- Installing: /home/john/robo_ws/install/serial/share/serial/package.dsv
[1.414s] -- Installing: /home/john/robo_ws/install/serial/share/ament_index/resource_index/packages/serial
[1.414s] -- Installing: /home/john/robo_ws/install/serial/share/serial/cmake/ament_cmake_export_include_directories-extras.cmake
[1.414s] -- Installing: /home/john/robo_ws/install/serial/share/serial/cmake/ament_cmake_export_libraries-extras.cmake
[1.414s] -- Installing: /home/john/robo_ws/install/serial/share/serial/cmake/serialConfig.cmake
[1.414s] -- Installing: /home/john/robo_ws/install/serial/share/serial/cmake/serialConfig-version.cmake
[1.414s] -- Installing: /home/john/robo_ws/install/serial/share/serial/package.xml
[1.416s] Invoked command in '/home/john/robo_ws/build/serial' returned '0': /usr/bin/cmake --install /home/john/robo_ws/build/serial
