[0.224s] DEBUG:colcon:Command line arguments: ['/usr/bin/colcon', 'build', '--symlink-install']
[0.224s] DEBUG:colcon:Parsed command line arguments: Namespace(log_base=None, log_level=None, verb_name='build', build_base='build', install_base='install', merge_install=False, symlink_install=True, test_result_base=None, continue_on_error=False, executor='parallel', parallel_workers=6, event_handlers=None, ignore_user_meta=False, metas=['./colcon.meta'], base_paths=['.'], packages_ignore=None, packages_ignore_regex=None, paths=None, packages_up_to=None, packages_up_to_regex=None, packages_above=None, packages_above_and_dependencies=None, packages_above_depth=None, packages_select_by_dep=None, packages_skip_by_dep=None, packages_skip_up_to=None, packages_select_build_failed=False, packages_skip_build_finished=False, packages_select_test_failures=False, packages_skip_test_passed=False, packages_select=None, packages_skip=None, packages_select_regex=None, packages_skip_regex=None, packages_start=None, packages_end=None, allow_overriding=[], cmake_args=None, cmake_target=None, cmake_target_skip_unavailable=False, cmake_clean_cache=False, cmake_clean_first=False, cmake_force_configure=False, ament_cmake_args=None, catkin_cmake_args=None, catkin_skip_building_tests=False, verb_parser=<colcon_defaults.argument_parser.defaults.DefaultArgumentsDecorator object at 0x7f9622556f20>, verb_extension=<colcon_core.verb.build.BuildVerb object at 0x7f96229c4a30>, main=<bound method BuildVerb.main of <colcon_core.verb.build.BuildVerb object at 0x7f96229c4a30>>)
[0.248s] Level 1:colcon.colcon_core.package_discovery:discover_packages(colcon_meta) check parameters
[0.248s] Level 1:colcon.colcon_core.package_discovery:discover_packages(recursive) check parameters
[0.248s] Level 1:colcon.colcon_core.package_discovery:discover_packages(ignore) check parameters
[0.248s] Level 1:colcon.colcon_core.package_discovery:discover_packages(path) check parameters
[0.248s] Level 1:colcon.colcon_core.package_discovery:discover_packages(colcon_meta) discover
[0.248s] Level 1:colcon.colcon_core.package_discovery:discover_packages(recursive) discover
[0.248s] INFO:colcon.colcon_core.package_discovery:Crawling recursively for packages in '/home/john/robo_ws'
[0.248s] Level 1:colcon.colcon_core.package_identification:_identify(.) by extensions ['ignore', 'ignore_ament_install']
[0.248s] Level 1:colcon.colcon_core.package_identification:_identify(.) by extension 'ignore'
[0.248s] Level 1:colcon.colcon_core.package_identification:_identify(.) by extension 'ignore_ament_install'
[0.249s] Level 1:colcon.colcon_core.package_identification:_identify(.) by extensions ['colcon_pkg']
[0.249s] Level 1:colcon.colcon_core.package_identification:_identify(.) by extension 'colcon_pkg'
[0.249s] Level 1:colcon.colcon_core.package_identification:_identify(.) by extensions ['colcon_meta']
[0.249s] Level 1:colcon.colcon_core.package_identification:_identify(.) by extension 'colcon_meta'
[0.249s] Level 1:colcon.colcon_core.package_identification:_identify(.) by extensions ['ros']
[0.249s] Level 1:colcon.colcon_core.package_identification:_identify(.) by extension 'ros'
[0.261s] Level 1:colcon.colcon_core.package_identification:_identify(.) by extensions ['cmake', 'python']
[0.261s] Level 1:colcon.colcon_core.package_identification:_identify(.) by extension 'cmake'
[0.261s] Level 1:colcon.colcon_core.package_identification:_identify(.) by extension 'python'
[0.261s] Level 1:colcon.colcon_core.package_identification:_identify(.) by extensions ['python_setup_py']
[0.261s] Level 1:colcon.colcon_core.package_identification:_identify(.) by extension 'python_setup_py'
[0.261s] Level 1:colcon.colcon_core.package_identification:_identify(build) by extensions ['ignore', 'ignore_ament_install']
[0.261s] Level 1:colcon.colcon_core.package_identification:_identify(build) by extension 'ignore'
[0.261s] Level 1:colcon.colcon_core.package_identification:_identify(build) ignored
[0.261s] Level 1:colcon.colcon_core.package_identification:_identify(install) by extensions ['ignore', 'ignore_ament_install']
[0.262s] Level 1:colcon.colcon_core.package_identification:_identify(install) by extension 'ignore'
[0.262s] Level 1:colcon.colcon_core.package_identification:_identify(install) ignored
[0.262s] Level 1:colcon.colcon_core.package_identification:_identify(log) by extensions ['ignore', 'ignore_ament_install']
[0.262s] Level 1:colcon.colcon_core.package_identification:_identify(log) by extension 'ignore'
[0.262s] Level 1:colcon.colcon_core.package_identification:_identify(log) ignored
[0.262s] Level 1:colcon.colcon_core.package_identification:_identify(src) by extensions ['ignore', 'ignore_ament_install']
[0.262s] Level 1:colcon.colcon_core.package_identification:_identify(src) by extension 'ignore'
[0.262s] Level 1:colcon.colcon_core.package_identification:_identify(src) by extension 'ignore_ament_install'
[0.262s] Level 1:colcon.colcon_core.package_identification:_identify(src) by extensions ['colcon_pkg']
[0.262s] Level 1:colcon.colcon_core.package_identification:_identify(src) by extension 'colcon_pkg'
[0.262s] Level 1:colcon.colcon_core.package_identification:_identify(src) by extensions ['colcon_meta']
[0.262s] Level 1:colcon.colcon_core.package_identification:_identify(src) by extension 'colcon_meta'
[0.262s] Level 1:colcon.colcon_core.package_identification:_identify(src) by extensions ['ros']
[0.262s] Level 1:colcon.colcon_core.package_identification:_identify(src) by extension 'ros'
[0.262s] Level 1:colcon.colcon_core.package_identification:_identify(src) by extensions ['cmake', 'python']
[0.262s] Level 1:colcon.colcon_core.package_identification:_identify(src) by extension 'cmake'
[0.262s] Level 1:colcon.colcon_core.package_identification:_identify(src) by extension 'python'
[0.262s] Level 1:colcon.colcon_core.package_identification:_identify(src) by extensions ['python_setup_py']
[0.262s] Level 1:colcon.colcon_core.package_identification:_identify(src) by extension 'python_setup_py'
[0.263s] Level 1:colcon.colcon_core.package_identification:_identify(src/dynamixel_hardware) by extensions ['ignore', 'ignore_ament_install']
[0.263s] Level 1:colcon.colcon_core.package_identification:_identify(src/dynamixel_hardware) by extension 'ignore'
[0.263s] Level 1:colcon.colcon_core.package_identification:_identify(src/dynamixel_hardware) by extension 'ignore_ament_install'
[0.263s] Level 1:colcon.colcon_core.package_identification:_identify(src/dynamixel_hardware) by extensions ['colcon_pkg']
[0.263s] Level 1:colcon.colcon_core.package_identification:_identify(src/dynamixel_hardware) by extension 'colcon_pkg'
[0.263s] Level 1:colcon.colcon_core.package_identification:_identify(src/dynamixel_hardware) by extensions ['colcon_meta']
[0.263s] Level 1:colcon.colcon_core.package_identification:_identify(src/dynamixel_hardware) by extension 'colcon_meta'
[0.263s] Level 1:colcon.colcon_core.package_identification:_identify(src/dynamixel_hardware) by extensions ['ros']
[0.263s] Level 1:colcon.colcon_core.package_identification:_identify(src/dynamixel_hardware) by extension 'ros'
[0.263s] Level 1:colcon.colcon_core.package_identification:_identify(src/dynamixel_hardware) by extensions ['cmake', 'python']
[0.263s] Level 1:colcon.colcon_core.package_identification:_identify(src/dynamixel_hardware) by extension 'cmake'
[0.263s] Level 1:colcon.colcon_core.package_identification:_identify(src/dynamixel_hardware) by extension 'python'
[0.263s] Level 1:colcon.colcon_core.package_identification:_identify(src/dynamixel_hardware) by extensions ['python_setup_py']
[0.263s] Level 1:colcon.colcon_core.package_identification:_identify(src/dynamixel_hardware) by extension 'python_setup_py'
[0.263s] Level 1:colcon.colcon_core.package_identification:_identify(src/dynamixel_hardware/dynamixel_hardware) by extensions ['ignore', 'ignore_ament_install']
[0.263s] Level 1:colcon.colcon_core.package_identification:_identify(src/dynamixel_hardware/dynamixel_hardware) by extension 'ignore'
[0.263s] Level 1:colcon.colcon_core.package_identification:_identify(src/dynamixel_hardware/dynamixel_hardware) by extension 'ignore_ament_install'
[0.263s] Level 1:colcon.colcon_core.package_identification:_identify(src/dynamixel_hardware/dynamixel_hardware) by extensions ['colcon_pkg']
[0.263s] Level 1:colcon.colcon_core.package_identification:_identify(src/dynamixel_hardware/dynamixel_hardware) by extension 'colcon_pkg'
[0.263s] Level 1:colcon.colcon_core.package_identification:_identify(src/dynamixel_hardware/dynamixel_hardware) by extensions ['colcon_meta']
[0.263s] Level 1:colcon.colcon_core.package_identification:_identify(src/dynamixel_hardware/dynamixel_hardware) by extension 'colcon_meta'
[0.263s] Level 1:colcon.colcon_core.package_identification:_identify(src/dynamixel_hardware/dynamixel_hardware) by extensions ['ros']
[0.263s] Level 1:colcon.colcon_core.package_identification:_identify(src/dynamixel_hardware/dynamixel_hardware) by extension 'ros'
[0.266s] DEBUG:colcon.colcon_core.package_identification:Package 'src/dynamixel_hardware/dynamixel_hardware' with type 'ros.ament_cmake' and name 'dynamixel_hardware'
[0.266s] Level 1:colcon.colcon_core.package_identification:_identify(src/gazebo_ros2_control) by extensions ['ignore', 'ignore_ament_install']
[0.266s] Level 1:colcon.colcon_core.package_identification:_identify(src/gazebo_ros2_control) by extension 'ignore'
[0.266s] Level 1:colcon.colcon_core.package_identification:_identify(src/gazebo_ros2_control) by extension 'ignore_ament_install'
[0.266s] Level 1:colcon.colcon_core.package_identification:_identify(src/gazebo_ros2_control) by extensions ['colcon_pkg']
[0.266s] Level 1:colcon.colcon_core.package_identification:_identify(src/gazebo_ros2_control) by extension 'colcon_pkg'
[0.266s] Level 1:colcon.colcon_core.package_identification:_identify(src/gazebo_ros2_control) by extensions ['colcon_meta']
[0.266s] Level 1:colcon.colcon_core.package_identification:_identify(src/gazebo_ros2_control) by extension 'colcon_meta'
[0.266s] Level 1:colcon.colcon_core.package_identification:_identify(src/gazebo_ros2_control) by extensions ['ros']
[0.266s] Level 1:colcon.colcon_core.package_identification:_identify(src/gazebo_ros2_control) by extension 'ros'
[0.267s] DEBUG:colcon.colcon_core.package_identification:Package 'src/gazebo_ros2_control' with type 'ros.ament_cmake' and name 'gazebo_ros2_control'
[0.267s] Level 1:colcon.colcon_core.package_identification:_identify(src/nick_bot) by extensions ['ignore', 'ignore_ament_install']
[0.267s] Level 1:colcon.colcon_core.package_identification:_identify(src/nick_bot) by extension 'ignore'
[0.267s] Level 1:colcon.colcon_core.package_identification:_identify(src/nick_bot) by extension 'ignore_ament_install'
[0.268s] Level 1:colcon.colcon_core.package_identification:_identify(src/nick_bot) by extensions ['colcon_pkg']
[0.268s] Level 1:colcon.colcon_core.package_identification:_identify(src/nick_bot) by extension 'colcon_pkg'
[0.268s] Level 1:colcon.colcon_core.package_identification:_identify(src/nick_bot) by extensions ['colcon_meta']
[0.268s] Level 1:colcon.colcon_core.package_identification:_identify(src/nick_bot) by extension 'colcon_meta'
[0.268s] Level 1:colcon.colcon_core.package_identification:_identify(src/nick_bot) by extensions ['ros']
[0.268s] Level 1:colcon.colcon_core.package_identification:_identify(src/nick_bot) by extension 'ros'
[0.268s] DEBUG:colcon.colcon_core.package_identification:Package 'src/nick_bot' with type 'ros.ament_cmake' and name 'nick_bot'
[0.268s] Level 1:colcon.colcon_core.package_identification:_identify(src/nick_bot_moveit_config) by extensions ['ignore', 'ignore_ament_install']
[0.268s] Level 1:colcon.colcon_core.package_identification:_identify(src/nick_bot_moveit_config) by extension 'ignore'
[0.268s] Level 1:colcon.colcon_core.package_identification:_identify(src/nick_bot_moveit_config) by extension 'ignore_ament_install'
[0.268s] Level 1:colcon.colcon_core.package_identification:_identify(src/nick_bot_moveit_config) by extensions ['colcon_pkg']
[0.268s] Level 1:colcon.colcon_core.package_identification:_identify(src/nick_bot_moveit_config) by extension 'colcon_pkg'
[0.268s] Level 1:colcon.colcon_core.package_identification:_identify(src/nick_bot_moveit_config) by extensions ['colcon_meta']
[0.268s] Level 1:colcon.colcon_core.package_identification:_identify(src/nick_bot_moveit_config) by extension 'colcon_meta'
[0.269s] Level 1:colcon.colcon_core.package_identification:_identify(src/nick_bot_moveit_config) by extensions ['ros']
[0.269s] Level 1:colcon.colcon_core.package_identification:_identify(src/nick_bot_moveit_config) by extension 'ros'
[0.269s] DEBUG:colcon.colcon_core.package_identification:Package 'src/nick_bot_moveit_config' with type 'ros.ament_cmake' and name 'nick_bot_moveit_config'
[0.269s] Level 1:colcon.colcon_core.package_identification:_identify(src/serial) by extensions ['ignore', 'ignore_ament_install']
[0.269s] Level 1:colcon.colcon_core.package_identification:_identify(src/serial) by extension 'ignore'
[0.269s] Level 1:colcon.colcon_core.package_identification:_identify(src/serial) by extension 'ignore_ament_install'
[0.269s] Level 1:colcon.colcon_core.package_identification:_identify(src/serial) by extensions ['colcon_pkg']
[0.269s] Level 1:colcon.colcon_core.package_identification:_identify(src/serial) by extension 'colcon_pkg'
[0.270s] Level 1:colcon.colcon_core.package_identification:_identify(src/serial) by extensions ['colcon_meta']
[0.270s] Level 1:colcon.colcon_core.package_identification:_identify(src/serial) by extension 'colcon_meta'
[0.270s] Level 1:colcon.colcon_core.package_identification:_identify(src/serial) by extensions ['ros']
[0.270s] Level 1:colcon.colcon_core.package_identification:_identify(src/serial) by extension 'ros'
[0.270s] DEBUG:colcon.colcon_core.package_identification:Package 'src/serial' with type 'ros.ament_cmake' and name 'serial'
[0.270s] Level 1:colcon.colcon_core.package_identification:_identify(src/stepper_interface) by extensions ['ignore', 'ignore_ament_install']
[0.270s] Level 1:colcon.colcon_core.package_identification:_identify(src/stepper_interface) by extension 'ignore'
[0.270s] Level 1:colcon.colcon_core.package_identification:_identify(src/stepper_interface) by extension 'ignore_ament_install'
[0.270s] Level 1:colcon.colcon_core.package_identification:_identify(src/stepper_interface) by extensions ['colcon_pkg']
[0.270s] Level 1:colcon.colcon_core.package_identification:_identify(src/stepper_interface) by extension 'colcon_pkg'
[0.270s] Level 1:colcon.colcon_core.package_identification:_identify(src/stepper_interface) by extensions ['colcon_meta']
[0.270s] Level 1:colcon.colcon_core.package_identification:_identify(src/stepper_interface) by extension 'colcon_meta'
[0.271s] Level 1:colcon.colcon_core.package_identification:_identify(src/stepper_interface) by extensions ['ros']
[0.271s] Level 1:colcon.colcon_core.package_identification:_identify(src/stepper_interface) by extension 'ros'
[0.271s] DEBUG:colcon.colcon_core.package_identification:Package 'src/stepper_interface' with type 'ros.ament_cmake' and name 'stepper_interface'
[0.271s] Level 1:colcon.colcon_core.package_discovery:discover_packages(recursive) using defaults
[0.271s] Level 1:colcon.colcon_core.package_discovery:discover_packages(ignore) discover
[0.271s] Level 1:colcon.colcon_core.package_discovery:discover_packages(ignore) using defaults
[0.271s] Level 1:colcon.colcon_core.package_discovery:discover_packages(path) discover
[0.271s] Level 1:colcon.colcon_core.package_discovery:discover_packages(path) using defaults
[0.291s] Level 1:colcon.colcon_core.package_discovery:discover_packages(prefix_path) check parameters
[0.291s] Level 1:colcon.colcon_core.package_discovery:discover_packages(prefix_path) discover
[0.293s] DEBUG:colcon.colcon_installed_package_information.package_discovery:Found 6 installed packages in /home/john/robo_ws/install
[0.295s] DEBUG:colcon.colcon_installed_package_information.package_discovery:Found 353 installed packages in /opt/ros/humble
[0.296s] Level 1:colcon.colcon_core.package_discovery:discover_packages(prefix_path) using defaults
[0.349s] Level 5:colcon.colcon_core.verb:set package 'dynamixel_hardware' build argument 'cmake_args' from command line to 'None'
[0.349s] Level 5:colcon.colcon_core.verb:set package 'dynamixel_hardware' build argument 'cmake_target' from command line to 'None'
[0.349s] Level 5:colcon.colcon_core.verb:set package 'dynamixel_hardware' build argument 'cmake_target_skip_unavailable' from command line to 'False'
[0.349s] Level 5:colcon.colcon_core.verb:set package 'dynamixel_hardware' build argument 'cmake_clean_cache' from command line to 'False'
[0.349s] Level 5:colcon.colcon_core.verb:set package 'dynamixel_hardware' build argument 'cmake_clean_first' from command line to 'False'
[0.349s] Level 5:colcon.colcon_core.verb:set package 'dynamixel_hardware' build argument 'cmake_force_configure' from command line to 'False'
[0.349s] Level 5:colcon.colcon_core.verb:set package 'dynamixel_hardware' build argument 'ament_cmake_args' from command line to 'None'
[0.349s] Level 5:colcon.colcon_core.verb:set package 'dynamixel_hardware' build argument 'catkin_cmake_args' from command line to 'None'
[0.349s] Level 5:colcon.colcon_core.verb:set package 'dynamixel_hardware' build argument 'catkin_skip_building_tests' from command line to 'False'
[0.349s] DEBUG:colcon.colcon_core.verb:Building package 'dynamixel_hardware' with the following arguments: {'ament_cmake_args': None, 'build_base': '/home/john/robo_ws/build/dynamixel_hardware', 'catkin_cmake_args': None, 'catkin_skip_building_tests': False, 'cmake_args': None, 'cmake_clean_cache': False, 'cmake_clean_first': False, 'cmake_force_configure': False, 'cmake_target': None, 'cmake_target_skip_unavailable': False, 'install_base': '/home/john/robo_ws/install/dynamixel_hardware', 'merge_install': False, 'path': '/home/john/robo_ws/src/dynamixel_hardware/dynamixel_hardware', 'symlink_install': True, 'test_result_base': None}
[0.350s] Level 5:colcon.colcon_core.verb:set package 'gazebo_ros2_control' build argument 'cmake_args' from command line to 'None'
[0.350s] Level 5:colcon.colcon_core.verb:set package 'gazebo_ros2_control' build argument 'cmake_target' from command line to 'None'
[0.350s] Level 5:colcon.colcon_core.verb:set package 'gazebo_ros2_control' build argument 'cmake_target_skip_unavailable' from command line to 'False'
[0.350s] Level 5:colcon.colcon_core.verb:set package 'gazebo_ros2_control' build argument 'cmake_clean_cache' from command line to 'False'
[0.350s] Level 5:colcon.colcon_core.verb:set package 'gazebo_ros2_control' build argument 'cmake_clean_first' from command line to 'False'
[0.350s] Level 5:colcon.colcon_core.verb:set package 'gazebo_ros2_control' build argument 'cmake_force_configure' from command line to 'False'
[0.350s] Level 5:colcon.colcon_core.verb:set package 'gazebo_ros2_control' build argument 'ament_cmake_args' from command line to 'None'
[0.350s] Level 5:colcon.colcon_core.verb:set package 'gazebo_ros2_control' build argument 'catkin_cmake_args' from command line to 'None'
[0.350s] Level 5:colcon.colcon_core.verb:set package 'gazebo_ros2_control' build argument 'catkin_skip_building_tests' from command line to 'False'
[0.350s] DEBUG:colcon.colcon_core.verb:Building package 'gazebo_ros2_control' with the following arguments: {'ament_cmake_args': None, 'build_base': '/home/john/robo_ws/build/gazebo_ros2_control', 'catkin_cmake_args': None, 'catkin_skip_building_tests': False, 'cmake_args': None, 'cmake_clean_cache': False, 'cmake_clean_first': False, 'cmake_force_configure': False, 'cmake_target': None, 'cmake_target_skip_unavailable': False, 'install_base': '/home/john/robo_ws/install/gazebo_ros2_control', 'merge_install': False, 'path': '/home/john/robo_ws/src/gazebo_ros2_control', 'symlink_install': True, 'test_result_base': None}
[0.351s] Level 5:colcon.colcon_core.verb:set package 'nick_bot' build argument 'cmake_args' from command line to 'None'
[0.351s] Level 5:colcon.colcon_core.verb:set package 'nick_bot' build argument 'cmake_target' from command line to 'None'
[0.351s] Level 5:colcon.colcon_core.verb:set package 'nick_bot' build argument 'cmake_target_skip_unavailable' from command line to 'False'
[0.351s] Level 5:colcon.colcon_core.verb:set package 'nick_bot' build argument 'cmake_clean_cache' from command line to 'False'
[0.351s] Level 5:colcon.colcon_core.verb:set package 'nick_bot' build argument 'cmake_clean_first' from command line to 'False'
[0.351s] Level 5:colcon.colcon_core.verb:set package 'nick_bot' build argument 'cmake_force_configure' from command line to 'False'
[0.351s] Level 5:colcon.colcon_core.verb:set package 'nick_bot' build argument 'ament_cmake_args' from command line to 'None'
[0.351s] Level 5:colcon.colcon_core.verb:set package 'nick_bot' build argument 'catkin_cmake_args' from command line to 'None'
[0.351s] Level 5:colcon.colcon_core.verb:set package 'nick_bot' build argument 'catkin_skip_building_tests' from command line to 'False'
[0.351s] DEBUG:colcon.colcon_core.verb:Building package 'nick_bot' with the following arguments: {'ament_cmake_args': None, 'build_base': '/home/john/robo_ws/build/nick_bot', 'catkin_cmake_args': None, 'catkin_skip_building_tests': False, 'cmake_args': None, 'cmake_clean_cache': False, 'cmake_clean_first': False, 'cmake_force_configure': False, 'cmake_target': None, 'cmake_target_skip_unavailable': False, 'install_base': '/home/john/robo_ws/install/nick_bot', 'merge_install': False, 'path': '/home/john/robo_ws/src/nick_bot', 'symlink_install': True, 'test_result_base': None}
[0.352s] Level 5:colcon.colcon_core.verb:set package 'serial' build argument 'cmake_args' from command line to 'None'
[0.352s] Level 5:colcon.colcon_core.verb:set package 'serial' build argument 'cmake_target' from command line to 'None'
[0.352s] Level 5:colcon.colcon_core.verb:set package 'serial' build argument 'cmake_target_skip_unavailable' from command line to 'False'
[0.352s] Level 5:colcon.colcon_core.verb:set package 'serial' build argument 'cmake_clean_cache' from command line to 'False'
[0.352s] Level 5:colcon.colcon_core.verb:set package 'serial' build argument 'cmake_clean_first' from command line to 'False'
[0.352s] Level 5:colcon.colcon_core.verb:set package 'serial' build argument 'cmake_force_configure' from command line to 'False'
[0.352s] Level 5:colcon.colcon_core.verb:set package 'serial' build argument 'ament_cmake_args' from command line to 'None'
[0.352s] Level 5:colcon.colcon_core.verb:set package 'serial' build argument 'catkin_cmake_args' from command line to 'None'
[0.352s] Level 5:colcon.colcon_core.verb:set package 'serial' build argument 'catkin_skip_building_tests' from command line to 'False'
[0.352s] DEBUG:colcon.colcon_core.verb:Building package 'serial' with the following arguments: {'ament_cmake_args': None, 'build_base': '/home/john/robo_ws/build/serial', 'catkin_cmake_args': None, 'catkin_skip_building_tests': False, 'cmake_args': None, 'cmake_clean_cache': False, 'cmake_clean_first': False, 'cmake_force_configure': False, 'cmake_target': None, 'cmake_target_skip_unavailable': False, 'install_base': '/home/john/robo_ws/install/serial', 'merge_install': False, 'path': '/home/john/robo_ws/src/serial', 'symlink_install': True, 'test_result_base': None}
[0.353s] Level 5:colcon.colcon_core.verb:set package 'nick_bot_moveit_config' build argument 'cmake_args' from command line to 'None'
[0.353s] Level 5:colcon.colcon_core.verb:set package 'nick_bot_moveit_config' build argument 'cmake_target' from command line to 'None'
[0.353s] Level 5:colcon.colcon_core.verb:set package 'nick_bot_moveit_config' build argument 'cmake_target_skip_unavailable' from command line to 'False'
[0.353s] Level 5:colcon.colcon_core.verb:set package 'nick_bot_moveit_config' build argument 'cmake_clean_cache' from command line to 'False'
[0.353s] Level 5:colcon.colcon_core.verb:set package 'nick_bot_moveit_config' build argument 'cmake_clean_first' from command line to 'False'
[0.353s] Level 5:colcon.colcon_core.verb:set package 'nick_bot_moveit_config' build argument 'cmake_force_configure' from command line to 'False'
[0.353s] Level 5:colcon.colcon_core.verb:set package 'nick_bot_moveit_config' build argument 'ament_cmake_args' from command line to 'None'
[0.353s] Level 5:colcon.colcon_core.verb:set package 'nick_bot_moveit_config' build argument 'catkin_cmake_args' from command line to 'None'
[0.353s] Level 5:colcon.colcon_core.verb:set package 'nick_bot_moveit_config' build argument 'catkin_skip_building_tests' from command line to 'False'
[0.353s] DEBUG:colcon.colcon_core.verb:Building package 'nick_bot_moveit_config' with the following arguments: {'ament_cmake_args': None, 'build_base': '/home/john/robo_ws/build/nick_bot_moveit_config', 'catkin_cmake_args': None, 'catkin_skip_building_tests': False, 'cmake_args': None, 'cmake_clean_cache': False, 'cmake_clean_first': False, 'cmake_force_configure': False, 'cmake_target': None, 'cmake_target_skip_unavailable': False, 'install_base': '/home/john/robo_ws/install/nick_bot_moveit_config', 'merge_install': False, 'path': '/home/john/robo_ws/src/nick_bot_moveit_config', 'symlink_install': True, 'test_result_base': None}
[0.354s] Level 5:colcon.colcon_core.verb:set package 'stepper_interface' build argument 'cmake_args' from command line to 'None'
[0.354s] Level 5:colcon.colcon_core.verb:set package 'stepper_interface' build argument 'cmake_target' from command line to 'None'
[0.354s] Level 5:colcon.colcon_core.verb:set package 'stepper_interface' build argument 'cmake_target_skip_unavailable' from command line to 'False'
[0.354s] Level 5:colcon.colcon_core.verb:set package 'stepper_interface' build argument 'cmake_clean_cache' from command line to 'False'
[0.354s] Level 5:colcon.colcon_core.verb:set package 'stepper_interface' build argument 'cmake_clean_first' from command line to 'False'
[0.354s] Level 5:colcon.colcon_core.verb:set package 'stepper_interface' build argument 'cmake_force_configure' from command line to 'False'
[0.354s] Level 5:colcon.colcon_core.verb:set package 'stepper_interface' build argument 'ament_cmake_args' from command line to 'None'
[0.354s] Level 5:colcon.colcon_core.verb:set package 'stepper_interface' build argument 'catkin_cmake_args' from command line to 'None'
[0.354s] Level 5:colcon.colcon_core.verb:set package 'stepper_interface' build argument 'catkin_skip_building_tests' from command line to 'False'
[0.354s] DEBUG:colcon.colcon_core.verb:Building package 'stepper_interface' with the following arguments: {'ament_cmake_args': None, 'build_base': '/home/john/robo_ws/build/stepper_interface', 'catkin_cmake_args': None, 'catkin_skip_building_tests': False, 'cmake_args': None, 'cmake_clean_cache': False, 'cmake_clean_first': False, 'cmake_force_configure': False, 'cmake_target': None, 'cmake_target_skip_unavailable': False, 'install_base': '/home/john/robo_ws/install/stepper_interface', 'merge_install': False, 'path': '/home/john/robo_ws/src/stepper_interface', 'symlink_install': True, 'test_result_base': None}
[0.355s] INFO:colcon.colcon_core.executor:Executing jobs using 'parallel' executor
[0.357s] DEBUG:colcon.colcon_parallel_executor.executor.parallel:run_until_complete
[0.358s] INFO:colcon.colcon_ros.task.ament_cmake.build:Building ROS package in '/home/john/robo_ws/src/nick_bot' with build type 'ament_cmake'
[0.358s] INFO:colcon.colcon_cmake.task.cmake.build:Building CMake package in '/home/john/robo_ws/src/nick_bot'
[0.361s] INFO:colcon.colcon_core.plugin_system:Skipping extension 'colcon_core.shell.bat': Not used on non-Windows systems
[0.361s] INFO:colcon.colcon_core.shell:Skip shell extension 'powershell' for command environment: Not usable outside of PowerShell
[0.361s] DEBUG:colcon.colcon_core.shell:Skip shell extension 'dsv' for command environment
[0.365s] INFO:colcon.colcon_ros.task.ament_cmake.build:Building ROS package in '/home/john/robo_ws/src/serial' with build type 'ament_cmake'
[0.365s] INFO:colcon.colcon_cmake.task.cmake.build:Building CMake package in '/home/john/robo_ws/src/serial'
[0.366s] INFO:colcon.colcon_core.shell:Skip shell extension 'powershell' for command environment: Not usable outside of PowerShell
[0.366s] DEBUG:colcon.colcon_core.shell:Skip shell extension 'dsv' for command environment
[0.370s] INFO:colcon.colcon_ros.task.ament_cmake.build:Building ROS package in '/home/john/robo_ws/src/dynamixel_hardware/dynamixel_hardware' with build type 'ament_cmake'
[0.370s] INFO:colcon.colcon_cmake.task.cmake.build:Building CMake package in '/home/john/robo_ws/src/dynamixel_hardware/dynamixel_hardware'
[0.372s] INFO:colcon.colcon_core.shell:Skip shell extension 'powershell' for command environment: Not usable outside of PowerShell
[0.372s] DEBUG:colcon.colcon_core.shell:Skip shell extension 'dsv' for command environment
[0.376s] INFO:colcon.colcon_ros.task.ament_cmake.build:Building ROS package in '/home/john/robo_ws/src/gazebo_ros2_control' with build type 'ament_cmake'
[0.376s] INFO:colcon.colcon_cmake.task.cmake.build:Building CMake package in '/home/john/robo_ws/src/gazebo_ros2_control'
[0.377s] INFO:colcon.colcon_core.shell:Skip shell extension 'powershell' for command environment: Not usable outside of PowerShell
[0.378s] DEBUG:colcon.colcon_core.shell:Skip shell extension 'dsv' for command environment
[0.386s] DEBUG:colcon.colcon_core.event_handler.log_command:Invoking command in '/home/john/robo_ws/build/nick_bot': CMAKE_PREFIX_PATH=/home/john/robo_ws/install/stepper_interface:/opt/ros/humble:/home/john/robo_ws/install/serial:/home/john/robo_ws/install/nick_bot_moveit_config:/home/john/robo_ws/install/nick_bot:/home/john/robo_ws/install/gazebo_ros2_control:/home/john/robo_ws/install/dynamixel_hardware /usr/bin/cmake --build /home/john/robo_ws/build/nick_bot -- -j6 -l6
[0.389s] DEBUG:colcon.colcon_core.event_handler.log_command:Invoking command in '/home/john/robo_ws/build/serial': CMAKE_PREFIX_PATH=/home/john/robo_ws/install/stepper_interface:/opt/ros/humble:/home/john/robo_ws/install/serial:/home/john/robo_ws/install/nick_bot_moveit_config:/home/john/robo_ws/install/nick_bot:/home/john/robo_ws/install/gazebo_ros2_control:/home/john/robo_ws/install/dynamixel_hardware /usr/bin/cmake --build /home/john/robo_ws/build/serial -- -j6 -l6
[0.392s] DEBUG:colcon.colcon_core.event_handler.log_command:Invoking command in '/home/john/robo_ws/build/dynamixel_hardware': CMAKE_PREFIX_PATH=/home/john/robo_ws/install/stepper_interface:/opt/ros/humble:/home/john/robo_ws/install/serial:/home/john/robo_ws/install/nick_bot_moveit_config:/home/john/robo_ws/install/nick_bot:/home/john/robo_ws/install/gazebo_ros2_control:/home/john/robo_ws/install/dynamixel_hardware /usr/bin/cmake --build /home/john/robo_ws/build/dynamixel_hardware -- -j6 -l6
[0.399s] DEBUG:colcon.colcon_core.event_handler.log_command:Invoking command in '/home/john/robo_ws/build/gazebo_ros2_control': CMAKE_PREFIX_PATH=/home/john/robo_ws/install/stepper_interface:/opt/ros/humble:/home/john/robo_ws/install/serial:/home/john/robo_ws/install/nick_bot_moveit_config:/home/john/robo_ws/install/nick_bot:/home/john/robo_ws/install/gazebo_ros2_control:/home/john/robo_ws/install/dynamixel_hardware /usr/bin/cmake --build /home/john/robo_ws/build/gazebo_ros2_control -- -j6 -l6
[0.418s] DEBUG:colcon.colcon_core.event_handler.log_command:Invoked command in '/home/john/robo_ws/build/nick_bot' returned '0': CMAKE_PREFIX_PATH=/home/john/robo_ws/install/stepper_interface:/opt/ros/humble:/home/john/robo_ws/install/serial:/home/john/robo_ws/install/nick_bot_moveit_config:/home/john/robo_ws/install/nick_bot:/home/john/robo_ws/install/gazebo_ros2_control:/home/john/robo_ws/install/dynamixel_hardware /usr/bin/cmake --build /home/john/robo_ws/build/nick_bot -- -j6 -l6
[0.445s] DEBUG:colcon.colcon_core.event_handler.log_command:Invoking command in '/home/john/robo_ws/build/nick_bot': CMAKE_PREFIX_PATH=/home/john/robo_ws/install/stepper_interface:/opt/ros/humble:/home/john/robo_ws/install/serial:/home/john/robo_ws/install/nick_bot_moveit_config:/home/john/robo_ws/install/nick_bot:/home/john/robo_ws/install/gazebo_ros2_control:/home/john/robo_ws/install/dynamixel_hardware /usr/bin/cmake --install /home/john/robo_ws/build/nick_bot
[0.447s] DEBUG:colcon.colcon_core.event_handler.log_command:Invoked command in '/home/john/robo_ws/build/serial' returned '0': CMAKE_PREFIX_PATH=/home/john/robo_ws/install/stepper_interface:/opt/ros/humble:/home/john/robo_ws/install/serial:/home/john/robo_ws/install/nick_bot_moveit_config:/home/john/robo_ws/install/nick_bot:/home/john/robo_ws/install/gazebo_ros2_control:/home/john/robo_ws/install/dynamixel_hardware /usr/bin/cmake --build /home/john/robo_ws/build/serial -- -j6 -l6
[0.453s] DEBUG:colcon.colcon_core.event_handler.log_command:Invoked command in '/home/john/robo_ws/build/dynamixel_hardware' returned '0': CMAKE_PREFIX_PATH=/home/john/robo_ws/install/stepper_interface:/opt/ros/humble:/home/john/robo_ws/install/serial:/home/john/robo_ws/install/nick_bot_moveit_config:/home/john/robo_ws/install/nick_bot:/home/john/robo_ws/install/gazebo_ros2_control:/home/john/robo_ws/install/dynamixel_hardware /usr/bin/cmake --build /home/john/robo_ws/build/dynamixel_hardware -- -j6 -l6
[0.468s] Level 1:colcon.colcon_core.environment:create_environment_scripts_only(nick_bot)
[0.469s] DEBUG:colcon.colcon_core.event_handler.log_command:Invoked command in '/home/john/robo_ws/build/nick_bot' returned '0': CMAKE_PREFIX_PATH=/home/john/robo_ws/install/stepper_interface:/opt/ros/humble:/home/john/robo_ws/install/serial:/home/john/robo_ws/install/nick_bot_moveit_config:/home/john/robo_ws/install/nick_bot:/home/john/robo_ws/install/gazebo_ros2_control:/home/john/robo_ws/install/dynamixel_hardware /usr/bin/cmake --install /home/john/robo_ws/build/nick_bot
[0.472s] Level 1:colcon.colcon_core.environment:checking '/home/john/robo_ws/install/nick_bot' for CMake module files
[0.473s] Level 1:colcon.colcon_core.environment:checking '/home/john/robo_ws/install/nick_bot' for CMake config files
[0.473s] Level 1:colcon.colcon_core.shell:create_environment_hook('nick_bot', 'cmake_prefix_path')
[0.474s] INFO:colcon.colcon_core.shell:Creating environment hook '/home/john/robo_ws/install/nick_bot/share/nick_bot/hook/cmake_prefix_path.ps1'
[0.474s] INFO:colcon.colcon_core.shell:Creating environment descriptor '/home/john/robo_ws/install/nick_bot/share/nick_bot/hook/cmake_prefix_path.dsv'
[0.476s] INFO:colcon.colcon_core.shell:Creating environment hook '/home/john/robo_ws/install/nick_bot/share/nick_bot/hook/cmake_prefix_path.sh'
[0.477s] Level 1:colcon.colcon_core.environment:checking '/home/john/robo_ws/install/nick_bot/bin'
[0.477s] Level 1:colcon.colcon_core.environment:checking '/home/john/robo_ws/install/nick_bot/lib/pkgconfig/nick_bot.pc'
[0.477s] Level 1:colcon.colcon_core.environment:checking '/home/john/robo_ws/install/nick_bot/lib/python3.10/site-packages'
[0.478s] Level 1:colcon.colcon_core.environment:checking '/home/john/robo_ws/install/nick_bot/bin'
[0.479s] INFO:colcon.colcon_core.shell:Creating package script '/home/john/robo_ws/install/nick_bot/share/nick_bot/package.ps1'
[0.479s] INFO:colcon.colcon_core.shell:Creating package descriptor '/home/john/robo_ws/install/nick_bot/share/nick_bot/package.dsv'
[0.480s] INFO:colcon.colcon_core.shell:Creating package script '/home/john/robo_ws/install/nick_bot/share/nick_bot/package.sh'
[0.480s] INFO:colcon.colcon_core.shell:Creating package script '/home/john/robo_ws/install/nick_bot/share/nick_bot/package.bash'
[0.481s] INFO:colcon.colcon_core.shell:Creating package script '/home/john/robo_ws/install/nick_bot/share/nick_bot/package.zsh'
[0.481s] Level 1:colcon.colcon_core.environment:create_file_with_runtime_dependencies(/home/john/robo_ws/install/nick_bot/share/colcon-core/packages/nick_bot)
[0.483s] DEBUG:colcon.colcon_core.event_handler.log_command:Invoking command in '/home/john/robo_ws/build/serial': CMAKE_PREFIX_PATH=/home/john/robo_ws/install/stepper_interface:/opt/ros/humble:/home/john/robo_ws/install/serial:/home/john/robo_ws/install/nick_bot_moveit_config:/home/john/robo_ws/install/nick_bot:/home/john/robo_ws/install/gazebo_ros2_control:/home/john/robo_ws/install/dynamixel_hardware /usr/bin/cmake --install /home/john/robo_ws/build/serial
[0.485s] DEBUG:colcon.colcon_core.event_handler.log_command:Invoking command in '/home/john/robo_ws/build/dynamixel_hardware': CMAKE_PREFIX_PATH=/home/john/robo_ws/install/stepper_interface:/opt/ros/humble:/home/john/robo_ws/install/serial:/home/john/robo_ws/install/nick_bot_moveit_config:/home/john/robo_ws/install/nick_bot:/home/john/robo_ws/install/gazebo_ros2_control:/home/john/robo_ws/install/dynamixel_hardware /usr/bin/cmake --install /home/john/robo_ws/build/dynamixel_hardware
[0.486s] DEBUG:colcon.colcon_core.event_handler.log_command:Invoked command in '/home/john/robo_ws/build/gazebo_ros2_control' returned '0': CMAKE_PREFIX_PATH=/home/john/robo_ws/install/stepper_interface:/opt/ros/humble:/home/john/robo_ws/install/serial:/home/john/robo_ws/install/nick_bot_moveit_config:/home/john/robo_ws/install/nick_bot:/home/john/robo_ws/install/gazebo_ros2_control:/home/john/robo_ws/install/dynamixel_hardware /usr/bin/cmake --build /home/john/robo_ws/build/gazebo_ros2_control -- -j6 -l6
[0.504s] Level 1:colcon.colcon_core.environment:create_environment_scripts_only(serial)
[0.506s] Level 1:colcon.colcon_core.environment:checking '/home/john/robo_ws/install/serial' for CMake module files
[0.506s] DEBUG:colcon.colcon_core.event_handler.log_command:Invoked command in '/home/john/robo_ws/build/serial' returned '0': CMAKE_PREFIX_PATH=/home/john/robo_ws/install/stepper_interface:/opt/ros/humble:/home/john/robo_ws/install/serial:/home/john/robo_ws/install/nick_bot_moveit_config:/home/john/robo_ws/install/nick_bot:/home/john/robo_ws/install/gazebo_ros2_control:/home/john/robo_ws/install/dynamixel_hardware /usr/bin/cmake --install /home/john/robo_ws/build/serial
[0.507s] Level 1:colcon.colcon_core.environment:checking '/home/john/robo_ws/install/serial' for CMake config files
[0.508s] Level 1:colcon.colcon_core.shell:create_environment_hook('serial', 'cmake_prefix_path')
[0.509s] INFO:colcon.colcon_core.shell:Creating environment hook '/home/john/robo_ws/install/serial/share/serial/hook/cmake_prefix_path.ps1'
[0.509s] INFO:colcon.colcon_core.shell:Creating environment descriptor '/home/john/robo_ws/install/serial/share/serial/hook/cmake_prefix_path.dsv'
[0.509s] INFO:colcon.colcon_core.shell:Creating environment hook '/home/john/robo_ws/install/serial/share/serial/hook/cmake_prefix_path.sh'
[0.510s] Level 1:colcon.colcon_core.environment:checking '/home/john/robo_ws/install/serial/lib'
[0.510s] Level 1:colcon.colcon_core.shell:create_environment_hook('serial', 'ld_library_path_lib')
[0.511s] INFO:colcon.colcon_core.shell:Creating environment hook '/home/john/robo_ws/install/serial/share/serial/hook/ld_library_path_lib.ps1'
[0.511s] INFO:colcon.colcon_core.shell:Creating environment descriptor '/home/john/robo_ws/install/serial/share/serial/hook/ld_library_path_lib.dsv'
[0.512s] INFO:colcon.colcon_core.shell:Creating environment hook '/home/john/robo_ws/install/serial/share/serial/hook/ld_library_path_lib.sh'
[0.512s] Level 1:colcon.colcon_core.environment:checking '/home/john/robo_ws/install/serial/bin'
[0.512s] Level 1:colcon.colcon_core.environment:checking '/home/john/robo_ws/install/serial/lib/pkgconfig/serial.pc'
[0.512s] Level 1:colcon.colcon_core.environment:checking '/home/john/robo_ws/install/serial/lib/python3.10/site-packages'
[0.512s] Level 1:colcon.colcon_core.environment:checking '/home/john/robo_ws/install/serial/bin'
[0.513s] INFO:colcon.colcon_core.shell:Creating package script '/home/john/robo_ws/install/serial/share/serial/package.ps1'
[0.514s] INFO:colcon.colcon_core.shell:Creating package descriptor '/home/john/robo_ws/install/serial/share/serial/package.dsv'
[0.514s] INFO:colcon.colcon_core.shell:Creating package script '/home/john/robo_ws/install/serial/share/serial/package.sh'
[0.514s] INFO:colcon.colcon_core.shell:Creating package script '/home/john/robo_ws/install/serial/share/serial/package.bash'
[0.515s] INFO:colcon.colcon_core.shell:Creating package script '/home/john/robo_ws/install/serial/share/serial/package.zsh'
[0.515s] Level 1:colcon.colcon_core.environment:create_file_with_runtime_dependencies(/home/john/robo_ws/install/serial/share/colcon-core/packages/serial)
[0.517s] Level 1:colcon.colcon_core.environment:create_environment_scripts_only(nick_bot)
[0.519s] Level 1:colcon.colcon_core.environment:checking '/home/john/robo_ws/install/nick_bot' for CMake module files
[0.519s] Level 1:colcon.colcon_core.environment:checking '/home/john/robo_ws/install/nick_bot' for CMake config files
[0.520s] Level 1:colcon.colcon_core.shell:create_environment_hook('nick_bot', 'cmake_prefix_path')
[0.521s] INFO:colcon.colcon_core.shell:Creating environment hook '/home/john/robo_ws/install/nick_bot/share/nick_bot/hook/cmake_prefix_path.ps1'
[0.521s] INFO:colcon.colcon_core.shell:Creating environment descriptor '/home/john/robo_ws/install/nick_bot/share/nick_bot/hook/cmake_prefix_path.dsv'
[0.521s] INFO:colcon.colcon_core.shell:Creating environment hook '/home/john/robo_ws/install/nick_bot/share/nick_bot/hook/cmake_prefix_path.sh'
[0.522s] Level 1:colcon.colcon_core.environment:checking '/home/john/robo_ws/install/nick_bot/bin'
[0.522s] Level 1:colcon.colcon_core.environment:checking '/home/john/robo_ws/install/nick_bot/lib/pkgconfig/nick_bot.pc'
[0.522s] Level 1:colcon.colcon_core.environment:checking '/home/john/robo_ws/install/nick_bot/lib/python3.10/site-packages'
[0.522s] Level 1:colcon.colcon_core.environment:checking '/home/john/robo_ws/install/nick_bot/bin'
[0.523s] INFO:colcon.colcon_core.shell:Creating package script '/home/john/robo_ws/install/nick_bot/share/nick_bot/package.ps1'
[0.523s] INFO:colcon.colcon_core.shell:Creating package descriptor '/home/john/robo_ws/install/nick_bot/share/nick_bot/package.dsv'
[0.524s] INFO:colcon.colcon_core.shell:Creating package script '/home/john/robo_ws/install/nick_bot/share/nick_bot/package.sh'
[0.524s] INFO:colcon.colcon_core.shell:Creating package script '/home/john/robo_ws/install/nick_bot/share/nick_bot/package.bash'
[0.524s] INFO:colcon.colcon_core.shell:Creating package script '/home/john/robo_ws/install/nick_bot/share/nick_bot/package.zsh'
[0.525s] Level 1:colcon.colcon_core.environment:create_file_with_runtime_dependencies(/home/john/robo_ws/install/nick_bot/share/colcon-core/packages/nick_bot)
[0.526s] INFO:colcon.colcon_ros.task.ament_cmake.build:Building ROS package in '/home/john/robo_ws/src/nick_bot_moveit_config' with build type 'ament_cmake'
[0.526s] INFO:colcon.colcon_cmake.task.cmake.build:Building CMake package in '/home/john/robo_ws/src/nick_bot_moveit_config'
[0.527s] DEBUG:colcon.colcon_core.event_handler.log_command:Invoking command in '/home/john/robo_ws/build/gazebo_ros2_control': CMAKE_PREFIX_PATH=/home/john/robo_ws/install/stepper_interface:/opt/ros/humble:/home/john/robo_ws/install/serial:/home/john/robo_ws/install/nick_bot_moveit_config:/home/john/robo_ws/install/nick_bot:/home/john/robo_ws/install/gazebo_ros2_control:/home/john/robo_ws/install/dynamixel_hardware /usr/bin/cmake --install /home/john/robo_ws/build/gazebo_ros2_control
[0.528s] INFO:colcon.colcon_core.shell:Skip shell extension 'powershell' for command environment: Not usable outside of PowerShell
[0.528s] DEBUG:colcon.colcon_core.shell:Skip shell extension 'dsv' for command environment
[0.532s] Level 1:colcon.colcon_core.environment:create_environment_scripts_only(dynamixel_hardware)
[0.533s] Level 1:colcon.colcon_core.environment:checking '/home/john/robo_ws/install/dynamixel_hardware' for CMake module files
[0.534s] DEBUG:colcon.colcon_core.event_handler.log_command:Invoked command in '/home/john/robo_ws/build/dynamixel_hardware' returned '0': CMAKE_PREFIX_PATH=/home/john/robo_ws/install/stepper_interface:/opt/ros/humble:/home/john/robo_ws/install/serial:/home/john/robo_ws/install/nick_bot_moveit_config:/home/john/robo_ws/install/nick_bot:/home/john/robo_ws/install/gazebo_ros2_control:/home/john/robo_ws/install/dynamixel_hardware /usr/bin/cmake --install /home/john/robo_ws/build/dynamixel_hardware
[0.534s] Level 1:colcon.colcon_core.environment:checking '/home/john/robo_ws/install/dynamixel_hardware' for CMake config files
[0.534s] Level 1:colcon.colcon_core.shell:create_environment_hook('dynamixel_hardware', 'cmake_prefix_path')
[0.535s] INFO:colcon.colcon_core.shell:Creating environment hook '/home/john/robo_ws/install/dynamixel_hardware/share/dynamixel_hardware/hook/cmake_prefix_path.ps1'
[0.536s] INFO:colcon.colcon_core.shell:Creating environment descriptor '/home/john/robo_ws/install/dynamixel_hardware/share/dynamixel_hardware/hook/cmake_prefix_path.dsv'
[0.536s] INFO:colcon.colcon_core.shell:Creating environment hook '/home/john/robo_ws/install/dynamixel_hardware/share/dynamixel_hardware/hook/cmake_prefix_path.sh'
[0.536s] Level 1:colcon.colcon_core.environment:checking '/home/john/robo_ws/install/dynamixel_hardware/lib'
[0.536s] Level 1:colcon.colcon_core.shell:create_environment_hook('dynamixel_hardware', 'ld_library_path_lib')
[0.537s] INFO:colcon.colcon_core.shell:Creating environment hook '/home/john/robo_ws/install/dynamixel_hardware/share/dynamixel_hardware/hook/ld_library_path_lib.ps1'
[0.538s] INFO:colcon.colcon_core.shell:Creating environment descriptor '/home/john/robo_ws/install/dynamixel_hardware/share/dynamixel_hardware/hook/ld_library_path_lib.dsv'
[0.538s] INFO:colcon.colcon_core.shell:Creating environment hook '/home/john/robo_ws/install/dynamixel_hardware/share/dynamixel_hardware/hook/ld_library_path_lib.sh'
[0.538s] Level 1:colcon.colcon_core.environment:checking '/home/john/robo_ws/install/dynamixel_hardware/bin'
[0.538s] Level 1:colcon.colcon_core.environment:checking '/home/john/robo_ws/install/dynamixel_hardware/lib/pkgconfig/dynamixel_hardware.pc'
[0.539s] Level 1:colcon.colcon_core.environment:checking '/home/john/robo_ws/install/dynamixel_hardware/lib/python3.10/site-packages'
[0.539s] Level 1:colcon.colcon_core.environment:checking '/home/john/robo_ws/install/dynamixel_hardware/bin'
[0.540s] INFO:colcon.colcon_core.shell:Creating package script '/home/john/robo_ws/install/dynamixel_hardware/share/dynamixel_hardware/package.ps1'
[0.541s] INFO:colcon.colcon_core.shell:Creating package descriptor '/home/john/robo_ws/install/dynamixel_hardware/share/dynamixel_hardware/package.dsv'
[0.541s] INFO:colcon.colcon_core.shell:Creating package script '/home/john/robo_ws/install/dynamixel_hardware/share/dynamixel_hardware/package.sh'
[0.541s] INFO:colcon.colcon_core.shell:Creating package script '/home/john/robo_ws/install/dynamixel_hardware/share/dynamixel_hardware/package.bash'
[0.542s] INFO:colcon.colcon_core.shell:Creating package script '/home/john/robo_ws/install/dynamixel_hardware/share/dynamixel_hardware/package.zsh'
[0.542s] Level 1:colcon.colcon_core.environment:create_file_with_runtime_dependencies(/home/john/robo_ws/install/dynamixel_hardware/share/colcon-core/packages/dynamixel_hardware)
[0.545s] Level 1:colcon.colcon_core.environment:create_environment_scripts_only(serial)
[0.547s] Level 1:colcon.colcon_core.environment:checking '/home/john/robo_ws/install/serial' for CMake module files
[0.548s] Level 1:colcon.colcon_core.environment:checking '/home/john/robo_ws/install/serial' for CMake config files
[0.548s] Level 1:colcon.colcon_core.shell:create_environment_hook('serial', 'cmake_prefix_path')
[0.549s] INFO:colcon.colcon_core.shell:Creating environment hook '/home/john/robo_ws/install/serial/share/serial/hook/cmake_prefix_path.ps1'
[0.550s] INFO:colcon.colcon_core.shell:Creating environment descriptor '/home/john/robo_ws/install/serial/share/serial/hook/cmake_prefix_path.dsv'
[0.550s] INFO:colcon.colcon_core.shell:Creating environment hook '/home/john/robo_ws/install/serial/share/serial/hook/cmake_prefix_path.sh'
[0.551s] Level 1:colcon.colcon_core.environment:checking '/home/john/robo_ws/install/serial/lib'
[0.551s] Level 1:colcon.colcon_core.shell:create_environment_hook('serial', 'ld_library_path_lib')
[0.552s] INFO:colcon.colcon_core.shell:Creating environment hook '/home/john/robo_ws/install/serial/share/serial/hook/ld_library_path_lib.ps1'
[0.553s] INFO:colcon.colcon_core.shell:Creating environment descriptor '/home/john/robo_ws/install/serial/share/serial/hook/ld_library_path_lib.dsv'
[0.553s] INFO:colcon.colcon_core.shell:Creating environment hook '/home/john/robo_ws/install/serial/share/serial/hook/ld_library_path_lib.sh'
[0.554s] Level 1:colcon.colcon_core.environment:checking '/home/john/robo_ws/install/serial/bin'
[0.554s] Level 1:colcon.colcon_core.environment:checking '/home/john/robo_ws/install/serial/lib/pkgconfig/serial.pc'
[0.554s] Level 1:colcon.colcon_core.environment:checking '/home/john/robo_ws/install/serial/lib/python3.10/site-packages'
[0.554s] Level 1:colcon.colcon_core.environment:checking '/home/john/robo_ws/install/serial/bin'
[0.555s] INFO:colcon.colcon_core.shell:Creating package script '/home/john/robo_ws/install/serial/share/serial/package.ps1'
[0.556s] INFO:colcon.colcon_core.shell:Creating package descriptor '/home/john/robo_ws/install/serial/share/serial/package.dsv'
[0.556s] INFO:colcon.colcon_core.shell:Creating package script '/home/john/robo_ws/install/serial/share/serial/package.sh'
[0.557s] INFO:colcon.colcon_core.shell:Creating package script '/home/john/robo_ws/install/serial/share/serial/package.bash'
[0.557s] INFO:colcon.colcon_core.shell:Creating package script '/home/john/robo_ws/install/serial/share/serial/package.zsh'
[0.557s] Level 1:colcon.colcon_core.environment:create_file_with_runtime_dependencies(/home/john/robo_ws/install/serial/share/colcon-core/packages/serial)
[0.560s] INFO:colcon.colcon_ros.task.ament_cmake.build:Building ROS package in '/home/john/robo_ws/src/stepper_interface' with build type 'ament_cmake'
[0.560s] INFO:colcon.colcon_cmake.task.cmake.build:Building CMake package in '/home/john/robo_ws/src/stepper_interface'
[0.561s] INFO:colcon.colcon_core.shell:Skip shell extension 'powershell' for command environment: Not usable outside of PowerShell
[0.562s] DEBUG:colcon.colcon_core.shell:Skip shell extension 'dsv' for command environment
[0.562s] DEBUG:colcon.colcon_core.event_handler.log_command:Invoking command in '/home/john/robo_ws/build/nick_bot_moveit_config': CMAKE_PREFIX_PATH=/home/john/robo_ws/install/nick_bot:/home/john/robo_ws/install/stepper_interface:/opt/ros/humble:/home/john/robo_ws/install/serial:/home/john/robo_ws/install/nick_bot_moveit_config:/home/john/robo_ws/install/gazebo_ros2_control:/home/john/robo_ws/install/dynamixel_hardware /usr/bin/cmake --build /home/john/robo_ws/build/nick_bot_moveit_config -- -j6 -l6
[0.567s] Level 1:colcon.colcon_core.environment:create_environment_scripts_only(gazebo_ros2_control)
[0.568s] Level 1:colcon.colcon_core.environment:checking '/home/john/robo_ws/install/gazebo_ros2_control' for CMake module files
[0.569s] DEBUG:colcon.colcon_core.event_handler.log_command:Invoked command in '/home/john/robo_ws/build/gazebo_ros2_control' returned '0': CMAKE_PREFIX_PATH=/home/john/robo_ws/install/stepper_interface:/opt/ros/humble:/home/john/robo_ws/install/serial:/home/john/robo_ws/install/nick_bot_moveit_config:/home/john/robo_ws/install/nick_bot:/home/john/robo_ws/install/gazebo_ros2_control:/home/john/robo_ws/install/dynamixel_hardware /usr/bin/cmake --install /home/john/robo_ws/build/gazebo_ros2_control
[0.570s] Level 1:colcon.colcon_core.environment:checking '/home/john/robo_ws/install/gazebo_ros2_control' for CMake config files
[0.570s] Level 1:colcon.colcon_core.shell:create_environment_hook('gazebo_ros2_control', 'cmake_prefix_path')
[0.571s] INFO:colcon.colcon_core.shell:Creating environment hook '/home/john/robo_ws/install/gazebo_ros2_control/share/gazebo_ros2_control/hook/cmake_prefix_path.ps1'
[0.571s] INFO:colcon.colcon_core.shell:Creating environment descriptor '/home/john/robo_ws/install/gazebo_ros2_control/share/gazebo_ros2_control/hook/cmake_prefix_path.dsv'
[0.571s] INFO:colcon.colcon_core.shell:Creating environment hook '/home/john/robo_ws/install/gazebo_ros2_control/share/gazebo_ros2_control/hook/cmake_prefix_path.sh'
[0.572s] Level 1:colcon.colcon_core.environment:checking '/home/john/robo_ws/install/gazebo_ros2_control/lib'
[0.572s] Level 1:colcon.colcon_core.shell:create_environment_hook('gazebo_ros2_control', 'ld_library_path_lib')
[0.573s] INFO:colcon.colcon_core.shell:Creating environment hook '/home/john/robo_ws/install/gazebo_ros2_control/share/gazebo_ros2_control/hook/ld_library_path_lib.ps1'
[0.573s] INFO:colcon.colcon_core.shell:Creating environment descriptor '/home/john/robo_ws/install/gazebo_ros2_control/share/gazebo_ros2_control/hook/ld_library_path_lib.dsv'
[0.574s] INFO:colcon.colcon_core.shell:Creating environment hook '/home/john/robo_ws/install/gazebo_ros2_control/share/gazebo_ros2_control/hook/ld_library_path_lib.sh'
[0.574s] Level 1:colcon.colcon_core.environment:checking '/home/john/robo_ws/install/gazebo_ros2_control/bin'
[0.574s] Level 1:colcon.colcon_core.environment:checking '/home/john/robo_ws/install/gazebo_ros2_control/lib/pkgconfig/gazebo_ros2_control.pc'
[0.574s] Level 1:colcon.colcon_core.environment:checking '/home/john/robo_ws/install/gazebo_ros2_control/lib/python3.10/site-packages'
[0.574s] Level 1:colcon.colcon_core.environment:checking '/home/john/robo_ws/install/gazebo_ros2_control/bin'
[0.576s] INFO:colcon.colcon_core.shell:Creating package script '/home/john/robo_ws/install/gazebo_ros2_control/share/gazebo_ros2_control/package.ps1'
[0.576s] INFO:colcon.colcon_core.shell:Creating package descriptor '/home/john/robo_ws/install/gazebo_ros2_control/share/gazebo_ros2_control/package.dsv'
[0.576s] INFO:colcon.colcon_core.shell:Creating package script '/home/john/robo_ws/install/gazebo_ros2_control/share/gazebo_ros2_control/package.sh'
[0.577s] INFO:colcon.colcon_core.shell:Creating package script '/home/john/robo_ws/install/gazebo_ros2_control/share/gazebo_ros2_control/package.bash'
[0.577s] INFO:colcon.colcon_core.shell:Creating package script '/home/john/robo_ws/install/gazebo_ros2_control/share/gazebo_ros2_control/package.zsh'
[0.577s] Level 1:colcon.colcon_core.environment:create_file_with_runtime_dependencies(/home/john/robo_ws/install/gazebo_ros2_control/share/colcon-core/packages/gazebo_ros2_control)
[0.579s] Level 1:colcon.colcon_core.environment:create_environment_scripts_only(dynamixel_hardware)
[0.581s] Level 1:colcon.colcon_core.environment:checking '/home/john/robo_ws/install/dynamixel_hardware' for CMake module files
[0.581s] Level 1:colcon.colcon_core.environment:checking '/home/john/robo_ws/install/dynamixel_hardware' for CMake config files
[0.582s] Level 1:colcon.colcon_core.shell:create_environment_hook('dynamixel_hardware', 'cmake_prefix_path')
[0.583s] INFO:colcon.colcon_core.shell:Creating environment hook '/home/john/robo_ws/install/dynamixel_hardware/share/dynamixel_hardware/hook/cmake_prefix_path.ps1'
[0.583s] INFO:colcon.colcon_core.shell:Creating environment descriptor '/home/john/robo_ws/install/dynamixel_hardware/share/dynamixel_hardware/hook/cmake_prefix_path.dsv'
[0.583s] INFO:colcon.colcon_core.shell:Creating environment hook '/home/john/robo_ws/install/dynamixel_hardware/share/dynamixel_hardware/hook/cmake_prefix_path.sh'
[0.584s] Level 1:colcon.colcon_core.environment:checking '/home/john/robo_ws/install/dynamixel_hardware/lib'
[0.584s] Level 1:colcon.colcon_core.shell:create_environment_hook('dynamixel_hardware', 'ld_library_path_lib')
[0.585s] INFO:colcon.colcon_core.shell:Creating environment hook '/home/john/robo_ws/install/dynamixel_hardware/share/dynamixel_hardware/hook/ld_library_path_lib.ps1'
[0.585s] INFO:colcon.colcon_core.shell:Creating environment descriptor '/home/john/robo_ws/install/dynamixel_hardware/share/dynamixel_hardware/hook/ld_library_path_lib.dsv'
[0.586s] INFO:colcon.colcon_core.shell:Creating environment hook '/home/john/robo_ws/install/dynamixel_hardware/share/dynamixel_hardware/hook/ld_library_path_lib.sh'
[0.586s] Level 1:colcon.colcon_core.environment:checking '/home/john/robo_ws/install/dynamixel_hardware/bin'
[0.586s] Level 1:colcon.colcon_core.environment:checking '/home/john/robo_ws/install/dynamixel_hardware/lib/pkgconfig/dynamixel_hardware.pc'
[0.586s] Level 1:colcon.colcon_core.environment:checking '/home/john/robo_ws/install/dynamixel_hardware/lib/python3.10/site-packages'
[0.586s] Level 1:colcon.colcon_core.environment:checking '/home/john/robo_ws/install/dynamixel_hardware/bin'
[0.588s] INFO:colcon.colcon_core.shell:Creating package script '/home/john/robo_ws/install/dynamixel_hardware/share/dynamixel_hardware/package.ps1'
[0.588s] INFO:colcon.colcon_core.shell:Creating package descriptor '/home/john/robo_ws/install/dynamixel_hardware/share/dynamixel_hardware/package.dsv'
[0.589s] INFO:colcon.colcon_core.shell:Creating package script '/home/john/robo_ws/install/dynamixel_hardware/share/dynamixel_hardware/package.sh'
[0.589s] INFO:colcon.colcon_core.shell:Creating package script '/home/john/robo_ws/install/dynamixel_hardware/share/dynamixel_hardware/package.bash'
[0.589s] INFO:colcon.colcon_core.shell:Creating package script '/home/john/robo_ws/install/dynamixel_hardware/share/dynamixel_hardware/package.zsh'
[0.590s] Level 1:colcon.colcon_core.environment:create_file_with_runtime_dependencies(/home/john/robo_ws/install/dynamixel_hardware/share/colcon-core/packages/dynamixel_hardware)
[0.593s] DEBUG:colcon.colcon_core.event_handler.log_command:Invoking command in '/home/john/robo_ws/build/stepper_interface': CMAKE_PREFIX_PATH=/opt/ros/humble:/home/john/robo_ws/install/serial:/home/john/robo_ws/install/stepper_interface:/home/john/robo_ws/install/nick_bot_moveit_config:/home/john/robo_ws/install/nick_bot:/home/john/robo_ws/install/gazebo_ros2_control:/home/john/robo_ws/install/dynamixel_hardware LD_LIBRARY_PATH=/home/john/robo_ws/install/serial/lib:/home/john/robo_ws/install/stepper_interface/lib:/home/john/robo_ws/install/gazebo_ros2_control/lib:/home/john/robo_ws/install/dynamixel_hardware/lib:/usr/lib/x86_64-linux-gnu/gazebo-11/plugins:/opt/ros/humble/opt/rviz_ogre_vendor/lib:/opt/ros/humble/lib/x86_64-linux-gnu:/opt/ros/humble/lib /usr/bin/cmake --build /home/john/robo_ws/build/stepper_interface -- -j6 -l6
[0.595s] DEBUG:colcon.colcon_core.event_handler.log_command:Invoked command in '/home/john/robo_ws/build/nick_bot_moveit_config' returned '0': CMAKE_PREFIX_PATH=/home/john/robo_ws/install/nick_bot:/home/john/robo_ws/install/stepper_interface:/opt/ros/humble:/home/john/robo_ws/install/serial:/home/john/robo_ws/install/nick_bot_moveit_config:/home/john/robo_ws/install/gazebo_ros2_control:/home/john/robo_ws/install/dynamixel_hardware /usr/bin/cmake --build /home/john/robo_ws/build/nick_bot_moveit_config -- -j6 -l6
[0.605s] Level 1:colcon.colcon_core.environment:create_environment_scripts_only(gazebo_ros2_control)
[0.607s] Level 1:colcon.colcon_core.environment:checking '/home/john/robo_ws/install/gazebo_ros2_control' for CMake module files
[0.607s] Level 1:colcon.colcon_core.environment:checking '/home/john/robo_ws/install/gazebo_ros2_control' for CMake config files
[0.607s] Level 1:colcon.colcon_core.shell:create_environment_hook('gazebo_ros2_control', 'cmake_prefix_path')
[0.608s] INFO:colcon.colcon_core.shell:Creating environment hook '/home/john/robo_ws/install/gazebo_ros2_control/share/gazebo_ros2_control/hook/cmake_prefix_path.ps1'
[0.609s] INFO:colcon.colcon_core.shell:Creating environment descriptor '/home/john/robo_ws/install/gazebo_ros2_control/share/gazebo_ros2_control/hook/cmake_prefix_path.dsv'
[0.609s] INFO:colcon.colcon_core.shell:Creating environment hook '/home/john/robo_ws/install/gazebo_ros2_control/share/gazebo_ros2_control/hook/cmake_prefix_path.sh'
[0.609s] Level 1:colcon.colcon_core.environment:checking '/home/john/robo_ws/install/gazebo_ros2_control/lib'
[0.609s] Level 1:colcon.colcon_core.shell:create_environment_hook('gazebo_ros2_control', 'ld_library_path_lib')
[0.610s] INFO:colcon.colcon_core.shell:Creating environment hook '/home/john/robo_ws/install/gazebo_ros2_control/share/gazebo_ros2_control/hook/ld_library_path_lib.ps1'
[0.611s] INFO:colcon.colcon_core.shell:Creating environment descriptor '/home/john/robo_ws/install/gazebo_ros2_control/share/gazebo_ros2_control/hook/ld_library_path_lib.dsv'
[0.611s] INFO:colcon.colcon_core.shell:Creating environment hook '/home/john/robo_ws/install/gazebo_ros2_control/share/gazebo_ros2_control/hook/ld_library_path_lib.sh'
[0.611s] Level 1:colcon.colcon_core.environment:checking '/home/john/robo_ws/install/gazebo_ros2_control/bin'
[0.611s] Level 1:colcon.colcon_core.environment:checking '/home/john/robo_ws/install/gazebo_ros2_control/lib/pkgconfig/gazebo_ros2_control.pc'
[0.612s] Level 1:colcon.colcon_core.environment:checking '/home/john/robo_ws/install/gazebo_ros2_control/lib/python3.10/site-packages'
[0.612s] Level 1:colcon.colcon_core.environment:checking '/home/john/robo_ws/install/gazebo_ros2_control/bin'
[0.613s] INFO:colcon.colcon_core.shell:Creating package script '/home/john/robo_ws/install/gazebo_ros2_control/share/gazebo_ros2_control/package.ps1'
[0.613s] INFO:colcon.colcon_core.shell:Creating package descriptor '/home/john/robo_ws/install/gazebo_ros2_control/share/gazebo_ros2_control/package.dsv'
[0.614s] INFO:colcon.colcon_core.shell:Creating package script '/home/john/robo_ws/install/gazebo_ros2_control/share/gazebo_ros2_control/package.sh'
[0.614s] INFO:colcon.colcon_core.shell:Creating package script '/home/john/robo_ws/install/gazebo_ros2_control/share/gazebo_ros2_control/package.bash'
[0.614s] INFO:colcon.colcon_core.shell:Creating package script '/home/john/robo_ws/install/gazebo_ros2_control/share/gazebo_ros2_control/package.zsh'
[0.615s] Level 1:colcon.colcon_core.environment:create_file_with_runtime_dependencies(/home/john/robo_ws/install/gazebo_ros2_control/share/colcon-core/packages/gazebo_ros2_control)
[0.617s] DEBUG:colcon.colcon_core.event_handler.log_command:Invoking command in '/home/john/robo_ws/build/nick_bot_moveit_config': CMAKE_PREFIX_PATH=/home/john/robo_ws/install/nick_bot:/home/john/robo_ws/install/stepper_interface:/opt/ros/humble:/home/john/robo_ws/install/serial:/home/john/robo_ws/install/nick_bot_moveit_config:/home/john/robo_ws/install/gazebo_ros2_control:/home/john/robo_ws/install/dynamixel_hardware /usr/bin/cmake --install /home/john/robo_ws/build/nick_bot_moveit_config
[0.637s] Level 1:colcon.colcon_core.environment:create_environment_scripts_only(nick_bot_moveit_config)
[0.637s] DEBUG:colcon.colcon_core.event_handler.log_command:Invoked command in '/home/john/robo_ws/build/nick_bot_moveit_config' returned '0': CMAKE_PREFIX_PATH=/home/john/robo_ws/install/nick_bot:/home/john/robo_ws/install/stepper_interface:/opt/ros/humble:/home/john/robo_ws/install/serial:/home/john/robo_ws/install/nick_bot_moveit_config:/home/john/robo_ws/install/gazebo_ros2_control:/home/john/robo_ws/install/dynamixel_hardware /usr/bin/cmake --install /home/john/robo_ws/build/nick_bot_moveit_config
[0.639s] Level 1:colcon.colcon_core.environment:checking '/home/john/robo_ws/install/nick_bot_moveit_config' for CMake module files
[0.639s] Level 1:colcon.colcon_core.environment:checking '/home/john/robo_ws/install/nick_bot_moveit_config' for CMake config files
[0.639s] Level 1:colcon.colcon_core.shell:create_environment_hook('nick_bot_moveit_config', 'cmake_prefix_path')
[0.640s] INFO:colcon.colcon_core.shell:Creating environment hook '/home/john/robo_ws/install/nick_bot_moveit_config/share/nick_bot_moveit_config/hook/cmake_prefix_path.ps1'
[0.641s] INFO:colcon.colcon_core.shell:Creating environment descriptor '/home/john/robo_ws/install/nick_bot_moveit_config/share/nick_bot_moveit_config/hook/cmake_prefix_path.dsv'
[0.641s] INFO:colcon.colcon_core.shell:Creating environment hook '/home/john/robo_ws/install/nick_bot_moveit_config/share/nick_bot_moveit_config/hook/cmake_prefix_path.sh'
[0.641s] Level 1:colcon.colcon_core.environment:checking '/home/john/robo_ws/install/nick_bot_moveit_config/bin'
[0.642s] Level 1:colcon.colcon_core.environment:checking '/home/john/robo_ws/install/nick_bot_moveit_config/lib/pkgconfig/nick_bot_moveit_config.pc'
[0.642s] Level 1:colcon.colcon_core.environment:checking '/home/john/robo_ws/install/nick_bot_moveit_config/lib/python3.10/site-packages'
[0.642s] Level 1:colcon.colcon_core.environment:checking '/home/john/robo_ws/install/nick_bot_moveit_config/bin'
[0.643s] INFO:colcon.colcon_core.shell:Creating package script '/home/john/robo_ws/install/nick_bot_moveit_config/share/nick_bot_moveit_config/package.ps1'
[0.643s] INFO:colcon.colcon_core.shell:Creating package descriptor '/home/john/robo_ws/install/nick_bot_moveit_config/share/nick_bot_moveit_config/package.dsv'
[0.644s] INFO:colcon.colcon_core.shell:Creating package script '/home/john/robo_ws/install/nick_bot_moveit_config/share/nick_bot_moveit_config/package.sh'
[0.644s] INFO:colcon.colcon_core.shell:Creating package script '/home/john/robo_ws/install/nick_bot_moveit_config/share/nick_bot_moveit_config/package.bash'
[0.644s] INFO:colcon.colcon_core.shell:Creating package script '/home/john/robo_ws/install/nick_bot_moveit_config/share/nick_bot_moveit_config/package.zsh'
[0.644s] Level 1:colcon.colcon_core.environment:create_file_with_runtime_dependencies(/home/john/robo_ws/install/nick_bot_moveit_config/share/colcon-core/packages/nick_bot_moveit_config)
[0.665s] Level 1:colcon.colcon_core.environment:create_environment_scripts_only(nick_bot_moveit_config)
[0.666s] Level 1:colcon.colcon_core.environment:checking '/home/john/robo_ws/install/nick_bot_moveit_config' for CMake module files
[0.667s] Level 1:colcon.colcon_core.environment:checking '/home/john/robo_ws/install/nick_bot_moveit_config' for CMake config files
[0.667s] Level 1:colcon.colcon_core.shell:create_environment_hook('nick_bot_moveit_config', 'cmake_prefix_path')
[0.668s] INFO:colcon.colcon_core.shell:Creating environment hook '/home/john/robo_ws/install/nick_bot_moveit_config/share/nick_bot_moveit_config/hook/cmake_prefix_path.ps1'
[0.668s] INFO:colcon.colcon_core.shell:Creating environment descriptor '/home/john/robo_ws/install/nick_bot_moveit_config/share/nick_bot_moveit_config/hook/cmake_prefix_path.dsv'
[0.668s] INFO:colcon.colcon_core.shell:Creating environment hook '/home/john/robo_ws/install/nick_bot_moveit_config/share/nick_bot_moveit_config/hook/cmake_prefix_path.sh'
[0.669s] Level 1:colcon.colcon_core.environment:checking '/home/john/robo_ws/install/nick_bot_moveit_config/bin'
[0.669s] Level 1:colcon.colcon_core.environment:checking '/home/john/robo_ws/install/nick_bot_moveit_config/lib/pkgconfig/nick_bot_moveit_config.pc'
[0.669s] Level 1:colcon.colcon_core.environment:checking '/home/john/robo_ws/install/nick_bot_moveit_config/lib/python3.10/site-packages'
[0.669s] Level 1:colcon.colcon_core.environment:checking '/home/john/robo_ws/install/nick_bot_moveit_config/bin'
[0.670s] INFO:colcon.colcon_core.shell:Creating package script '/home/john/robo_ws/install/nick_bot_moveit_config/share/nick_bot_moveit_config/package.ps1'
[0.671s] INFO:colcon.colcon_core.shell:Creating package descriptor '/home/john/robo_ws/install/nick_bot_moveit_config/share/nick_bot_moveit_config/package.dsv'
[0.671s] INFO:colcon.colcon_core.shell:Creating package script '/home/john/robo_ws/install/nick_bot_moveit_config/share/nick_bot_moveit_config/package.sh'
[0.671s] INFO:colcon.colcon_core.shell:Creating package script '/home/john/robo_ws/install/nick_bot_moveit_config/share/nick_bot_moveit_config/package.bash'
[0.671s] INFO:colcon.colcon_core.shell:Creating package script '/home/john/robo_ws/install/nick_bot_moveit_config/share/nick_bot_moveit_config/package.zsh'
[0.672s] Level 1:colcon.colcon_core.environment:create_file_with_runtime_dependencies(/home/john/robo_ws/install/nick_bot_moveit_config/share/colcon-core/packages/nick_bot_moveit_config)
[3.134s] DEBUG:colcon.colcon_core.event_handler.log_command:Invoked command in '/home/john/robo_ws/build/stepper_interface' returned '2': CMAKE_PREFIX_PATH=/opt/ros/humble:/home/john/robo_ws/install/serial:/home/john/robo_ws/install/stepper_interface:/home/john/robo_ws/install/nick_bot_moveit_config:/home/john/robo_ws/install/nick_bot:/home/john/robo_ws/install/gazebo_ros2_control:/home/john/robo_ws/install/dynamixel_hardware LD_LIBRARY_PATH=/home/john/robo_ws/install/serial/lib:/home/john/robo_ws/install/stepper_interface/lib:/home/john/robo_ws/install/gazebo_ros2_control/lib:/home/john/robo_ws/install/dynamixel_hardware/lib:/usr/lib/x86_64-linux-gnu/gazebo-11/plugins:/opt/ros/humble/opt/rviz_ogre_vendor/lib:/opt/ros/humble/lib/x86_64-linux-gnu:/opt/ros/humble/lib /usr/bin/cmake --build /home/john/robo_ws/build/stepper_interface -- -j6 -l6
[3.157s] Level 1:colcon.colcon_core.environment:create_environment_scripts_only(stepper_interface)
[3.159s] Level 1:colcon.colcon_core.environment:checking '/home/john/robo_ws/install/stepper_interface' for CMake module files
[3.159s] Level 1:colcon.colcon_core.environment:checking '/home/john/robo_ws/install/stepper_interface' for CMake config files
[3.159s] Level 1:colcon.colcon_core.shell:create_environment_hook('stepper_interface', 'cmake_prefix_path')
[3.160s] INFO:colcon.colcon_core.shell:Creating environment hook '/home/john/robo_ws/install/stepper_interface/share/stepper_interface/hook/cmake_prefix_path.ps1'
[3.161s] INFO:colcon.colcon_core.shell:Creating environment descriptor '/home/john/robo_ws/install/stepper_interface/share/stepper_interface/hook/cmake_prefix_path.dsv'
[3.161s] INFO:colcon.colcon_core.shell:Creating environment hook '/home/john/robo_ws/install/stepper_interface/share/stepper_interface/hook/cmake_prefix_path.sh'
[3.161s] Level 1:colcon.colcon_core.environment:checking '/home/john/robo_ws/install/stepper_interface/lib'
[3.161s] Level 1:colcon.colcon_core.shell:create_environment_hook('stepper_interface', 'ld_library_path_lib')
[3.162s] INFO:colcon.colcon_core.shell:Creating environment hook '/home/john/robo_ws/install/stepper_interface/share/stepper_interface/hook/ld_library_path_lib.ps1'
[3.162s] INFO:colcon.colcon_core.shell:Creating environment descriptor '/home/john/robo_ws/install/stepper_interface/share/stepper_interface/hook/ld_library_path_lib.dsv'
[3.163s] INFO:colcon.colcon_core.shell:Creating environment hook '/home/john/robo_ws/install/stepper_interface/share/stepper_interface/hook/ld_library_path_lib.sh'
[3.163s] Level 1:colcon.colcon_core.environment:checking '/home/john/robo_ws/install/stepper_interface/bin'
[3.163s] Level 1:colcon.colcon_core.environment:checking '/home/john/robo_ws/install/stepper_interface/lib/pkgconfig/stepper_interface.pc'
[3.163s] Level 1:colcon.colcon_core.environment:checking '/home/john/robo_ws/install/stepper_interface/lib/python3.10/site-packages'
[3.163s] Level 1:colcon.colcon_core.environment:checking '/home/john/robo_ws/install/stepper_interface/bin'
[3.164s] INFO:colcon.colcon_core.shell:Creating package script '/home/john/robo_ws/install/stepper_interface/share/stepper_interface/package.ps1'
[3.165s] INFO:colcon.colcon_core.shell:Creating package descriptor '/home/john/robo_ws/install/stepper_interface/share/stepper_interface/package.dsv'
[3.165s] INFO:colcon.colcon_core.shell:Creating package script '/home/john/robo_ws/install/stepper_interface/share/stepper_interface/package.sh'
[3.166s] INFO:colcon.colcon_core.shell:Creating package script '/home/john/robo_ws/install/stepper_interface/share/stepper_interface/package.bash'
[3.166s] INFO:colcon.colcon_core.shell:Creating package script '/home/john/robo_ws/install/stepper_interface/share/stepper_interface/package.zsh'
[3.166s] Level 1:colcon.colcon_core.environment:create_file_with_runtime_dependencies(/home/john/robo_ws/install/stepper_interface/share/colcon-core/packages/stepper_interface)
[3.177s] DEBUG:colcon.colcon_parallel_executor.executor.parallel:closing loop
[3.177s] DEBUG:colcon.colcon_parallel_executor.executor.parallel:loop closed
[3.177s] DEBUG:colcon.colcon_parallel_executor.executor.parallel:run_until_complete finished with '2'
[3.177s] DEBUG:colcon.colcon_core.event_reactor:joining thread
[3.182s] INFO:colcon.colcon_core.plugin_system:Skipping extension 'colcon_notification.desktop_notification.terminal_notifier': Not used on non-Darwin systems
[3.182s] INFO:colcon.colcon_core.plugin_system:Skipping extension 'colcon_notification.desktop_notification.win32': Not used on non-Windows systems
[3.182s] INFO:colcon.colcon_notification.desktop_notification:Sending desktop notification using 'notify2'
[3.192s] DEBUG:colcon.colcon_core.event_reactor:joined thread
[3.193s] INFO:colcon.colcon_core.shell:Creating prefix script '/home/john/robo_ws/install/local_setup.ps1'
[3.194s] INFO:colcon.colcon_core.shell:Creating prefix util module '/home/john/robo_ws/install/_local_setup_util_ps1.py'
[3.195s] INFO:colcon.colcon_core.shell:Creating prefix chain script '/home/john/robo_ws/install/setup.ps1'
[3.197s] INFO:colcon.colcon_core.shell:Creating prefix script '/home/john/robo_ws/install/local_setup.sh'
[3.197s] INFO:colcon.colcon_core.shell:Creating prefix util module '/home/john/robo_ws/install/_local_setup_util_sh.py'
[3.198s] INFO:colcon.colcon_core.shell:Creating prefix chain script '/home/john/robo_ws/install/setup.sh'
[3.199s] INFO:colcon.colcon_core.shell:Creating prefix script '/home/john/robo_ws/install/local_setup.bash'
[3.199s] INFO:colcon.colcon_core.shell:Creating prefix chain script '/home/john/robo_ws/install/setup.bash'
[3.201s] INFO:colcon.colcon_core.shell:Creating prefix script '/home/john/robo_ws/install/local_setup.zsh'
[3.201s] INFO:colcon.colcon_core.shell:Creating prefix chain script '/home/john/robo_ws/install/setup.zsh'
