In file included from [01m[K/opt/ros/humble/include/rclcpp/rclcpp/logging.hpp:24[m[K,
                 from [01m[K/opt/ros/humble/include/rclcpp/rclcpp/client.hpp:40[m[K,
                 from [01m[K/opt/ros/humble/include/rclcpp/rclcpp/callback_group.hpp:24[m[K,
                 from [01m[K/opt/ros/humble/include/rclcpp/rclcpp/any_executable.hpp:20[m[K,
                 from [01m[K/opt/ros/humble/include/rclcpp/rclcpp/memory_strategy.hpp:25[m[K,
                 from [01m[K/opt/ros/humble/include/rclcpp/rclcpp/memory_strategies.hpp:18[m[K,
                 from [01m[K/opt/ros/humble/include/rclcpp/rclcpp/executor_options.hpp:20[m[K,
                 from [01m[K/opt/ros/humble/include/rclcpp/rclcpp/executor.hpp:37[m[K,
                 from [01m[K/opt/ros/humble/include/rclcpp/rclcpp/executors/multi_threaded_executor.hpp:25[m[K,
                 from [01m[K/opt/ros/humble/include/rclcpp/rclcpp/executors.hpp:21[m[K,
                 from [01m[K/opt/ros/humble/include/rclcpp/rclcpp/rclcpp.hpp:155[m[K,
                 from [01m[K/home/john/robo_ws/src/stepper_interface/include/stepper_interface/stepper_interface.hpp:17[m[K,
                 from [01m[K/home/john/robo_ws/src/stepper_interface/src/stepper_interface.cpp:17[m[K:
[01m[K/home/john/robo_ws/src/stepper_interface/src/stepper_interface.cpp:[m[K In member function ‘[01m[Kvirtual hardware_interface::CallbackReturn stepper_interface::StepperInterface::on_configure(const rclcpp_lifecycle::State&)[m[K’:
[01m[K/home/john/robo_ws/src/stepper_interface/src/stepper_interface.cpp:103:57:[m[K [01;35m[Kwarning: [m[Kformat ‘[01m[K%s[m[K’ expects argument of type ‘[01m[Kchar*[m[K’, but argument 5 has type ‘[01m[Kstd::string[m[K’ {aka ‘[01m[Kstd::__cxx11::basic_string<char>[m[K’} [[01;35m[K]8;;https://gcc.gnu.org/onlinedocs/gcc/Warning-Options.html#index-Wformat=-Wformat=]8;;[m[K]
  103 |     RCLCPP_INFO(rclcpp::get_logger("StepperInterface"), [01;35m[K"Set device parameters... %s"[m[K, param_.device);
      |                                                         [01;35m[K^~~~~~~~~~~~~~~~~~~~~~~~~~~~~[m[K
[01m[K/home/john/robo_ws/src/stepper_interface/src/stepper_interface.cpp:103:84:[m[K [01;36m[Knote: [m[Kformat string is defined here
  103 |     RCLCPP_INFO(rclcpp::get_logger("StepperInterface"), "Set device parameters... [01;36m[K%s[m[K", param_.device);
      |                                                                                   [01;36m[K~^[m[K
      |                                                                                    [01;36m[K|[m[K
      |                                                                                    [01;36m[Kchar*[m[K
