[0.017s] Invoking command in '/home/john/robo_ws/build/serial': CMAKE_PREFIX_PATH=/opt/ros/humble /usr/bin/cmake --build /home/john/robo_ws/build/serial -- -j6 -l6
[0.054s] [100%] Built target serial
[0.070s] Invoked command in '/home/john/robo_ws/build/serial' returned '0': CMAKE_PREFIX_PATH=/opt/ros/humble /usr/bin/cmake --build /home/john/robo_ws/build/serial -- -j6 -l6
[0.094s] Invoking command in '/home/john/robo_ws/build/serial': CMAKE_PREFIX_PATH=/opt/ros/humble /usr/bin/cmake --install /home/john/robo_ws/build/serial
[0.100s] -- Install configuration: ""
[0.102s] -- Execute custom install script
[0.102s] -- Up-to-date symlink: /home/john/robo_ws/install/serial/lib/libserial.so
[0.102s] -- Up-to-date symlink: /home/john/robo_ws/install/serial/include//serial/impl/unix.h
[0.103s] -- Up-to-date symlink: /home/john/robo_ws/install/serial/include//serial/impl/win.h
[0.103s] -- Up-to-date symlink: /home/john/robo_ws/install/serial/include//serial/serial.h
[0.103s] -- Up-to-date symlink: /home/john/robo_ws/install/serial/include//serial/v8stdint.h
[0.103s] -- Up-to-date symlink: /home/john/robo_ws/install/serial/share/serial/environment/library_path.sh
[0.103s] -- Up-to-date symlink: /home/john/robo_ws/install/serial/share/serial/environment/library_path.dsv
[0.104s] -- Up-to-date symlink: /home/john/robo_ws/install/serial/share/ament_index/resource_index/package_run_dependencies/serial
[0.106s] -- Up-to-date symlink: /home/john/robo_ws/install/serial/share/ament_index/resource_index/parent_prefix_path/serial
[0.106s] -- Up-to-date symlink: /home/john/robo_ws/install/serial/share/serial/environment/ament_prefix_path.sh
[0.106s] -- Up-to-date symlink: /home/john/robo_ws/install/serial/share/serial/environment/ament_prefix_path.dsv
[0.106s] -- Up-to-date symlink: /home/john/robo_ws/install/serial/share/serial/environment/path.sh
[0.107s] -- Up-to-date symlink: /home/john/robo_ws/install/serial/share/serial/environment/path.dsv
[0.107s] -- Up-to-date symlink: /home/john/robo_ws/install/serial/share/serial/local_setup.bash
[0.107s] -- Up-to-date symlink: /home/john/robo_ws/install/serial/share/serial/local_setup.sh
[0.107s] -- Up-to-date symlink: /home/john/robo_ws/install/serial/share/serial/local_setup.zsh
[0.107s] -- Up-to-date symlink: /home/john/robo_ws/install/serial/share/serial/local_setup.dsv
[0.108s] -- Symlinking: /home/john/robo_ws/install/serial/share/serial/package.dsv
[0.110s] -- Up-to-date symlink: /home/john/robo_ws/install/serial/share/ament_index/resource_index/packages/serial
[0.110s] -- Up-to-date symlink: /home/john/robo_ws/install/serial/share/serial/cmake/ament_cmake_export_include_directories-extras.cmake
[0.111s] -- Up-to-date symlink: /home/john/robo_ws/install/serial/share/serial/cmake/ament_cmake_export_libraries-extras.cmake
[0.111s] -- Up-to-date symlink: /home/john/robo_ws/install/serial/share/serial/cmake/serialConfig.cmake
[0.112s] -- Up-to-date symlink: /home/john/robo_ws/install/serial/share/serial/cmake/serialConfig-version.cmake
[0.112s] -- Up-to-date symlink: /home/john/robo_ws/install/serial/share/serial/package.xml
[0.115s] Invoked command in '/home/john/robo_ws/build/serial' returned '0': CMAKE_PREFIX_PATH=/opt/ros/humble /usr/bin/cmake --install /home/john/robo_ws/build/serial
