[0.027s] Invoking command in '/home/john/robo_ws/build/nick_bot_moveit_config': AMENT_PREFIX_PATH=/home/john/robo_ws/install/nick_bot:${AMENT_PREFIX_PATH} CMAKE_PREFIX_PATH=/home/john/robo_ws/install/nick_bot:/opt/ros/humble /usr/bin/cmake --build /home/john/robo_ws/build/nick_bot_moveit_config -- -j6 -l6
[0.059s] Invoked command in '/home/john/robo_ws/build/nick_bot_moveit_config' returned '0': AMENT_PREFIX_PATH=/home/john/robo_ws/install/nick_bot:${AMENT_PREFIX_PATH} CMAKE_PREFIX_PATH=/home/john/robo_ws/install/nick_bot:/opt/ros/humble /usr/bin/cmake --build /home/john/robo_ws/build/nick_bot_moveit_config -- -j6 -l6
[0.075s] Invoking command in '/home/john/robo_ws/build/nick_bot_moveit_config': AMENT_PREFIX_PATH=/home/john/robo_ws/install/nick_bot:${AMENT_PREFIX_PATH} CMAKE_PREFIX_PATH=/home/john/robo_ws/install/nick_bot:/opt/ros/humble /usr/bin/cmake --install /home/john/robo_ws/build/nick_bot_moveit_config
[0.085s] -- Install configuration: ""
[0.085s] -- Up-to-date: /home/john/robo_ws/install/nick_bot_moveit_config/share/ament_index/resource_index/package_run_dependencies/nick_bot_moveit_config
[0.086s] -- Up-to-date: /home/john/robo_ws/install/nick_bot_moveit_config/share/ament_index/resource_index/parent_prefix_path/nick_bot_moveit_config
[0.086s] -- Up-to-date: /home/john/robo_ws/install/nick_bot_moveit_config/share/nick_bot_moveit_config/environment/ament_prefix_path.sh
[0.086s] -- Up-to-date: /home/john/robo_ws/install/nick_bot_moveit_config/share/nick_bot_moveit_config/environment/ament_prefix_path.dsv
[0.086s] -- Up-to-date: /home/john/robo_ws/install/nick_bot_moveit_config/share/nick_bot_moveit_config/environment/path.sh
[0.086s] -- Up-to-date: /home/john/robo_ws/install/nick_bot_moveit_config/share/nick_bot_moveit_config/environment/path.dsv
[0.086s] -- Up-to-date: /home/john/robo_ws/install/nick_bot_moveit_config/share/nick_bot_moveit_config/local_setup.bash
[0.086s] -- Up-to-date: /home/john/robo_ws/install/nick_bot_moveit_config/share/nick_bot_moveit_config/local_setup.sh
[0.086s] -- Up-to-date: /home/john/robo_ws/install/nick_bot_moveit_config/share/nick_bot_moveit_config/local_setup.zsh
[0.087s] -- Up-to-date: /home/john/robo_ws/install/nick_bot_moveit_config/share/nick_bot_moveit_config/local_setup.dsv
[0.087s] -- Installing: /home/john/robo_ws/install/nick_bot_moveit_config/share/nick_bot_moveit_config/package.dsv
[0.087s] -- Up-to-date: /home/john/robo_ws/install/nick_bot_moveit_config/share/ament_index/resource_index/packages/nick_bot_moveit_config
[0.087s] -- Up-to-date: /home/john/robo_ws/install/nick_bot_moveit_config/share/nick_bot_moveit_config/cmake/nick_bot_moveit_configConfig.cmake
[0.087s] -- Up-to-date: /home/john/robo_ws/install/nick_bot_moveit_config/share/nick_bot_moveit_config/cmake/nick_bot_moveit_configConfig-version.cmake
[0.087s] -- Up-to-date: /home/john/robo_ws/install/nick_bot_moveit_config/share/nick_bot_moveit_config/package.xml
[0.087s] -- Up-to-date: /home/john/robo_ws/install/nick_bot_moveit_config/share/nick_bot_moveit_config/launch
[0.087s] -- Up-to-date: /home/john/robo_ws/install/nick_bot_moveit_config/share/nick_bot_moveit_config/launch/demo.launch.py
[0.087s] -- Up-to-date: /home/john/robo_ws/install/nick_bot_moveit_config/share/nick_bot_moveit_config/launch/spawn_controllers.launch.py
[0.087s] -- Up-to-date: /home/john/robo_ws/install/nick_bot_moveit_config/share/nick_bot_moveit_config/launch/warehouse_db.launch.py
[0.087s] -- Up-to-date: /home/john/robo_ws/install/nick_bot_moveit_config/share/nick_bot_moveit_config/launch/static_virtual_joint_tfs.launch.py
[0.087s] -- Up-to-date: /home/john/robo_ws/install/nick_bot_moveit_config/share/nick_bot_moveit_config/launch/move_group.launch.py
[0.087s] -- Up-to-date: /home/john/robo_ws/install/nick_bot_moveit_config/share/nick_bot_moveit_config/launch/moveit_rviz.launch.py
[0.087s] -- Up-to-date: /home/john/robo_ws/install/nick_bot_moveit_config/share/nick_bot_moveit_config/launch/setup_assistant.launch.py
[0.087s] -- Up-to-date: /home/john/robo_ws/install/nick_bot_moveit_config/share/nick_bot_moveit_config/launch/rsp.launch.py
[0.087s] -- Up-to-date: /home/john/robo_ws/install/nick_bot_moveit_config/share/nick_bot_moveit_config/config
[0.087s] -- Up-to-date: /home/john/robo_ws/install/nick_bot_moveit_config/share/nick_bot_moveit_config/config/moveit_controllers.yaml
[0.088s] -- Up-to-date: /home/john/robo_ws/install/nick_bot_moveit_config/share/nick_bot_moveit_config/config/o_planning.yaml
[0.088s] -- Up-to-date: /home/john/robo_ws/install/nick_bot_moveit_config/share/nick_bot_moveit_config/config/kinematics.yaml
[0.088s] -- Up-to-date: /home/john/robo_ws/install/nick_bot_moveit_config/share/nick_bot_moveit_config/config/joint_limits.yaml
[0.088s] -- Up-to-date: /home/john/robo_ws/install/nick_bot_moveit_config/share/nick_bot_moveit_config/config/nick_bot.urdf.xacro
[0.088s] -- Up-to-date: /home/john/robo_ws/install/nick_bot_moveit_config/share/nick_bot_moveit_config/config/nick_bot.srdf
[0.088s] -- Up-to-date: /home/john/robo_ws/install/nick_bot_moveit_config/share/nick_bot_moveit_config/config/moveit.rviz
[0.088s] -- Up-to-date: /home/john/robo_ws/install/nick_bot_moveit_config/share/nick_bot_moveit_config/config/nick_bot.ros2_control.xacro
[0.088s] -- Up-to-date: /home/john/robo_ws/install/nick_bot_moveit_config/share/nick_bot_moveit_config/config/moveit (copy).rviz
[0.088s] -- Up-to-date: /home/john/robo_ws/install/nick_bot_moveit_config/share/nick_bot_moveit_config/config/pilz_cartesian_limits.yaml
[0.089s] -- Up-to-date: /home/john/robo_ws/install/nick_bot_moveit_config/share/nick_bot_moveit_config/config/initial_positions.yaml
[0.089s] -- Up-to-date: /home/john/robo_ws/install/nick_bot_moveit_config/share/nick_bot_moveit_config/config/ros2_controllers.yaml
[0.091s] -- Up-to-date: /home/john/robo_ws/install/nick_bot_moveit_config/share/nick_bot_moveit_config/.setup_assistant
[0.091s] Invoked command in '/home/john/robo_ws/build/nick_bot_moveit_config' returned '0': AMENT_PREFIX_PATH=/home/john/robo_ws/install/nick_bot:${AMENT_PREFIX_PATH} CMAKE_PREFIX_PATH=/home/john/robo_ws/install/nick_bot:/opt/ros/humble /usr/bin/cmake --install /home/john/robo_ws/build/nick_bot_moveit_config
