[0.011s] Invoking command in '/home/john/robo_ws/build/nick_bot': CMAKE_PREFIX_PATH=${CMAKE_PREFIX_PATH}:/opt/ros/humble /usr/bin/cmake --build /home/john/robo_ws/build/nick_bot -- -j6 -l6
[0.038s] Invoked command in '/home/john/robo_ws/build/nick_bot' returned '0': CMAKE_PREFIX_PATH=${CMAKE_PREFIX_PATH}:/opt/ros/humble /usr/bin/cmake --build /home/john/robo_ws/build/nick_bot -- -j6 -l6
[0.062s] Invoking command in '/home/john/robo_ws/build/nick_bot': CMAKE_PREFIX_PATH=${CMAKE_PREFIX_PATH}:/opt/ros/humble /usr/bin/cmake --install /home/john/robo_ws/build/nick_bot
[0.069s] -- Install configuration: ""
[0.069s] -- Execute custom install script
[0.069s] -- Up-to-date symlink: /home/john/robo_ws/install/nick_bot/share/nick_bot/launch/gazebo.launch.py
[0.069s] -- Up-to-date symlink: /home/john/robo_ws/install/nick_bot/share/nick_bot/urdf/nick_bot.urdf
[0.070s] -- Up-to-date symlink: /home/john/robo_ws/install/nick_bot/share/nick_bot/urdf/nick_bot_MODIF.urdf
[0.070s] -- Up-to-date symlink: /home/john/robo_ws/install/nick_bot/share/nick_bot/urdf/nick_bot_moveit.urdf
[0.070s] -- Up-to-date symlink: /home/john/robo_ws/install/nick_bot/share/nick_bot/meshes/base_link.STL
[0.070s] -- Up-to-date symlink: /home/john/robo_ws/install/nick_bot/share/nick_bot/meshes/end_effector.STL
[0.070s] -- Up-to-date symlink: /home/john/robo_ws/install/nick_bot/share/nick_bot/meshes/link_1.STL
[0.070s] -- Up-to-date symlink: /home/john/robo_ws/install/nick_bot/share/nick_bot/meshes/link_2.STL
[0.070s] -- Up-to-date symlink: /home/john/robo_ws/install/nick_bot/share/nick_bot/meshes/link_3.STL
[0.070s] -- Up-to-date symlink: /home/john/robo_ws/install/nick_bot/share/nick_bot/meshes/link_4.STL
[0.070s] -- Up-to-date symlink: /home/john/robo_ws/install/nick_bot/share/nick_bot/meshes/link_5.STL
[0.070s] -- Up-to-date symlink: /home/john/robo_ws/install/nick_bot/share/ament_index/resource_index/package_run_dependencies/nick_bot
[0.071s] -- Up-to-date symlink: /home/john/robo_ws/install/nick_bot/share/ament_index/resource_index/parent_prefix_path/nick_bot
[0.071s] -- Up-to-date symlink: /home/john/robo_ws/install/nick_bot/share/nick_bot/environment/ament_prefix_path.sh
[0.071s] -- Up-to-date symlink: /home/john/robo_ws/install/nick_bot/share/nick_bot/environment/ament_prefix_path.dsv
[0.071s] -- Up-to-date symlink: /home/john/robo_ws/install/nick_bot/share/nick_bot/environment/path.sh
[0.071s] -- Up-to-date symlink: /home/john/robo_ws/install/nick_bot/share/nick_bot/environment/path.dsv
[0.071s] -- Up-to-date symlink: /home/john/robo_ws/install/nick_bot/share/nick_bot/local_setup.bash
[0.072s] -- Up-to-date symlink: /home/john/robo_ws/install/nick_bot/share/nick_bot/local_setup.sh
[0.072s] -- Up-to-date symlink: /home/john/robo_ws/install/nick_bot/share/nick_bot/local_setup.zsh
[0.072s] -- Up-to-date symlink: /home/john/robo_ws/install/nick_bot/share/nick_bot/local_setup.dsv
[0.072s] -- Symlinking: /home/john/robo_ws/install/nick_bot/share/nick_bot/package.dsv
[0.079s] -- Up-to-date symlink: /home/john/robo_ws/install/nick_bot/share/ament_index/resource_index/packages/nick_bot
[0.079s] -- Up-to-date symlink: /home/john/robo_ws/install/nick_bot/share/nick_bot/cmake/nick_botConfig.cmake
[0.079s] -- Up-to-date symlink: /home/john/robo_ws/install/nick_bot/share/nick_bot/cmake/nick_botConfig-version.cmake
[0.079s] -- Up-to-date symlink: /home/john/robo_ws/install/nick_bot/share/nick_bot/package.xml
[0.081s] Invoked command in '/home/john/robo_ws/build/nick_bot' returned '0': CMAKE_PREFIX_PATH=${CMAKE_PREFIX_PATH}:/opt/ros/humble /usr/bin/cmake --install /home/john/robo_ws/build/nick_bot
