[0.016s] Invoking command in '/home/john/robo_ws/build/gazebo_ros2_control': CMAKE_PREFIX_PATH=/opt/ros/humble /usr/bin/cmake /home/john/robo_ws/src/gazebo_ros2_control -DCMAKE_INSTALL_PREFIX=/home/john/robo_ws/install/gazebo_ros2_control
[0.062s] -- The C compiler identification is GNU 11.3.0
[0.114s] -- The CXX compiler identification is GNU 11.3.0
[0.118s] -- Detecting C compiler ABI info
[0.178s] -- Detecting C compiler ABI info - done
[0.185s] -- Check for working C compiler: /usr/bin/cc - skipped
[0.185s] -- Detecting C compile features
[0.185s] -- Detecting C compile features - done
[0.188s] -- Detecting CXX compiler ABI info
[0.261s] -- Detecting CXX compiler ABI info - done
[0.268s] -- Check for working CXX compiler: /usr/bin/c++ - skipped
[0.268s] -- Detecting CXX compile features
[0.268s] -- Detecting CXX compile features - done
[0.271s] -- Found ament_cmake: 1.3.3 (/opt/ros/humble/share/ament_cmake/cmake)
[0.772s] -- Found Python3: /usr/bin/python3.10 (found version "3.10.6") found components: Interpreter 
[0.849s] -- Found angles: 1.15.0 (/opt/ros/humble/share/angles/cmake)
[0.851s] -- Found controller_manager: 2.20.0 (/opt/ros/humble/share/controller_manager/cmake)
[0.893s] -- Found rosidl_generator_c: 3.1.4 (/opt/ros/humble/share/rosidl_generator_c/cmake)
[0.898s] -- Found rosidl_adapter: 3.1.4 (/opt/ros/humble/share/rosidl_adapter/cmake)
[0.906s] -- Found rosidl_generator_cpp: 3.1.4 (/opt/ros/humble/share/rosidl_generator_cpp/cmake)
[0.919s] -- Using all available rosidl_typesupport_c: rosidl_typesupport_fastrtps_c;rosidl_typesupport_introspection_c
[0.937s] -- Using all available rosidl_typesupport_cpp: rosidl_typesupport_fastrtps_cpp;rosidl_typesupport_introspection_cpp
[1.601s] -- Found rmw_implementation_cmake: 6.1.1 (/opt/ros/humble/share/rmw_implementation_cmake/cmake)
[1.603s] -- Found rmw_fastrtps_cpp: 6.2.2 (/opt/ros/humble/share/rmw_fastrtps_cpp/cmake)
[1.689s] -- Found OpenSSL: /usr/lib/x86_64-linux-gnu/libcrypto.so (found version "3.0.2")  
[1.717s] -- Found FastRTPS: /opt/ros/humble/include  
[1.756s] -- Using RMW implementation 'rmw_fastrtps_cpp' as default
[1.764s] -- Looking for pthread.h
[1.830s] -- Looking for pthread.h - found
[1.830s] -- Performing Test CMAKE_HAVE_LIBC_PTHREAD
[1.891s] -- Performing Test CMAKE_HAVE_LIBC_PTHREAD - Success
[1.892s] -- Found Threads: TRUE  
[2.518s] -- Found gazebo_dev: 3.7.0 (/opt/ros/humble/share/gazebo_dev/cmake)
[2.523s] -- Found PkgConfig: /usr/bin/pkg-config (found version "0.29.2") 
[2.524s] -- Checking for module 'bullet>=2.82'
[2.535s] --   Found bullet, version 3.05
[2.620s] -- Found fcl: /usr/include (found suitable version "0.7.0", minimum required is "0.5.0") 
[2.661s] -- Found assimp: /usr/include (found version "5.2.0") 
[2.675s] -- Found DART: /usr/include (Required is at least version "6.6") found components: dart 
[2.699s] -- Found Boost: /usr/lib/x86_64-linux-gnu/cmake/Boost-1.74.0/BoostConfig.cmake (found suitable version "1.74.0", minimum required is "1.40.0") found components: thread system filesystem program_options regex iostreams date_time 
[2.711s] -- Found Protobuf: /usr/lib/x86_64-linux-gnu/libprotobuf.so (found version "3.12.4") 
[2.715s] -- Looking for ignition-math6 -- found version 6.13.0
[2.720s] -- Searching for dependencies of ignition-math6
[2.721s] -- Looking for OGRE...
[2.722s] -- OGRE_PREFIX_WATCH changed.
[2.726s] -- Checking for module 'OGRE'
[2.736s] --   Found OGRE, version 1.9.0
[2.761s] -- Found Ogre Ghadamon (1.9.0)
[2.767s] -- Found OGRE: optimized;/usr/lib/x86_64-linux-gnu/libOgreMain.so;debug;/usr/lib/x86_64-linux-gnu/libOgreMain.so
[2.776s] -- Looking for OGRE_Paging...
[2.780s] -- Found OGRE_Paging: optimized;/usr/lib/x86_64-linux-gnu/libOgrePaging.so;debug;/usr/lib/x86_64-linux-gnu/libOgrePaging.so
[2.780s] -- Looking for OGRE_Terrain...
[2.783s] -- Found OGRE_Terrain: optimized;/usr/lib/x86_64-linux-gnu/libOgreTerrain.so;debug;/usr/lib/x86_64-linux-gnu/libOgreTerrain.so
[2.783s] -- Looking for OGRE_Property...
[2.787s] -- Found OGRE_Property: optimized;/usr/lib/x86_64-linux-gnu/libOgreProperty.so;debug;/usr/lib/x86_64-linux-gnu/libOgreProperty.so
[2.787s] -- Looking for OGRE_RTShaderSystem...
[2.791s] -- Found OGRE_RTShaderSystem: optimized;/usr/lib/x86_64-linux-gnu/libOgreRTShaderSystem.so;debug;/usr/lib/x86_64-linux-gnu/libOgreRTShaderSystem.so
[2.791s] -- Looking for OGRE_Volume...
[2.795s] -- Found OGRE_Volume: optimized;/usr/lib/x86_64-linux-gnu/libOgreVolume.so;debug;/usr/lib/x86_64-linux-gnu/libOgreVolume.so
[2.795s] -- Looking for OGRE_Overlay...
[2.798s] -- Found OGRE_Overlay: optimized;/usr/lib/x86_64-linux-gnu/libOgreOverlay.so;debug;/usr/lib/x86_64-linux-gnu/libOgreOverlay.so
[2.885s] -- Looking for ignition-math6 -- found version 6.13.0
[2.887s] -- Looking for ignition-transport8 -- found version 8.2.1
[2.887s] -- Searching for dependencies of ignition-transport8
[2.902s] -- Found Protobuf: /usr/lib/x86_64-linux-gnu/libprotobuf.so (found suitable version "3.12.4", minimum required is "3") 
[2.912s] -- Config-file not installed for ZeroMQ -- checking for pkg-config
[2.917s] -- Checking for module 'libzmq >= 4'
[2.928s] --   Found libzmq , version 4.3.4
[2.958s] -- Found ZeroMQ: TRUE (Required is at least version "4") 
[2.963s] -- Checking for module 'uuid'
[2.974s] --   Found uuid, version 2.37.2
[3.000s] -- Found UUID: TRUE  
[3.002s] -- Looking for ignition-msgs5 -- found version 5.8.1
[3.003s] -- Searching for dependencies of ignition-msgs5
[3.020s] -- Looking for ignition-math6 -- found version 6.13.0
[3.024s] -- Checking for module 'tinyxml2'
[3.035s] --   Found tinyxml2, version 9.0.0
[3.062s] -- Looking for ignition-msgs5 -- found version 5.8.1
[3.063s] -- Looking for ignition-common3 -- found version 3.14.0
[3.064s] -- Searching for dependencies of ignition-common3
[3.064s] -- Looking for dlfcn.h - found
[3.065s] -- Looking for libdl - found
[3.066s] -- Found DL: TRUE  
[3.076s] -- Found tinyobjloader: /usr/lib/x86_64-linux-gnu/cmake/tinyobjloader/tinyobjloader-config.cmake (found version "2.0.0") 
[3.076s] -- Searching for <ignition-common3> component [graphics]
[3.078s] -- Looking for ignition-common3-graphics -- found version 3.14.0
[3.078s] -- Searching for dependencies of ignition-common3-graphics
[3.078s] -- Looking for ignition-math6 -- found version 6.13.0
[3.081s] -- Looking for ignition-fuel_tools4 -- found version 4.4.0
[3.081s] -- Searching for dependencies of ignition-fuel_tools4
[3.146s] -- Found CURL: /usr/lib/x86_64-linux-gnu/libcurl.so (found version "7.81.0")  
[3.153s] -- Checking for module 'jsoncpp'
[3.164s] --   Found jsoncpp, version 1.9.5
[3.194s] -- Found JSONCPP: TRUE  
[3.199s] -- Checking for module 'libzip'
[3.210s] --   Found libzip, version 1.7.3
[3.239s] -- Found ZIP: TRUE  
[3.240s] -- Looking for ignition-common3 -- found version 3.14.0
[3.240s] -- Looking for ignition-math6 -- found version 6.13.0
[3.240s] -- Looking for ignition-msgs5 -- found version 5.8.1
[3.243s] -- Gazebo version: 11.10
[3.243s] -- Checking for module 'tbb'
[3.255s] --   Found tbb, version 2021.5.0
[3.284s] -- Found gazebo_ros: 3.7.0 (/opt/ros/humble/share/gazebo_ros/cmake)
[3.294s] -- Found yaml_cpp_vendor: 8.0.2 (/opt/ros/humble/share/yaml_cpp_vendor/cmake)
[3.930s] -- Found ament_cmake_gtest: 1.3.3 (/opt/ros/humble/share/ament_cmake_gtest/cmake)
[3.932s] -- Found ament_lint_auto: 0.12.5 (/opt/ros/humble/share/ament_lint_auto/cmake)
[4.007s] -- Added test 'copyright' to check source files copyright and LICENSE
[4.008s] -- Added test 'cppcheck' to perform static code analysis on C / C++ code
[4.008s] -- Configured cppcheck include dirs: /home/john/robo_ws/src/gazebo_ros2_control/include
[4.008s] -- Configured cppcheck exclude dirs and/or files: 
[4.009s] -- Added test 'cpplint' to check C / C++ code against the Google style
[4.009s] -- Configured cpplint exclude dirs and/or files: 
[4.010s] -- Added test 'lint_cmake' to check CMake code style
[4.011s] -- Added test 'uncrustify' to check C / C++ code style
[4.011s] -- Configured uncrustify additional arguments: 
[4.011s] -- Added test 'xmllint' to check XML markup files
[4.013s] -- Configuring done
[4.091s] -- Generating done
[4.094s] -- Build files have been written to: /home/john/robo_ws/build/gazebo_ros2_control
[4.108s] Invoked command in '/home/john/robo_ws/build/gazebo_ros2_control' returned '0': CMAKE_PREFIX_PATH=/opt/ros/humble /usr/bin/cmake /home/john/robo_ws/src/gazebo_ros2_control -DCMAKE_INSTALL_PREFIX=/home/john/robo_ws/install/gazebo_ros2_control
[4.110s] Invoking command in '/home/john/robo_ws/build/gazebo_ros2_control': CMAKE_PREFIX_PATH=/opt/ros/humble /usr/bin/cmake --build /home/john/robo_ws/build/gazebo_ros2_control -- -j6 -l6
[4.156s] [ 50%] [32mBuilding CXX object CMakeFiles/gazebo_hardware_plugins.dir/src/gazebo_system.cpp.o[0m
[4.156s] [ 50%] [32mBuilding CXX object CMakeFiles/gazebo_ros2_control.dir/src/gazebo_ros2_control_plugin.cpp.o[0m
[11.964s] [01m[K/home/john/robo_ws/src/gazebo_ros2_control/src/gazebo_system.cpp:[m[K In member function ‘[01m[Kvirtual hardware_interface::return_type gazebo_ros2_control::GazeboSystem::perform_command_mode_switch(const std::vector<std::__cxx11::basic_string<char> >&, const std::vector<std::__cxx11::basic_string<char> >&)[m[K’:
[11.965s] [01m[K/home/john/robo_ws/src/gazebo_ros2_control/src/gazebo_system.cpp:515:77:[m[K [01;35m[Kwarning: [m[Kimplicitly-declared ‘[01m[Kconstexpr gazebo_ros2_control::SafeEnum<gazebo_ros2_control::GazeboSystemInterface::ControlMethod_>& gazebo_ros2_control::SafeEnum<gazebo_ros2_control::GazeboSystemInterface::ControlMethod_>::operator=(const gazebo_ros2_control::SafeEnum<gazebo_ros2_control::GazeboSystemInterface::ControlMethod_>&)[m[K’ is deprecated [[01;35m[K]8;;https://gcc.gnu.org/onlinedocs/gcc/Warning-Options.html#index-Wdeprecated-copy-Wdeprecated-copy]8;;[m[K]
[11.965s]   515 |       this->dataPtr->joint_control_methods_[mimic_joint.mimicked_joint_index[01;35m[K][m[K;
[11.965s]       |                                                                             [01;35m[K^[m[K
[11.965s] In file included from [01m[K/home/john/robo_ws/src/gazebo_ros2_control/include/gazebo_ros2_control/gazebo_system.hpp:25[m[K,
[11.965s]                  from [01m[K/home/john/robo_ws/src/gazebo_ros2_control/src/gazebo_system.cpp:22[m[K:
[11.965s] [01m[K/home/john/robo_ws/src/gazebo_ros2_control/include/gazebo_ros2_control/gazebo_system_interface.hpp:43:3:[m[K [01;36m[Knote: [m[Kbecause ‘[01m[Kgazebo_ros2_control::SafeEnum<gazebo_ros2_control::GazeboSystemInterface::ControlMethod_>[m[K’ has user-provided ‘[01m[Kgazebo_ros2_control::SafeEnum<ENUM, UNDERLYING>::SafeEnum(const gazebo_ros2_control::SafeEnum<ENUM, UNDERLYING>&) [with ENUM = gazebo_ros2_control::GazeboSystemInterface::ControlMethod_; UNDERLYING = unsigned int][m[K’
[11.965s]    43 |   [01;36m[KSafeEnum[m[K(const SafeEnum & original)
[11.965s]       |   [01;36m[K^~~~~~~~[m[K
[15.168s] [ 75%] [32m[1mLinking CXX shared library libgazebo_hardware_plugins.so[0m
[15.656s] [ 75%] Built target gazebo_hardware_plugins
[16.865s] [100%] [32m[1mLinking CXX shared library libgazebo_ros2_control.so[0m
[17.409s] [100%] Built target gazebo_ros2_control
