[0.016s] Invoking command in '/home/john/robo_ws/build/gazebo_ros2_control': CMAKE_PREFIX_PATH=/home/john/robo_ws/install/stepper_interface:/opt/ros/humble:/home/john/robo_ws/install/serial:/home/john/robo_ws/install/nick_bot_moveit_config:/home/john/robo_ws/install/nick_bot:/home/john/robo_ws/install/gazebo_ros2_control:/home/john/robo_ws/install/dynamixel_hardware /usr/bin/cmake /home/john/robo_ws/src/gazebo_ros2_control -DAMENT_CMAKE_SYMLINK_INSTALL=1 -DCMAKE_INSTALL_PREFIX=/home/john/robo_ws/install/gazebo_ros2_control
[0.027s] -- Found ament_cmake: 1.3.3 (/opt/ros/humble/share/ament_cmake/cmake)
[0.150s] -- Override CMake install command with custom implementation using symlinks instead of copying resources
[0.157s] -- Found angles: 1.15.0 (/opt/ros/humble/share/angles/cmake)
[0.158s] -- Found controller_manager: 2.20.0 (/opt/ros/humble/share/controller_manager/cmake)
[0.186s] -- Found rosidl_generator_c: 3.1.4 (/opt/ros/humble/share/rosidl_generator_c/cmake)
[0.188s] -- Found rosidl_adapter: 3.1.4 (/opt/ros/humble/share/rosidl_adapter/cmake)
[0.194s] -- Found rosidl_generator_cpp: 3.1.4 (/opt/ros/humble/share/rosidl_generator_cpp/cmake)
[0.205s] -- Using all available rosidl_typesupport_c: rosidl_typesupport_fastrtps_c;rosidl_typesupport_introspection_c
[0.220s] -- Using all available rosidl_typesupport_cpp: rosidl_typesupport_fastrtps_cpp;rosidl_typesupport_introspection_cpp
[0.857s] -- Found rmw_implementation_cmake: 6.1.1 (/opt/ros/humble/share/rmw_implementation_cmake/cmake)
[0.859s] -- Found rmw_fastrtps_cpp: 6.2.2 (/opt/ros/humble/share/rmw_fastrtps_cpp/cmake)
[0.973s] -- Using RMW implementation 'rmw_fastrtps_cpp' as default
[1.600s] -- Found gazebo_dev: 3.7.0 (/opt/ros/humble/share/gazebo_dev/cmake)
[1.626s] -- Found DART: /usr/include (Required is at least version "6.6") found components: dart 
[1.650s] -- Found Protobuf: /usr/lib/x86_64-linux-gnu/libprotobuf.so (found version "3.12.4") 
[1.651s] -- Looking for ignition-math6 -- found version 6.13.0
[1.655s] -- Searching for dependencies of ignition-math6
[1.656s] -- Looking for OGRE...
[1.661s] -- Found Ogre Ghadamon (1.9.0)
[1.661s] -- Found OGRE: optimized;/usr/lib/x86_64-linux-gnu/libOgreMain.so;debug;/usr/lib/x86_64-linux-gnu/libOgreMain.so
[1.670s] -- Looking for OGRE_Paging...
[1.670s] -- Found OGRE_Paging: optimized;/usr/lib/x86_64-linux-gnu/libOgrePaging.so;debug;/usr/lib/x86_64-linux-gnu/libOgrePaging.so
[1.670s] -- Looking for OGRE_Terrain...
[1.670s] -- Found OGRE_Terrain: optimized;/usr/lib/x86_64-linux-gnu/libOgreTerrain.so;debug;/usr/lib/x86_64-linux-gnu/libOgreTerrain.so
[1.671s] -- Looking for OGRE_Property...
[1.671s] -- Found OGRE_Property: optimized;/usr/lib/x86_64-linux-gnu/libOgreProperty.so;debug;/usr/lib/x86_64-linux-gnu/libOgreProperty.so
[1.671s] -- Looking for OGRE_RTShaderSystem...
[1.671s] -- Found OGRE_RTShaderSystem: optimized;/usr/lib/x86_64-linux-gnu/libOgreRTShaderSystem.so;debug;/usr/lib/x86_64-linux-gnu/libOgreRTShaderSystem.so
[1.671s] -- Looking for OGRE_Volume...
[1.671s] -- Found OGRE_Volume: optimized;/usr/lib/x86_64-linux-gnu/libOgreVolume.so;debug;/usr/lib/x86_64-linux-gnu/libOgreVolume.so
[1.671s] -- Looking for OGRE_Overlay...
[1.671s] -- Found OGRE_Overlay: optimized;/usr/lib/x86_64-linux-gnu/libOgreOverlay.so;debug;/usr/lib/x86_64-linux-gnu/libOgreOverlay.so
[1.767s] -- Looking for ignition-math6 -- found version 6.13.0
[1.767s] -- Looking for ignition-transport8 -- found version 8.2.1
[1.768s] -- Searching for dependencies of ignition-transport8
[1.784s] -- Found Protobuf: /usr/lib/x86_64-linux-gnu/libprotobuf.so (found suitable version "3.12.4", minimum required is "3") 
[1.793s] -- Config-file not installed for ZeroMQ -- checking for pkg-config
[1.798s] -- Checking for module 'libzmq >= 4'
[1.808s] --   Found libzmq , version 4.3.4
[1.843s] -- Checking for module 'uuid'
[1.853s] --   Found uuid, version 2.37.2
[1.879s] -- Looking for ignition-msgs5 -- found version 5.8.1
[1.879s] -- Searching for dependencies of ignition-msgs5
[1.896s] -- Looking for ignition-math6 -- found version 6.13.0
[1.902s] -- Looking for ignition-msgs5 -- found version 5.8.1
[1.902s] -- Looking for ignition-common3 -- found version 3.14.0
[1.903s] -- Searching for dependencies of ignition-common3
[1.903s] -- Looking for dlfcn.h - found
[1.903s] -- Looking for libdl - found
[1.912s] -- Searching for <ignition-common3> component [graphics]
[1.913s] -- Looking for ignition-common3-graphics -- found version 3.14.0
[1.913s] -- Searching for dependencies of ignition-common3-graphics
[1.914s] -- Looking for ignition-math6 -- found version 6.13.0
[1.914s] -- Looking for ignition-fuel_tools4 -- found version 4.4.0
[1.915s] -- Searching for dependencies of ignition-fuel_tools4
[1.947s] -- Checking for module 'jsoncpp'
[1.958s] --   Found jsoncpp, version 1.9.5
[1.989s] -- Checking for module 'libzip'
[2.000s] --   Found libzip, version 1.7.3
[2.027s] -- Looking for ignition-common3 -- found version 3.14.0
[2.028s] -- Looking for ignition-math6 -- found version 6.13.0
[2.028s] -- Looking for ignition-msgs5 -- found version 5.8.1
[2.030s] -- Gazebo version: 11.10
[2.030s] -- Found gazebo_ros: 3.7.0 (/opt/ros/humble/share/gazebo_ros/cmake)
[2.038s] -- Found yaml_cpp_vendor: 8.0.2 (/opt/ros/humble/share/yaml_cpp_vendor/cmake)
[2.679s] -- Found ament_cmake_gtest: 1.3.3 (/opt/ros/humble/share/ament_cmake_gtest/cmake)
[2.679s] -- Found ament_lint_auto: 0.12.5 (/opt/ros/humble/share/ament_lint_auto/cmake)
[2.743s] -- Added test 'copyright' to check source files copyright and LICENSE
[2.744s] -- Added test 'cppcheck' to perform static code analysis on C / C++ code
[2.744s] -- Configured cppcheck include dirs: /home/john/robo_ws/src/gazebo_ros2_control/include
[2.744s] -- Configured cppcheck exclude dirs and/or files: 
[2.745s] -- Added test 'cpplint' to check C / C++ code against the Google style
[2.745s] -- Configured cpplint exclude dirs and/or files: 
[2.746s] -- Added test 'lint_cmake' to check CMake code style
[2.747s] -- Added test 'uncrustify' to check C / C++ code style
[2.747s] -- Configured uncrustify additional arguments: 
[2.747s] -- Added test 'xmllint' to check XML markup files
[2.748s] -- Configuring done
[2.825s] -- Generating done
[2.828s] -- Build files have been written to: /home/john/robo_ws/build/gazebo_ros2_control
[2.840s] Invoked command in '/home/john/robo_ws/build/gazebo_ros2_control' returned '0': CMAKE_PREFIX_PATH=/home/john/robo_ws/install/stepper_interface:/opt/ros/humble:/home/john/robo_ws/install/serial:/home/john/robo_ws/install/nick_bot_moveit_config:/home/john/robo_ws/install/nick_bot:/home/john/robo_ws/install/gazebo_ros2_control:/home/john/robo_ws/install/dynamixel_hardware /usr/bin/cmake /home/john/robo_ws/src/gazebo_ros2_control -DAMENT_CMAKE_SYMLINK_INSTALL=1 -DCMAKE_INSTALL_PREFIX=/home/john/robo_ws/install/gazebo_ros2_control
[2.841s] Invoking command in '/home/john/robo_ws/build/gazebo_ros2_control': CMAKE_PREFIX_PATH=/home/john/robo_ws/install/stepper_interface:/opt/ros/humble:/home/john/robo_ws/install/serial:/home/john/robo_ws/install/nick_bot_moveit_config:/home/john/robo_ws/install/nick_bot:/home/john/robo_ws/install/gazebo_ros2_control:/home/john/robo_ws/install/dynamixel_hardware /usr/bin/cmake --build /home/john/robo_ws/build/gazebo_ros2_control -- -j6 -l6
[2.879s] [35m[1mConsolidate compiler generated dependencies of target gazebo_hardware_plugins[0m
[2.879s] [35m[1mConsolidate compiler generated dependencies of target gazebo_ros2_control[0m
[2.915s] [ 25%] [32m[1mLinking CXX shared library libgazebo_hardware_plugins.so[0m
[2.916s] [ 50%] [32m[1mLinking CXX shared library libgazebo_ros2_control.so[0m
[3.481s] [ 75%] Built target gazebo_hardware_plugins
[3.615s] [100%] Built target gazebo_ros2_control
[3.624s] Invoked command in '/home/john/robo_ws/build/gazebo_ros2_control' returned '0': CMAKE_PREFIX_PATH=/home/john/robo_ws/install/stepper_interface:/opt/ros/humble:/home/john/robo_ws/install/serial:/home/john/robo_ws/install/nick_bot_moveit_config:/home/john/robo_ws/install/nick_bot:/home/john/robo_ws/install/gazebo_ros2_control:/home/john/robo_ws/install/dynamixel_hardware /usr/bin/cmake --build /home/john/robo_ws/build/gazebo_ros2_control -- -j6 -l6
[3.650s] Invoking command in '/home/john/robo_ws/build/gazebo_ros2_control': CMAKE_PREFIX_PATH=/home/john/robo_ws/install/stepper_interface:/opt/ros/humble:/home/john/robo_ws/install/serial:/home/john/robo_ws/install/nick_bot_moveit_config:/home/john/robo_ws/install/nick_bot:/home/john/robo_ws/install/gazebo_ros2_control:/home/john/robo_ws/install/dynamixel_hardware /usr/bin/cmake --install /home/john/robo_ws/build/gazebo_ros2_control
[3.657s] -- Install configuration: ""
[3.657s] -- Execute custom install script
[3.657s] -- Symlinking: /home/john/robo_ws/install/gazebo_ros2_control/lib/libgazebo_ros2_control.so
[3.664s] -- Symlinking: /home/john/robo_ws/install/gazebo_ros2_control/lib/libgazebo_hardware_plugins.so
[3.671s] -- Symlinking: /home/john/robo_ws/install/gazebo_ros2_control/share/gazebo_ros2_control/environment/library_path.sh
[3.678s] -- Symlinking: /home/john/robo_ws/install/gazebo_ros2_control/share/gazebo_ros2_control/environment/library_path.dsv
[3.685s] -- Symlinking: /home/john/robo_ws/install/gazebo_ros2_control/include/gazebo_ros2_control/gazebo_ros2_control_plugin.hpp
[3.692s] -- Symlinking: /home/john/robo_ws/install/gazebo_ros2_control/include/gazebo_ros2_control/gazebo_system.hpp
[3.699s] -- Symlinking: /home/john/robo_ws/install/gazebo_ros2_control/include/gazebo_ros2_control/gazebo_system_interface.hpp
[3.706s] -- Symlinking: /home/john/robo_ws/install/gazebo_ros2_control/share/gazebo_ros2_control//gazebo_hardware_plugins.xml
[3.712s] -- Symlinking: /home/john/robo_ws/install/gazebo_ros2_control/share/ament_index/resource_index/package_run_dependencies/gazebo_ros2_control
[3.720s] -- Symlinking: /home/john/robo_ws/install/gazebo_ros2_control/share/ament_index/resource_index/parent_prefix_path/gazebo_ros2_control
[3.727s] -- Symlinking: /home/john/robo_ws/install/gazebo_ros2_control/share/gazebo_ros2_control/environment/ament_prefix_path.sh
[3.733s] -- Symlinking: /home/john/robo_ws/install/gazebo_ros2_control/share/gazebo_ros2_control/environment/ament_prefix_path.dsv
[3.740s] -- Symlinking: /home/john/robo_ws/install/gazebo_ros2_control/share/gazebo_ros2_control/environment/path.sh
[3.747s] -- Symlinking: /home/john/robo_ws/install/gazebo_ros2_control/share/gazebo_ros2_control/environment/path.dsv
[3.754s] -- Symlinking: /home/john/robo_ws/install/gazebo_ros2_control/share/gazebo_ros2_control/local_setup.bash
[3.760s] -- Symlinking: /home/john/robo_ws/install/gazebo_ros2_control/share/gazebo_ros2_control/local_setup.sh
[3.767s] -- Symlinking: /home/john/robo_ws/install/gazebo_ros2_control/share/gazebo_ros2_control/local_setup.zsh
[3.773s] -- Symlinking: /home/john/robo_ws/install/gazebo_ros2_control/share/gazebo_ros2_control/local_setup.dsv
[3.780s] -- Symlinking: /home/john/robo_ws/install/gazebo_ros2_control/share/gazebo_ros2_control/package.dsv
[3.787s] -- Symlinking: /home/john/robo_ws/install/gazebo_ros2_control/share/ament_index/resource_index/packages/gazebo_ros2_control
[3.794s] -- Symlinking: /home/john/robo_ws/install/gazebo_ros2_control/share/ament_index/resource_index/gazebo_ros2_control__pluginlib__plugin/gazebo_ros2_control
[3.801s] -- Symlinking: /home/john/robo_ws/install/gazebo_ros2_control/share/gazebo_ros2_control/cmake/ament_cmake_export_include_directories-extras.cmake
[3.808s] -- Symlinking: /home/john/robo_ws/install/gazebo_ros2_control/share/gazebo_ros2_control/cmake/ament_cmake_export_dependencies-extras.cmake
[3.815s] -- Symlinking: /home/john/robo_ws/install/gazebo_ros2_control/share/gazebo_ros2_control/cmake/ament_cmake_export_libraries-extras.cmake
[3.822s] -- Symlinking: /home/john/robo_ws/install/gazebo_ros2_control/share/gazebo_ros2_control/cmake/gazebo_ros2_controlConfig.cmake
[3.829s] -- Symlinking: /home/john/robo_ws/install/gazebo_ros2_control/share/gazebo_ros2_control/cmake/gazebo_ros2_controlConfig-version.cmake
[3.836s] -- Symlinking: /home/john/robo_ws/install/gazebo_ros2_control/share/gazebo_ros2_control/package.xml
[3.845s] Invoked command in '/home/john/robo_ws/build/gazebo_ros2_control' returned '0': CMAKE_PREFIX_PATH=/home/john/robo_ws/install/stepper_interface:/opt/ros/humble:/home/john/robo_ws/install/serial:/home/john/robo_ws/install/nick_bot_moveit_config:/home/john/robo_ws/install/nick_bot:/home/john/robo_ws/install/gazebo_ros2_control:/home/john/robo_ws/install/dynamixel_hardware /usr/bin/cmake --install /home/john/robo_ws/build/gazebo_ros2_control
