[0.016s] Invoking command in '/home/john/robo_ws/build/serial': CMAKE_PREFIX_PATH=/opt/ros/humble /usr/bin/cmake /home/john/robo_ws/src/serial -DCMAKE_INSTALL_PREFIX=/home/john/robo_ws/install/serial
[0.027s] -- Found ament_cmake: 1.3.3 (/opt/ros/humble/share/ament_cmake/cmake)
[0.158s] -- Override CMake install command with custom implementation using symlinks instead of copying resources
[0.234s] -- Configuring done
[0.239s] -- Generating done
[0.240s] -- Build files have been written to: /home/john/robo_ws/build/serial
[0.242s] Invoked command in '/home/john/robo_ws/build/serial' returned '0': CMAKE_PREFIX_PATH=/opt/ros/humble /usr/bin/cmake /home/john/robo_ws/src/serial -DCMAKE_INSTALL_PREFIX=/home/john/robo_ws/install/serial
[0.243s] Invoking command in '/home/john/robo_ws/build/serial': CMAKE_PREFIX_PATH=/opt/ros/humble /usr/bin/cmake --build /home/john/robo_ws/build/serial -- -j6 -l6
[0.272s] [35m[1mConsolidate compiler generated dependencies of target serial[0m
[0.286s] [100%] Built target serial
[0.294s] Invoked command in '/home/john/robo_ws/build/serial' returned '0': CMAKE_PREFIX_PATH=/opt/ros/humble /usr/bin/cmake --build /home/john/robo_ws/build/serial -- -j6 -l6
[0.318s] Invoking command in '/home/john/robo_ws/build/serial': CMAKE_PREFIX_PATH=/opt/ros/humble /usr/bin/cmake --install /home/john/robo_ws/build/serial
[0.324s] -- Install configuration: ""
[0.325s] -- Execute custom install script
[0.325s] -- Up-to-date symlink: /home/john/robo_ws/install/serial/lib/libserial.so
[0.325s] -- Up-to-date symlink: /home/john/robo_ws/install/serial/include//serial/impl/unix.h
[0.325s] -- Up-to-date symlink: /home/john/robo_ws/install/serial/include//serial/impl/win.h
[0.325s] -- Up-to-date symlink: /home/john/robo_ws/install/serial/include//serial/serial.h
[0.326s] -- Up-to-date symlink: /home/john/robo_ws/install/serial/include//serial/v8stdint.h
[0.326s] -- Up-to-date symlink: /home/john/robo_ws/install/serial/share/serial/environment/library_path.sh
[0.326s] -- Up-to-date symlink: /home/john/robo_ws/install/serial/share/serial/environment/library_path.dsv
[0.326s] -- Up-to-date symlink: /home/john/robo_ws/install/serial/share/ament_index/resource_index/package_run_dependencies/serial
[0.326s] -- Up-to-date symlink: /home/john/robo_ws/install/serial/share/ament_index/resource_index/parent_prefix_path/serial
[0.326s] -- Up-to-date symlink: /home/john/robo_ws/install/serial/share/serial/environment/ament_prefix_path.sh
[0.326s] -- Up-to-date symlink: /home/john/robo_ws/install/serial/share/serial/environment/ament_prefix_path.dsv
[0.326s] -- Up-to-date symlink: /home/john/robo_ws/install/serial/share/serial/environment/path.sh
[0.327s] -- Up-to-date symlink: /home/john/robo_ws/install/serial/share/serial/environment/path.dsv
[0.327s] -- Up-to-date symlink: /home/john/robo_ws/install/serial/share/serial/local_setup.bash
[0.327s] -- Up-to-date symlink: /home/john/robo_ws/install/serial/share/serial/local_setup.sh
[0.329s] -- Up-to-date symlink: /home/john/robo_ws/install/serial/share/serial/local_setup.zsh
[0.329s] -- Up-to-date symlink: /home/john/robo_ws/install/serial/share/serial/local_setup.dsv
[0.329s] -- Symlinking: /home/john/robo_ws/install/serial/share/serial/package.dsv
[0.334s] -- Up-to-date symlink: /home/john/robo_ws/install/serial/share/ament_index/resource_index/packages/serial
[0.334s] -- Up-to-date symlink: /home/john/robo_ws/install/serial/share/serial/cmake/ament_cmake_export_include_directories-extras.cmake
[0.335s] -- Up-to-date symlink: /home/john/robo_ws/install/serial/share/serial/cmake/ament_cmake_export_libraries-extras.cmake
[0.335s] -- Up-to-date symlink: /home/john/robo_ws/install/serial/share/serial/cmake/serialConfig.cmake
[0.335s] -- Up-to-date symlink: /home/john/robo_ws/install/serial/share/serial/cmake/serialConfig-version.cmake
[0.335s] -- Up-to-date symlink: /home/john/robo_ws/install/serial/share/serial/package.xml
[0.343s] Invoked command in '/home/john/robo_ws/build/serial' returned '0': CMAKE_PREFIX_PATH=/opt/ros/humble /usr/bin/cmake --install /home/john/robo_ws/build/serial
