[0.018s] Invoking command in '/home/john/robo_ws/build/dynamixel_hardware': CMAKE_PREFIX_PATH=/home/john/robo_ws/install/stepper_interface:/opt/ros/humble:/home/john/robo_ws/install/serial:/home/john/robo_ws/install/nick_bot_moveit_config:/home/john/robo_ws/install/nick_bot:/home/john/robo_ws/install/gazebo_ros2_control:/home/john/robo_ws/install/dynamixel_hardware /usr/bin/cmake /home/john/robo_ws/src/dynamixel_hardware/dynamixel_hardware -DAMENT_CMAKE_SYMLINK_INSTALL=1 -DCMAKE_INSTALL_PREFIX=/home/john/robo_ws/install/dynamixel_hardware
[0.039s] -- Found ament_cmake: 1.3.3 (/opt/ros/humble/share/ament_cmake/cmake)
[0.174s] -- Override CMake install command with custom implementation using symlinks instead of copying resources
[0.188s] -- Found rclcpp: 16.0.3 (/opt/ros/humble/share/rclcpp/cmake)
[0.226s] -- Found rosidl_generator_c: 3.1.4 (/opt/ros/humble/share/rosidl_generator_c/cmake)
[0.229s] -- Found rosidl_adapter: 3.1.4 (/opt/ros/humble/share/rosidl_adapter/cmake)
[0.237s] -- Found rosidl_generator_cpp: 3.1.4 (/opt/ros/humble/share/rosidl_generator_cpp/cmake)
[0.250s] -- Using all available rosidl_typesupport_c: rosidl_typesupport_fastrtps_c;rosidl_typesupport_introspection_c
[0.267s] -- Using all available rosidl_typesupport_cpp: rosidl_typesupport_fastrtps_cpp;rosidl_typesupport_introspection_cpp
[0.330s] -- Found rmw_implementation_cmake: 6.1.1 (/opt/ros/humble/share/rmw_implementation_cmake/cmake)
[0.332s] -- Found rmw_fastrtps_cpp: 6.2.2 (/opt/ros/humble/share/rmw_fastrtps_cpp/cmake)
[0.449s] -- Using RMW implementation 'rmw_fastrtps_cpp' as default
[0.609s] -- Found rclcpp_lifecycle: 16.0.3 (/opt/ros/humble/share/rclcpp_lifecycle/cmake)
[0.648s] -- Found hardware_interface: 2.20.0 (/opt/ros/humble/share/hardware_interface/cmake)
[1.149s] -- Found dynamixel_workbench_toolbox: 2.2.3 (/opt/ros/humble/share/dynamixel_workbench_toolbox/cmake)
[1.218s] -- Found ament_lint_auto: 0.12.5 (/opt/ros/humble/share/ament_lint_auto/cmake)
[1.282s] -- Added test 'copyright' to check source files copyright and LICENSE
[1.283s] -- Added test 'cppcheck' to perform static code analysis on C / C++ code
[1.283s] -- Configured cppcheck include dirs: /home/john/robo_ws/src/dynamixel_hardware/dynamixel_hardware/include
[1.283s] -- Configured cppcheck exclude dirs and/or files: 
[1.284s] -- Added test 'cpplint' to check C / C++ code against the Google style
[1.284s] -- Configured cpplint exclude dirs and/or files: 
[1.284s] -- Added test 'lint_cmake' to check CMake code style
[1.285s] -- Added test 'uncrustify' to check C / C++ code style
[1.285s] -- Configured uncrustify additional arguments: 
[1.286s] -- Added test 'xmllint' to check XML markup files
[1.289s] -- Configuring done
[1.329s] -- Generating done
[1.330s] -- Build files have been written to: /home/john/robo_ws/build/dynamixel_hardware
[1.338s] Invoked command in '/home/john/robo_ws/build/dynamixel_hardware' returned '0': CMAKE_PREFIX_PATH=/home/john/robo_ws/install/stepper_interface:/opt/ros/humble:/home/john/robo_ws/install/serial:/home/john/robo_ws/install/nick_bot_moveit_config:/home/john/robo_ws/install/nick_bot:/home/john/robo_ws/install/gazebo_ros2_control:/home/john/robo_ws/install/dynamixel_hardware /usr/bin/cmake /home/john/robo_ws/src/dynamixel_hardware/dynamixel_hardware -DAMENT_CMAKE_SYMLINK_INSTALL=1 -DCMAKE_INSTALL_PREFIX=/home/john/robo_ws/install/dynamixel_hardware
[1.339s] Invoking command in '/home/john/robo_ws/build/dynamixel_hardware': CMAKE_PREFIX_PATH=/home/john/robo_ws/install/stepper_interface:/opt/ros/humble:/home/john/robo_ws/install/serial:/home/john/robo_ws/install/nick_bot_moveit_config:/home/john/robo_ws/install/nick_bot:/home/john/robo_ws/install/gazebo_ros2_control:/home/john/robo_ws/install/dynamixel_hardware /usr/bin/cmake --build /home/john/robo_ws/build/dynamixel_hardware -- -j6 -l6
[1.373s] [35m[1mConsolidate compiler generated dependencies of target dynamixel_hardware[0m
[1.395s] [100%] Built target dynamixel_hardware
[1.405s] Invoked command in '/home/john/robo_ws/build/dynamixel_hardware' returned '0': CMAKE_PREFIX_PATH=/home/john/robo_ws/install/stepper_interface:/opt/ros/humble:/home/john/robo_ws/install/serial:/home/john/robo_ws/install/nick_bot_moveit_config:/home/john/robo_ws/install/nick_bot:/home/john/robo_ws/install/gazebo_ros2_control:/home/john/robo_ws/install/dynamixel_hardware /usr/bin/cmake --build /home/john/robo_ws/build/dynamixel_hardware -- -j6 -l6
[1.427s] Invoking command in '/home/john/robo_ws/build/dynamixel_hardware': CMAKE_PREFIX_PATH=/home/john/robo_ws/install/stepper_interface:/opt/ros/humble:/home/john/robo_ws/install/serial:/home/john/robo_ws/install/nick_bot_moveit_config:/home/john/robo_ws/install/nick_bot:/home/john/robo_ws/install/gazebo_ros2_control:/home/john/robo_ws/install/dynamixel_hardware /usr/bin/cmake --install /home/john/robo_ws/build/dynamixel_hardware
[1.433s] -- Install configuration: ""
[1.433s] -- Execute custom install script
[1.434s] -- Up-to-date symlink: /home/john/robo_ws/install/dynamixel_hardware/share/dynamixel_hardware//dynamixel_hardware.xml
[1.434s] -- Up-to-date symlink: /home/john/robo_ws/install/dynamixel_hardware/lib/libdynamixel_hardware.so
[1.434s] -- Up-to-date symlink: /home/john/robo_ws/install/dynamixel_hardware/include/dynamixel_hardware/dynamixel_hardware.hpp
[1.434s] -- Up-to-date symlink: /home/john/robo_ws/install/dynamixel_hardware/include/dynamixel_hardware/visiblity_control.h
[1.435s] -- Up-to-date symlink: /home/john/robo_ws/install/dynamixel_hardware/share/dynamixel_hardware/environment/library_path.sh
[1.435s] -- Up-to-date symlink: /home/john/robo_ws/install/dynamixel_hardware/share/dynamixel_hardware/environment/library_path.dsv
[1.435s] -- Up-to-date symlink: /home/john/robo_ws/install/dynamixel_hardware/share/ament_index/resource_index/package_run_dependencies/dynamixel_hardware
[1.435s] -- Up-to-date symlink: /home/john/robo_ws/install/dynamixel_hardware/share/ament_index/resource_index/parent_prefix_path/dynamixel_hardware
[1.436s] -- Up-to-date symlink: /home/john/robo_ws/install/dynamixel_hardware/share/dynamixel_hardware/environment/ament_prefix_path.sh
[1.436s] -- Up-to-date symlink: /home/john/robo_ws/install/dynamixel_hardware/share/dynamixel_hardware/environment/ament_prefix_path.dsv
[1.436s] -- Up-to-date symlink: /home/john/robo_ws/install/dynamixel_hardware/share/dynamixel_hardware/environment/path.sh
[1.436s] -- Up-to-date symlink: /home/john/robo_ws/install/dynamixel_hardware/share/dynamixel_hardware/environment/path.dsv
[1.436s] -- Up-to-date symlink: /home/john/robo_ws/install/dynamixel_hardware/share/dynamixel_hardware/local_setup.bash
[1.436s] -- Up-to-date symlink: /home/john/robo_ws/install/dynamixel_hardware/share/dynamixel_hardware/local_setup.sh
[1.437s] -- Up-to-date symlink: /home/john/robo_ws/install/dynamixel_hardware/share/dynamixel_hardware/local_setup.zsh
[1.437s] -- Up-to-date symlink: /home/john/robo_ws/install/dynamixel_hardware/share/dynamixel_hardware/local_setup.dsv
[1.437s] -- Symlinking: /home/john/robo_ws/install/dynamixel_hardware/share/dynamixel_hardware/package.dsv
[1.444s] -- Up-to-date symlink: /home/john/robo_ws/install/dynamixel_hardware/share/ament_index/resource_index/packages/dynamixel_hardware
[1.444s] -- Up-to-date symlink: /home/john/robo_ws/install/dynamixel_hardware/share/ament_index/resource_index/hardware_interface__pluginlib__plugin/dynamixel_hardware
[1.445s] -- Up-to-date symlink: /home/john/robo_ws/install/dynamixel_hardware/share/dynamixel_hardware/cmake/ament_cmake_export_include_directories-extras.cmake
[1.445s] -- Up-to-date symlink: /home/john/robo_ws/install/dynamixel_hardware/share/dynamixel_hardware/cmake/ament_cmake_export_libraries-extras.cmake
[1.445s] -- Up-to-date symlink: /home/john/robo_ws/install/dynamixel_hardware/share/dynamixel_hardware/cmake/ament_cmake_export_dependencies-extras.cmake
[1.445s] -- Up-to-date symlink: /home/john/robo_ws/install/dynamixel_hardware/share/dynamixel_hardware/cmake/dynamixel_hardwareConfig.cmake
[1.445s] -- Up-to-date symlink: /home/john/robo_ws/install/dynamixel_hardware/share/dynamixel_hardware/cmake/dynamixel_hardwareConfig-version.cmake
[1.445s] -- Up-to-date symlink: /home/john/robo_ws/install/dynamixel_hardware/share/dynamixel_hardware/package.xml
[1.449s] Invoked command in '/home/john/robo_ws/build/dynamixel_hardware' returned '0': CMAKE_PREFIX_PATH=/home/john/robo_ws/install/stepper_interface:/opt/ros/humble:/home/john/robo_ws/install/serial:/home/john/robo_ws/install/nick_bot_moveit_config:/home/john/robo_ws/install/nick_bot:/home/john/robo_ws/install/gazebo_ros2_control:/home/john/robo_ws/install/dynamixel_hardware /usr/bin/cmake --install /home/john/robo_ws/build/dynamixel_hardware
