-- Found ament_cmake: 1.3.3 (/opt/ros/humble/share/ament_cmake/cmake)
-- Found serial: 1.2.1 (/home/john/robo_ws/install/serial/share/serial/cmake)
-- Found hardware_interface: 2.20.0 (/opt/ros/humble/share/hardware_interface/cmake)
-- Found rosidl_generator_c: 3.1.4 (/opt/ros/humble/share/rosidl_generator_c/cmake)
-- Found rosidl_adapter: 3.1.4 (/opt/ros/humble/share/rosidl_adapter/cmake)
-- Found rosidl_generator_cpp: 3.1.4 (/opt/ros/humble/share/rosidl_generator_cpp/cmake)
-- Using all available rosidl_typesupport_c: rosidl_typesupport_fastrtps_c;rosidl_typesupport_introspection_c
-- Using all available rosidl_typesupport_cpp: rosidl_typesupport_fastrtps_cpp;rosidl_typesupport_introspection_cpp
-- Found rmw_implementation_cmake: 6.1.1 (/opt/ros/humble/share/rmw_implementation_cmake/cmake)
-- Found rmw_fastrtps_cpp: 6.2.2 (/opt/ros/humble/share/rmw_fastrtps_cpp/cmake)
-- Using RMW implementation 'rmw_fastrtps_cpp' as default
-- Found controller_manager: 2.20.0 (/opt/ros/humble/share/controller_manager/cmake)
-- Found ament_cmake_gtest: 1.3.3 (/opt/ros/humble/share/ament_cmake_gtest/cmake)
-- Configuring done
-- Generating done
-- Build files have been written to: /home/john/robo_ws/build/stepper_interface
[35m[1mConsolidate compiler generated dependencies of target stepper_interface[0m
[ 33%] [32mBuilding CXX object CMakeFiles/stepper_interface.dir/src/stepper_interface.cpp.o[0m
[ 66%] [32m[1mLinking CXX shared library libstepper_interface.so[0m
[100%] Built target stepper_interface
-- Install configuration: ""
-- Installing: /home/john/robo_ws/install/stepper_interface/share/stepper_interface/stepper_interface.xml
-- Installing: /home/john/robo_ws/install/stepper_interface/lib/libstepper_interface.so
-- Set runtime path of "/home/john/robo_ws/install/stepper_interface/lib/libstepper_interface.so" to ""
-- Up-to-date: /home/john/robo_ws/install/stepper_interface/include
-- Up-to-date: /home/john/robo_ws/install/stepper_interface/include/stepper_interface
-- Up-to-date: /home/john/robo_ws/install/stepper_interface/include/stepper_interface/stepper_interface.hpp
-- Up-to-date: /home/john/robo_ws/install/stepper_interface/include/stepper_interface/arduino_comm.hpp
-- Up-to-date: /home/john/robo_ws/install/stepper_interface/include/stepper_interface/visibility_control.h
-- Up-to-date: /home/john/robo_ws/install/stepper_interface/share/stepper_interface/environment/library_path.sh
-- Installing: /home/john/robo_ws/install/stepper_interface/share/stepper_interface/environment/library_path.dsv
-- Up-to-date: /home/john/robo_ws/install/stepper_interface/share/ament_index/resource_index/package_run_dependencies/stepper_interface
-- Up-to-date: /home/john/robo_ws/install/stepper_interface/share/ament_index/resource_index/parent_prefix_path/stepper_interface
-- Up-to-date: /home/john/robo_ws/install/stepper_interface/share/stepper_interface/environment/ament_prefix_path.sh
-- Installing: /home/john/robo_ws/install/stepper_interface/share/stepper_interface/environment/ament_prefix_path.dsv
-- Up-to-date: /home/john/robo_ws/install/stepper_interface/share/stepper_interface/environment/path.sh
-- Installing: /home/john/robo_ws/install/stepper_interface/share/stepper_interface/environment/path.dsv
-- Up-to-date: /home/john/robo_ws/install/stepper_interface/share/stepper_interface/local_setup.bash
-- Up-to-date: /home/john/robo_ws/install/stepper_interface/share/stepper_interface/local_setup.sh
-- Up-to-date: /home/john/robo_ws/install/stepper_interface/share/stepper_interface/local_setup.zsh
-- Installing: /home/john/robo_ws/install/stepper_interface/share/stepper_interface/local_setup.dsv
-- Installing: /home/john/robo_ws/install/stepper_interface/share/stepper_interface/package.dsv
-- Up-to-date: /home/john/robo_ws/install/stepper_interface/share/ament_index/resource_index/packages/stepper_interface
-- Up-to-date: /home/john/robo_ws/install/stepper_interface/share/ament_index/resource_index/hardware_interface__pluginlib__plugin/stepper_interface
-- Up-to-date: /home/john/robo_ws/install/stepper_interface/share/stepper_interface/cmake/ament_cmake_export_include_directories-extras.cmake
-- Up-to-date: /home/john/robo_ws/install/stepper_interface/share/stepper_interface/cmake/ament_cmake_export_libraries-extras.cmake
-- Up-to-date: /home/john/robo_ws/install/stepper_interface/share/stepper_interface/cmake/ament_cmake_export_dependencies-extras.cmake
-- Up-to-date: /home/john/robo_ws/install/stepper_interface/share/stepper_interface/cmake/stepper_interfaceConfig.cmake
-- Up-to-date: /home/john/robo_ws/install/stepper_interface/share/stepper_interface/cmake/stepper_interfaceConfig-version.cmake
-- Up-to-date: /home/john/robo_ws/install/stepper_interface/share/stepper_interface/package.xml
