[0.028s] Invoking command in '/home/john/robo_ws/build/stepper_interface': AMENT_PREFIX_PATH=/home/john/robo_ws/install/serial:${AMENT_PREFIX_PATH} CMAKE_PREFIX_PATH=/opt/ros/humble:/home/john/robo_ws/install/serial LD_LIBRARY_PATH=/home/john/robo_ws/install/serial/lib:${LD_LIBRARY_PATH} /usr/bin/cmake --build /home/john/robo_ws/build/stepper_interface -- -j6 -l6
[0.049s] -- Found ament_cmake: 1.3.3 (/opt/ros/humble/share/ament_cmake/cmake)
[0.174s] -- Found serial: 1.2.1 (/home/john/robo_ws/install/serial/share/serial/cmake)
[0.175s] -- Found hardware_interface: 2.20.0 (/opt/ros/humble/share/hardware_interface/cmake)
[0.204s] -- Found rosidl_generator_c: 3.1.4 (/opt/ros/humble/share/rosidl_generator_c/cmake)
[0.204s] -- Found rosidl_adapter: 3.1.4 (/opt/ros/humble/share/rosidl_adapter/cmake)
[0.208s] -- Found rosidl_generator_cpp: 3.1.4 (/opt/ros/humble/share/rosidl_generator_cpp/cmake)
[0.218s] -- Using all available rosidl_typesupport_c: rosidl_typesupport_fastrtps_c;rosidl_typesupport_introspection_c
[0.233s] -- Using all available rosidl_typesupport_cpp: rosidl_typesupport_fastrtps_cpp;rosidl_typesupport_introspection_cpp
[0.839s] -- Found rmw_implementation_cmake: 6.1.1 (/opt/ros/humble/share/rmw_implementation_cmake/cmake)
[0.840s] -- Found rmw_fastrtps_cpp: 6.2.2 (/opt/ros/humble/share/rmw_fastrtps_cpp/cmake)
[0.947s] -- Using RMW implementation 'rmw_fastrtps_cpp' as default
[1.097s] -- Found controller_manager: 2.20.0 (/opt/ros/humble/share/controller_manager/cmake)
[1.963s] -- Found ament_cmake_gtest: 1.3.3 (/opt/ros/humble/share/ament_cmake_gtest/cmake)
[2.020s] -- Configuring done
[2.053s] -- Generating done
[2.055s] -- Build files have been written to: /home/john/robo_ws/build/stepper_interface
[2.077s] [35m[1mConsolidate compiler generated dependencies of target stepper_interface[0m
[2.095s] [ 33%] [32mBuilding CXX object CMakeFiles/stepper_interface.dir/src/stepper_interface.cpp.o[0m
[4.986s] [ 66%] [32m[1mLinking CXX shared library libstepper_interface.so[0m
[5.145s] [100%] Built target stepper_interface
[5.154s] Invoked command in '/home/john/robo_ws/build/stepper_interface' returned '0': AMENT_PREFIX_PATH=/home/john/robo_ws/install/serial:${AMENT_PREFIX_PATH} CMAKE_PREFIX_PATH=/opt/ros/humble:/home/john/robo_ws/install/serial LD_LIBRARY_PATH=/home/john/robo_ws/install/serial/lib:${LD_LIBRARY_PATH} /usr/bin/cmake --build /home/john/robo_ws/build/stepper_interface -- -j6 -l6
[5.176s] Invoking command in '/home/john/robo_ws/build/stepper_interface': AMENT_PREFIX_PATH=/home/john/robo_ws/install/serial:${AMENT_PREFIX_PATH} CMAKE_PREFIX_PATH=/opt/ros/humble:/home/john/robo_ws/install/serial LD_LIBRARY_PATH=/home/john/robo_ws/install/serial/lib:${LD_LIBRARY_PATH} /usr/bin/cmake --install /home/john/robo_ws/build/stepper_interface
[5.181s] -- Install configuration: ""
[5.181s] -- Installing: /home/john/robo_ws/install/stepper_interface/share/stepper_interface/stepper_interface.xml
[5.181s] -- Installing: /home/john/robo_ws/install/stepper_interface/lib/libstepper_interface.so
[5.183s] -- Set runtime path of "/home/john/robo_ws/install/stepper_interface/lib/libstepper_interface.so" to ""
[5.183s] -- Up-to-date: /home/john/robo_ws/install/stepper_interface/include
[5.183s] -- Up-to-date: /home/john/robo_ws/install/stepper_interface/include/stepper_interface
[5.183s] -- Up-to-date: /home/john/robo_ws/install/stepper_interface/include/stepper_interface/stepper_interface.hpp
[5.183s] -- Up-to-date: /home/john/robo_ws/install/stepper_interface/include/stepper_interface/arduino_comm.hpp
[5.183s] -- Up-to-date: /home/john/robo_ws/install/stepper_interface/include/stepper_interface/visibility_control.h
[5.183s] -- Up-to-date: /home/john/robo_ws/install/stepper_interface/share/stepper_interface/environment/library_path.sh
[5.183s] -- Installing: /home/john/robo_ws/install/stepper_interface/share/stepper_interface/environment/library_path.dsv
[5.183s] -- Up-to-date: /home/john/robo_ws/install/stepper_interface/share/ament_index/resource_index/package_run_dependencies/stepper_interface
[5.184s] -- Up-to-date: /home/john/robo_ws/install/stepper_interface/share/ament_index/resource_index/parent_prefix_path/stepper_interface
[5.184s] -- Up-to-date: /home/john/robo_ws/install/stepper_interface/share/stepper_interface/environment/ament_prefix_path.sh
[5.184s] -- Installing: /home/john/robo_ws/install/stepper_interface/share/stepper_interface/environment/ament_prefix_path.dsv
[5.184s] -- Up-to-date: /home/john/robo_ws/install/stepper_interface/share/stepper_interface/environment/path.sh
[5.184s] -- Installing: /home/john/robo_ws/install/stepper_interface/share/stepper_interface/environment/path.dsv
[5.184s] -- Up-to-date: /home/john/robo_ws/install/stepper_interface/share/stepper_interface/local_setup.bash
[5.184s] -- Up-to-date: /home/john/robo_ws/install/stepper_interface/share/stepper_interface/local_setup.sh
[5.184s] -- Up-to-date: /home/john/robo_ws/install/stepper_interface/share/stepper_interface/local_setup.zsh
[5.184s] -- Installing: /home/john/robo_ws/install/stepper_interface/share/stepper_interface/local_setup.dsv
[5.184s] -- Installing: /home/john/robo_ws/install/stepper_interface/share/stepper_interface/package.dsv
[5.184s] -- Up-to-date: /home/john/robo_ws/install/stepper_interface/share/ament_index/resource_index/packages/stepper_interface
[5.184s] -- Up-to-date: /home/john/robo_ws/install/stepper_interface/share/ament_index/resource_index/hardware_interface__pluginlib__plugin/stepper_interface
[5.184s] -- Up-to-date: /home/john/robo_ws/install/stepper_interface/share/stepper_interface/cmake/ament_cmake_export_include_directories-extras.cmake
[5.184s] -- Up-to-date: /home/john/robo_ws/install/stepper_interface/share/stepper_interface/cmake/ament_cmake_export_libraries-extras.cmake
[5.184s] -- Up-to-date: /home/john/robo_ws/install/stepper_interface/share/stepper_interface/cmake/ament_cmake_export_dependencies-extras.cmake
[5.184s] -- Up-to-date: /home/john/robo_ws/install/stepper_interface/share/stepper_interface/cmake/stepper_interfaceConfig.cmake
[5.185s] -- Up-to-date: /home/john/robo_ws/install/stepper_interface/share/stepper_interface/cmake/stepper_interfaceConfig-version.cmake
[5.185s] -- Up-to-date: /home/john/robo_ws/install/stepper_interface/share/stepper_interface/package.xml
[5.187s] Invoked command in '/home/john/robo_ws/build/stepper_interface' returned '0': AMENT_PREFIX_PATH=/home/john/robo_ws/install/serial:${AMENT_PREFIX_PATH} CMAKE_PREFIX_PATH=/opt/ros/humble:/home/john/robo_ws/install/serial LD_LIBRARY_PATH=/home/john/robo_ws/install/serial/lib:${LD_LIBRARY_PATH} /usr/bin/cmake --install /home/john/robo_ws/build/stepper_interface
