[0.014s] Invoking command in '/home/john/robo_ws/build/nick_bot': CMAKE_PREFIX_PATH=${CMAKE_PREFIX_PATH}:/opt/ros/humble /usr/bin/cmake --build /home/john/robo_ws/build/nick_bot -- -j6 -l6
[0.030s] -- Found ament_cmake: 1.3.3 (/opt/ros/humble/share/ament_cmake/cmake)
[0.147s] -- Override CMake install command with custom implementation using symlinks instead of copying resources
[0.153s] -- Found ament_lint_auto: 0.12.5 (/opt/ros/humble/share/ament_lint_auto/cmake)
[0.212s] -- Added test 'flake8' to check Python code syntax and style conventions
[0.213s] -- Added test 'lint_cmake' to check CMake code style
[0.213s] -- Added test 'pep257' to check Python code against some of the docstring style conventions in PEP 257
[0.215s] -- Added test 'xmllint' to check XML markup files
[0.216s] -- Configuring done
[0.218s] -- Generating done
[0.219s] -- Build files have been written to: /home/john/robo_ws/build/nick_bot
[0.235s] Invoked command in '/home/john/robo_ws/build/nick_bot' returned '0': CMAKE_PREFIX_PATH=${CMAKE_PREFIX_PATH}:/opt/ros/humble /usr/bin/cmake --build /home/john/robo_ws/build/nick_bot -- -j6 -l6
[0.252s] Invoking command in '/home/john/robo_ws/build/nick_bot': CMAKE_PREFIX_PATH=${CMAKE_PREFIX_PATH}:/opt/ros/humble /usr/bin/cmake --install /home/john/robo_ws/build/nick_bot
[0.258s] -- Install configuration: ""
[0.258s] -- Execute custom install script
[0.258s] -- Up-to-date symlink: /home/john/robo_ws/install/nick_bot/share/nick_bot/launch/gazebo.launch.py
[0.258s] -- Up-to-date symlink: /home/john/robo_ws/install/nick_bot/share/nick_bot/urdf/nick_bot.urdf
[0.259s] -- Up-to-date symlink: /home/john/robo_ws/install/nick_bot/share/nick_bot/urdf/nick_bot_MODIF.urdf
[0.259s] -- Up-to-date symlink: /home/john/robo_ws/install/nick_bot/share/nick_bot/urdf/nick_bot_moveit.urdf
[0.259s] -- Symlinking: /home/john/robo_ws/install/nick_bot/share/nick_bot/urdf/takenout
[0.265s] -- Up-to-date symlink: /home/john/robo_ws/install/nick_bot/share/nick_bot/meshes/base_link.STL
[0.266s] -- Up-to-date symlink: /home/john/robo_ws/install/nick_bot/share/nick_bot/meshes/end_effector.STL
[0.266s] -- Up-to-date symlink: /home/john/robo_ws/install/nick_bot/share/nick_bot/meshes/link_1.STL
[0.266s] -- Up-to-date symlink: /home/john/robo_ws/install/nick_bot/share/nick_bot/meshes/link_2.STL
[0.266s] -- Up-to-date symlink: /home/john/robo_ws/install/nick_bot/share/nick_bot/meshes/link_3.STL
[0.266s] -- Up-to-date symlink: /home/john/robo_ws/install/nick_bot/share/nick_bot/meshes/link_4.STL
[0.266s] -- Up-to-date symlink: /home/john/robo_ws/install/nick_bot/share/nick_bot/meshes/link_5.STL
[0.266s] -- Up-to-date symlink: /home/john/robo_ws/install/nick_bot/share/ament_index/resource_index/package_run_dependencies/nick_bot
[0.266s] -- Up-to-date symlink: /home/john/robo_ws/install/nick_bot/share/ament_index/resource_index/parent_prefix_path/nick_bot
[0.266s] -- Up-to-date symlink: /home/john/robo_ws/install/nick_bot/share/nick_bot/environment/ament_prefix_path.sh
[0.266s] -- Up-to-date symlink: /home/john/robo_ws/install/nick_bot/share/nick_bot/environment/ament_prefix_path.dsv
[0.266s] -- Up-to-date symlink: /home/john/robo_ws/install/nick_bot/share/nick_bot/environment/path.sh
[0.267s] -- Up-to-date symlink: /home/john/robo_ws/install/nick_bot/share/nick_bot/environment/path.dsv
[0.267s] -- Up-to-date symlink: /home/john/robo_ws/install/nick_bot/share/nick_bot/local_setup.bash
[0.267s] -- Up-to-date symlink: /home/john/robo_ws/install/nick_bot/share/nick_bot/local_setup.sh
[0.267s] -- Up-to-date symlink: /home/john/robo_ws/install/nick_bot/share/nick_bot/local_setup.zsh
[0.267s] -- Up-to-date symlink: /home/john/robo_ws/install/nick_bot/share/nick_bot/local_setup.dsv
[0.267s] -- Symlinking: /home/john/robo_ws/install/nick_bot/share/nick_bot/package.dsv
[0.274s] -- Up-to-date symlink: /home/john/robo_ws/install/nick_bot/share/ament_index/resource_index/packages/nick_bot
[0.274s] -- Up-to-date symlink: /home/john/robo_ws/install/nick_bot/share/nick_bot/cmake/nick_botConfig.cmake
[0.274s] -- Up-to-date symlink: /home/john/robo_ws/install/nick_bot/share/nick_bot/cmake/nick_botConfig-version.cmake
[0.274s] -- Up-to-date symlink: /home/john/robo_ws/install/nick_bot/share/nick_bot/package.xml
[0.277s] Invoked command in '/home/john/robo_ws/build/nick_bot' returned '0': CMAKE_PREFIX_PATH=${CMAKE_PREFIX_PATH}:/opt/ros/humble /usr/bin/cmake --install /home/john/robo_ws/build/nick_bot
