[0.030s] Invoking command in '/home/john/robo_ws/build/nick_bot_moveit_config': CMAKE_PREFIX_PATH=/home/john/robo_ws/install/nick_bot:/home/john/robo_ws/install/stepper_interface:/opt/ros/humble:/home/john/robo_ws/install/serial:/home/john/robo_ws/install/nick_bot_moveit_config:/home/john/robo_ws/install/gazebo_ros2_control:/home/john/robo_ws/install/dynamixel_hardware /usr/bin/cmake --build /home/john/robo_ws/build/nick_bot_moveit_config -- -j6 -l6
[0.080s] Invoked command in '/home/john/robo_ws/build/nick_bot_moveit_config' returned '0': CMAKE_PREFIX_PATH=/home/john/robo_ws/install/nick_bot:/home/john/robo_ws/install/stepper_interface:/opt/ros/humble:/home/john/robo_ws/install/serial:/home/john/robo_ws/install/nick_bot_moveit_config:/home/john/robo_ws/install/gazebo_ros2_control:/home/john/robo_ws/install/dynamixel_hardware /usr/bin/cmake --build /home/john/robo_ws/build/nick_bot_moveit_config -- -j6 -l6
[0.099s] Invoking command in '/home/john/robo_ws/build/nick_bot_moveit_config': CMAKE_PREFIX_PATH=/home/john/robo_ws/install/nick_bot:/home/john/robo_ws/install/stepper_interface:/opt/ros/humble:/home/john/robo_ws/install/serial:/home/john/robo_ws/install/nick_bot_moveit_config:/home/john/robo_ws/install/gazebo_ros2_control:/home/john/robo_ws/install/dynamixel_hardware /usr/bin/cmake --install /home/john/robo_ws/build/nick_bot_moveit_config
[0.106s] -- Install configuration: ""
[0.107s] -- Execute custom install script
[0.107s] -- Up-to-date symlink: /home/john/robo_ws/install/nick_bot_moveit_config/share/ament_index/resource_index/package_run_dependencies/nick_bot_moveit_config
[0.107s] -- Up-to-date symlink: /home/john/robo_ws/install/nick_bot_moveit_config/share/ament_index/resource_index/parent_prefix_path/nick_bot_moveit_config
[0.107s] -- Up-to-date symlink: /home/john/robo_ws/install/nick_bot_moveit_config/share/nick_bot_moveit_config/environment/ament_prefix_path.sh
[0.107s] -- Up-to-date symlink: /home/john/robo_ws/install/nick_bot_moveit_config/share/nick_bot_moveit_config/environment/ament_prefix_path.dsv
[0.107s] -- Up-to-date symlink: /home/john/robo_ws/install/nick_bot_moveit_config/share/nick_bot_moveit_config/environment/path.sh
[0.107s] -- Up-to-date symlink: /home/john/robo_ws/install/nick_bot_moveit_config/share/nick_bot_moveit_config/environment/path.dsv
[0.108s] -- Up-to-date symlink: /home/john/robo_ws/install/nick_bot_moveit_config/share/nick_bot_moveit_config/local_setup.bash
[0.108s] -- Up-to-date symlink: /home/john/robo_ws/install/nick_bot_moveit_config/share/nick_bot_moveit_config/local_setup.sh
[0.108s] -- Up-to-date symlink: /home/john/robo_ws/install/nick_bot_moveit_config/share/nick_bot_moveit_config/local_setup.zsh
[0.108s] -- Up-to-date symlink: /home/john/robo_ws/install/nick_bot_moveit_config/share/nick_bot_moveit_config/local_setup.dsv
[0.108s] -- Symlinking: /home/john/robo_ws/install/nick_bot_moveit_config/share/nick_bot_moveit_config/package.dsv
[0.115s] -- Up-to-date symlink: /home/john/robo_ws/install/nick_bot_moveit_config/share/ament_index/resource_index/packages/nick_bot_moveit_config
[0.116s] -- Up-to-date symlink: /home/john/robo_ws/install/nick_bot_moveit_config/share/nick_bot_moveit_config/cmake/nick_bot_moveit_configConfig.cmake
[0.116s] -- Up-to-date symlink: /home/john/robo_ws/install/nick_bot_moveit_config/share/nick_bot_moveit_config/cmake/nick_bot_moveit_configConfig-version.cmake
[0.116s] -- Up-to-date symlink: /home/john/robo_ws/install/nick_bot_moveit_config/share/nick_bot_moveit_config/package.xml
[0.116s] -- Up-to-date symlink: /home/john/robo_ws/install/nick_bot_moveit_config/share/nick_bot_moveit_config/launch/demo.launch.py
[0.116s] -- Up-to-date symlink: /home/john/robo_ws/install/nick_bot_moveit_config/share/nick_bot_moveit_config/launch/move_group.launch.py
[0.117s] -- Up-to-date symlink: /home/john/robo_ws/install/nick_bot_moveit_config/share/nick_bot_moveit_config/launch/moveit_rviz.launch.py
[0.117s] -- Up-to-date symlink: /home/john/robo_ws/install/nick_bot_moveit_config/share/nick_bot_moveit_config/launch/rsp.launch.py
[0.117s] -- Up-to-date symlink: /home/john/robo_ws/install/nick_bot_moveit_config/share/nick_bot_moveit_config/launch/setup_assistant.launch.py
[0.117s] -- Up-to-date symlink: /home/john/robo_ws/install/nick_bot_moveit_config/share/nick_bot_moveit_config/launch/spawn_controllers.launch.py
[0.117s] -- Up-to-date symlink: /home/john/robo_ws/install/nick_bot_moveit_config/share/nick_bot_moveit_config/launch/static_virtual_joint_tfs.launch.py
[0.117s] -- Up-to-date symlink: /home/john/robo_ws/install/nick_bot_moveit_config/share/nick_bot_moveit_config/launch/warehouse_db.launch.py
[0.117s] -- Up-to-date symlink: /home/john/robo_ws/install/nick_bot_moveit_config/share/nick_bot_moveit_config/config/initial_positions.yaml
[0.117s] -- Up-to-date symlink: /home/john/robo_ws/install/nick_bot_moveit_config/share/nick_bot_moveit_config/config/john_test_ros2_controllers.yaml
[0.117s] -- Up-to-date symlink: /home/john/robo_ws/install/nick_bot_moveit_config/share/nick_bot_moveit_config/config/joint_limits.yaml
[0.117s] -- Up-to-date symlink: /home/john/robo_ws/install/nick_bot_moveit_config/share/nick_bot_moveit_config/config/kinematics.yaml
[0.117s] -- Up-to-date symlink: /home/john/robo_ws/install/nick_bot_moveit_config/share/nick_bot_moveit_config/config/moveit (copy).rviz
[0.117s] -- Up-to-date symlink: /home/john/robo_ws/install/nick_bot_moveit_config/share/nick_bot_moveit_config/config/moveit.rviz
[0.118s] -- Up-to-date symlink: /home/john/robo_ws/install/nick_bot_moveit_config/share/nick_bot_moveit_config/config/moveit_controllers.yaml
[0.118s] -- Up-to-date symlink: /home/john/robo_ws/install/nick_bot_moveit_config/share/nick_bot_moveit_config/config/nick_bot.ros2_control.xacro
[0.118s] -- Up-to-date symlink: /home/john/robo_ws/install/nick_bot_moveit_config/share/nick_bot_moveit_config/config/nick_bot.srdf
[0.118s] -- Up-to-date symlink: /home/john/robo_ws/install/nick_bot_moveit_config/share/nick_bot_moveit_config/config/nick_bot.urdf.xacro
[0.118s] -- Up-to-date symlink: /home/john/robo_ws/install/nick_bot_moveit_config/share/nick_bot_moveit_config/config/o_planning.yaml
[0.118s] -- Up-to-date symlink: /home/john/robo_ws/install/nick_bot_moveit_config/share/nick_bot_moveit_config/config/pilz_cartesian_limits.yaml
[0.118s] -- Up-to-date symlink: /home/john/robo_ws/install/nick_bot_moveit_config/share/nick_bot_moveit_config/.setup_assistant
[0.121s] Invoked command in '/home/john/robo_ws/build/nick_bot_moveit_config' returned '0': CMAKE_PREFIX_PATH=/home/john/robo_ws/install/nick_bot:/home/john/robo_ws/install/stepper_interface:/opt/ros/humble:/home/john/robo_ws/install/serial:/home/john/robo_ws/install/nick_bot_moveit_config:/home/john/robo_ws/install/gazebo_ros2_control:/home/john/robo_ws/install/dynamixel_hardware /usr/bin/cmake --install /home/john/robo_ws/build/nick_bot_moveit_config
