[0.031s] Invoking command in '/home/john/robo_ws/build/stepper_interface': CMAKE_PREFIX_PATH=/opt/ros/humble:/home/john/robo_ws/install/serial:/home/john/robo_ws/install/stepper_interface:/home/john/robo_ws/install/nick_bot_moveit_config:/home/john/robo_ws/install/nick_bot:/home/john/robo_ws/install/gazebo_ros2_control:/home/john/robo_ws/install/dynamixel_hardware LD_LIBRARY_PATH=/home/john/robo_ws/install/serial/lib:/home/john/robo_ws/install/stepper_interface/lib:/home/john/robo_ws/install/gazebo_ros2_control/lib:/home/john/robo_ws/install/dynamixel_hardware/lib:/usr/lib/x86_64-linux-gnu/gazebo-11/plugins:/opt/ros/humble/opt/rviz_ogre_vendor/lib:/opt/ros/humble/lib/x86_64-linux-gnu:/opt/ros/humble/lib /usr/bin/cmake --build /home/john/robo_ws/build/stepper_interface -- -j6 -l6
[0.069s] [35m[1mConsolidate compiler generated dependencies of target stepper_interface[0m
[0.089s] [ 33%] [32mBuilding CXX object CMakeFiles/stepper_interface.dir/src/stepper_interface.cpp.o[0m
[2.068s] In file included from [01m[K/home/john/robo_ws/src/stepper_interface/src/stepper_interface.cpp:17[m[K:
[2.068s] [01m[K/home/john/robo_ws/src/stepper_interface/include/stepper_interface/stepper_interface.hpp:30:32:[m[K [01;31m[Kerror: [m[Kexpected identifier before numeric constant
[2.068s]    30 |   std::vector<double> s_p_a = [[01;31m[K25[m[K, 25, 25];
[2.068s]       |                                [01;31m[K^~[m[K
[2.068s] [01m[K/home/john/robo_ws/src/stepper_interface/include/stepper_interface/stepper_interface.hpp:30:34:[m[K [01;31m[Kerror: [m[Kexpected ‘[01m[K][m[K’ before ‘[01m[K,[m[K’ token
[2.068s]    30 |   std::vector<double> s_p_a = [25[01;31m[K,[m[K 25, 25];
[2.068s]       |                                  [01;31m[K^[m[K
[2.068s] [01m[K/home/john/robo_ws/src/stepper_interface/include/stepper_interface/stepper_interface.hpp:[m[K In lambda function:
[2.068s] [01m[K/home/john/robo_ws/src/stepper_interface/include/stepper_interface/stepper_interface.hpp:30:34:[m[K [01;31m[Kerror: [m[Kexpected ‘[01m[K{[m[K’ before ‘[01m[K,[m[K’ token
[2.068s] [01m[K/home/john/robo_ws/src/stepper_interface/include/stepper_interface/stepper_interface.hpp:[m[K At global scope:
[2.068s] [01m[K/home/john/robo_ws/src/stepper_interface/include/stepper_interface/stepper_interface.hpp:30:34:[m[K [01;31m[Kerror: [m[Kcould not convert ‘[01m[K<lambda closure object>Parameters::<lambda()>{}[m[K’ from ‘[01m[KParameters::<lambda()>[m[K’ to ‘[01m[Kstd::vector<double, std::allocator<double> >[m[K’
[2.068s]    30 |   std::vector<double> s_p_a = [25[01;31m[K,[m[K 25, 25];
[2.069s]       |                                  [01;31m[K^[m[K
[2.069s]       |                                  [01;31m[K|[m[K
[2.069s]       |                                  [01;31m[KParameters::<lambda()>[m[K
[2.069s] [01m[K/home/john/robo_ws/src/stepper_interface/include/stepper_interface/stepper_interface.hpp:30:34:[m[K [01;31m[Kerror: [m[Kexpected ‘[01m[K;[m[K’ before ‘[01m[K,[m[K’ token
[2.567s] gmake[2]: *** [CMakeFiles/stepper_interface.dir/build.make:76: CMakeFiles/stepper_interface.dir/src/stepper_interface.cpp.o] Error 1
[2.567s] gmake[1]: *** [CMakeFiles/Makefile2:137: CMakeFiles/stepper_interface.dir/all] Error 2
[2.567s] gmake: *** [Makefile:146: all] Error 2
[2.569s] Invoked command in '/home/john/robo_ws/build/stepper_interface' returned '2': CMAKE_PREFIX_PATH=/opt/ros/humble:/home/john/robo_ws/install/serial:/home/john/robo_ws/install/stepper_interface:/home/john/robo_ws/install/nick_bot_moveit_config:/home/john/robo_ws/install/nick_bot:/home/john/robo_ws/install/gazebo_ros2_control:/home/john/robo_ws/install/dynamixel_hardware LD_LIBRARY_PATH=/home/john/robo_ws/install/serial/lib:/home/john/robo_ws/install/stepper_interface/lib:/home/john/robo_ws/install/gazebo_ros2_control/lib:/home/john/robo_ws/install/dynamixel_hardware/lib:/usr/lib/x86_64-linux-gnu/gazebo-11/plugins:/opt/ros/humble/opt/rviz_ogre_vendor/lib:/opt/ros/humble/lib/x86_64-linux-gnu:/opt/ros/humble/lib /usr/bin/cmake --build /home/john/robo_ws/build/stepper_interface -- -j6 -l6
