[0.009s] Invoking command in '/home/john/robo_ws/build/serial': CMAKE_PREFIX_PATH=/opt/ros/humble /usr/bin/cmake /home/john/robo_ws/src/serial -DCMAKE_INSTALL_PREFIX=/home/john/robo_ws/install/serial
[0.019s] -- Found ament_cmake: 1.3.3 (/opt/ros/humble/share/ament_cmake/cmake)
[0.192s] -- Configuring done
[0.196s] -- Generating done
[0.197s] -- Build files have been written to: /home/john/robo_ws/build/serial
[0.199s] Invoked command in '/home/john/robo_ws/build/serial' returned '0': CMAKE_PREFIX_PATH=/opt/ros/humble /usr/bin/cmake /home/john/robo_ws/src/serial -DCMAKE_INSTALL_PREFIX=/home/john/robo_ws/install/serial
[0.201s] Invoking command in '/home/john/robo_ws/build/serial': CMAKE_PREFIX_PATH=/opt/ros/humble /usr/bin/cmake --build /home/john/robo_ws/build/serial -- -j6 -l6
[0.229s] [35m[1mConsolidate compiler generated dependencies of target serial[0m
[0.242s] [100%] Built target serial
[0.251s] Invoked command in '/home/john/robo_ws/build/serial' returned '0': CMAKE_PREFIX_PATH=/opt/ros/humble /usr/bin/cmake --build /home/john/robo_ws/build/serial -- -j6 -l6
[0.283s] Invoking command in '/home/john/robo_ws/build/serial': CMAKE_PREFIX_PATH=/opt/ros/humble /usr/bin/cmake --install /home/john/robo_ws/build/serial
[0.289s] -- Install configuration: ""
[0.289s] -- Up-to-date: /home/john/robo_ws/install/serial/lib/libserial.a
[0.290s] -- Up-to-date: /home/john/robo_ws/install/serial/include/
[0.290s] -- Up-to-date: /home/john/robo_ws/install/serial/include//serial
[0.290s] -- Up-to-date: /home/john/robo_ws/install/serial/include//serial/impl
[0.290s] -- Up-to-date: /home/john/robo_ws/install/serial/include//serial/impl/unix.h
[0.290s] -- Up-to-date: /home/john/robo_ws/install/serial/include//serial/impl/win.h
[0.290s] -- Up-to-date: /home/john/robo_ws/install/serial/include//serial/serial.h
[0.290s] -- Up-to-date: /home/john/robo_ws/install/serial/include//serial/v8stdint.h
[0.290s] -- Up-to-date: /home/john/robo_ws/install/serial/share/serial/environment/library_path.sh
[0.290s] -- Installing: /home/john/robo_ws/install/serial/share/serial/environment/library_path.dsv
[0.290s] -- Up-to-date: /home/john/robo_ws/install/serial/share/ament_index/resource_index/package_run_dependencies/serial
[0.290s] -- Up-to-date: /home/john/robo_ws/install/serial/share/ament_index/resource_index/parent_prefix_path/serial
[0.291s] -- Up-to-date: /home/john/robo_ws/install/serial/share/serial/environment/ament_prefix_path.sh
[0.291s] -- Installing: /home/john/robo_ws/install/serial/share/serial/environment/ament_prefix_path.dsv
[0.291s] -- Up-to-date: /home/john/robo_ws/install/serial/share/serial/environment/path.sh
[0.291s] -- Installing: /home/john/robo_ws/install/serial/share/serial/environment/path.dsv
[0.291s] -- Up-to-date: /home/john/robo_ws/install/serial/share/serial/local_setup.bash
[0.291s] -- Up-to-date: /home/john/robo_ws/install/serial/share/serial/local_setup.sh
[0.291s] -- Up-to-date: /home/john/robo_ws/install/serial/share/serial/local_setup.zsh
[0.291s] -- Installing: /home/john/robo_ws/install/serial/share/serial/local_setup.dsv
[0.291s] -- Installing: /home/john/robo_ws/install/serial/share/serial/package.dsv
[0.291s] -- Up-to-date: /home/john/robo_ws/install/serial/share/ament_index/resource_index/packages/serial
[0.291s] -- Up-to-date: /home/john/robo_ws/install/serial/share/serial/cmake/ament_cmake_export_include_directories-extras.cmake
[0.291s] -- Up-to-date: /home/john/robo_ws/install/serial/share/serial/cmake/ament_cmake_export_libraries-extras.cmake
[0.291s] -- Up-to-date: /home/john/robo_ws/install/serial/share/serial/cmake/serialConfig.cmake
[0.291s] -- Up-to-date: /home/john/robo_ws/install/serial/share/serial/cmake/serialConfig-version.cmake
[0.291s] -- Installing: /home/john/robo_ws/install/serial/share/serial/package.xml
[0.293s] Invoked command in '/home/john/robo_ws/build/serial' returned '0': CMAKE_PREFIX_PATH=/opt/ros/humble /usr/bin/cmake --install /home/john/robo_ws/build/serial
