[0.007s] Invoking command in '/home/john/robo_ws/build/stepper_interface': AMENT_PREFIX_PATH=/home/john/robo_ws/install/serial:${AMENT_PREFIX_PATH} CMAKE_PREFIX_PATH=/opt/ros/humble:/home/john/robo_ws/install/serial LD_LIBRARY_PATH=/home/john/robo_ws/install/serial/lib:${LD_LIBRARY_PATH} /usr/bin/cmake --build /home/john/robo_ws/build/stepper_interface -- -j6 -l6
[0.028s] -- Found ament_cmake: 1.3.3 (/opt/ros/humble/share/ament_cmake/cmake)
[0.149s] -- Found serial: 1.2.1 (/home/john/robo_ws/install/serial/share/serial/cmake)
[0.150s] -- Found hardware_interface: 2.20.0 (/opt/ros/humble/share/hardware_interface/cmake)
[0.174s] -- Found rosidl_generator_c: 3.1.4 (/opt/ros/humble/share/rosidl_generator_c/cmake)
[0.177s] -- Found rosidl_adapter: 3.1.4 (/opt/ros/humble/share/rosidl_adapter/cmake)
[0.182s] -- Found rosidl_generator_cpp: 3.1.4 (/opt/ros/humble/share/rosidl_generator_cpp/cmake)
[0.192s] -- Using all available rosidl_typesupport_c: rosidl_typesupport_fastrtps_c;rosidl_typesupport_introspection_c
[0.207s] -- Using all available rosidl_typesupport_cpp: rosidl_typesupport_fastrtps_cpp;rosidl_typesupport_introspection_cpp
[0.808s] -- Found rmw_implementation_cmake: 6.1.1 (/opt/ros/humble/share/rmw_implementation_cmake/cmake)
[0.809s] -- Found rmw_fastrtps_cpp: 6.2.2 (/opt/ros/humble/share/rmw_fastrtps_cpp/cmake)
[0.915s] -- Using RMW implementation 'rmw_fastrtps_cpp' as default
[1.065s] -- Found controller_manager: 2.20.0 (/opt/ros/humble/share/controller_manager/cmake)
[1.931s] -- Found ament_cmake_gtest: 1.3.3 (/opt/ros/humble/share/ament_cmake_gtest/cmake)
[1.986s] -- Configuring done
[2.019s] -- Generating done
[2.021s] -- Build files have been written to: /home/john/robo_ws/build/stepper_interface
[2.042s] [35m[1mConsolidate compiler generated dependencies of target stepper_interface[0m
[2.059s] [ 66%] [32mBuilding CXX object CMakeFiles/stepper_interface.dir/src/stepper_interface.cpp.o[0m
[2.059s] [ 66%] [32mBuilding CXX object CMakeFiles/stepper_interface.dir/src/arduino_comm.cpp.o[0m
[4.474s] [01m[Kc++:[m[K [01;35m[Kwarning: [m[K&lt: linker input file unused because linking not done
[4.475s] [01m[Kc++:[m[K [01;31m[Kerror: [m[K&lt: linker input file not found: No such file or directory
[4.475s] [01m[Kc++:[m[K [01;35m[Kwarning: [m[KCXX_COMPILER_ID:GNU>:: linker input file unused because linking not done
[4.475s] [01m[Kc++:[m[K [01;31m[Kerror: [m[KCXX_COMPILER_ID:GNU>:: linker input file not found: No such file or directory
[4.475s] gmake[2]: *** [CMakeFiles/stepper_interface.dir/build.make:90: CMakeFiles/stepper_interface.dir/src/arduino_comm.cpp.o] Error 1
[4.475s] gmake[2]: *** Deleting file 'CMakeFiles/stepper_interface.dir/src/arduino_comm.cpp.o'
[4.475s] gmake[2]: *** Waiting for unfinished jobs....
[5.051s] [01m[Kc++:[m[K [01;35m[Kwarning: [m[K&lt: linker input file unused because linking not done
[5.051s] [01m[Kc++:[m[K [01;31m[Kerror: [m[K&lt: linker input file not found: No such file or directory
[5.051s] [01m[Kc++:[m[K [01;35m[Kwarning: [m[KCXX_COMPILER_ID:GNU>:: linker input file unused because linking not done
[5.051s] [01m[Kc++:[m[K [01;31m[Kerror: [m[KCXX_COMPILER_ID:GNU>:: linker input file not found: No such file or directory
[5.051s] gmake[2]: *** [CMakeFiles/stepper_interface.dir/build.make:76: CMakeFiles/stepper_interface.dir/src/stepper_interface.cpp.o] Error 1
[5.052s] gmake[2]: *** Deleting file 'CMakeFiles/stepper_interface.dir/src/stepper_interface.cpp.o'
[5.052s] gmake[1]: *** [CMakeFiles/Makefile2:137: CMakeFiles/stepper_interface.dir/all] Error 2
[5.052s] gmake: *** [Makefile:146: all] Error 2
[5.054s] Invoked command in '/home/john/robo_ws/build/stepper_interface' returned '2': AMENT_PREFIX_PATH=/home/john/robo_ws/install/serial:${AMENT_PREFIX_PATH} CMAKE_PREFIX_PATH=/opt/ros/humble:/home/john/robo_ws/install/serial LD_LIBRARY_PATH=/home/john/robo_ws/install/serial/lib:${LD_LIBRARY_PATH} /usr/bin/cmake --build /home/john/robo_ws/build/stepper_interface -- -j6 -l6
