[0.227s] DEBUG:colcon:Command line arguments: ['/usr/bin/colcon', 'build']
[0.227s] DEBUG:colcon:Parsed command line arguments: Namespace(log_base=None, log_level=None, verb_name='build', build_base='build', install_base='install', merge_install=False, symlink_install=False, test_result_base=None, continue_on_error=False, executor='parallel', parallel_workers=6, event_handlers=None, ignore_user_meta=False, metas=['./colcon.meta'], base_paths=['.'], packages_ignore=None, packages_ignore_regex=None, paths=None, packages_up_to=None, packages_up_to_regex=None, packages_above=None, packages_above_and_dependencies=None, packages_above_depth=None, packages_select_by_dep=None, packages_skip_by_dep=None, packages_skip_up_to=None, packages_select_build_failed=False, packages_skip_build_finished=False, packages_select_test_failures=False, packages_skip_test_passed=False, packages_select=None, packages_skip=None, packages_select_regex=None, packages_skip_regex=None, packages_start=None, packages_end=None, allow_overriding=[], cmake_args=None, cmake_target=None, cmake_target_skip_unavailable=False, cmake_clean_cache=False, cmake_clean_first=False, cmake_force_configure=False, ament_cmake_args=None, catkin_cmake_args=None, catkin_skip_building_tests=False, verb_parser=<colcon_defaults.argument_parser.defaults.DefaultArgumentsDecorator object at 0x7fee0e943370>, verb_extension=<colcon_core.verb.build.BuildVerb object at 0x7fee0ed6cdf0>, main=<bound method BuildVerb.main of <colcon_core.verb.build.BuildVerb object at 0x7fee0ed6cdf0>>)
[0.252s] Level 1:colcon.colcon_core.package_discovery:discover_packages(colcon_meta) check parameters
[0.252s] Level 1:colcon.colcon_core.package_discovery:discover_packages(recursive) check parameters
[0.252s] Level 1:colcon.colcon_core.package_discovery:discover_packages(ignore) check parameters
[0.252s] Level 1:colcon.colcon_core.package_discovery:discover_packages(path) check parameters
[0.252s] Level 1:colcon.colcon_core.package_discovery:discover_packages(colcon_meta) discover
[0.252s] Level 1:colcon.colcon_core.package_discovery:discover_packages(recursive) discover
[0.252s] INFO:colcon.colcon_core.package_discovery:Crawling recursively for packages in '/home/john/robo_ws'
[0.252s] Level 1:colcon.colcon_core.package_identification:_identify(.) by extensions ['ignore', 'ignore_ament_install']
[0.252s] Level 1:colcon.colcon_core.package_identification:_identify(.) by extension 'ignore'
[0.252s] Level 1:colcon.colcon_core.package_identification:_identify(.) by extension 'ignore_ament_install'
[0.252s] Level 1:colcon.colcon_core.package_identification:_identify(.) by extensions ['colcon_pkg']
[0.252s] Level 1:colcon.colcon_core.package_identification:_identify(.) by extension 'colcon_pkg'
[0.252s] Level 1:colcon.colcon_core.package_identification:_identify(.) by extensions ['colcon_meta']
[0.252s] Level 1:colcon.colcon_core.package_identification:_identify(.) by extension 'colcon_meta'
[0.253s] Level 1:colcon.colcon_core.package_identification:_identify(.) by extensions ['ros']
[0.253s] Level 1:colcon.colcon_core.package_identification:_identify(.) by extension 'ros'
[0.266s] Level 1:colcon.colcon_core.package_identification:_identify(.) by extensions ['cmake', 'python']
[0.266s] Level 1:colcon.colcon_core.package_identification:_identify(.) by extension 'cmake'
[0.266s] Level 1:colcon.colcon_core.package_identification:_identify(.) by extension 'python'
[0.266s] Level 1:colcon.colcon_core.package_identification:_identify(.) by extensions ['python_setup_py']
[0.266s] Level 1:colcon.colcon_core.package_identification:_identify(.) by extension 'python_setup_py'
[0.266s] Level 1:colcon.colcon_core.package_identification:_identify(build) by extensions ['ignore', 'ignore_ament_install']
[0.266s] Level 1:colcon.colcon_core.package_identification:_identify(build) by extension 'ignore'
[0.266s] Level 1:colcon.colcon_core.package_identification:_identify(build) ignored
[0.266s] Level 1:colcon.colcon_core.package_identification:_identify(install) by extensions ['ignore', 'ignore_ament_install']
[0.266s] Level 1:colcon.colcon_core.package_identification:_identify(install) by extension 'ignore'
[0.266s] Level 1:colcon.colcon_core.package_identification:_identify(install) ignored
[0.266s] Level 1:colcon.colcon_core.package_identification:_identify(log) by extensions ['ignore', 'ignore_ament_install']
[0.266s] Level 1:colcon.colcon_core.package_identification:_identify(log) by extension 'ignore'
[0.266s] Level 1:colcon.colcon_core.package_identification:_identify(log) ignored
[0.266s] Level 1:colcon.colcon_core.package_identification:_identify(src) by extensions ['ignore', 'ignore_ament_install']
[0.267s] Level 1:colcon.colcon_core.package_identification:_identify(src) by extension 'ignore'
[0.267s] Level 1:colcon.colcon_core.package_identification:_identify(src) by extension 'ignore_ament_install'
[0.267s] Level 1:colcon.colcon_core.package_identification:_identify(src) by extensions ['colcon_pkg']
[0.267s] Level 1:colcon.colcon_core.package_identification:_identify(src) by extension 'colcon_pkg'
[0.267s] Level 1:colcon.colcon_core.package_identification:_identify(src) by extensions ['colcon_meta']
[0.267s] Level 1:colcon.colcon_core.package_identification:_identify(src) by extension 'colcon_meta'
[0.267s] Level 1:colcon.colcon_core.package_identification:_identify(src) by extensions ['ros']
[0.267s] Level 1:colcon.colcon_core.package_identification:_identify(src) by extension 'ros'
[0.267s] Level 1:colcon.colcon_core.package_identification:_identify(src) by extensions ['cmake', 'python']
[0.267s] Level 1:colcon.colcon_core.package_identification:_identify(src) by extension 'cmake'
[0.267s] Level 1:colcon.colcon_core.package_identification:_identify(src) by extension 'python'
[0.267s] Level 1:colcon.colcon_core.package_identification:_identify(src) by extensions ['python_setup_py']
[0.267s] Level 1:colcon.colcon_core.package_identification:_identify(src) by extension 'python_setup_py'
[0.267s] Level 1:colcon.colcon_core.package_identification:_identify(src/dynamixel_hardware) by extensions ['ignore', 'ignore_ament_install']
[0.267s] Level 1:colcon.colcon_core.package_identification:_identify(src/dynamixel_hardware) by extension 'ignore'
[0.267s] Level 1:colcon.colcon_core.package_identification:_identify(src/dynamixel_hardware) by extension 'ignore_ament_install'
[0.267s] Level 1:colcon.colcon_core.package_identification:_identify(src/dynamixel_hardware) by extensions ['colcon_pkg']
[0.267s] Level 1:colcon.colcon_core.package_identification:_identify(src/dynamixel_hardware) by extension 'colcon_pkg'
[0.267s] Level 1:colcon.colcon_core.package_identification:_identify(src/dynamixel_hardware) by extensions ['colcon_meta']
[0.267s] Level 1:colcon.colcon_core.package_identification:_identify(src/dynamixel_hardware) by extension 'colcon_meta'
[0.267s] Level 1:colcon.colcon_core.package_identification:_identify(src/dynamixel_hardware) by extensions ['ros']
[0.268s] Level 1:colcon.colcon_core.package_identification:_identify(src/dynamixel_hardware) by extension 'ros'
[0.268s] Level 1:colcon.colcon_core.package_identification:_identify(src/dynamixel_hardware) by extensions ['cmake', 'python']
[0.268s] Level 1:colcon.colcon_core.package_identification:_identify(src/dynamixel_hardware) by extension 'cmake'
[0.268s] Level 1:colcon.colcon_core.package_identification:_identify(src/dynamixel_hardware) by extension 'python'
[0.268s] Level 1:colcon.colcon_core.package_identification:_identify(src/dynamixel_hardware) by extensions ['python_setup_py']
[0.268s] Level 1:colcon.colcon_core.package_identification:_identify(src/dynamixel_hardware) by extension 'python_setup_py'
[0.268s] Level 1:colcon.colcon_core.package_identification:_identify(src/dynamixel_hardware/dynamixel_hardware) by extensions ['ignore', 'ignore_ament_install']
[0.268s] Level 1:colcon.colcon_core.package_identification:_identify(src/dynamixel_hardware/dynamixel_hardware) by extension 'ignore'
[0.268s] Level 1:colcon.colcon_core.package_identification:_identify(src/dynamixel_hardware/dynamixel_hardware) by extension 'ignore_ament_install'
[0.268s] Level 1:colcon.colcon_core.package_identification:_identify(src/dynamixel_hardware/dynamixel_hardware) by extensions ['colcon_pkg']
[0.268s] Level 1:colcon.colcon_core.package_identification:_identify(src/dynamixel_hardware/dynamixel_hardware) by extension 'colcon_pkg'
[0.268s] Level 1:colcon.colcon_core.package_identification:_identify(src/dynamixel_hardware/dynamixel_hardware) by extensions ['colcon_meta']
[0.268s] Level 1:colcon.colcon_core.package_identification:_identify(src/dynamixel_hardware/dynamixel_hardware) by extension 'colcon_meta'
[0.268s] Level 1:colcon.colcon_core.package_identification:_identify(src/dynamixel_hardware/dynamixel_hardware) by extensions ['ros']
[0.268s] Level 1:colcon.colcon_core.package_identification:_identify(src/dynamixel_hardware/dynamixel_hardware) by extension 'ros'
[0.271s] DEBUG:colcon.colcon_core.package_identification:Package 'src/dynamixel_hardware/dynamixel_hardware' with type 'ros.ament_cmake' and name 'dynamixel_hardware'
[0.271s] Level 1:colcon.colcon_core.package_identification:_identify(src/gazebo_ros2_control) by extensions ['ignore', 'ignore_ament_install']
[0.271s] Level 1:colcon.colcon_core.package_identification:_identify(src/gazebo_ros2_control) by extension 'ignore'
[0.271s] Level 1:colcon.colcon_core.package_identification:_identify(src/gazebo_ros2_control) by extension 'ignore_ament_install'
[0.271s] Level 1:colcon.colcon_core.package_identification:_identify(src/gazebo_ros2_control) by extensions ['colcon_pkg']
[0.271s] Level 1:colcon.colcon_core.package_identification:_identify(src/gazebo_ros2_control) by extension 'colcon_pkg'
[0.271s] Level 1:colcon.colcon_core.package_identification:_identify(src/gazebo_ros2_control) by extensions ['colcon_meta']
[0.271s] Level 1:colcon.colcon_core.package_identification:_identify(src/gazebo_ros2_control) by extension 'colcon_meta'
[0.271s] Level 1:colcon.colcon_core.package_identification:_identify(src/gazebo_ros2_control) by extensions ['ros']
[0.271s] Level 1:colcon.colcon_core.package_identification:_identify(src/gazebo_ros2_control) by extension 'ros'
[0.272s] DEBUG:colcon.colcon_core.package_identification:Package 'src/gazebo_ros2_control' with type 'ros.ament_cmake' and name 'gazebo_ros2_control'
[0.272s] Level 1:colcon.colcon_core.package_identification:_identify(src/nick_bot) by extensions ['ignore', 'ignore_ament_install']
[0.272s] Level 1:colcon.colcon_core.package_identification:_identify(src/nick_bot) by extension 'ignore'
[0.273s] Level 1:colcon.colcon_core.package_identification:_identify(src/nick_bot) by extension 'ignore_ament_install'
[0.273s] Level 1:colcon.colcon_core.package_identification:_identify(src/nick_bot) by extensions ['colcon_pkg']
[0.273s] Level 1:colcon.colcon_core.package_identification:_identify(src/nick_bot) by extension 'colcon_pkg'
[0.273s] Level 1:colcon.colcon_core.package_identification:_identify(src/nick_bot) by extensions ['colcon_meta']
[0.273s] Level 1:colcon.colcon_core.package_identification:_identify(src/nick_bot) by extension 'colcon_meta'
[0.273s] Level 1:colcon.colcon_core.package_identification:_identify(src/nick_bot) by extensions ['ros']
[0.273s] Level 1:colcon.colcon_core.package_identification:_identify(src/nick_bot) by extension 'ros'
[0.273s] DEBUG:colcon.colcon_core.package_identification:Package 'src/nick_bot' with type 'ros.ament_cmake' and name 'nick_bot'
[0.273s] Level 1:colcon.colcon_core.package_identification:_identify(src/nick_bot_moveit_config) by extensions ['ignore', 'ignore_ament_install']
[0.273s] Level 1:colcon.colcon_core.package_identification:_identify(src/nick_bot_moveit_config) by extension 'ignore'
[0.273s] Level 1:colcon.colcon_core.package_identification:_identify(src/nick_bot_moveit_config) by extension 'ignore_ament_install'
[0.273s] Level 1:colcon.colcon_core.package_identification:_identify(src/nick_bot_moveit_config) by extensions ['colcon_pkg']
[0.273s] Level 1:colcon.colcon_core.package_identification:_identify(src/nick_bot_moveit_config) by extension 'colcon_pkg'
[0.273s] Level 1:colcon.colcon_core.package_identification:_identify(src/nick_bot_moveit_config) by extensions ['colcon_meta']
[0.274s] Level 1:colcon.colcon_core.package_identification:_identify(src/nick_bot_moveit_config) by extension 'colcon_meta'
[0.274s] Level 1:colcon.colcon_core.package_identification:_identify(src/nick_bot_moveit_config) by extensions ['ros']
[0.274s] Level 1:colcon.colcon_core.package_identification:_identify(src/nick_bot_moveit_config) by extension 'ros'
[0.274s] DEBUG:colcon.colcon_core.package_identification:Package 'src/nick_bot_moveit_config' with type 'ros.ament_cmake' and name 'nick_bot_moveit_config'
[0.274s] Level 1:colcon.colcon_core.package_identification:_identify(src/serial) by extensions ['ignore', 'ignore_ament_install']
[0.275s] Level 1:colcon.colcon_core.package_identification:_identify(src/serial) by extension 'ignore'
[0.275s] Level 1:colcon.colcon_core.package_identification:_identify(src/serial) by extension 'ignore_ament_install'
[0.275s] Level 1:colcon.colcon_core.package_identification:_identify(src/serial) by extensions ['colcon_pkg']
[0.275s] Level 1:colcon.colcon_core.package_identification:_identify(src/serial) by extension 'colcon_pkg'
[0.275s] Level 1:colcon.colcon_core.package_identification:_identify(src/serial) by extensions ['colcon_meta']
[0.275s] Level 1:colcon.colcon_core.package_identification:_identify(src/serial) by extension 'colcon_meta'
[0.275s] Level 1:colcon.colcon_core.package_identification:_identify(src/serial) by extensions ['ros']
[0.275s] Level 1:colcon.colcon_core.package_identification:_identify(src/serial) by extension 'ros'
[0.275s] DEBUG:colcon.colcon_core.package_identification:Package 'src/serial' with type 'ros.ament_cmake' and name 'serial'
[0.275s] Level 1:colcon.colcon_core.package_identification:_identify(src/stepper_interface) by extensions ['ignore', 'ignore_ament_install']
[0.276s] Level 1:colcon.colcon_core.package_identification:_identify(src/stepper_interface) by extension 'ignore'
[0.276s] Level 1:colcon.colcon_core.package_identification:_identify(src/stepper_interface) by extension 'ignore_ament_install'
[0.276s] Level 1:colcon.colcon_core.package_identification:_identify(src/stepper_interface) by extensions ['colcon_pkg']
[0.276s] Level 1:colcon.colcon_core.package_identification:_identify(src/stepper_interface) by extension 'colcon_pkg'
[0.276s] Level 1:colcon.colcon_core.package_identification:_identify(src/stepper_interface) by extensions ['colcon_meta']
[0.276s] Level 1:colcon.colcon_core.package_identification:_identify(src/stepper_interface) by extension 'colcon_meta'
[0.276s] Level 1:colcon.colcon_core.package_identification:_identify(src/stepper_interface) by extensions ['ros']
[0.276s] Level 1:colcon.colcon_core.package_identification:_identify(src/stepper_interface) by extension 'ros'
[0.277s] DEBUG:colcon.colcon_core.package_identification:Package 'src/stepper_interface' with type 'ros.ament_cmake' and name 'stepper_interface'
[0.277s] Level 1:colcon.colcon_core.package_discovery:discover_packages(recursive) using defaults
[0.277s] Level 1:colcon.colcon_core.package_discovery:discover_packages(ignore) discover
[0.277s] Level 1:colcon.colcon_core.package_discovery:discover_packages(ignore) using defaults
[0.277s] Level 1:colcon.colcon_core.package_discovery:discover_packages(path) discover
[0.277s] Level 1:colcon.colcon_core.package_discovery:discover_packages(path) using defaults
[0.297s] Level 1:colcon.colcon_core.package_discovery:discover_packages(prefix_path) check parameters
[0.297s] Level 1:colcon.colcon_core.package_discovery:discover_packages(prefix_path) discover
[0.300s] DEBUG:colcon.colcon_installed_package_information.package_discovery:Found 353 installed packages in /opt/ros/humble
[0.301s] Level 1:colcon.colcon_core.package_discovery:discover_packages(prefix_path) using defaults
[0.357s] Level 5:colcon.colcon_core.verb:set package 'dynamixel_hardware' build argument 'cmake_args' from command line to 'None'
[0.357s] Level 5:colcon.colcon_core.verb:set package 'dynamixel_hardware' build argument 'cmake_target' from command line to 'None'
[0.357s] Level 5:colcon.colcon_core.verb:set package 'dynamixel_hardware' build argument 'cmake_target_skip_unavailable' from command line to 'False'
[0.357s] Level 5:colcon.colcon_core.verb:set package 'dynamixel_hardware' build argument 'cmake_clean_cache' from command line to 'False'
[0.357s] Level 5:colcon.colcon_core.verb:set package 'dynamixel_hardware' build argument 'cmake_clean_first' from command line to 'False'
[0.357s] Level 5:colcon.colcon_core.verb:set package 'dynamixel_hardware' build argument 'cmake_force_configure' from command line to 'False'
[0.357s] Level 5:colcon.colcon_core.verb:set package 'dynamixel_hardware' build argument 'ament_cmake_args' from command line to 'None'
[0.357s] Level 5:colcon.colcon_core.verb:set package 'dynamixel_hardware' build argument 'catkin_cmake_args' from command line to 'None'
[0.357s] Level 5:colcon.colcon_core.verb:set package 'dynamixel_hardware' build argument 'catkin_skip_building_tests' from command line to 'False'
[0.357s] DEBUG:colcon.colcon_core.verb:Building package 'dynamixel_hardware' with the following arguments: {'ament_cmake_args': None, 'build_base': '/home/john/robo_ws/build/dynamixel_hardware', 'catkin_cmake_args': None, 'catkin_skip_building_tests': False, 'cmake_args': None, 'cmake_clean_cache': False, 'cmake_clean_first': False, 'cmake_force_configure': False, 'cmake_target': None, 'cmake_target_skip_unavailable': False, 'install_base': '/home/john/robo_ws/install/dynamixel_hardware', 'merge_install': False, 'path': '/home/john/robo_ws/src/dynamixel_hardware/dynamixel_hardware', 'symlink_install': False, 'test_result_base': None}
[0.358s] Level 5:colcon.colcon_core.verb:set package 'gazebo_ros2_control' build argument 'cmake_args' from command line to 'None'
[0.358s] Level 5:colcon.colcon_core.verb:set package 'gazebo_ros2_control' build argument 'cmake_target' from command line to 'None'
[0.358s] Level 5:colcon.colcon_core.verb:set package 'gazebo_ros2_control' build argument 'cmake_target_skip_unavailable' from command line to 'False'
[0.358s] Level 5:colcon.colcon_core.verb:set package 'gazebo_ros2_control' build argument 'cmake_clean_cache' from command line to 'False'
[0.358s] Level 5:colcon.colcon_core.verb:set package 'gazebo_ros2_control' build argument 'cmake_clean_first' from command line to 'False'
[0.358s] Level 5:colcon.colcon_core.verb:set package 'gazebo_ros2_control' build argument 'cmake_force_configure' from command line to 'False'
[0.358s] Level 5:colcon.colcon_core.verb:set package 'gazebo_ros2_control' build argument 'ament_cmake_args' from command line to 'None'
[0.358s] Level 5:colcon.colcon_core.verb:set package 'gazebo_ros2_control' build argument 'catkin_cmake_args' from command line to 'None'
[0.358s] Level 5:colcon.colcon_core.verb:set package 'gazebo_ros2_control' build argument 'catkin_skip_building_tests' from command line to 'False'
[0.358s] DEBUG:colcon.colcon_core.verb:Building package 'gazebo_ros2_control' with the following arguments: {'ament_cmake_args': None, 'build_base': '/home/john/robo_ws/build/gazebo_ros2_control', 'catkin_cmake_args': None, 'catkin_skip_building_tests': False, 'cmake_args': None, 'cmake_clean_cache': False, 'cmake_clean_first': False, 'cmake_force_configure': False, 'cmake_target': None, 'cmake_target_skip_unavailable': False, 'install_base': '/home/john/robo_ws/install/gazebo_ros2_control', 'merge_install': False, 'path': '/home/john/robo_ws/src/gazebo_ros2_control', 'symlink_install': False, 'test_result_base': None}
[0.359s] Level 5:colcon.colcon_core.verb:set package 'nick_bot' build argument 'cmake_args' from command line to 'None'
[0.359s] Level 5:colcon.colcon_core.verb:set package 'nick_bot' build argument 'cmake_target' from command line to 'None'
[0.359s] Level 5:colcon.colcon_core.verb:set package 'nick_bot' build argument 'cmake_target_skip_unavailable' from command line to 'False'
[0.359s] Level 5:colcon.colcon_core.verb:set package 'nick_bot' build argument 'cmake_clean_cache' from command line to 'False'
[0.359s] Level 5:colcon.colcon_core.verb:set package 'nick_bot' build argument 'cmake_clean_first' from command line to 'False'
[0.359s] Level 5:colcon.colcon_core.verb:set package 'nick_bot' build argument 'cmake_force_configure' from command line to 'False'
[0.359s] Level 5:colcon.colcon_core.verb:set package 'nick_bot' build argument 'ament_cmake_args' from command line to 'None'
[0.359s] Level 5:colcon.colcon_core.verb:set package 'nick_bot' build argument 'catkin_cmake_args' from command line to 'None'
[0.359s] Level 5:colcon.colcon_core.verb:set package 'nick_bot' build argument 'catkin_skip_building_tests' from command line to 'False'
[0.359s] DEBUG:colcon.colcon_core.verb:Building package 'nick_bot' with the following arguments: {'ament_cmake_args': None, 'build_base': '/home/john/robo_ws/build/nick_bot', 'catkin_cmake_args': None, 'catkin_skip_building_tests': False, 'cmake_args': None, 'cmake_clean_cache': False, 'cmake_clean_first': False, 'cmake_force_configure': False, 'cmake_target': None, 'cmake_target_skip_unavailable': False, 'install_base': '/home/john/robo_ws/install/nick_bot', 'merge_install': False, 'path': '/home/john/robo_ws/src/nick_bot', 'symlink_install': False, 'test_result_base': None}
[0.360s] Level 5:colcon.colcon_core.verb:set package 'serial' build argument 'cmake_args' from command line to 'None'
[0.360s] Level 5:colcon.colcon_core.verb:set package 'serial' build argument 'cmake_target' from command line to 'None'
[0.360s] Level 5:colcon.colcon_core.verb:set package 'serial' build argument 'cmake_target_skip_unavailable' from command line to 'False'
[0.360s] Level 5:colcon.colcon_core.verb:set package 'serial' build argument 'cmake_clean_cache' from command line to 'False'
[0.360s] Level 5:colcon.colcon_core.verb:set package 'serial' build argument 'cmake_clean_first' from command line to 'False'
[0.360s] Level 5:colcon.colcon_core.verb:set package 'serial' build argument 'cmake_force_configure' from command line to 'False'
[0.360s] Level 5:colcon.colcon_core.verb:set package 'serial' build argument 'ament_cmake_args' from command line to 'None'
[0.360s] Level 5:colcon.colcon_core.verb:set package 'serial' build argument 'catkin_cmake_args' from command line to 'None'
[0.360s] Level 5:colcon.colcon_core.verb:set package 'serial' build argument 'catkin_skip_building_tests' from command line to 'False'
[0.360s] DEBUG:colcon.colcon_core.verb:Building package 'serial' with the following arguments: {'ament_cmake_args': None, 'build_base': '/home/john/robo_ws/build/serial', 'catkin_cmake_args': None, 'catkin_skip_building_tests': False, 'cmake_args': None, 'cmake_clean_cache': False, 'cmake_clean_first': False, 'cmake_force_configure': False, 'cmake_target': None, 'cmake_target_skip_unavailable': False, 'install_base': '/home/john/robo_ws/install/serial', 'merge_install': False, 'path': '/home/john/robo_ws/src/serial', 'symlink_install': False, 'test_result_base': None}
[0.361s] Level 5:colcon.colcon_core.verb:set package 'nick_bot_moveit_config' build argument 'cmake_args' from command line to 'None'
[0.361s] Level 5:colcon.colcon_core.verb:set package 'nick_bot_moveit_config' build argument 'cmake_target' from command line to 'None'
[0.361s] Level 5:colcon.colcon_core.verb:set package 'nick_bot_moveit_config' build argument 'cmake_target_skip_unavailable' from command line to 'False'
[0.361s] Level 5:colcon.colcon_core.verb:set package 'nick_bot_moveit_config' build argument 'cmake_clean_cache' from command line to 'False'
[0.361s] Level 5:colcon.colcon_core.verb:set package 'nick_bot_moveit_config' build argument 'cmake_clean_first' from command line to 'False'
[0.361s] Level 5:colcon.colcon_core.verb:set package 'nick_bot_moveit_config' build argument 'cmake_force_configure' from command line to 'False'
[0.361s] Level 5:colcon.colcon_core.verb:set package 'nick_bot_moveit_config' build argument 'ament_cmake_args' from command line to 'None'
[0.361s] Level 5:colcon.colcon_core.verb:set package 'nick_bot_moveit_config' build argument 'catkin_cmake_args' from command line to 'None'
[0.362s] Level 5:colcon.colcon_core.verb:set package 'nick_bot_moveit_config' build argument 'catkin_skip_building_tests' from command line to 'False'
[0.362s] DEBUG:colcon.colcon_core.verb:Building package 'nick_bot_moveit_config' with the following arguments: {'ament_cmake_args': None, 'build_base': '/home/john/robo_ws/build/nick_bot_moveit_config', 'catkin_cmake_args': None, 'catkin_skip_building_tests': False, 'cmake_args': None, 'cmake_clean_cache': False, 'cmake_clean_first': False, 'cmake_force_configure': False, 'cmake_target': None, 'cmake_target_skip_unavailable': False, 'install_base': '/home/john/robo_ws/install/nick_bot_moveit_config', 'merge_install': False, 'path': '/home/john/robo_ws/src/nick_bot_moveit_config', 'symlink_install': False, 'test_result_base': None}
[0.362s] Level 5:colcon.colcon_core.verb:set package 'stepper_interface' build argument 'cmake_args' from command line to 'None'
[0.362s] Level 5:colcon.colcon_core.verb:set package 'stepper_interface' build argument 'cmake_target' from command line to 'None'
[0.362s] Level 5:colcon.colcon_core.verb:set package 'stepper_interface' build argument 'cmake_target_skip_unavailable' from command line to 'False'
[0.362s] Level 5:colcon.colcon_core.verb:set package 'stepper_interface' build argument 'cmake_clean_cache' from command line to 'False'
[0.362s] Level 5:colcon.colcon_core.verb:set package 'stepper_interface' build argument 'cmake_clean_first' from command line to 'False'
[0.363s] Level 5:colcon.colcon_core.verb:set package 'stepper_interface' build argument 'cmake_force_configure' from command line to 'False'
[0.363s] Level 5:colcon.colcon_core.verb:set package 'stepper_interface' build argument 'ament_cmake_args' from command line to 'None'
[0.363s] Level 5:colcon.colcon_core.verb:set package 'stepper_interface' build argument 'catkin_cmake_args' from command line to 'None'
[0.363s] Level 5:colcon.colcon_core.verb:set package 'stepper_interface' build argument 'catkin_skip_building_tests' from command line to 'False'
[0.363s] DEBUG:colcon.colcon_core.verb:Building package 'stepper_interface' with the following arguments: {'ament_cmake_args': None, 'build_base': '/home/john/robo_ws/build/stepper_interface', 'catkin_cmake_args': None, 'catkin_skip_building_tests': False, 'cmake_args': None, 'cmake_clean_cache': False, 'cmake_clean_first': False, 'cmake_force_configure': False, 'cmake_target': None, 'cmake_target_skip_unavailable': False, 'install_base': '/home/john/robo_ws/install/stepper_interface', 'merge_install': False, 'path': '/home/john/robo_ws/src/stepper_interface', 'symlink_install': False, 'test_result_base': None}
[0.363s] INFO:colcon.colcon_core.executor:Executing jobs using 'parallel' executor
[0.366s] DEBUG:colcon.colcon_parallel_executor.executor.parallel:run_until_complete
[0.366s] INFO:colcon.colcon_ros.task.ament_cmake.build:Building ROS package in '/home/john/robo_ws/src/nick_bot' with build type 'ament_cmake'
[0.366s] INFO:colcon.colcon_cmake.task.cmake.build:Building CMake package in '/home/john/robo_ws/src/nick_bot'
[0.370s] INFO:colcon.colcon_core.plugin_system:Skipping extension 'colcon_core.shell.bat': Not used on non-Windows systems
[0.370s] INFO:colcon.colcon_core.shell:Skip shell extension 'powershell' for command environment: Not usable outside of PowerShell
[0.370s] DEBUG:colcon.colcon_core.shell:Skip shell extension 'dsv' for command environment
[0.374s] INFO:colcon.colcon_ros.task.ament_cmake.build:Building ROS package in '/home/john/robo_ws/src/serial' with build type 'ament_cmake'
[0.374s] INFO:colcon.colcon_cmake.task.cmake.build:Building CMake package in '/home/john/robo_ws/src/serial'
[0.375s] INFO:colcon.colcon_core.shell:Skip shell extension 'powershell' for command environment: Not usable outside of PowerShell
[0.375s] DEBUG:colcon.colcon_core.shell:Skip shell extension 'dsv' for command environment
[0.378s] INFO:colcon.colcon_ros.task.ament_cmake.build:Building ROS package in '/home/john/robo_ws/src/dynamixel_hardware/dynamixel_hardware' with build type 'ament_cmake'
[0.378s] INFO:colcon.colcon_cmake.task.cmake.build:Building CMake package in '/home/john/robo_ws/src/dynamixel_hardware/dynamixel_hardware'
[0.380s] INFO:colcon.colcon_core.shell:Skip shell extension 'powershell' for command environment: Not usable outside of PowerShell
[0.380s] DEBUG:colcon.colcon_core.shell:Skip shell extension 'dsv' for command environment
[0.383s] INFO:colcon.colcon_ros.task.ament_cmake.build:Building ROS package in '/home/john/robo_ws/src/gazebo_ros2_control' with build type 'ament_cmake'
[0.383s] INFO:colcon.colcon_cmake.task.cmake.build:Building CMake package in '/home/john/robo_ws/src/gazebo_ros2_control'
[0.384s] INFO:colcon.colcon_core.shell:Skip shell extension 'powershell' for command environment: Not usable outside of PowerShell
[0.384s] DEBUG:colcon.colcon_core.shell:Skip shell extension 'dsv' for command environment
[0.393s] DEBUG:colcon.colcon_core.event_handler.log_command:Invoking command in '/home/john/robo_ws/build/nick_bot': CMAKE_PREFIX_PATH=/opt/ros/humble /usr/bin/cmake --build /home/john/robo_ws/build/nick_bot -- -j6 -l6
[0.394s] DEBUG:colcon.colcon_core.event_handler.log_command:Invoking command in '/home/john/robo_ws/build/serial': CMAKE_PREFIX_PATH=/opt/ros/humble /usr/bin/cmake --build /home/john/robo_ws/build/serial -- -j6 -l6
[0.399s] DEBUG:colcon.colcon_core.event_handler.log_command:Invoking command in '/home/john/robo_ws/build/dynamixel_hardware': CMAKE_PREFIX_PATH=/opt/ros/humble /usr/bin/cmake --build /home/john/robo_ws/build/dynamixel_hardware -- -j6 -l6
[0.413s] DEBUG:colcon.colcon_core.event_handler.log_command:Invoking command in '/home/john/robo_ws/build/gazebo_ros2_control': CMAKE_PREFIX_PATH=/opt/ros/humble /usr/bin/cmake --build /home/john/robo_ws/build/gazebo_ros2_control -- -j6 -l6
[0.451s] DEBUG:colcon.colcon_core.event_handler.log_command:Invoked command in '/home/john/robo_ws/build/serial' returned '0': CMAKE_PREFIX_PATH=/opt/ros/humble /usr/bin/cmake --build /home/john/robo_ws/build/serial -- -j6 -l6
[0.464s] DEBUG:colcon.colcon_core.event_handler.log_command:Invoked command in '/home/john/robo_ws/build/dynamixel_hardware' returned '0': CMAKE_PREFIX_PATH=/opt/ros/humble /usr/bin/cmake --build /home/john/robo_ws/build/dynamixel_hardware -- -j6 -l6
[0.485s] DEBUG:colcon.colcon_core.event_handler.log_command:Invoking command in '/home/john/robo_ws/build/serial': CMAKE_PREFIX_PATH=/opt/ros/humble /usr/bin/cmake --install /home/john/robo_ws/build/serial
[0.487s] DEBUG:colcon.colcon_core.event_handler.log_command:Invoking command in '/home/john/robo_ws/build/dynamixel_hardware': CMAKE_PREFIX_PATH=/opt/ros/humble /usr/bin/cmake --install /home/john/robo_ws/build/dynamixel_hardware
[0.490s] DEBUG:colcon.colcon_core.event_handler.log_command:Invoked command in '/home/john/robo_ws/build/gazebo_ros2_control' returned '0': CMAKE_PREFIX_PATH=/opt/ros/humble /usr/bin/cmake --build /home/john/robo_ws/build/gazebo_ros2_control -- -j6 -l6
[0.496s] Level 1:colcon.colcon_core.environment:create_environment_scripts_only(serial)
[0.502s] Level 1:colcon.colcon_core.environment:checking '/home/john/robo_ws/install/serial' for CMake module files
[0.502s] Level 1:colcon.colcon_core.environment:checking '/home/john/robo_ws/install/serial' for CMake config files
[0.503s] Level 1:colcon.colcon_core.shell:create_environment_hook('serial', 'cmake_prefix_path')
[0.504s] INFO:colcon.colcon_core.shell:Creating environment hook '/home/john/robo_ws/install/serial/share/serial/hook/cmake_prefix_path.ps1'
[0.505s] INFO:colcon.colcon_core.shell:Creating environment descriptor '/home/john/robo_ws/install/serial/share/serial/hook/cmake_prefix_path.dsv'
[0.506s] INFO:colcon.colcon_core.shell:Creating environment hook '/home/john/robo_ws/install/serial/share/serial/hook/cmake_prefix_path.sh'
[0.507s] Level 1:colcon.colcon_core.environment:checking '/home/john/robo_ws/install/serial/lib'
[0.507s] Level 1:colcon.colcon_core.shell:create_environment_hook('serial', 'ld_library_path_lib')
[0.508s] INFO:colcon.colcon_core.shell:Creating environment hook '/home/john/robo_ws/install/serial/share/serial/hook/ld_library_path_lib.ps1'
[0.509s] DEBUG:colcon.colcon_core.event_handler.log_command:Invoked command in '/home/john/robo_ws/build/serial' returned '0': CMAKE_PREFIX_PATH=/opt/ros/humble /usr/bin/cmake --install /home/john/robo_ws/build/serial
[0.509s] INFO:colcon.colcon_core.shell:Creating environment descriptor '/home/john/robo_ws/install/serial/share/serial/hook/ld_library_path_lib.dsv'
[0.509s] INFO:colcon.colcon_core.shell:Creating environment hook '/home/john/robo_ws/install/serial/share/serial/hook/ld_library_path_lib.sh'
[0.509s] Level 1:colcon.colcon_core.environment:checking '/home/john/robo_ws/install/serial/bin'
[0.509s] Level 1:colcon.colcon_core.environment:checking '/home/john/robo_ws/install/serial/lib/pkgconfig/serial.pc'
[0.510s] Level 1:colcon.colcon_core.environment:checking '/home/john/robo_ws/install/serial/lib/python3.10/site-packages'
[0.510s] Level 1:colcon.colcon_core.environment:checking '/home/john/robo_ws/install/serial/bin'
[0.511s] INFO:colcon.colcon_core.shell:Creating package script '/home/john/robo_ws/install/serial/share/serial/package.ps1'
[0.512s] INFO:colcon.colcon_core.shell:Creating package descriptor '/home/john/robo_ws/install/serial/share/serial/package.dsv'
[0.512s] INFO:colcon.colcon_core.shell:Creating package script '/home/john/robo_ws/install/serial/share/serial/package.sh'
[0.513s] INFO:colcon.colcon_core.shell:Creating package script '/home/john/robo_ws/install/serial/share/serial/package.bash'
[0.513s] INFO:colcon.colcon_core.shell:Creating package script '/home/john/robo_ws/install/serial/share/serial/package.zsh'
[0.514s] Level 1:colcon.colcon_core.environment:create_file_with_runtime_dependencies(/home/john/robo_ws/install/serial/share/colcon-core/packages/serial)
[0.515s] Level 1:colcon.colcon_core.environment:create_environment_scripts_only(dynamixel_hardware)
[0.516s] Level 1:colcon.colcon_core.environment:checking '/home/john/robo_ws/install/dynamixel_hardware' for CMake module files
[0.517s] DEBUG:colcon.colcon_core.event_handler.log_command:Invoked command in '/home/john/robo_ws/build/dynamixel_hardware' returned '0': CMAKE_PREFIX_PATH=/opt/ros/humble /usr/bin/cmake --install /home/john/robo_ws/build/dynamixel_hardware
[0.517s] Level 1:colcon.colcon_core.environment:checking '/home/john/robo_ws/install/dynamixel_hardware' for CMake config files
[0.517s] Level 1:colcon.colcon_core.shell:create_environment_hook('dynamixel_hardware', 'cmake_prefix_path')
[0.518s] INFO:colcon.colcon_core.shell:Creating environment hook '/home/john/robo_ws/install/dynamixel_hardware/share/dynamixel_hardware/hook/cmake_prefix_path.ps1'
[0.519s] INFO:colcon.colcon_core.shell:Creating environment descriptor '/home/john/robo_ws/install/dynamixel_hardware/share/dynamixel_hardware/hook/cmake_prefix_path.dsv'
[0.519s] INFO:colcon.colcon_core.shell:Creating environment hook '/home/john/robo_ws/install/dynamixel_hardware/share/dynamixel_hardware/hook/cmake_prefix_path.sh'
[0.519s] Level 1:colcon.colcon_core.environment:checking '/home/john/robo_ws/install/dynamixel_hardware/lib'
[0.520s] Level 1:colcon.colcon_core.shell:create_environment_hook('dynamixel_hardware', 'ld_library_path_lib')
[0.521s] INFO:colcon.colcon_core.shell:Creating environment hook '/home/john/robo_ws/install/dynamixel_hardware/share/dynamixel_hardware/hook/ld_library_path_lib.ps1'
[0.521s] INFO:colcon.colcon_core.shell:Creating environment descriptor '/home/john/robo_ws/install/dynamixel_hardware/share/dynamixel_hardware/hook/ld_library_path_lib.dsv'
[0.521s] INFO:colcon.colcon_core.shell:Creating environment hook '/home/john/robo_ws/install/dynamixel_hardware/share/dynamixel_hardware/hook/ld_library_path_lib.sh'
[0.521s] Level 1:colcon.colcon_core.environment:checking '/home/john/robo_ws/install/dynamixel_hardware/bin'
[0.522s] Level 1:colcon.colcon_core.environment:checking '/home/john/robo_ws/install/dynamixel_hardware/lib/pkgconfig/dynamixel_hardware.pc'
[0.522s] Level 1:colcon.colcon_core.environment:checking '/home/john/robo_ws/install/dynamixel_hardware/lib/python3.10/site-packages'
[0.522s] Level 1:colcon.colcon_core.environment:checking '/home/john/robo_ws/install/dynamixel_hardware/bin'
[0.523s] INFO:colcon.colcon_core.shell:Creating package script '/home/john/robo_ws/install/dynamixel_hardware/share/dynamixel_hardware/package.ps1'
[0.523s] INFO:colcon.colcon_core.shell:Creating package descriptor '/home/john/robo_ws/install/dynamixel_hardware/share/dynamixel_hardware/package.dsv'
[0.524s] INFO:colcon.colcon_core.shell:Creating package script '/home/john/robo_ws/install/dynamixel_hardware/share/dynamixel_hardware/package.sh'
[0.524s] INFO:colcon.colcon_core.shell:Creating package script '/home/john/robo_ws/install/dynamixel_hardware/share/dynamixel_hardware/package.bash'
[0.524s] INFO:colcon.colcon_core.shell:Creating package script '/home/john/robo_ws/install/dynamixel_hardware/share/dynamixel_hardware/package.zsh'
[0.525s] Level 1:colcon.colcon_core.environment:create_file_with_runtime_dependencies(/home/john/robo_ws/install/dynamixel_hardware/share/colcon-core/packages/dynamixel_hardware)
[0.526s] DEBUG:colcon.colcon_core.event_handler.log_command:Invoking command in '/home/john/robo_ws/build/gazebo_ros2_control': CMAKE_PREFIX_PATH=/opt/ros/humble /usr/bin/cmake --install /home/john/robo_ws/build/gazebo_ros2_control
[0.537s] Level 1:colcon.colcon_core.environment:create_environment_scripts_only(gazebo_ros2_control)
[0.539s] Level 1:colcon.colcon_core.environment:checking '/home/john/robo_ws/install/gazebo_ros2_control' for CMake module files
[0.539s] Level 1:colcon.colcon_core.environment:checking '/home/john/robo_ws/install/gazebo_ros2_control' for CMake config files
[0.539s] Level 1:colcon.colcon_core.shell:create_environment_hook('gazebo_ros2_control', 'cmake_prefix_path')
[0.540s] DEBUG:colcon.colcon_core.event_handler.log_command:Invoked command in '/home/john/robo_ws/build/gazebo_ros2_control' returned '0': CMAKE_PREFIX_PATH=/opt/ros/humble /usr/bin/cmake --install /home/john/robo_ws/build/gazebo_ros2_control
[0.541s] INFO:colcon.colcon_core.shell:Creating environment hook '/home/john/robo_ws/install/gazebo_ros2_control/share/gazebo_ros2_control/hook/cmake_prefix_path.ps1'
[0.541s] INFO:colcon.colcon_core.shell:Creating environment descriptor '/home/john/robo_ws/install/gazebo_ros2_control/share/gazebo_ros2_control/hook/cmake_prefix_path.dsv'
[0.542s] INFO:colcon.colcon_core.shell:Creating environment hook '/home/john/robo_ws/install/gazebo_ros2_control/share/gazebo_ros2_control/hook/cmake_prefix_path.sh'
[0.542s] Level 1:colcon.colcon_core.environment:checking '/home/john/robo_ws/install/gazebo_ros2_control/lib'
[0.542s] Level 1:colcon.colcon_core.shell:create_environment_hook('gazebo_ros2_control', 'ld_library_path_lib')
[0.543s] INFO:colcon.colcon_core.shell:Creating environment hook '/home/john/robo_ws/install/gazebo_ros2_control/share/gazebo_ros2_control/hook/ld_library_path_lib.ps1'
[0.543s] INFO:colcon.colcon_core.shell:Creating environment descriptor '/home/john/robo_ws/install/gazebo_ros2_control/share/gazebo_ros2_control/hook/ld_library_path_lib.dsv'
[0.544s] INFO:colcon.colcon_core.shell:Creating environment hook '/home/john/robo_ws/install/gazebo_ros2_control/share/gazebo_ros2_control/hook/ld_library_path_lib.sh'
[0.544s] Level 1:colcon.colcon_core.environment:checking '/home/john/robo_ws/install/gazebo_ros2_control/bin'
[0.544s] Level 1:colcon.colcon_core.environment:checking '/home/john/robo_ws/install/gazebo_ros2_control/lib/pkgconfig/gazebo_ros2_control.pc'
[0.544s] Level 1:colcon.colcon_core.environment:checking '/home/john/robo_ws/install/gazebo_ros2_control/lib/python3.10/site-packages'
[0.544s] Level 1:colcon.colcon_core.environment:checking '/home/john/robo_ws/install/gazebo_ros2_control/bin'
[0.546s] INFO:colcon.colcon_core.shell:Creating package script '/home/john/robo_ws/install/gazebo_ros2_control/share/gazebo_ros2_control/package.ps1'
[0.546s] INFO:colcon.colcon_core.shell:Creating package descriptor '/home/john/robo_ws/install/gazebo_ros2_control/share/gazebo_ros2_control/package.dsv'
[0.546s] INFO:colcon.colcon_core.shell:Creating package script '/home/john/robo_ws/install/gazebo_ros2_control/share/gazebo_ros2_control/package.sh'
[0.547s] INFO:colcon.colcon_core.shell:Creating package script '/home/john/robo_ws/install/gazebo_ros2_control/share/gazebo_ros2_control/package.bash'
[0.547s] INFO:colcon.colcon_core.shell:Creating package script '/home/john/robo_ws/install/gazebo_ros2_control/share/gazebo_ros2_control/package.zsh'
[0.547s] Level 1:colcon.colcon_core.environment:create_file_with_runtime_dependencies(/home/john/robo_ws/install/gazebo_ros2_control/share/colcon-core/packages/gazebo_ros2_control)
[0.549s] Level 1:colcon.colcon_core.environment:create_environment_scripts_only(serial)
[0.551s] Level 1:colcon.colcon_core.environment:checking '/home/john/robo_ws/install/serial' for CMake module files
[0.551s] Level 1:colcon.colcon_core.environment:checking '/home/john/robo_ws/install/serial' for CMake config files
[0.552s] Level 1:colcon.colcon_core.shell:create_environment_hook('serial', 'cmake_prefix_path')
[0.553s] INFO:colcon.colcon_core.shell:Creating environment hook '/home/john/robo_ws/install/serial/share/serial/hook/cmake_prefix_path.ps1'
[0.553s] INFO:colcon.colcon_core.shell:Creating environment descriptor '/home/john/robo_ws/install/serial/share/serial/hook/cmake_prefix_path.dsv'
[0.553s] INFO:colcon.colcon_core.shell:Creating environment hook '/home/john/robo_ws/install/serial/share/serial/hook/cmake_prefix_path.sh'
[0.554s] Level 1:colcon.colcon_core.environment:checking '/home/john/robo_ws/install/serial/lib'
[0.554s] Level 1:colcon.colcon_core.shell:create_environment_hook('serial', 'ld_library_path_lib')
[0.555s] INFO:colcon.colcon_core.shell:Creating environment hook '/home/john/robo_ws/install/serial/share/serial/hook/ld_library_path_lib.ps1'
[0.555s] INFO:colcon.colcon_core.shell:Creating environment descriptor '/home/john/robo_ws/install/serial/share/serial/hook/ld_library_path_lib.dsv'
[0.555s] INFO:colcon.colcon_core.shell:Creating environment hook '/home/john/robo_ws/install/serial/share/serial/hook/ld_library_path_lib.sh'
[0.556s] Level 1:colcon.colcon_core.environment:checking '/home/john/robo_ws/install/serial/bin'
[0.556s] Level 1:colcon.colcon_core.environment:checking '/home/john/robo_ws/install/serial/lib/pkgconfig/serial.pc'
[0.556s] Level 1:colcon.colcon_core.environment:checking '/home/john/robo_ws/install/serial/lib/python3.10/site-packages'
[0.556s] Level 1:colcon.colcon_core.environment:checking '/home/john/robo_ws/install/serial/bin'
[0.557s] INFO:colcon.colcon_core.shell:Creating package script '/home/john/robo_ws/install/serial/share/serial/package.ps1'
[0.558s] INFO:colcon.colcon_core.shell:Creating package descriptor '/home/john/robo_ws/install/serial/share/serial/package.dsv'
[0.558s] INFO:colcon.colcon_core.shell:Creating package script '/home/john/robo_ws/install/serial/share/serial/package.sh'
[0.558s] INFO:colcon.colcon_core.shell:Creating package script '/home/john/robo_ws/install/serial/share/serial/package.bash'
[0.559s] INFO:colcon.colcon_core.shell:Creating package script '/home/john/robo_ws/install/serial/share/serial/package.zsh'
[0.559s] Level 1:colcon.colcon_core.environment:create_file_with_runtime_dependencies(/home/john/robo_ws/install/serial/share/colcon-core/packages/serial)
[0.559s] INFO:colcon.colcon_ros.task.ament_cmake.build:Building ROS package in '/home/john/robo_ws/src/stepper_interface' with build type 'ament_cmake'
[0.559s] INFO:colcon.colcon_cmake.task.cmake.build:Building CMake package in '/home/john/robo_ws/src/stepper_interface'
[0.561s] INFO:colcon.colcon_core.shell:Skip shell extension 'powershell' for command environment: Not usable outside of PowerShell
[0.561s] DEBUG:colcon.colcon_core.shell:Skip shell extension 'dsv' for command environment
[0.565s] Level 1:colcon.colcon_core.environment:create_environment_scripts_only(dynamixel_hardware)
[0.567s] Level 1:colcon.colcon_core.environment:checking '/home/john/robo_ws/install/dynamixel_hardware' for CMake module files
[0.567s] Level 1:colcon.colcon_core.environment:checking '/home/john/robo_ws/install/dynamixel_hardware' for CMake config files
[0.567s] Level 1:colcon.colcon_core.shell:create_environment_hook('dynamixel_hardware', 'cmake_prefix_path')
[0.569s] INFO:colcon.colcon_core.shell:Creating environment hook '/home/john/robo_ws/install/dynamixel_hardware/share/dynamixel_hardware/hook/cmake_prefix_path.ps1'
[0.569s] INFO:colcon.colcon_core.shell:Creating environment descriptor '/home/john/robo_ws/install/dynamixel_hardware/share/dynamixel_hardware/hook/cmake_prefix_path.dsv'
[0.569s] INFO:colcon.colcon_core.shell:Creating environment hook '/home/john/robo_ws/install/dynamixel_hardware/share/dynamixel_hardware/hook/cmake_prefix_path.sh'
[0.570s] Level 1:colcon.colcon_core.environment:checking '/home/john/robo_ws/install/dynamixel_hardware/lib'
[0.570s] Level 1:colcon.colcon_core.shell:create_environment_hook('dynamixel_hardware', 'ld_library_path_lib')
[0.571s] INFO:colcon.colcon_core.shell:Creating environment hook '/home/john/robo_ws/install/dynamixel_hardware/share/dynamixel_hardware/hook/ld_library_path_lib.ps1'
[0.571s] INFO:colcon.colcon_core.shell:Creating environment descriptor '/home/john/robo_ws/install/dynamixel_hardware/share/dynamixel_hardware/hook/ld_library_path_lib.dsv'
[0.571s] INFO:colcon.colcon_core.shell:Creating environment hook '/home/john/robo_ws/install/dynamixel_hardware/share/dynamixel_hardware/hook/ld_library_path_lib.sh'
[0.572s] Level 1:colcon.colcon_core.environment:checking '/home/john/robo_ws/install/dynamixel_hardware/bin'
[0.572s] Level 1:colcon.colcon_core.environment:checking '/home/john/robo_ws/install/dynamixel_hardware/lib/pkgconfig/dynamixel_hardware.pc'
[0.572s] Level 1:colcon.colcon_core.environment:checking '/home/john/robo_ws/install/dynamixel_hardware/lib/python3.10/site-packages'
[0.572s] Level 1:colcon.colcon_core.environment:checking '/home/john/robo_ws/install/dynamixel_hardware/bin'
[0.574s] INFO:colcon.colcon_core.shell:Creating package script '/home/john/robo_ws/install/dynamixel_hardware/share/dynamixel_hardware/package.ps1'
[0.574s] INFO:colcon.colcon_core.shell:Creating package descriptor '/home/john/robo_ws/install/dynamixel_hardware/share/dynamixel_hardware/package.dsv'
[0.574s] INFO:colcon.colcon_core.shell:Creating package script '/home/john/robo_ws/install/dynamixel_hardware/share/dynamixel_hardware/package.sh'
[0.575s] INFO:colcon.colcon_core.shell:Creating package script '/home/john/robo_ws/install/dynamixel_hardware/share/dynamixel_hardware/package.bash'
[0.575s] INFO:colcon.colcon_core.shell:Creating package script '/home/john/robo_ws/install/dynamixel_hardware/share/dynamixel_hardware/package.zsh'
[0.575s] Level 1:colcon.colcon_core.environment:create_file_with_runtime_dependencies(/home/john/robo_ws/install/dynamixel_hardware/share/colcon-core/packages/dynamixel_hardware)
[0.577s] Level 1:colcon.colcon_core.environment:create_environment_scripts_only(gazebo_ros2_control)
[0.579s] Level 1:colcon.colcon_core.environment:checking '/home/john/robo_ws/install/gazebo_ros2_control' for CMake module files
[0.579s] Level 1:colcon.colcon_core.environment:checking '/home/john/robo_ws/install/gazebo_ros2_control' for CMake config files
[0.580s] Level 1:colcon.colcon_core.shell:create_environment_hook('gazebo_ros2_control', 'cmake_prefix_path')
[0.581s] INFO:colcon.colcon_core.shell:Creating environment hook '/home/john/robo_ws/install/gazebo_ros2_control/share/gazebo_ros2_control/hook/cmake_prefix_path.ps1'
[0.581s] INFO:colcon.colcon_core.shell:Creating environment descriptor '/home/john/robo_ws/install/gazebo_ros2_control/share/gazebo_ros2_control/hook/cmake_prefix_path.dsv'
[0.581s] INFO:colcon.colcon_core.shell:Creating environment hook '/home/john/robo_ws/install/gazebo_ros2_control/share/gazebo_ros2_control/hook/cmake_prefix_path.sh'
[0.581s] Level 1:colcon.colcon_core.environment:checking '/home/john/robo_ws/install/gazebo_ros2_control/lib'
[0.582s] Level 1:colcon.colcon_core.shell:create_environment_hook('gazebo_ros2_control', 'ld_library_path_lib')
[0.583s] INFO:colcon.colcon_core.shell:Creating environment hook '/home/john/robo_ws/install/gazebo_ros2_control/share/gazebo_ros2_control/hook/ld_library_path_lib.ps1'
[0.583s] INFO:colcon.colcon_core.shell:Creating environment descriptor '/home/john/robo_ws/install/gazebo_ros2_control/share/gazebo_ros2_control/hook/ld_library_path_lib.dsv'
[0.583s] INFO:colcon.colcon_core.shell:Creating environment hook '/home/john/robo_ws/install/gazebo_ros2_control/share/gazebo_ros2_control/hook/ld_library_path_lib.sh'
[0.583s] Level 1:colcon.colcon_core.environment:checking '/home/john/robo_ws/install/gazebo_ros2_control/bin'
[0.583s] Level 1:colcon.colcon_core.environment:checking '/home/john/robo_ws/install/gazebo_ros2_control/lib/pkgconfig/gazebo_ros2_control.pc'
[0.584s] Level 1:colcon.colcon_core.environment:checking '/home/john/robo_ws/install/gazebo_ros2_control/lib/python3.10/site-packages'
[0.584s] Level 1:colcon.colcon_core.environment:checking '/home/john/robo_ws/install/gazebo_ros2_control/bin'
[0.585s] INFO:colcon.colcon_core.shell:Creating package script '/home/john/robo_ws/install/gazebo_ros2_control/share/gazebo_ros2_control/package.ps1'
[0.585s] INFO:colcon.colcon_core.shell:Creating package descriptor '/home/john/robo_ws/install/gazebo_ros2_control/share/gazebo_ros2_control/package.dsv'
[0.586s] INFO:colcon.colcon_core.shell:Creating package script '/home/john/robo_ws/install/gazebo_ros2_control/share/gazebo_ros2_control/package.sh'
[0.586s] INFO:colcon.colcon_core.shell:Creating package script '/home/john/robo_ws/install/gazebo_ros2_control/share/gazebo_ros2_control/package.bash'
[0.586s] INFO:colcon.colcon_core.shell:Creating package script '/home/john/robo_ws/install/gazebo_ros2_control/share/gazebo_ros2_control/package.zsh'
[0.587s] Level 1:colcon.colcon_core.environment:create_file_with_runtime_dependencies(/home/john/robo_ws/install/gazebo_ros2_control/share/colcon-core/packages/gazebo_ros2_control)
[0.589s] DEBUG:colcon.colcon_core.event_handler.log_command:Invoking command in '/home/john/robo_ws/build/stepper_interface': AMENT_PREFIX_PATH=/home/john/robo_ws/install/serial:${AMENT_PREFIX_PATH} CMAKE_PREFIX_PATH=/opt/ros/humble:/home/john/robo_ws/install/serial LD_LIBRARY_PATH=/home/john/robo_ws/install/serial/lib:${LD_LIBRARY_PATH} /usr/bin/cmake --build /home/john/robo_ws/build/stepper_interface -- -j6 -l6
[0.635s] DEBUG:colcon.colcon_core.event_handler.log_command:Invoked command in '/home/john/robo_ws/build/nick_bot' returned '0': CMAKE_PREFIX_PATH=/opt/ros/humble /usr/bin/cmake --build /home/john/robo_ws/build/nick_bot -- -j6 -l6
[0.653s] DEBUG:colcon.colcon_core.event_handler.log_command:Invoking command in '/home/john/robo_ws/build/nick_bot': CMAKE_PREFIX_PATH=/opt/ros/humble /usr/bin/cmake --install /home/john/robo_ws/build/nick_bot
[0.663s] Level 1:colcon.colcon_core.environment:create_environment_scripts_only(nick_bot)
[0.664s] Level 1:colcon.colcon_core.environment:checking '/home/john/robo_ws/install/nick_bot' for CMake module files
[0.665s] Level 1:colcon.colcon_core.environment:checking '/home/john/robo_ws/install/nick_bot' for CMake config files
[0.666s] Level 1:colcon.colcon_core.shell:create_environment_hook('nick_bot', 'cmake_prefix_path')
[0.667s] INFO:colcon.colcon_core.shell:Creating environment hook '/home/john/robo_ws/install/nick_bot/share/nick_bot/hook/cmake_prefix_path.ps1'
[0.667s] DEBUG:colcon.colcon_core.event_handler.log_command:Invoked command in '/home/john/robo_ws/build/nick_bot' returned '0': CMAKE_PREFIX_PATH=/opt/ros/humble /usr/bin/cmake --install /home/john/robo_ws/build/nick_bot
[0.667s] INFO:colcon.colcon_core.shell:Creating environment descriptor '/home/john/robo_ws/install/nick_bot/share/nick_bot/hook/cmake_prefix_path.dsv'
[0.668s] INFO:colcon.colcon_core.shell:Creating environment hook '/home/john/robo_ws/install/nick_bot/share/nick_bot/hook/cmake_prefix_path.sh'
[0.668s] Level 1:colcon.colcon_core.environment:checking '/home/john/robo_ws/install/nick_bot/bin'
[0.668s] Level 1:colcon.colcon_core.environment:checking '/home/john/robo_ws/install/nick_bot/lib/pkgconfig/nick_bot.pc'
[0.668s] Level 1:colcon.colcon_core.environment:checking '/home/john/robo_ws/install/nick_bot/lib/python3.10/site-packages'
[0.668s] Level 1:colcon.colcon_core.environment:checking '/home/john/robo_ws/install/nick_bot/bin'
[0.670s] INFO:colcon.colcon_core.shell:Creating package script '/home/john/robo_ws/install/nick_bot/share/nick_bot/package.ps1'
[0.670s] INFO:colcon.colcon_core.shell:Creating package descriptor '/home/john/robo_ws/install/nick_bot/share/nick_bot/package.dsv'
[0.670s] INFO:colcon.colcon_core.shell:Creating package script '/home/john/robo_ws/install/nick_bot/share/nick_bot/package.sh'
[0.670s] INFO:colcon.colcon_core.shell:Creating package script '/home/john/robo_ws/install/nick_bot/share/nick_bot/package.bash'
[0.671s] INFO:colcon.colcon_core.shell:Creating package script '/home/john/robo_ws/install/nick_bot/share/nick_bot/package.zsh'
[0.671s] Level 1:colcon.colcon_core.environment:create_file_with_runtime_dependencies(/home/john/robo_ws/install/nick_bot/share/colcon-core/packages/nick_bot)
[0.689s] Level 1:colcon.colcon_core.environment:create_environment_scripts_only(nick_bot)
[0.690s] Level 1:colcon.colcon_core.environment:checking '/home/john/robo_ws/install/nick_bot' for CMake module files
[0.691s] Level 1:colcon.colcon_core.environment:checking '/home/john/robo_ws/install/nick_bot' for CMake config files
[0.691s] Level 1:colcon.colcon_core.shell:create_environment_hook('nick_bot', 'cmake_prefix_path')
[0.692s] INFO:colcon.colcon_core.shell:Creating environment hook '/home/john/robo_ws/install/nick_bot/share/nick_bot/hook/cmake_prefix_path.ps1'
[0.692s] INFO:colcon.colcon_core.shell:Creating environment descriptor '/home/john/robo_ws/install/nick_bot/share/nick_bot/hook/cmake_prefix_path.dsv'
[0.693s] INFO:colcon.colcon_core.shell:Creating environment hook '/home/john/robo_ws/install/nick_bot/share/nick_bot/hook/cmake_prefix_path.sh'
[0.693s] Level 1:colcon.colcon_core.environment:checking '/home/john/robo_ws/install/nick_bot/bin'
[0.693s] Level 1:colcon.colcon_core.environment:checking '/home/john/robo_ws/install/nick_bot/lib/pkgconfig/nick_bot.pc'
[0.693s] Level 1:colcon.colcon_core.environment:checking '/home/john/robo_ws/install/nick_bot/lib/python3.10/site-packages'
[0.693s] Level 1:colcon.colcon_core.environment:checking '/home/john/robo_ws/install/nick_bot/bin'
[0.694s] INFO:colcon.colcon_core.shell:Creating package script '/home/john/robo_ws/install/nick_bot/share/nick_bot/package.ps1'
[0.695s] INFO:colcon.colcon_core.shell:Creating package descriptor '/home/john/robo_ws/install/nick_bot/share/nick_bot/package.dsv'
[0.695s] INFO:colcon.colcon_core.shell:Creating package script '/home/john/robo_ws/install/nick_bot/share/nick_bot/package.sh'
[0.696s] INFO:colcon.colcon_core.shell:Creating package script '/home/john/robo_ws/install/nick_bot/share/nick_bot/package.bash'
[0.696s] INFO:colcon.colcon_core.shell:Creating package script '/home/john/robo_ws/install/nick_bot/share/nick_bot/package.zsh'
[0.696s] Level 1:colcon.colcon_core.environment:create_file_with_runtime_dependencies(/home/john/robo_ws/install/nick_bot/share/colcon-core/packages/nick_bot)
[0.697s] INFO:colcon.colcon_ros.task.ament_cmake.build:Building ROS package in '/home/john/robo_ws/src/nick_bot_moveit_config' with build type 'ament_cmake'
[0.697s] INFO:colcon.colcon_cmake.task.cmake.build:Building CMake package in '/home/john/robo_ws/src/nick_bot_moveit_config'
[0.698s] INFO:colcon.colcon_core.shell:Skip shell extension 'powershell' for command environment: Not usable outside of PowerShell
[0.698s] DEBUG:colcon.colcon_core.shell:Skip shell extension 'dsv' for command environment
[0.705s] DEBUG:colcon.colcon_core.event_handler.log_command:Invoking command in '/home/john/robo_ws/build/nick_bot_moveit_config': AMENT_PREFIX_PATH=/home/john/robo_ws/install/nick_bot:${AMENT_PREFIX_PATH} CMAKE_PREFIX_PATH=/home/john/robo_ws/install/nick_bot:/opt/ros/humble /usr/bin/cmake --build /home/john/robo_ws/build/nick_bot_moveit_config -- -j6 -l6
[0.734s] DEBUG:colcon.colcon_core.event_handler.log_command:Invoked command in '/home/john/robo_ws/build/nick_bot_moveit_config' returned '0': AMENT_PREFIX_PATH=/home/john/robo_ws/install/nick_bot:${AMENT_PREFIX_PATH} CMAKE_PREFIX_PATH=/home/john/robo_ws/install/nick_bot:/opt/ros/humble /usr/bin/cmake --build /home/john/robo_ws/build/nick_bot_moveit_config -- -j6 -l6
[0.751s] DEBUG:colcon.colcon_core.event_handler.log_command:Invoking command in '/home/john/robo_ws/build/nick_bot_moveit_config': AMENT_PREFIX_PATH=/home/john/robo_ws/install/nick_bot:${AMENT_PREFIX_PATH} CMAKE_PREFIX_PATH=/home/john/robo_ws/install/nick_bot:/opt/ros/humble /usr/bin/cmake --install /home/john/robo_ws/build/nick_bot_moveit_config
[0.759s] Level 1:colcon.colcon_core.environment:create_environment_scripts_only(nick_bot_moveit_config)
[0.761s] Level 1:colcon.colcon_core.environment:checking '/home/john/robo_ws/install/nick_bot_moveit_config' for CMake module files
[0.762s] Level 1:colcon.colcon_core.environment:checking '/home/john/robo_ws/install/nick_bot_moveit_config' for CMake config files
[0.762s] Level 1:colcon.colcon_core.shell:create_environment_hook('nick_bot_moveit_config', 'cmake_prefix_path')
[0.763s] INFO:colcon.colcon_core.shell:Creating environment hook '/home/john/robo_ws/install/nick_bot_moveit_config/share/nick_bot_moveit_config/hook/cmake_prefix_path.ps1'
[0.764s] INFO:colcon.colcon_core.shell:Creating environment descriptor '/home/john/robo_ws/install/nick_bot_moveit_config/share/nick_bot_moveit_config/hook/cmake_prefix_path.dsv'
[0.764s] INFO:colcon.colcon_core.shell:Creating environment hook '/home/john/robo_ws/install/nick_bot_moveit_config/share/nick_bot_moveit_config/hook/cmake_prefix_path.sh'
[0.765s] DEBUG:colcon.colcon_core.event_handler.log_command:Invoked command in '/home/john/robo_ws/build/nick_bot_moveit_config' returned '0': AMENT_PREFIX_PATH=/home/john/robo_ws/install/nick_bot:${AMENT_PREFIX_PATH} CMAKE_PREFIX_PATH=/home/john/robo_ws/install/nick_bot:/opt/ros/humble /usr/bin/cmake --install /home/john/robo_ws/build/nick_bot_moveit_config
[0.765s] Level 1:colcon.colcon_core.environment:checking '/home/john/robo_ws/install/nick_bot_moveit_config/bin'
[0.765s] Level 1:colcon.colcon_core.environment:checking '/home/john/robo_ws/install/nick_bot_moveit_config/lib/pkgconfig/nick_bot_moveit_config.pc'
[0.765s] Level 1:colcon.colcon_core.environment:checking '/home/john/robo_ws/install/nick_bot_moveit_config/lib/python3.10/site-packages'
[0.765s] Level 1:colcon.colcon_core.environment:checking '/home/john/robo_ws/install/nick_bot_moveit_config/bin'
[0.767s] INFO:colcon.colcon_core.shell:Creating package script '/home/john/robo_ws/install/nick_bot_moveit_config/share/nick_bot_moveit_config/package.ps1'
[0.767s] INFO:colcon.colcon_core.shell:Creating package descriptor '/home/john/robo_ws/install/nick_bot_moveit_config/share/nick_bot_moveit_config/package.dsv'
[0.767s] INFO:colcon.colcon_core.shell:Creating package script '/home/john/robo_ws/install/nick_bot_moveit_config/share/nick_bot_moveit_config/package.sh'
[0.768s] INFO:colcon.colcon_core.shell:Creating package script '/home/john/robo_ws/install/nick_bot_moveit_config/share/nick_bot_moveit_config/package.bash'
[0.768s] INFO:colcon.colcon_core.shell:Creating package script '/home/john/robo_ws/install/nick_bot_moveit_config/share/nick_bot_moveit_config/package.zsh'
[0.768s] Level 1:colcon.colcon_core.environment:create_file_with_runtime_dependencies(/home/john/robo_ws/install/nick_bot_moveit_config/share/colcon-core/packages/nick_bot_moveit_config)
[0.786s] Level 1:colcon.colcon_core.environment:create_environment_scripts_only(nick_bot_moveit_config)
[0.787s] Level 1:colcon.colcon_core.environment:checking '/home/john/robo_ws/install/nick_bot_moveit_config' for CMake module files
[0.788s] Level 1:colcon.colcon_core.environment:checking '/home/john/robo_ws/install/nick_bot_moveit_config' for CMake config files
[0.788s] Level 1:colcon.colcon_core.shell:create_environment_hook('nick_bot_moveit_config', 'cmake_prefix_path')
[0.789s] INFO:colcon.colcon_core.shell:Creating environment hook '/home/john/robo_ws/install/nick_bot_moveit_config/share/nick_bot_moveit_config/hook/cmake_prefix_path.ps1'
[0.789s] INFO:colcon.colcon_core.shell:Creating environment descriptor '/home/john/robo_ws/install/nick_bot_moveit_config/share/nick_bot_moveit_config/hook/cmake_prefix_path.dsv'
[0.789s] INFO:colcon.colcon_core.shell:Creating environment hook '/home/john/robo_ws/install/nick_bot_moveit_config/share/nick_bot_moveit_config/hook/cmake_prefix_path.sh'
[0.790s] Level 1:colcon.colcon_core.environment:checking '/home/john/robo_ws/install/nick_bot_moveit_config/bin'
[0.790s] Level 1:colcon.colcon_core.environment:checking '/home/john/robo_ws/install/nick_bot_moveit_config/lib/pkgconfig/nick_bot_moveit_config.pc'
[0.790s] Level 1:colcon.colcon_core.environment:checking '/home/john/robo_ws/install/nick_bot_moveit_config/lib/python3.10/site-packages'
[0.790s] Level 1:colcon.colcon_core.environment:checking '/home/john/robo_ws/install/nick_bot_moveit_config/bin'
[0.791s] INFO:colcon.colcon_core.shell:Creating package script '/home/john/robo_ws/install/nick_bot_moveit_config/share/nick_bot_moveit_config/package.ps1'
[0.792s] INFO:colcon.colcon_core.shell:Creating package descriptor '/home/john/robo_ws/install/nick_bot_moveit_config/share/nick_bot_moveit_config/package.dsv'
[0.792s] INFO:colcon.colcon_core.shell:Creating package script '/home/john/robo_ws/install/nick_bot_moveit_config/share/nick_bot_moveit_config/package.sh'
[0.792s] INFO:colcon.colcon_core.shell:Creating package script '/home/john/robo_ws/install/nick_bot_moveit_config/share/nick_bot_moveit_config/package.bash'
[0.793s] INFO:colcon.colcon_core.shell:Creating package script '/home/john/robo_ws/install/nick_bot_moveit_config/share/nick_bot_moveit_config/package.zsh'
[0.793s] Level 1:colcon.colcon_core.environment:create_file_with_runtime_dependencies(/home/john/robo_ws/install/nick_bot_moveit_config/share/colcon-core/packages/nick_bot_moveit_config)
[5.715s] DEBUG:colcon.colcon_core.event_handler.log_command:Invoked command in '/home/john/robo_ws/build/stepper_interface' returned '0': AMENT_PREFIX_PATH=/home/john/robo_ws/install/serial:${AMENT_PREFIX_PATH} CMAKE_PREFIX_PATH=/opt/ros/humble:/home/john/robo_ws/install/serial LD_LIBRARY_PATH=/home/john/robo_ws/install/serial/lib:${LD_LIBRARY_PATH} /usr/bin/cmake --build /home/john/robo_ws/build/stepper_interface -- -j6 -l6
[5.737s] DEBUG:colcon.colcon_core.event_handler.log_command:Invoking command in '/home/john/robo_ws/build/stepper_interface': AMENT_PREFIX_PATH=/home/john/robo_ws/install/serial:${AMENT_PREFIX_PATH} CMAKE_PREFIX_PATH=/opt/ros/humble:/home/john/robo_ws/install/serial LD_LIBRARY_PATH=/home/john/robo_ws/install/serial/lib:${LD_LIBRARY_PATH} /usr/bin/cmake --install /home/john/robo_ws/build/stepper_interface
[5.746s] Level 1:colcon.colcon_core.environment:create_environment_scripts_only(stepper_interface)
[5.748s] Level 1:colcon.colcon_core.environment:checking '/home/john/robo_ws/install/stepper_interface' for CMake module files
[5.748s] DEBUG:colcon.colcon_core.event_handler.log_command:Invoked command in '/home/john/robo_ws/build/stepper_interface' returned '0': AMENT_PREFIX_PATH=/home/john/robo_ws/install/serial:${AMENT_PREFIX_PATH} CMAKE_PREFIX_PATH=/opt/ros/humble:/home/john/robo_ws/install/serial LD_LIBRARY_PATH=/home/john/robo_ws/install/serial/lib:${LD_LIBRARY_PATH} /usr/bin/cmake --install /home/john/robo_ws/build/stepper_interface
[5.749s] Level 1:colcon.colcon_core.environment:checking '/home/john/robo_ws/install/stepper_interface' for CMake config files
[5.749s] Level 1:colcon.colcon_core.shell:create_environment_hook('stepper_interface', 'cmake_prefix_path')
[5.750s] INFO:colcon.colcon_core.shell:Creating environment hook '/home/john/robo_ws/install/stepper_interface/share/stepper_interface/hook/cmake_prefix_path.ps1'
[5.750s] INFO:colcon.colcon_core.shell:Creating environment descriptor '/home/john/robo_ws/install/stepper_interface/share/stepper_interface/hook/cmake_prefix_path.dsv'
[5.750s] INFO:colcon.colcon_core.shell:Creating environment hook '/home/john/robo_ws/install/stepper_interface/share/stepper_interface/hook/cmake_prefix_path.sh'
[5.751s] Level 1:colcon.colcon_core.environment:checking '/home/john/robo_ws/install/stepper_interface/lib'
[5.751s] Level 1:colcon.colcon_core.shell:create_environment_hook('stepper_interface', 'ld_library_path_lib')
[5.752s] INFO:colcon.colcon_core.shell:Creating environment hook '/home/john/robo_ws/install/stepper_interface/share/stepper_interface/hook/ld_library_path_lib.ps1'
[5.752s] INFO:colcon.colcon_core.shell:Creating environment descriptor '/home/john/robo_ws/install/stepper_interface/share/stepper_interface/hook/ld_library_path_lib.dsv'
[5.752s] INFO:colcon.colcon_core.shell:Creating environment hook '/home/john/robo_ws/install/stepper_interface/share/stepper_interface/hook/ld_library_path_lib.sh'
[5.753s] Level 1:colcon.colcon_core.environment:checking '/home/john/robo_ws/install/stepper_interface/bin'
[5.753s] Level 1:colcon.colcon_core.environment:checking '/home/john/robo_ws/install/stepper_interface/lib/pkgconfig/stepper_interface.pc'
[5.753s] Level 1:colcon.colcon_core.environment:checking '/home/john/robo_ws/install/stepper_interface/lib/python3.10/site-packages'
[5.753s] Level 1:colcon.colcon_core.environment:checking '/home/john/robo_ws/install/stepper_interface/bin'
[5.754s] INFO:colcon.colcon_core.shell:Creating package script '/home/john/robo_ws/install/stepper_interface/share/stepper_interface/package.ps1'
[5.754s] INFO:colcon.colcon_core.shell:Creating package descriptor '/home/john/robo_ws/install/stepper_interface/share/stepper_interface/package.dsv'
[5.755s] INFO:colcon.colcon_core.shell:Creating package script '/home/john/robo_ws/install/stepper_interface/share/stepper_interface/package.sh'
[5.755s] INFO:colcon.colcon_core.shell:Creating package script '/home/john/robo_ws/install/stepper_interface/share/stepper_interface/package.bash'
[5.755s] INFO:colcon.colcon_core.shell:Creating package script '/home/john/robo_ws/install/stepper_interface/share/stepper_interface/package.zsh'
[5.756s] Level 1:colcon.colcon_core.environment:create_file_with_runtime_dependencies(/home/john/robo_ws/install/stepper_interface/share/colcon-core/packages/stepper_interface)
[5.777s] Level 1:colcon.colcon_core.environment:create_environment_scripts_only(stepper_interface)
[5.779s] Level 1:colcon.colcon_core.environment:checking '/home/john/robo_ws/install/stepper_interface' for CMake module files
[5.779s] Level 1:colcon.colcon_core.environment:checking '/home/john/robo_ws/install/stepper_interface' for CMake config files
[5.780s] Level 1:colcon.colcon_core.shell:create_environment_hook('stepper_interface', 'cmake_prefix_path')
[5.781s] INFO:colcon.colcon_core.shell:Creating environment hook '/home/john/robo_ws/install/stepper_interface/share/stepper_interface/hook/cmake_prefix_path.ps1'
[5.781s] INFO:colcon.colcon_core.shell:Creating environment descriptor '/home/john/robo_ws/install/stepper_interface/share/stepper_interface/hook/cmake_prefix_path.dsv'
[5.781s] INFO:colcon.colcon_core.shell:Creating environment hook '/home/john/robo_ws/install/stepper_interface/share/stepper_interface/hook/cmake_prefix_path.sh'
[5.782s] Level 1:colcon.colcon_core.environment:checking '/home/john/robo_ws/install/stepper_interface/lib'
[5.782s] Level 1:colcon.colcon_core.shell:create_environment_hook('stepper_interface', 'ld_library_path_lib')
[5.783s] INFO:colcon.colcon_core.shell:Creating environment hook '/home/john/robo_ws/install/stepper_interface/share/stepper_interface/hook/ld_library_path_lib.ps1'
[5.783s] INFO:colcon.colcon_core.shell:Creating environment descriptor '/home/john/robo_ws/install/stepper_interface/share/stepper_interface/hook/ld_library_path_lib.dsv'
[5.783s] INFO:colcon.colcon_core.shell:Creating environment hook '/home/john/robo_ws/install/stepper_interface/share/stepper_interface/hook/ld_library_path_lib.sh'
[5.784s] Level 1:colcon.colcon_core.environment:checking '/home/john/robo_ws/install/stepper_interface/bin'
[5.784s] Level 1:colcon.colcon_core.environment:checking '/home/john/robo_ws/install/stepper_interface/lib/pkgconfig/stepper_interface.pc'
[5.784s] Level 1:colcon.colcon_core.environment:checking '/home/john/robo_ws/install/stepper_interface/lib/python3.10/site-packages'
[5.784s] Level 1:colcon.colcon_core.environment:checking '/home/john/robo_ws/install/stepper_interface/bin'
[5.785s] INFO:colcon.colcon_core.shell:Creating package script '/home/john/robo_ws/install/stepper_interface/share/stepper_interface/package.ps1'
[5.786s] INFO:colcon.colcon_core.shell:Creating package descriptor '/home/john/robo_ws/install/stepper_interface/share/stepper_interface/package.dsv'
[5.786s] INFO:colcon.colcon_core.shell:Creating package script '/home/john/robo_ws/install/stepper_interface/share/stepper_interface/package.sh'
[5.786s] INFO:colcon.colcon_core.shell:Creating package script '/home/john/robo_ws/install/stepper_interface/share/stepper_interface/package.bash'
[5.787s] INFO:colcon.colcon_core.shell:Creating package script '/home/john/robo_ws/install/stepper_interface/share/stepper_interface/package.zsh'
[5.787s] Level 1:colcon.colcon_core.environment:create_file_with_runtime_dependencies(/home/john/robo_ws/install/stepper_interface/share/colcon-core/packages/stepper_interface)
[5.787s] DEBUG:colcon.colcon_parallel_executor.executor.parallel:closing loop
[5.787s] DEBUG:colcon.colcon_parallel_executor.executor.parallel:loop closed
[5.788s] DEBUG:colcon.colcon_parallel_executor.executor.parallel:run_until_complete finished with '0'
[5.788s] DEBUG:colcon.colcon_core.event_reactor:joining thread
[5.792s] INFO:colcon.colcon_core.plugin_system:Skipping extension 'colcon_notification.desktop_notification.terminal_notifier': Not used on non-Darwin systems
[5.792s] INFO:colcon.colcon_core.plugin_system:Skipping extension 'colcon_notification.desktop_notification.win32': Not used on non-Windows systems
[5.792s] INFO:colcon.colcon_notification.desktop_notification:Sending desktop notification using 'notify2'
[5.803s] DEBUG:colcon.colcon_core.event_reactor:joined thread
[5.804s] INFO:colcon.colcon_core.shell:Creating prefix script '/home/john/robo_ws/install/local_setup.ps1'
[5.805s] INFO:colcon.colcon_core.shell:Creating prefix util module '/home/john/robo_ws/install/_local_setup_util_ps1.py'
[5.806s] INFO:colcon.colcon_core.shell:Creating prefix chain script '/home/john/robo_ws/install/setup.ps1'
[5.807s] INFO:colcon.colcon_core.shell:Creating prefix script '/home/john/robo_ws/install/local_setup.sh'
[5.807s] INFO:colcon.colcon_core.shell:Creating prefix util module '/home/john/robo_ws/install/_local_setup_util_sh.py'
[5.808s] INFO:colcon.colcon_core.shell:Creating prefix chain script '/home/john/robo_ws/install/setup.sh'
[5.809s] INFO:colcon.colcon_core.shell:Creating prefix script '/home/john/robo_ws/install/local_setup.bash'
[5.809s] INFO:colcon.colcon_core.shell:Creating prefix chain script '/home/john/robo_ws/install/setup.bash'
[5.811s] INFO:colcon.colcon_core.shell:Creating prefix script '/home/john/robo_ws/install/local_setup.zsh'
[5.811s] INFO:colcon.colcon_core.shell:Creating prefix chain script '/home/john/robo_ws/install/setup.zsh'
