[0.008s] Invoking command in '/home/john/robo_ws/build/nick_bot': CMAKE_PREFIX_PATH=/opt/ros/humble /usr/bin/cmake /home/john/robo_ws/src/nick_bot -DAMENT_CMAKE_SYMLINK_INSTALL=1 -DCMAKE_INSTALL_PREFIX=/home/john/robo_ws/install/nick_bot
[0.050s] -- The C compiler identification is GNU 11.3.0
[0.095s] -- The CXX compiler identification is GNU 11.3.0
[0.101s] -- Detecting C compiler ABI info
[0.157s] -- Detecting C compiler ABI info - done
[0.163s] -- Check for working C compiler: /usr/bin/cc - skipped
[0.163s] -- Detecting C compile features
[0.164s] -- Detecting C compile features - done
[0.166s] -- Detecting CXX compiler ABI info
[0.229s] -- Detecting CXX compiler ABI info - done
[0.235s] -- Check for working CXX compiler: /usr/bin/c++ - skipped
[0.236s] -- Detecting CXX compile features
[0.236s] -- Detecting CXX compile features - done
[0.238s] -- Found ament_cmake: 1.3.3 (/opt/ros/humble/share/ament_cmake/cmake)
[0.378s] -- Found Python3: /usr/bin/python3.10 (found version "3.10.6") found components: Interpreter 
[0.430s] -- Override CMake install command with custom implementation using symlinks instead of copying resources
[0.453s] -- Found ament_lint_auto: 0.12.5 (/opt/ros/humble/share/ament_lint_auto/cmake)
[0.519s] -- Added test 'lint_cmake' to check CMake code style
[0.520s] -- Added test 'xmllint' to check XML markup files
[0.521s] -- Configuring done
[0.523s] -- Generating done
[0.524s] -- Build files have been written to: /home/john/robo_ws/build/nick_bot
[0.527s] Invoked command in '/home/john/robo_ws/build/nick_bot' returned '0': CMAKE_PREFIX_PATH=/opt/ros/humble /usr/bin/cmake /home/john/robo_ws/src/nick_bot -DAMENT_CMAKE_SYMLINK_INSTALL=1 -DCMAKE_INSTALL_PREFIX=/home/john/robo_ws/install/nick_bot
[0.529s] Invoking command in '/home/john/robo_ws/build/nick_bot': CMAKE_PREFIX_PATH=/opt/ros/humble /usr/bin/cmake --build /home/john/robo_ws/build/nick_bot -- -j6 -l6
[0.558s] Invoked command in '/home/john/robo_ws/build/nick_bot' returned '0': CMAKE_PREFIX_PATH=/opt/ros/humble /usr/bin/cmake --build /home/john/robo_ws/build/nick_bot -- -j6 -l6
[0.581s] Invoking command in '/home/john/robo_ws/build/nick_bot': CMAKE_PREFIX_PATH=/opt/ros/humble /usr/bin/cmake --install /home/john/robo_ws/build/nick_bot
[0.586s] -- Install configuration: ""
[0.586s] -- Execute custom install script
[0.587s] -- Symlinking: /home/john/robo_ws/install/nick_bot/share/ament_index/resource_index/package_run_dependencies/nick_bot
[0.593s] -- Symlinking: /home/john/robo_ws/install/nick_bot/share/ament_index/resource_index/parent_prefix_path/nick_bot
[0.600s] -- Symlinking: /home/john/robo_ws/install/nick_bot/share/nick_bot/environment/ament_prefix_path.sh
[0.606s] -- Symlinking: /home/john/robo_ws/install/nick_bot/share/nick_bot/environment/ament_prefix_path.dsv
[0.613s] -- Symlinking: /home/john/robo_ws/install/nick_bot/share/nick_bot/environment/path.sh
[0.619s] -- Symlinking: /home/john/robo_ws/install/nick_bot/share/nick_bot/environment/path.dsv
[0.626s] -- Symlinking: /home/john/robo_ws/install/nick_bot/share/nick_bot/local_setup.bash
[0.632s] -- Symlinking: /home/john/robo_ws/install/nick_bot/share/nick_bot/local_setup.sh
[0.639s] -- Symlinking: /home/john/robo_ws/install/nick_bot/share/nick_bot/local_setup.zsh
[0.645s] -- Symlinking: /home/john/robo_ws/install/nick_bot/share/nick_bot/local_setup.dsv
[0.652s] -- Symlinking: /home/john/robo_ws/install/nick_bot/share/nick_bot/package.dsv
[0.658s] -- Symlinking: /home/john/robo_ws/install/nick_bot/share/ament_index/resource_index/packages/nick_bot
[0.665s] -- Symlinking: /home/john/robo_ws/install/nick_bot/share/nick_bot/cmake/nick_botConfig.cmake
[0.671s] -- Symlinking: /home/john/robo_ws/install/nick_bot/share/nick_bot/cmake/nick_botConfig-version.cmake
[0.678s] -- Symlinking: /home/john/robo_ws/install/nick_bot/share/nick_bot/package.xml
[0.686s] Invoked command in '/home/john/robo_ws/build/nick_bot' returned '0': CMAKE_PREFIX_PATH=/opt/ros/humble /usr/bin/cmake --install /home/john/robo_ws/build/nick_bot
